{"/Users/aiden/Documents/app/kekeling/server/src/app.module.ts": {"path":"/Users/aiden/Documents/app/kekeling/server/src/app.module.ts","statementMap":{"0":{"start":{"line":1,"column":0},"end":{"line":1,"column":40}},"1":{"start":{"line":2,"column":0},"end":{"line":2,"column":46}},"2":{"start":{"line":3,"column":0},"end":{"line":3,"column":54}},"3":{"start":{"line":4,"column":0},"end":{"line":4,"column":56}},"4":{"start":{"line":5,"column":0},"end":{"line":5,"column":59}},"5":{"start":{"line":6,"column":0},"end":{"line":6,"column":97}},"6":{"start":{"line":7,"column":0},"end":{"line":7,"column":68}},"7":{"start":{"line":8,"column":0},"end":{"line":8,"column":71}},"8":{"start":{"line":9,"column":0},"end":{"line":9,"column":77}},"9":{"start":{"line":10,"column":0},"end":{"line":10,"column":103}},"10":{"start":{"line":11,"column":0},"end":{"line":11,"column":65}},"11":{"start":{"line":12,"column":0},"end":{"line":12,"column":65}},"12":{"start":{"line":13,"column":0},"end":{"line":13,"column":62}},"13":{"start":{"line":14,"column":0},"end":{"line":14,"column":68}},"14":{"start":{"line":15,"column":0},"end":{"line":15,"column":59}},"15":{"start":{"line":16,"column":0},"end":{"line":16,"column":62}},"16":{"start":{"line":17,"column":0},"end":{"line":17,"column":56}},"17":{"start":{"line":18,"column":0},"end":{"line":18,"column":65}},"18":{"start":{"line":19,"column":0},"end":{"line":19,"column":68}},"19":{"start":{"line":20,"column":0},"end":{"line":20,"column":56}},"20":{"start":{"line":21,"column":0},"end":{"line":21,"column":73}},"21":{"start":{"line":22,"column":0},"end":{"line":22,"column":71}},"22":{"start":{"line":23,"column":0},"end":{"line":23,"column":97}},"23":{"start":{"line":24,"column":0},"end":{"line":24,"column":120}},"24":{"start":{"line":25,"column":0},"end":{"line":25,"column":91}},"25":{"start":{"line":26,"column":0},"end":{"line":26,"column":59}},"26":{"start":{"line":27,"column":0},"end":{"line":27,"column":74}},"27":{"start":{"line":28,"column":0},"end":{"line":28,"column":65}},"28":{"start":{"line":29,"column":0},"end":{"line":29,"column":65}},"29":{"start":{"line":30,"column":0},"end":{"line":30,"column":62}},"30":{"start":{"line":31,"column":0},"end":{"line":31,"column":71}},"31":{"start":{"line":32,"column":0},"end":{"line":32,"column":71}},"32":{"start":{"line":71,"column":7},"end":{"line":71,"column":null}},"33":{"start":{"line":71,"column":13},"end":{"line":71,"column":22}},"34":{"start":{"line":71,"column":13},"end":{"line":71,"column":null}}},"fnMap":{},"branchMap":{},"s":{"0":0,"1":0,"2":0,"3":0,"4":0,"5":0,"6":0,"7":0,"8":0,"9":0,"10":0,"11":0,"12":0,"13":0,"14":0,"15":0,"16":0,"17":0,"18":0,"19":0,"20":0,"21":0,"22":0,"23":0,"24":0,"25":0,"26":0,"27":0,"28":0,"29":0,"30":0,"31":0,"32":0,"33":0,"34":0},"f":{},"b":{}}
,"/Users/aiden/Documents/app/kekeling/server/src/main.ts": {"path":"/Users/aiden/Documents/app/kekeling/server/src/main.ts","statementMap":{"0":{"start":{"line":1,"column":0},"end":{"line":1,"column":43}},"1":{"start":{"line":2,"column":0},"end":{"line":2,"column":48}},"2":{"start":{"line":3,"column":0},"end":{"line":3,"column":65}},"3":{"start":{"line":5,"column":0},"end":{"line":5,"column":28}},"4":{"start":{"line":6,"column":0},"end":{"line":6,"column":41}},"5":{"start":{"line":9,"column":14},"end":{"line":9,"column":73}},"6":{"start":{"line":12,"column":2},"end":{"line":14,"column":5}},"7":{"start":{"line":17,"column":2},"end":{"line":17,"column":29}},"8":{"start":{"line":20,"column":2},"end":{"line":23,"column":5}},"9":{"start":{"line":26,"column":2},"end":{"line":32,"column":4}},"10":{"start":{"line":35,"column":17},"end":{"line":40,"column":12}},"11":{"start":{"line":41,"column":19},"end":{"line":41,"column":60}},"12":{"start":{"line":42,"column":2},"end":{"line":42,"column":49}},"13":{"start":{"line":44,"column":15},"end":{"line":44,"column":39}},"14":{"start":{"line":45,"column":2},"end":{"line":45,"column":25}},"15":{"start":{"line":47,"column":2},"end":{"line":47,"column":60}},"16":{"start":{"line":48,"column":2},"end":{"line":48,"column":62}},"17":{"start":{"line":51,"column":0},"end":{"line":51,"column":12}}},"fnMap":{"0":{"name":"bootstrap","decl":{"start":{"line":8,"column":15},"end":{"line":8,"column":24}},"loc":{"start":{"line":8,"column":24},"end":{"line":49,"column":1}}}},"branchMap":{"0":{"loc":{"start":{"line":44,"column":15},"end":{"line":44,"column":39}},"type":"binary-expr","locations":[{"start":{"line":44,"column":15},"end":{"line":44,"column":31}},{"start":{"line":44,"column":35},"end":{"line":44,"column":39}}]}},"s":{"0":0,"1":0,"2":0,"3":0,"4":0,"5":0,"6":0,"7":0,"8":0,"9":0,"10":0,"11":0,"12":0,"13":0,"14":0,"15":0,"16":0,"17":0},"f":{"0":0},"b":{"0":[0,0]}}
,"/Users/aiden/Documents/app/kekeling/server/src/common/decorators/current-user.decorator.ts": {"path":"/Users/aiden/Documents/app/kekeling/server/src/common/decorators/current-user.decorator.ts","statementMap":{"0":{"start":{"line":1,"column":0},"end":{"line":1,"column":72}},"1":{"start":{"line":3,"column":13},"end":{"line":9,"column":2}},"2":{"start":{"line":5,"column":20},"end":{"line":5,"column":51}},"3":{"start":{"line":6,"column":17},"end":{"line":6,"column":29}},"4":{"start":{"line":7,"column":4},"end":{"line":7,"column":38}}},"fnMap":{"0":{"name":"(anonymous_0)","decl":{"start":{"line":4,"column":2},"end":{"line":4,"column":3}},"loc":{"start":{"line":4,"column":54},"end":{"line":8,"column":3}}}},"branchMap":{"0":{"loc":{"start":{"line":7,"column":11},"end":{"line":7,"column":37}},"type":"cond-expr","locations":[{"start":{"line":7,"column":18},"end":{"line":7,"column":30}},{"start":{"line":7,"column":33},"end":{"line":7,"column":37}}]}},"s":{"0":0,"1":0,"2":0,"3":0,"4":0},"f":{"0":0},"b":{"0":[0,0]}}
,"/Users/aiden/Documents/app/kekeling/server/src/common/dto/pagination.dto.ts": {"path":"/Users/aiden/Documents/app/kekeling/server/src/common/dto/pagination.dto.ts","statementMap":{"0":{"start":{"line":1,"column":0},"end":{"line":1,"column":72}},"1":{"start":{"line":2,"column":0},"end":{"line":2,"column":41}},"2":{"start":{"line":3,"column":0},"end":{"line":3,"column":54}},"3":{"start":{"line":11,"column":2},"end":{"line":11,"column":20}},"4":{"start":{"line":19,"column":2},"end":{"line":19,"column":25}},"5":{"start":{"line":5,"column":0},"end":{"line":5,"column":13}},"6":{"start":{"line":11,"column":2},"end":{"line":11,"column":null}},"7":{"start":{"line":8,"column":14},"end":{"line":8,"column":20}},"8":{"start":{"line":19,"column":2},"end":{"line":19,"column":null}},"9":{"start":{"line":15,"column":14},"end":{"line":15,"column":20}},"10":{"start":{"line":24,"column":2},"end":{"line":24,"column":null}},"11":{"start":{"line":37,"column":4},"end":{"line":37,"column":21}},"12":{"start":{"line":38,"column":4},"end":{"line":43,"column":6}},"13":{"start":{"line":27,"column":0},"end":{"line":27,"column":13}}},"fnMap":{"0":{"name":"(anonymous_2)","decl":{"start":{"line":5,"column":0},"end":{"line":5,"column":13}},"loc":{"start":{"line":5,"column":0},"end":{"line":25,"column":1}}},"1":{"name":"(anonymous_3)","decl":{"start":{"line":8,"column":8},"end":{"line":8,"column":11}},"loc":{"start":{"line":8,"column":14},"end":{"line":8,"column":20}}},"2":{"name":"(anonymous_4)","decl":{"start":{"line":15,"column":8},"end":{"line":15,"column":11}},"loc":{"start":{"line":15,"column":14},"end":{"line":15,"column":20}}},"3":{"name":"(anonymous_5)","decl":{"start":{"line":36,"column":2},"end":{"line":36,"column":14}},"loc":{"start":{"line":36,"column":70},"end":{"line":44,"column":3}}}},"branchMap":{},"s":{"0":0,"1":0,"2":0,"3":0,"4":0,"5":0,"6":0,"7":0,"8":0,"9":0,"10":0,"11":0,"12":0,"13":0},"f":{"0":0,"1":0,"2":0,"3":0},"b":{}}
,"/Users/aiden/Documents/app/kekeling/server/src/common/response/api-response.ts": {"path":"/Users/aiden/Documents/app/kekeling/server/src/common/response/api-response.ts","statementMap":{"0":{"start":{"line":7,"column":4},"end":{"line":7,"column":21}},"1":{"start":{"line":8,"column":4},"end":{"line":8,"column":27}},"2":{"start":{"line":9,"column":4},"end":{"line":9,"column":21}},"3":{"start":{"line":13,"column":4},"end":{"line":13,"column":45}},"4":{"start":{"line":17,"column":4},"end":{"line":17,"column":48}},"5":{"start":{"line":1,"column":0},"end":{"line":1,"column":13}}},"fnMap":{"0":{"name":"(anonymous_0)","decl":{"start":{"line":6,"column":2},"end":{"line":6,"column":14}},"loc":{"start":{"line":6,"column":52},"end":{"line":10,"column":3}}},"1":{"name":"(anonymous_1)","decl":{"start":{"line":12,"column":2},"end":{"line":12,"column":8}},"loc":{"start":{"line":12,"column":48},"end":{"line":14,"column":3}}},"2":{"name":"(anonymous_2)","decl":{"start":{"line":16,"column":2},"end":{"line":16,"column":8}},"loc":{"start":{"line":16,"column":41},"end":{"line":18,"column":3}}}},"branchMap":{"0":{"loc":{"start":{"line":12,"column":29},"end":{"line":12,"column":48}},"type":"default-arg","locations":[{"start":{"line":12,"column":39},"end":{"line":12,"column":48}}]},"1":{"loc":{"start":{"line":16,"column":32},"end":{"line":16,"column":41}},"type":"default-arg","locations":[{"start":{"line":16,"column":39},"end":{"line":16,"column":41}}]}},"s":{"0":0,"1":0,"2":0,"3":0,"4":0,"5":0},"f":{"0":0,"1":0,"2":0},"b":{"0":[0],"1":[0]}}
,"/Users/aiden/Documents/app/kekeling/server/src/modules/admin/admin.module.ts": {"path":"/Users/aiden/Documents/app/kekeling/server/src/modules/admin/admin.module.ts","statementMap":{"0":{"start":{"line":1,"column":0},"end":{"line":1,"column":40}},"1":{"start":{"line":2,"column":0},"end":{"line":2,"column":78}},"2":{"start":{"line":3,"column":0},"end":{"line":3,"column":80}},"3":{"start":{"line":4,"column":0},"end":{"line":4,"column":91}},"4":{"start":{"line":5,"column":0},"end":{"line":5,"column":87}},"5":{"start":{"line":6,"column":0},"end":{"line":6,"column":88}},"6":{"start":{"line":7,"column":0},"end":{"line":7,"column":86}},"7":{"start":{"line":8,"column":0},"end":{"line":8,"column":86}},"8":{"start":{"line":9,"column":0},"end":{"line":9,"column":84}},"9":{"start":{"line":10,"column":0},"end":{"line":10,"column":76}},"10":{"start":{"line":11,"column":0},"end":{"line":11,"column":80}},"11":{"start":{"line":12,"column":0},"end":{"line":12,"column":86}},"12":{"start":{"line":13,"column":0},"end":{"line":13,"column":80}},"13":{"start":{"line":14,"column":0},"end":{"line":14,"column":78}},"14":{"start":{"line":15,"column":0},"end":{"line":15,"column":69}},"15":{"start":{"line":16,"column":0},"end":{"line":16,"column":71}},"16":{"start":{"line":17,"column":0},"end":{"line":17,"column":82}},"17":{"start":{"line":18,"column":0},"end":{"line":18,"column":78}},"18":{"start":{"line":19,"column":0},"end":{"line":19,"column":79}},"19":{"start":{"line":20,"column":0},"end":{"line":20,"column":77}},"20":{"start":{"line":21,"column":0},"end":{"line":21,"column":75}},"21":{"start":{"line":22,"column":0},"end":{"line":22,"column":67}},"22":{"start":{"line":23,"column":0},"end":{"line":23,"column":71}},"23":{"start":{"line":24,"column":0},"end":{"line":24,"column":66}},"24":{"start":{"line":25,"column":0},"end":{"line":25,"column":67}},"25":{"start":{"line":26,"column":0},"end":{"line":26,"column":58}},"26":{"start":{"line":27,"column":0},"end":{"line":27,"column":55}},"27":{"start":{"line":28,"column":0},"end":{"line":28,"column":73}},"28":{"start":{"line":59,"column":7},"end":{"line":59,"column":null}},"29":{"start":{"line":59,"column":13},"end":{"line":59,"column":24}},"30":{"start":{"line":59,"column":13},"end":{"line":59,"column":null}}},"fnMap":{},"branchMap":{},"s":{"0":0,"1":0,"2":0,"3":0,"4":0,"5":0,"6":0,"7":0,"8":0,"9":0,"10":0,"11":0,"12":0,"13":0,"14":0,"15":0,"16":0,"17":0,"18":0,"19":0,"20":0,"21":0,"22":0,"23":0,"24":0,"25":0,"26":0,"27":0,"28":0,"29":0,"30":0},"f":{},"b":{}}
,"/Users/aiden/Documents/app/kekeling/server/src/modules/admin/controllers/admin-banners.controller.ts": {"path":"/Users/aiden/Documents/app/kekeling/server/src/modules/admin/controllers/admin-banners.controller.ts","statementMap":{"0":{"start":{"line":1,"column":0},"end":{"line":1,"column":null}},"1":{"start":{"line":11,"column":0},"end":{"line":11,"column":56}},"2":{"start":{"line":12,"column":0},"end":{"line":12,"column":72}},"3":{"start":{"line":13,"column":0},"end":{"line":13,"column":68}},"4":{"start":{"line":17,"column":7},"end":{"line":106,"column":null}},"5":{"start":{"line":18,"column":31},"end":{"line":18,"column":47}},"6":{"start":{"line":29,"column":17},"end":{"line":35,"column":6}},"7":{"start":{"line":36,"column":4},"end":{"line":36,"column":37}},"8":{"start":{"line":42,"column":17},"end":{"line":42,"column":54}},"9":{"start":{"line":43,"column":4},"end":{"line":43,"column":37}},"10":{"start":{"line":60,"column":17},"end":{"line":60,"column":55}},"11":{"start":{"line":61,"column":4},"end":{"line":61,"column":37}},"12":{"start":{"line":79,"column":17},"end":{"line":79,"column":59}},"13":{"start":{"line":80,"column":4},"end":{"line":80,"column":37}},"14":{"start":{"line":86,"column":4},"end":{"line":86,"column":41}},"15":{"start":{"line":87,"column":4},"end":{"line":87,"column":37}},"16":{"start":{"line":93,"column":17},"end":{"line":93,"column":60}},"17":{"start":{"line":94,"column":4},"end":{"line":94,"column":37}},"18":{"start":{"line":100,"column":17},"end":{"line":102,"column":null}},"19":{"start":{"line":104,"column":4},"end":{"line":104,"column":37}},"20":{"start":{"line":17,"column":13},"end":{"line":17,"column":35}},"21":{"start":{"line":22,"column":8},"end":{"line":37,"column":null}},"22":{"start":{"line":41,"column":8},"end":{"line":44,"column":null}},"23":{"start":{"line":48,"column":8},"end":{"line":62,"column":null}},"24":{"start":{"line":66,"column":8},"end":{"line":81,"column":null}},"25":{"start":{"line":85,"column":8},"end":{"line":88,"column":null}},"26":{"start":{"line":92,"column":8},"end":{"line":95,"column":null}},"27":{"start":{"line":99,"column":8},"end":{"line":105,"column":null}},"28":{"start":{"line":17,"column":13},"end":{"line":106,"column":null}}},"fnMap":{"0":{"name":"(anonymous_4)","decl":{"start":{"line":18,"column":2},"end":{"line":18,"column":31}},"loc":{"start":{"line":18,"column":66},"end":{"line":18,"column":71}}},"1":{"name":"(anonymous_5)","decl":{"start":{"line":22,"column":2},"end":{"line":22,"column":7}},"loc":{"start":{"line":27,"column":40},"end":{"line":37,"column":3}}},"2":{"name":"(anonymous_6)","decl":{"start":{"line":41,"column":2},"end":{"line":41,"column":7}},"loc":{"start":{"line":41,"column":39},"end":{"line":44,"column":3}}},"3":{"name":"(anonymous_7)","decl":{"start":{"line":48,"column":2},"end":{"line":48,"column":7}},"loc":{"start":{"line":58,"column":5},"end":{"line":62,"column":3}}},"4":{"name":"(anonymous_8)","decl":{"start":{"line":66,"column":2},"end":{"line":66,"column":7}},"loc":{"start":{"line":77,"column":5},"end":{"line":81,"column":3}}},"5":{"name":"(anonymous_9)","decl":{"start":{"line":85,"column":2},"end":{"line":85,"column":7}},"loc":{"start":{"line":85,"column":38},"end":{"line":88,"column":3}}},"6":{"name":"(anonymous_10)","decl":{"start":{"line":92,"column":2},"end":{"line":92,"column":7}},"loc":{"start":{"line":92,"column":64},"end":{"line":95,"column":3}}},"7":{"name":"(anonymous_11)","decl":{"start":{"line":99,"column":2},"end":{"line":99,"column":7}},"loc":{"start":{"line":99,"column":73},"end":{"line":105,"column":3}}}},"branchMap":{"0":{"loc":{"start":{"line":33,"column":12},"end":{"line":33,"column":41}},"type":"cond-expr","locations":[{"start":{"line":33,"column":19},"end":{"line":33,"column":37}},{"start":{"line":33,"column":40},"end":{"line":33,"column":41}}]},"1":{"loc":{"start":{"line":34,"column":16},"end":{"line":34,"column":54}},"type":"cond-expr","locations":[{"start":{"line":34,"column":27},"end":{"line":34,"column":49}},{"start":{"line":34,"column":52},"end":{"line":34,"column":54}}]}},"s":{"0":0,"1":0,"2":0,"3":0,"4":0,"5":0,"6":0,"7":0,"8":0,"9":0,"10":0,"11":0,"12":0,"13":0,"14":0,"15":0,"16":0,"17":0,"18":0,"19":0,"20":0,"21":0,"22":0,"23":0,"24":0,"25":0,"26":0,"27":0,"28":0},"f":{"0":0,"1":0,"2":0,"3":0,"4":0,"5":0,"6":0,"7":0},"b":{"0":[0,0],"1":[0,0]}}
,"/Users/aiden/Documents/app/kekeling/server/src/modules/admin/controllers/admin-campaigns.controller.ts": {"path":"/Users/aiden/Documents/app/kekeling/server/src/modules/admin/controllers/admin-campaigns.controller.ts","statementMap":{"0":{"start":{"line":1,"column":0},"end":{"line":1,"column":null}},"1":{"start":{"line":11,"column":0},"end":{"line":11,"column":81}},"2":{"start":{"line":12,"column":0},"end":{"line":12,"column":69}},"3":{"start":{"line":13,"column":0},"end":{"line":13,"column":68}},"4":{"start":{"line":14,"column":0},"end":{"line":14,"column":null}},"5":{"start":{"line":25,"column":7},"end":{"line":124,"column":null}},"6":{"start":{"line":26,"column":31},"end":{"line":26,"column":49}},"7":{"start":{"line":32,"column":17},"end":{"line":32,"column":64}},"8":{"start":{"line":33,"column":4},"end":{"line":33,"column":45}},"9":{"start":{"line":39,"column":17},"end":{"line":39,"column":64}},"10":{"start":{"line":40,"column":4},"end":{"line":40,"column":37}},"11":{"start":{"line":47,"column":17},"end":{"line":47,"column":64}},"12":{"start":{"line":48,"column":4},"end":{"line":48,"column":37}},"13":{"start":{"line":58,"column":17},"end":{"line":58,"column":68}},"14":{"start":{"line":59,"column":4},"end":{"line":59,"column":45}},"15":{"start":{"line":66,"column":4},"end":{"line":66,"column":51}},"16":{"start":{"line":67,"column":4},"end":{"line":67,"column":45}},"17":{"start":{"line":74,"column":17},"end":{"line":74,"column":63}},"18":{"start":{"line":75,"column":4},"end":{"line":75,"column":46}},"19":{"start":{"line":82,"column":17},"end":{"line":82,"column":65}},"20":{"start":{"line":83,"column":4},"end":{"line":83,"column":37}},"21":{"start":{"line":91,"column":17},"end":{"line":91,"column":72}},"22":{"start":{"line":92,"column":4},"end":{"line":92,"column":37}},"23":{"start":{"line":102,"column":17},"end":{"line":102,"column":79}},"24":{"start":{"line":103,"column":4},"end":{"line":103,"column":45}},"25":{"start":{"line":113,"column":17},"end":{"line":113,"column":71}},"26":{"start":{"line":114,"column":4},"end":{"line":114,"column":45}},"27":{"start":{"line":121,"column":4},"end":{"line":121,"column":54}},"28":{"start":{"line":122,"column":4},"end":{"line":122,"column":45}},"29":{"start":{"line":25,"column":13},"end":{"line":25,"column":37}},"30":{"start":{"line":31,"column":8},"end":{"line":34,"column":null}},"31":{"start":{"line":38,"column":8},"end":{"line":41,"column":null}},"32":{"start":{"line":46,"column":8},"end":{"line":49,"column":null}},"33":{"start":{"line":54,"column":8},"end":{"line":60,"column":null}},"34":{"start":{"line":65,"column":8},"end":{"line":68,"column":null}},"35":{"start":{"line":73,"column":8},"end":{"line":76,"column":null}},"36":{"start":{"line":81,"column":8},"end":{"line":84,"column":null}},"37":{"start":{"line":90,"column":8},"end":{"line":93,"column":null}},"38":{"start":{"line":98,"column":8},"end":{"line":104,"column":null}},"39":{"start":{"line":109,"column":8},"end":{"line":115,"column":null}},"40":{"start":{"line":120,"column":8},"end":{"line":123,"column":null}},"41":{"start":{"line":25,"column":13},"end":{"line":124,"column":null}}},"fnMap":{"0":{"name":"(anonymous_4)","decl":{"start":{"line":26,"column":2},"end":{"line":26,"column":31}},"loc":{"start":{"line":26,"column":65},"end":{"line":26,"column":69}}},"1":{"name":"(anonymous_5)","decl":{"start":{"line":31,"column":2},"end":{"line":31,"column":7}},"loc":{"start":{"line":31,"column":53},"end":{"line":34,"column":3}}},"2":{"name":"(anonymous_6)","decl":{"start":{"line":38,"column":2},"end":{"line":38,"column":7}},"loc":{"start":{"line":38,"column":53},"end":{"line":41,"column":3}}},"3":{"name":"(anonymous_7)","decl":{"start":{"line":46,"column":2},"end":{"line":46,"column":7}},"loc":{"start":{"line":46,"column":47},"end":{"line":49,"column":3}}},"4":{"name":"(anonymous_8)","decl":{"start":{"line":54,"column":2},"end":{"line":54,"column":7}},"loc":{"start":{"line":56,"column":34},"end":{"line":60,"column":3}}},"5":{"name":"(anonymous_9)","decl":{"start":{"line":65,"column":2},"end":{"line":65,"column":7}},"loc":{"start":{"line":65,"column":46},"end":{"line":68,"column":3}}},"6":{"name":"(anonymous_10)","decl":{"start":{"line":73,"column":2},"end":{"line":73,"column":7}},"loc":{"start":{"line":73,"column":46},"end":{"line":76,"column":3}}},"7":{"name":"(anonymous_11)","decl":{"start":{"line":81,"column":2},"end":{"line":81,"column":7}},"loc":{"start":{"line":81,"column":48},"end":{"line":84,"column":3}}},"8":{"name":"(anonymous_12)","decl":{"start":{"line":90,"column":2},"end":{"line":90,"column":7}},"loc":{"start":{"line":90,"column":63},"end":{"line":93,"column":3}}},"9":{"name":"(anonymous_13)","decl":{"start":{"line":98,"column":2},"end":{"line":98,"column":7}},"loc":{"start":{"line":100,"column":37},"end":{"line":104,"column":3}}},"10":{"name":"(anonymous_14)","decl":{"start":{"line":109,"column":2},"end":{"line":109,"column":7}},"loc":{"start":{"line":111,"column":37},"end":{"line":115,"column":3}}},"11":{"name":"(anonymous_15)","decl":{"start":{"line":120,"column":2},"end":{"line":120,"column":7}},"loc":{"start":{"line":120,"column":49},"end":{"line":123,"column":3}}}},"branchMap":{},"s":{"0":0,"1":0,"2":0,"3":0,"4":0,"5":0,"6":0,"7":0,"8":0,"9":0,"10":0,"11":0,"12":0,"13":0,"14":0,"15":0,"16":0,"17":0,"18":0,"19":0,"20":0,"21":0,"22":0,"23":0,"24":0,"25":0,"26":0,"27":0,"28":0,"29":0,"30":0,"31":0,"32":0,"33":0,"34":0,"35":0,"36":0,"37":0,"38":0,"39":0,"40":0,"41":0},"f":{"0":0,"1":0,"2":0,"3":0,"4":0,"5":0,"6":0,"7":0,"8":0,"9":0,"10":0,"11":0},"b":{}}
,"/Users/aiden/Documents/app/kekeling/server/src/modules/admin/controllers/admin-commission.controller.ts": {"path":"/Users/aiden/Documents/app/kekeling/server/src/modules/admin/controllers/admin-commission.controller.ts","statementMap":{"0":{"start":{"line":1,"column":0},"end":{"line":1,"column":60}},"1":{"start":{"line":2,"column":0},"end":{"line":2,"column":56}},"2":{"start":{"line":3,"column":0},"end":{"line":3,"column":68}},"3":{"start":{"line":4,"column":0},"end":{"line":4,"column":72}},"4":{"start":{"line":18,"column":7},"end":{"line":34,"column":null}},"5":{"start":{"line":19,"column":31},"end":{"line":19,"column":50}},"6":{"start":{"line":24,"column":17},"end":{"line":24,"column":63}},"7":{"start":{"line":25,"column":4},"end":{"line":25,"column":37}},"8":{"start":{"line":31,"column":17},"end":{"line":31,"column":69}},"9":{"start":{"line":32,"column":4},"end":{"line":32,"column":47}},"10":{"start":{"line":18,"column":13},"end":{"line":18,"column":38}},"11":{"start":{"line":23,"column":8},"end":{"line":26,"column":null}},"12":{"start":{"line":30,"column":8},"end":{"line":33,"column":null}},"13":{"start":{"line":18,"column":13},"end":{"line":34,"column":null}}},"fnMap":{"0":{"name":"(anonymous_4)","decl":{"start":{"line":19,"column":2},"end":{"line":19,"column":31}},"loc":{"start":{"line":19,"column":67},"end":{"line":19,"column":72}}},"1":{"name":"(anonymous_5)","decl":{"start":{"line":23,"column":2},"end":{"line":23,"column":7}},"loc":{"start":{"line":23,"column":17},"end":{"line":26,"column":3}}},"2":{"name":"(anonymous_6)","decl":{"start":{"line":30,"column":2},"end":{"line":30,"column":7}},"loc":{"start":{"line":30,"column":59},"end":{"line":33,"column":3}}}},"branchMap":{},"s":{"0":0,"1":0,"2":0,"3":0,"4":0,"5":0,"6":0,"7":0,"8":0,"9":0,"10":0,"11":0,"12":0,"13":0},"f":{"0":0,"1":0,"2":0},"b":{}}
,"/Users/aiden/Documents/app/kekeling/server/src/modules/admin/controllers/admin-complaints.controller.ts": {"path":"/Users/aiden/Documents/app/kekeling/server/src/modules/admin/controllers/admin-complaints.controller.ts","statementMap":{"0":{"start":{"line":1,"column":0},"end":{"line":1,"column":80}},"1":{"start":{"line":2,"column":0},"end":{"line":2,"column":85}},"2":{"start":{"line":3,"column":0},"end":{"line":3,"column":98}},"3":{"start":{"line":4,"column":0},"end":{"line":4,"column":68}},"4":{"start":{"line":8,"column":7},"end":{"line":118,"column":null}},"5":{"start":{"line":9,"column":31},"end":{"line":9,"column":50}},"6":{"start":{"line":33,"column":19},"end":{"line":43,"column":6}},"7":{"start":{"line":44,"column":4},"end":{"line":44,"column":39}},"8":{"start":{"line":50,"column":17},"end":{"line":50,"column":56}},"9":{"start":{"line":51,"column":4},"end":{"line":51,"column":37}},"10":{"start":{"line":58,"column":17},"end":{"line":58,"column":58}},"11":{"start":{"line":59,"column":4},"end":{"line":59,"column":37}},"12":{"start":{"line":66,"column":17},"end":{"line":66,"column":68}},"13":{"start":{"line":67,"column":4},"end":{"line":67,"column":46}},"14":{"start":{"line":93,"column":20},"end":{"line":93,"column":28}},"15":{"start":{"line":94,"column":17},"end":{"line":94,"column":79}},"16":{"start":{"line":95,"column":4},"end":{"line":95,"column":45}},"17":{"start":{"line":114,"column":20},"end":{"line":114,"column":28}},"18":{"start":{"line":115,"column":17},"end":{"line":115,"column":82}},"19":{"start":{"line":116,"column":4},"end":{"line":116,"column":44}},"20":{"start":{"line":8,"column":13},"end":{"line":8,"column":38}},"21":{"start":{"line":22,"column":8},"end":{"line":45,"column":null}},"22":{"start":{"line":49,"column":8},"end":{"line":52,"column":null}},"23":{"start":{"line":57,"column":8},"end":{"line":60,"column":null}},"24":{"start":{"line":65,"column":8},"end":{"line":68,"column":null}},"25":{"start":{"line":88,"column":8},"end":{"line":96,"column":null}},"26":{"start":{"line":109,"column":8},"end":{"line":117,"column":null}},"27":{"start":{"line":8,"column":13},"end":{"line":118,"column":null}}},"fnMap":{"0":{"name":"(anonymous_4)","decl":{"start":{"line":9,"column":2},"end":{"line":9,"column":31}},"loc":{"start":{"line":9,"column":72},"end":{"line":9,"column":77}}},"1":{"name":"(anonymous_5)","decl":{"start":{"line":22,"column":2},"end":{"line":22,"column":7}},"loc":{"start":{"line":31,"column":40},"end":{"line":45,"column":3}}},"2":{"name":"(anonymous_6)","decl":{"start":{"line":49,"column":2},"end":{"line":49,"column":7}},"loc":{"start":{"line":49,"column":16},"end":{"line":52,"column":3}}},"3":{"name":"(anonymous_7)","decl":{"start":{"line":57,"column":2},"end":{"line":57,"column":7}},"loc":{"start":{"line":57,"column":39},"end":{"line":60,"column":3}}},"4":{"name":"(anonymous_8)","decl":{"start":{"line":65,"column":2},"end":{"line":65,"column":7}},"loc":{"start":{"line":65,"column":50},"end":{"line":68,"column":3}}},"5":{"name":"(anonymous_9)","decl":{"start":{"line":88,"column":2},"end":{"line":88,"column":7}},"loc":{"start":{"line":90,"column":35},"end":{"line":96,"column":3}}},"6":{"name":"(anonymous_10)","decl":{"start":{"line":109,"column":2},"end":{"line":109,"column":7}},"loc":{"start":{"line":111,"column":34},"end":{"line":117,"column":3}}}},"branchMap":{"0":{"loc":{"start":{"line":41,"column":12},"end":{"line":41,"column":35}},"type":"cond-expr","locations":[{"start":{"line":41,"column":19},"end":{"line":41,"column":31}},{"start":{"line":41,"column":34},"end":{"line":41,"column":35}}]},"1":{"loc":{"start":{"line":42,"column":16},"end":{"line":42,"column":48}},"type":"cond-expr","locations":[{"start":{"line":42,"column":27},"end":{"line":42,"column":43}},{"start":{"line":42,"column":46},"end":{"line":42,"column":48}}]}},"s":{"0":0,"1":0,"2":0,"3":0,"4":0,"5":0,"6":0,"7":0,"8":0,"9":0,"10":0,"11":0,"12":0,"13":0,"14":0,"15":0,"16":0,"17":0,"18":0,"19":0,"20":0,"21":0,"22":0,"23":0,"24":0,"25":0,"26":0,"27":0},"f":{"0":0,"1":0,"2":0,"3":0,"4":0,"5":0,"6":0},"b":{"0":[0,0],"1":[0,0]}}
,"/Users/aiden/Documents/app/kekeling/server/src/modules/admin/controllers/admin-coupons.controller.ts": {"path":"/Users/aiden/Documents/app/kekeling/server/src/modules/admin/controllers/admin-coupons.controller.ts","statementMap":{"0":{"start":{"line":1,"column":0},"end":{"line":1,"column":null}},"1":{"start":{"line":12,"column":0},"end":{"line":12,"column":null}},"2":{"start":{"line":19,"column":0},"end":{"line":19,"column":63}},"3":{"start":{"line":20,"column":0},"end":{"line":20,"column":null}},"4":{"start":{"line":26,"column":0},"end":{"line":26,"column":64}},"5":{"start":{"line":27,"column":0},"end":{"line":27,"column":68}},"6":{"start":{"line":33,"column":7},"end":{"line":159,"column":null}},"7":{"start":{"line":34,"column":31},"end":{"line":34,"column":47}},"8":{"start":{"line":48,"column":19},"end":{"line":52,"column":6}},"9":{"start":{"line":53,"column":4},"end":{"line":53,"column":39}},"10":{"start":{"line":59,"column":17},"end":{"line":59,"column":62}},"11":{"start":{"line":60,"column":4},"end":{"line":60,"column":45}},"12":{"start":{"line":70,"column":17},"end":{"line":70,"column":66}},"13":{"start":{"line":71,"column":4},"end":{"line":71,"column":45}},"14":{"start":{"line":78,"column":4},"end":{"line":78,"column":49}},"15":{"start":{"line":79,"column":4},"end":{"line":79,"column":45}},"16":{"start":{"line":87,"column":19},"end":{"line":87,"column":60}},"17":{"start":{"line":88,"column":4},"end":{"line":88,"column":47}},"18":{"start":{"line":103,"column":19},"end":{"line":107,"column":6}},"19":{"start":{"line":108,"column":4},"end":{"line":108,"column":39}},"20":{"start":{"line":114,"column":17},"end":{"line":114,"column":63}},"21":{"start":{"line":115,"column":4},"end":{"line":115,"column":45}},"22":{"start":{"line":125,"column":17},"end":{"line":125,"column":67}},"23":{"start":{"line":126,"column":4},"end":{"line":126,"column":45}},"24":{"start":{"line":133,"column":4},"end":{"line":133,"column":50}},"25":{"start":{"line":134,"column":4},"end":{"line":134,"column":45}},"26":{"start":{"line":151,"column":19},"end":{"line":156,"column":6}},"27":{"start":{"line":157,"column":4},"end":{"line":157,"column":39}},"28":{"start":{"line":33,"column":13},"end":{"line":33,"column":35}},"29":{"start":{"line":43,"column":8},"end":{"line":54,"column":null}},"30":{"start":{"line":58,"column":8},"end":{"line":61,"column":null}},"31":{"start":{"line":66,"column":8},"end":{"line":72,"column":null}},"32":{"start":{"line":77,"column":8},"end":{"line":80,"column":null}},"33":{"start":{"line":86,"column":8},"end":{"line":89,"column":null}},"34":{"start":{"line":98,"column":8},"end":{"line":109,"column":null}},"35":{"start":{"line":113,"column":8},"end":{"line":116,"column":null}},"36":{"start":{"line":121,"column":8},"end":{"line":127,"column":null}},"37":{"start":{"line":132,"column":8},"end":{"line":135,"column":null}},"38":{"start":{"line":145,"column":8},"end":{"line":158,"column":null}},"39":{"start":{"line":33,"column":13},"end":{"line":159,"column":null}}},"fnMap":{"0":{"name":"(anonymous_4)","decl":{"start":{"line":34,"column":2},"end":{"line":34,"column":31}},"loc":{"start":{"line":34,"column":61},"end":{"line":34,"column":65}}},"1":{"name":"(anonymous_5)","decl":{"start":{"line":43,"column":2},"end":{"line":43,"column":7}},"loc":{"start":{"line":46,"column":40},"end":{"line":54,"column":3}}},"2":{"name":"(anonymous_6)","decl":{"start":{"line":58,"column":2},"end":{"line":58,"column":7}},"loc":{"start":{"line":58,"column":59},"end":{"line":61,"column":3}}},"3":{"name":"(anonymous_7)","decl":{"start":{"line":66,"column":2},"end":{"line":66,"column":7}},"loc":{"start":{"line":68,"column":40},"end":{"line":72,"column":3}}},"4":{"name":"(anonymous_8)","decl":{"start":{"line":77,"column":2},"end":{"line":77,"column":7}},"loc":{"start":{"line":77,"column":46},"end":{"line":80,"column":3}}},"5":{"name":"(anonymous_9)","decl":{"start":{"line":86,"column":2},"end":{"line":86,"column":7}},"loc":{"start":{"line":86,"column":51},"end":{"line":89,"column":3}}},"6":{"name":"(anonymous_10)","decl":{"start":{"line":98,"column":2},"end":{"line":98,"column":7}},"loc":{"start":{"line":101,"column":40},"end":{"line":109,"column":3}}},"7":{"name":"(anonymous_11)","decl":{"start":{"line":113,"column":2},"end":{"line":113,"column":7}},"loc":{"start":{"line":113,"column":61},"end":{"line":116,"column":3}}},"8":{"name":"(anonymous_12)","decl":{"start":{"line":121,"column":2},"end":{"line":121,"column":7}},"loc":{"start":{"line":123,"column":50},"end":{"line":127,"column":3}}},"9":{"name":"(anonymous_13)","decl":{"start":{"line":132,"column":2},"end":{"line":132,"column":7}},"loc":{"start":{"line":132,"column":47},"end":{"line":135,"column":3}}},"10":{"name":"(anonymous_14)","decl":{"start":{"line":145,"column":2},"end":{"line":145,"column":7}},"loc":{"start":{"line":149,"column":40},"end":{"line":158,"column":3}}}},"branchMap":{"0":{"loc":{"start":{"line":50,"column":12},"end":{"line":50,"column":35}},"type":"cond-expr","locations":[{"start":{"line":50,"column":19},"end":{"line":50,"column":31}},{"start":{"line":50,"column":34},"end":{"line":50,"column":35}}]},"1":{"loc":{"start":{"line":51,"column":16},"end":{"line":51,"column":48}},"type":"cond-expr","locations":[{"start":{"line":51,"column":27},"end":{"line":51,"column":43}},{"start":{"line":51,"column":46},"end":{"line":51,"column":48}}]},"2":{"loc":{"start":{"line":105,"column":12},"end":{"line":105,"column":35}},"type":"cond-expr","locations":[{"start":{"line":105,"column":19},"end":{"line":105,"column":31}},{"start":{"line":105,"column":34},"end":{"line":105,"column":35}}]},"3":{"loc":{"start":{"line":106,"column":16},"end":{"line":106,"column":48}},"type":"cond-expr","locations":[{"start":{"line":106,"column":27},"end":{"line":106,"column":43}},{"start":{"line":106,"column":46},"end":{"line":106,"column":48}}]},"4":{"loc":{"start":{"line":154,"column":12},"end":{"line":154,"column":35}},"type":"cond-expr","locations":[{"start":{"line":154,"column":19},"end":{"line":154,"column":31}},{"start":{"line":154,"column":34},"end":{"line":154,"column":35}}]},"5":{"loc":{"start":{"line":155,"column":16},"end":{"line":155,"column":48}},"type":"cond-expr","locations":[{"start":{"line":155,"column":27},"end":{"line":155,"column":43}},{"start":{"line":155,"column":46},"end":{"line":155,"column":48}}]}},"s":{"0":0,"1":0,"2":0,"3":0,"4":0,"5":0,"6":0,"7":0,"8":0,"9":0,"10":0,"11":0,"12":0,"13":0,"14":0,"15":0,"16":0,"17":0,"18":0,"19":0,"20":0,"21":0,"22":0,"23":0,"24":0,"25":0,"26":0,"27":0,"28":0,"29":0,"30":0,"31":0,"32":0,"33":0,"34":0,"35":0,"36":0,"37":0,"38":0,"39":0},"f":{"0":0,"1":0,"2":0,"3":0,"4":0,"5":0,"6":0,"7":0,"8":0,"9":0,"10":0},"b":{"0":[0,0],"1":[0,0],"2":[0,0],"3":[0,0],"4":[0,0],"5":[0,0]}}
,"/Users/aiden/Documents/app/kekeling/server/src/modules/admin/controllers/admin-dashboard.controller.ts": {"path":"/Users/aiden/Documents/app/kekeling/server/src/modules/admin/controllers/admin-dashboard.controller.ts","statementMap":{"0":{"start":{"line":1,"column":0},"end":{"line":1,"column":49}},"1":{"start":{"line":2,"column":0},"end":{"line":2,"column":56}},"2":{"start":{"line":3,"column":0},"end":{"line":3,"column":76}},"3":{"start":{"line":4,"column":0},"end":{"line":4,"column":68}},"4":{"start":{"line":8,"column":7},"end":{"line":31,"column":null}},"5":{"start":{"line":9,"column":31},"end":{"line":9,"column":49}},"6":{"start":{"line":14,"column":17},"end":{"line":14,"column":60}},"7":{"start":{"line":15,"column":4},"end":{"line":15,"column":37}},"8":{"start":{"line":21,"column":17},"end":{"line":21,"column":60}},"9":{"start":{"line":22,"column":4},"end":{"line":22,"column":37}},"10":{"start":{"line":28,"column":17},"end":{"line":28,"column":73}},"11":{"start":{"line":29,"column":4},"end":{"line":29,"column":37}},"12":{"start":{"line":8,"column":13},"end":{"line":8,"column":37}},"13":{"start":{"line":13,"column":8},"end":{"line":16,"column":null}},"14":{"start":{"line":20,"column":8},"end":{"line":23,"column":null}},"15":{"start":{"line":27,"column":8},"end":{"line":30,"column":null}},"16":{"start":{"line":8,"column":13},"end":{"line":31,"column":null}}},"fnMap":{"0":{"name":"(anonymous_2)","decl":{"start":{"line":9,"column":2},"end":{"line":9,"column":31}},"loc":{"start":{"line":9,"column":70},"end":{"line":9,"column":74}}},"1":{"name":"(anonymous_3)","decl":{"start":{"line":13,"column":2},"end":{"line":13,"column":7}},"loc":{"start":{"line":13,"column":21},"end":{"line":16,"column":3}}},"2":{"name":"(anonymous_4)","decl":{"start":{"line":20,"column":2},"end":{"line":20,"column":7}},"loc":{"start":{"line":20,"column":21},"end":{"line":23,"column":3}}},"3":{"name":"(anonymous_5)","decl":{"start":{"line":27,"column":2},"end":{"line":27,"column":7}},"loc":{"start":{"line":27,"column":34},"end":{"line":30,"column":3}}}},"branchMap":{},"s":{"0":0,"1":0,"2":0,"3":0,"4":0,"5":0,"6":0,"7":0,"8":0,"9":0,"10":0,"11":0,"12":0,"13":0,"14":0,"15":0,"16":0},"f":{"0":0,"1":0,"2":0,"3":0},"b":{}}
,"/Users/aiden/Documents/app/kekeling/server/src/modules/admin/controllers/admin-escort-levels.controller.ts": {"path":"/Users/aiden/Documents/app/kekeling/server/src/modules/admin/controllers/admin-escort-levels.controller.ts","statementMap":{"0":{"start":{"line":1,"column":0},"end":{"line":1,"column":81}},"1":{"start":{"line":2,"column":0},"end":{"line":2,"column":75}},"2":{"start":{"line":3,"column":0},"end":{"line":3,"column":null}},"3":{"start":{"line":8,"column":0},"end":{"line":8,"column":68}},"4":{"start":{"line":12,"column":7},"end":{"line":53,"column":null}},"5":{"start":{"line":13,"column":31},"end":{"line":13,"column":46}},"6":{"start":{"line":18,"column":17},"end":{"line":18,"column":51}},"7":{"start":{"line":19,"column":4},"end":{"line":19,"column":37}},"8":{"start":{"line":26,"column":17},"end":{"line":26,"column":54}},"9":{"start":{"line":27,"column":4},"end":{"line":27,"column":37}},"10":{"start":{"line":34,"column":17},"end":{"line":34,"column":53}},"11":{"start":{"line":35,"column":4},"end":{"line":35,"column":45}},"12":{"start":{"line":42,"column":17},"end":{"line":42,"column":57}},"13":{"start":{"line":43,"column":4},"end":{"line":43,"column":45}},"14":{"start":{"line":50,"column":4},"end":{"line":50,"column":40}},"15":{"start":{"line":51,"column":4},"end":{"line":51,"column":45}},"16":{"start":{"line":12,"column":13},"end":{"line":12,"column":40}},"17":{"start":{"line":17,"column":8},"end":{"line":20,"column":null}},"18":{"start":{"line":25,"column":8},"end":{"line":28,"column":null}},"19":{"start":{"line":33,"column":8},"end":{"line":36,"column":null}},"20":{"start":{"line":41,"column":8},"end":{"line":44,"column":null}},"21":{"start":{"line":49,"column":8},"end":{"line":52,"column":null}},"22":{"start":{"line":12,"column":13},"end":{"line":53,"column":null}}},"fnMap":{"0":{"name":"(anonymous_4)","decl":{"start":{"line":13,"column":2},"end":{"line":13,"column":31}},"loc":{"start":{"line":13,"column":70},"end":{"line":13,"column":75}}},"1":{"name":"(anonymous_5)","decl":{"start":{"line":17,"column":2},"end":{"line":17,"column":7}},"loc":{"start":{"line":17,"column":15},"end":{"line":20,"column":3}}},"2":{"name":"(anonymous_6)","decl":{"start":{"line":25,"column":2},"end":{"line":25,"column":7}},"loc":{"start":{"line":25,"column":40},"end":{"line":28,"column":3}}},"3":{"name":"(anonymous_7)","decl":{"start":{"line":33,"column":2},"end":{"line":33,"column":7}},"loc":{"start":{"line":33,"column":48},"end":{"line":36,"column":3}}},"4":{"name":"(anonymous_8)","decl":{"start":{"line":41,"column":2},"end":{"line":41,"column":7}},"loc":{"start":{"line":41,"column":73},"end":{"line":44,"column":3}}},"5":{"name":"(anonymous_9)","decl":{"start":{"line":49,"column":2},"end":{"line":49,"column":7}},"loc":{"start":{"line":49,"column":38},"end":{"line":52,"column":3}}}},"branchMap":{},"s":{"0":0,"1":0,"2":0,"3":0,"4":0,"5":0,"6":0,"7":0,"8":0,"9":0,"10":0,"11":0,"12":0,"13":0,"14":0,"15":0,"16":0,"17":0,"18":0,"19":0,"20":0,"21":0,"22":0},"f":{"0":0,"1":0,"2":0,"3":0,"4":0,"5":0},"b":{}}
,"/Users/aiden/Documents/app/kekeling/server/src/modules/admin/controllers/admin-escort-tags.controller.ts": {"path":"/Users/aiden/Documents/app/kekeling/server/src/modules/admin/controllers/admin-escort-tags.controller.ts","statementMap":{"0":{"start":{"line":1,"column":0},"end":{"line":1,"column":88}},"1":{"start":{"line":2,"column":0},"end":{"line":2,"column":85}},"2":{"start":{"line":3,"column":0},"end":{"line":3,"column":null}},"3":{"start":{"line":8,"column":0},"end":{"line":8,"column":68}},"4":{"start":{"line":12,"column":7},"end":{"line":87,"column":null}},"5":{"start":{"line":13,"column":31},"end":{"line":13,"column":44}},"6":{"start":{"line":23,"column":17},"end":{"line":23,"column":69}},"7":{"start":{"line":24,"column":4},"end":{"line":24,"column":37}},"8":{"start":{"line":30,"column":17},"end":{"line":30,"column":56}},"9":{"start":{"line":31,"column":4},"end":{"line":31,"column":37}},"10":{"start":{"line":38,"column":17},"end":{"line":38,"column":52}},"11":{"start":{"line":39,"column":4},"end":{"line":39,"column":37}},"12":{"start":{"line":46,"column":17},"end":{"line":46,"column":51}},"13":{"start":{"line":47,"column":4},"end":{"line":47,"column":45}},"14":{"start":{"line":54,"column":17},"end":{"line":54,"column":55}},"15":{"start":{"line":55,"column":4},"end":{"line":55,"column":45}},"16":{"start":{"line":62,"column":4},"end":{"line":62,"column":38}},"17":{"start":{"line":63,"column":4},"end":{"line":63,"column":45}},"18":{"start":{"line":84,"column":4},"end":{"line":84,"column":45}},"19":{"start":{"line":85,"column":4},"end":{"line":85,"column":46}},"20":{"start":{"line":12,"column":13},"end":{"line":12,"column":38}},"21":{"start":{"line":19,"column":8},"end":{"line":25,"column":null}},"22":{"start":{"line":29,"column":8},"end":{"line":32,"column":null}},"23":{"start":{"line":37,"column":8},"end":{"line":40,"column":null}},"24":{"start":{"line":45,"column":8},"end":{"line":48,"column":null}},"25":{"start":{"line":53,"column":8},"end":{"line":56,"column":null}},"26":{"start":{"line":61,"column":8},"end":{"line":64,"column":null}},"27":{"start":{"line":83,"column":8},"end":{"line":86,"column":null}},"28":{"start":{"line":12,"column":13},"end":{"line":87,"column":null}}},"fnMap":{"0":{"name":"(anonymous_4)","decl":{"start":{"line":13,"column":2},"end":{"line":13,"column":31}},"loc":{"start":{"line":13,"column":66},"end":{"line":13,"column":71}}},"1":{"name":"(anonymous_5)","decl":{"start":{"line":19,"column":2},"end":{"line":19,"column":7}},"loc":{"start":{"line":21,"column":36},"end":{"line":25,"column":3}}},"2":{"name":"(anonymous_6)","decl":{"start":{"line":29,"column":2},"end":{"line":29,"column":7}},"loc":{"start":{"line":29,"column":22},"end":{"line":32,"column":3}}},"3":{"name":"(anonymous_7)","decl":{"start":{"line":37,"column":2},"end":{"line":37,"column":7}},"loc":{"start":{"line":37,"column":40},"end":{"line":40,"column":3}}},"4":{"name":"(anonymous_8)","decl":{"start":{"line":45,"column":2},"end":{"line":45,"column":7}},"loc":{"start":{"line":45,"column":46},"end":{"line":48,"column":3}}},"5":{"name":"(anonymous_9)","decl":{"start":{"line":53,"column":2},"end":{"line":53,"column":7}},"loc":{"start":{"line":53,"column":71},"end":{"line":56,"column":3}}},"6":{"name":"(anonymous_10)","decl":{"start":{"line":61,"column":2},"end":{"line":61,"column":7}},"loc":{"start":{"line":61,"column":38},"end":{"line":64,"column":3}}},"7":{"name":"(anonymous_11)","decl":{"start":{"line":83,"column":2},"end":{"line":83,"column":7}},"loc":{"start":{"line":83,"column":76},"end":{"line":86,"column":3}}}},"branchMap":{},"s":{"0":0,"1":0,"2":0,"3":0,"4":0,"5":0,"6":0,"7":0,"8":0,"9":0,"10":0,"11":0,"12":0,"13":0,"14":0,"15":0,"16":0,"17":0,"18":0,"19":0,"20":0,"21":0,"22":0,"23":0,"24":0,"25":0,"26":0,"27":0,"28":0},"f":{"0":0,"1":0,"2":0,"3":0,"4":0,"5":0,"6":0,"7":0},"b":{}}
,"/Users/aiden/Documents/app/kekeling/server/src/modules/admin/controllers/admin-escorts.controller.ts": {"path":"/Users/aiden/Documents/app/kekeling/server/src/modules/admin/controllers/admin-escorts.controller.ts","statementMap":{"0":{"start":{"line":1,"column":0},"end":{"line":1,"column":88}},"1":{"start":{"line":2,"column":0},"end":{"line":2,"column":85}},"2":{"start":{"line":3,"column":0},"end":{"line":3,"column":null}},"3":{"start":{"line":9,"column":0},"end":{"line":9,"column":68}},"4":{"start":{"line":13,"column":7},"end":{"line":200,"column":null}},"5":{"start":{"line":14,"column":31},"end":{"line":14,"column":47}},"6":{"start":{"line":38,"column":19},"end":{"line":46,"column":6}},"7":{"start":{"line":47,"column":4},"end":{"line":47,"column":39}},"8":{"start":{"line":53,"column":17},"end":{"line":53,"column":53}},"9":{"start":{"line":54,"column":4},"end":{"line":54,"column":37}},"10":{"start":{"line":65,"column":17},"end":{"line":65,"column":81}},"11":{"start":{"line":66,"column":4},"end":{"line":66,"column":37}},"12":{"start":{"line":73,"column":17},"end":{"line":73,"column":55}},"13":{"start":{"line":74,"column":4},"end":{"line":74,"column":37}},"14":{"start":{"line":85,"column":17},"end":{"line":85,"column":54}},"15":{"start":{"line":86,"column":4},"end":{"line":86,"column":45}},"16":{"start":{"line":93,"column":17},"end":{"line":93,"column":58}},"17":{"start":{"line":94,"column":4},"end":{"line":94,"column":45}},"18":{"start":{"line":101,"column":4},"end":{"line":101,"column":41}},"19":{"start":{"line":102,"column":4},"end":{"line":102,"column":45}},"20":{"start":{"line":125,"column":17},"end":{"line":125,"column":76}},"21":{"start":{"line":126,"column":4},"end":{"line":126,"column":77}},"22":{"start":{"line":138,"column":17},"end":{"line":138,"column":75}},"23":{"start":{"line":139,"column":4},"end":{"line":139,"column":46}},"24":{"start":{"line":150,"column":17},"end":{"line":150,"column":75}},"25":{"start":{"line":151,"column":4},"end":{"line":151,"column":48}},"26":{"start":{"line":165,"column":4},"end":{"line":165,"column":57}},"27":{"start":{"line":166,"column":4},"end":{"line":166,"column":45}},"28":{"start":{"line":177,"column":4},"end":{"line":177,"column":65}},"29":{"start":{"line":178,"column":4},"end":{"line":178,"column":46}},"30":{"start":{"line":197,"column":17},"end":{"line":197,"column":93}},"31":{"start":{"line":198,"column":4},"end":{"line":198,"column":48}},"32":{"start":{"line":13,"column":13},"end":{"line":13,"column":35}},"33":{"start":{"line":29,"column":8},"end":{"line":48,"column":null}},"34":{"start":{"line":52,"column":8},"end":{"line":55,"column":null}},"35":{"start":{"line":61,"column":8},"end":{"line":67,"column":null}},"36":{"start":{"line":72,"column":8},"end":{"line":75,"column":null}},"37":{"start":{"line":84,"column":8},"end":{"line":87,"column":null}},"38":{"start":{"line":92,"column":8},"end":{"line":95,"column":null}},"39":{"start":{"line":100,"column":8},"end":{"line":103,"column":null}},"40":{"start":{"line":120,"column":8},"end":{"line":127,"column":null}},"41":{"start":{"line":133,"column":8},"end":{"line":140,"column":null}},"42":{"start":{"line":146,"column":8},"end":{"line":152,"column":null}},"43":{"start":{"line":161,"column":8},"end":{"line":167,"column":null}},"44":{"start":{"line":173,"column":8},"end":{"line":179,"column":null}},"45":{"start":{"line":192,"column":8},"end":{"line":199,"column":null}},"46":{"start":{"line":13,"column":13},"end":{"line":200,"column":null}}},"fnMap":{"0":{"name":"(anonymous_4)","decl":{"start":{"line":14,"column":2},"end":{"line":14,"column":31}},"loc":{"start":{"line":14,"column":66},"end":{"line":14,"column":71}}},"1":{"name":"(anonymous_5)","decl":{"start":{"line":29,"column":2},"end":{"line":29,"column":7}},"loc":{"start":{"line":36,"column":40},"end":{"line":48,"column":3}}},"2":{"name":"(anonymous_6)","decl":{"start":{"line":52,"column":2},"end":{"line":52,"column":7}},"loc":{"start":{"line":52,"column":16},"end":{"line":55,"column":3}}},"3":{"name":"(anonymous_7)","decl":{"start":{"line":61,"column":2},"end":{"line":61,"column":7}},"loc":{"start":{"line":63,"column":40},"end":{"line":67,"column":3}}},"4":{"name":"(anonymous_8)","decl":{"start":{"line":72,"column":2},"end":{"line":72,"column":7}},"loc":{"start":{"line":72,"column":40},"end":{"line":75,"column":3}}},"5":{"name":"(anonymous_9)","decl":{"start":{"line":84,"column":2},"end":{"line":84,"column":7}},"loc":{"start":{"line":84,"column":43},"end":{"line":87,"column":3}}},"6":{"name":"(anonymous_10)","decl":{"start":{"line":92,"column":2},"end":{"line":92,"column":7}},"loc":{"start":{"line":92,"column":68},"end":{"line":95,"column":3}}},"7":{"name":"(anonymous_11)","decl":{"start":{"line":100,"column":2},"end":{"line":100,"column":7}},"loc":{"start":{"line":100,"column":38},"end":{"line":103,"column":3}}},"8":{"name":"(anonymous_12)","decl":{"start":{"line":120,"column":2},"end":{"line":120,"column":7}},"loc":{"start":{"line":123,"column":31},"end":{"line":127,"column":3}}},"9":{"name":"(anonymous_13)","decl":{"start":{"line":133,"column":2},"end":{"line":133,"column":7}},"loc":{"start":{"line":136,"column":35},"end":{"line":140,"column":3}}},"10":{"name":"(anonymous_14)","decl":{"start":{"line":146,"column":2},"end":{"line":146,"column":7}},"loc":{"start":{"line":148,"column":42},"end":{"line":152,"column":3}}},"11":{"name":"(anonymous_15)","decl":{"start":{"line":161,"column":2},"end":{"line":161,"column":7}},"loc":{"start":{"line":163,"column":37},"end":{"line":167,"column":3}}},"12":{"name":"(anonymous_16)","decl":{"start":{"line":173,"column":2},"end":{"line":173,"column":7}},"loc":{"start":{"line":175,"column":43},"end":{"line":179,"column":3}}},"13":{"name":"(anonymous_17)","decl":{"start":{"line":192,"column":2},"end":{"line":192,"column":7}},"loc":{"start":{"line":195,"column":73},"end":{"line":199,"column":3}}}},"branchMap":{"0":{"loc":{"start":{"line":44,"column":12},"end":{"line":44,"column":35}},"type":"cond-expr","locations":[{"start":{"line":44,"column":19},"end":{"line":44,"column":31}},{"start":{"line":44,"column":34},"end":{"line":44,"column":35}}]},"1":{"loc":{"start":{"line":45,"column":16},"end":{"line":45,"column":48}},"type":"cond-expr","locations":[{"start":{"line":45,"column":27},"end":{"line":45,"column":43}},{"start":{"line":45,"column":46},"end":{"line":45,"column":48}}]},"2":{"loc":{"start":{"line":126,"column":37},"end":{"line":126,"column":75}},"type":"cond-expr","locations":[{"start":{"line":126,"column":60},"end":{"line":126,"column":66}},{"start":{"line":126,"column":69},"end":{"line":126,"column":75}}]}},"s":{"0":0,"1":0,"2":0,"3":0,"4":0,"5":0,"6":0,"7":0,"8":0,"9":0,"10":0,"11":0,"12":0,"13":0,"14":0,"15":0,"16":0,"17":0,"18":0,"19":0,"20":0,"21":0,"22":0,"23":0,"24":0,"25":0,"26":0,"27":0,"28":0,"29":0,"30":0,"31":0,"32":0,"33":0,"34":0,"35":0,"36":0,"37":0,"38":0,"39":0,"40":0,"41":0,"42":0,"43":0,"44":0,"45":0,"46":0},"f":{"0":0,"1":0,"2":0,"3":0,"4":0,"5":0,"6":0,"7":0,"8":0,"9":0,"10":0,"11":0,"12":0,"13":0},"b":{"0":[0,0],"1":[0,0],"2":[0,0]}}
,"/Users/aiden/Documents/app/kekeling/server/src/modules/admin/controllers/admin-membership.controller.ts": {"path":"/Users/aiden/Documents/app/kekeling/server/src/modules/admin/controllers/admin-membership.controller.ts","statementMap":{"0":{"start":{"line":1,"column":0},"end":{"line":1,"column":null}},"1":{"start":{"line":12,"column":0},"end":{"line":12,"column":null}},"2":{"start":{"line":19,"column":0},"end":{"line":19,"column":72}},"3":{"start":{"line":20,"column":0},"end":{"line":20,"column":null}},"4":{"start":{"line":28,"column":0},"end":{"line":28,"column":64}},"5":{"start":{"line":29,"column":0},"end":{"line":29,"column":68}},"6":{"start":{"line":35,"column":7},"end":{"line":202,"column":null}},"7":{"start":{"line":36,"column":31},"end":{"line":36,"column":50}},"8":{"start":{"line":48,"column":19},"end":{"line":51,"column":6}},"9":{"start":{"line":52,"column":4},"end":{"line":52,"column":39}},"10":{"start":{"line":58,"column":17},"end":{"line":58,"column":62}},"11":{"start":{"line":59,"column":4},"end":{"line":59,"column":45}},"12":{"start":{"line":69,"column":17},"end":{"line":69,"column":66}},"13":{"start":{"line":70,"column":4},"end":{"line":70,"column":45}},"14":{"start":{"line":77,"column":4},"end":{"line":77,"column":49}},"15":{"start":{"line":78,"column":4},"end":{"line":78,"column":45}},"16":{"start":{"line":93,"column":19},"end":{"line":97,"column":6}},"17":{"start":{"line":98,"column":4},"end":{"line":98,"column":39}},"18":{"start":{"line":104,"column":17},"end":{"line":104,"column":61}},"19":{"start":{"line":105,"column":4},"end":{"line":105,"column":45}},"20":{"start":{"line":115,"column":17},"end":{"line":115,"column":65}},"21":{"start":{"line":116,"column":4},"end":{"line":116,"column":45}},"22":{"start":{"line":123,"column":4},"end":{"line":123,"column":48}},"23":{"start":{"line":124,"column":4},"end":{"line":124,"column":45}},"24":{"start":{"line":141,"column":19},"end":{"line":146,"column":6}},"25":{"start":{"line":147,"column":4},"end":{"line":147,"column":39}},"26":{"start":{"line":153,"column":17},"end":{"line":153,"column":66}},"27":{"start":{"line":154,"column":4},"end":{"line":154,"column":45}},"28":{"start":{"line":169,"column":19},"end":{"line":173,"column":6}},"29":{"start":{"line":174,"column":4},"end":{"line":174,"column":39}},"30":{"start":{"line":180,"column":17},"end":{"line":180,"column":68}},"31":{"start":{"line":181,"column":4},"end":{"line":181,"column":45}},"32":{"start":{"line":191,"column":17},"end":{"line":191,"column":72}},"33":{"start":{"line":192,"column":4},"end":{"line":192,"column":45}},"34":{"start":{"line":199,"column":4},"end":{"line":199,"column":55}},"35":{"start":{"line":200,"column":4},"end":{"line":200,"column":45}},"36":{"start":{"line":35,"column":13},"end":{"line":35,"column":38}},"37":{"start":{"line":44,"column":8},"end":{"line":53,"column":null}},"38":{"start":{"line":57,"column":8},"end":{"line":60,"column":null}},"39":{"start":{"line":65,"column":8},"end":{"line":71,"column":null}},"40":{"start":{"line":76,"column":8},"end":{"line":79,"column":null}},"41":{"start":{"line":88,"column":8},"end":{"line":99,"column":null}},"42":{"start":{"line":103,"column":8},"end":{"line":106,"column":null}},"43":{"start":{"line":111,"column":8},"end":{"line":117,"column":null}},"44":{"start":{"line":122,"column":8},"end":{"line":125,"column":null}},"45":{"start":{"line":135,"column":8},"end":{"line":148,"column":null}},"46":{"start":{"line":152,"column":8},"end":{"line":155,"column":null}},"47":{"start":{"line":164,"column":8},"end":{"line":175,"column":null}},"48":{"start":{"line":179,"column":8},"end":{"line":182,"column":null}},"49":{"start":{"line":187,"column":8},"end":{"line":193,"column":null}},"50":{"start":{"line":198,"column":8},"end":{"line":201,"column":null}},"51":{"start":{"line":35,"column":13},"end":{"line":202,"column":null}}},"fnMap":{"0":{"name":"(anonymous_4)","decl":{"start":{"line":36,"column":2},"end":{"line":36,"column":31}},"loc":{"start":{"line":36,"column":67},"end":{"line":36,"column":71}}},"1":{"name":"(anonymous_5)","decl":{"start":{"line":44,"column":2},"end":{"line":44,"column":7}},"loc":{"start":{"line":46,"column":40},"end":{"line":53,"column":3}}},"2":{"name":"(anonymous_6)","decl":{"start":{"line":57,"column":2},"end":{"line":57,"column":7}},"loc":{"start":{"line":57,"column":57},"end":{"line":60,"column":3}}},"3":{"name":"(anonymous_7)","decl":{"start":{"line":65,"column":2},"end":{"line":65,"column":7}},"loc":{"start":{"line":67,"column":41},"end":{"line":71,"column":3}}},"4":{"name":"(anonymous_8)","decl":{"start":{"line":76,"column":2},"end":{"line":76,"column":7}},"loc":{"start":{"line":76,"column":43},"end":{"line":79,"column":3}}},"5":{"name":"(anonymous_9)","decl":{"start":{"line":88,"column":2},"end":{"line":88,"column":7}},"loc":{"start":{"line":91,"column":40},"end":{"line":99,"column":3}}},"6":{"name":"(anonymous_10)","decl":{"start":{"line":103,"column":2},"end":{"line":103,"column":7}},"loc":{"start":{"line":103,"column":55},"end":{"line":106,"column":3}}},"7":{"name":"(anonymous_11)","decl":{"start":{"line":111,"column":2},"end":{"line":111,"column":7}},"loc":{"start":{"line":113,"column":40},"end":{"line":117,"column":3}}},"8":{"name":"(anonymous_12)","decl":{"start":{"line":122,"column":2},"end":{"line":122,"column":7}},"loc":{"start":{"line":122,"column":42},"end":{"line":125,"column":3}}},"9":{"name":"(anonymous_13)","decl":{"start":{"line":135,"column":2},"end":{"line":135,"column":7}},"loc":{"start":{"line":139,"column":40},"end":{"line":148,"column":3}}},"10":{"name":"(anonymous_14)","decl":{"start":{"line":152,"column":2},"end":{"line":152,"column":7}},"loc":{"start":{"line":152,"column":55},"end":{"line":155,"column":3}}},"11":{"name":"(anonymous_15)","decl":{"start":{"line":164,"column":2},"end":{"line":164,"column":7}},"loc":{"start":{"line":167,"column":40},"end":{"line":175,"column":3}}},"12":{"name":"(anonymous_16)","decl":{"start":{"line":179,"column":2},"end":{"line":179,"column":7}},"loc":{"start":{"line":179,"column":66},"end":{"line":182,"column":3}}},"13":{"name":"(anonymous_17)","decl":{"start":{"line":187,"column":2},"end":{"line":187,"column":7}},"loc":{"start":{"line":189,"column":53},"end":{"line":193,"column":3}}},"14":{"name":"(anonymous_18)","decl":{"start":{"line":198,"column":2},"end":{"line":198,"column":7}},"loc":{"start":{"line":198,"column":49},"end":{"line":201,"column":3}}}},"branchMap":{"0":{"loc":{"start":{"line":49,"column":12},"end":{"line":49,"column":35}},"type":"cond-expr","locations":[{"start":{"line":49,"column":19},"end":{"line":49,"column":31}},{"start":{"line":49,"column":34},"end":{"line":49,"column":35}}]},"1":{"loc":{"start":{"line":50,"column":16},"end":{"line":50,"column":48}},"type":"cond-expr","locations":[{"start":{"line":50,"column":27},"end":{"line":50,"column":43}},{"start":{"line":50,"column":46},"end":{"line":50,"column":48}}]},"2":{"loc":{"start":{"line":95,"column":12},"end":{"line":95,"column":35}},"type":"cond-expr","locations":[{"start":{"line":95,"column":19},"end":{"line":95,"column":31}},{"start":{"line":95,"column":34},"end":{"line":95,"column":35}}]},"3":{"loc":{"start":{"line":96,"column":16},"end":{"line":96,"column":48}},"type":"cond-expr","locations":[{"start":{"line":96,"column":27},"end":{"line":96,"column":43}},{"start":{"line":96,"column":46},"end":{"line":96,"column":48}}]},"4":{"loc":{"start":{"line":144,"column":12},"end":{"line":144,"column":35}},"type":"cond-expr","locations":[{"start":{"line":144,"column":19},"end":{"line":144,"column":31}},{"start":{"line":144,"column":34},"end":{"line":144,"column":35}}]},"5":{"loc":{"start":{"line":145,"column":16},"end":{"line":145,"column":48}},"type":"cond-expr","locations":[{"start":{"line":145,"column":27},"end":{"line":145,"column":43}},{"start":{"line":145,"column":46},"end":{"line":145,"column":48}}]},"6":{"loc":{"start":{"line":171,"column":12},"end":{"line":171,"column":35}},"type":"cond-expr","locations":[{"start":{"line":171,"column":19},"end":{"line":171,"column":31}},{"start":{"line":171,"column":34},"end":{"line":171,"column":35}}]},"7":{"loc":{"start":{"line":172,"column":16},"end":{"line":172,"column":48}},"type":"cond-expr","locations":[{"start":{"line":172,"column":27},"end":{"line":172,"column":43}},{"start":{"line":172,"column":46},"end":{"line":172,"column":48}}]}},"s":{"0":0,"1":0,"2":0,"3":0,"4":0,"5":0,"6":0,"7":0,"8":0,"9":0,"10":0,"11":0,"12":0,"13":0,"14":0,"15":0,"16":0,"17":0,"18":0,"19":0,"20":0,"21":0,"22":0,"23":0,"24":0,"25":0,"26":0,"27":0,"28":0,"29":0,"30":0,"31":0,"32":0,"33":0,"34":0,"35":0,"36":0,"37":0,"38":0,"39":0,"40":0,"41":0,"42":0,"43":0,"44":0,"45":0,"46":0,"47":0,"48":0,"49":0,"50":0,"51":0},"f":{"0":0,"1":0,"2":0,"3":0,"4":0,"5":0,"6":0,"7":0,"8":0,"9":0,"10":0,"11":0,"12":0,"13":0,"14":0},"b":{"0":[0,0],"1":[0,0],"2":[0,0],"3":[0,0],"4":[0,0],"5":[0,0],"6":[0,0],"7":[0,0]}}
,"/Users/aiden/Documents/app/kekeling/server/src/modules/admin/controllers/admin-orders.controller.ts": {"path":"/Users/aiden/Documents/app/kekeling/server/src/modules/admin/controllers/admin-orders.controller.ts","statementMap":{"0":{"start":{"line":1,"column":0},"end":{"line":1,"column":80}},"1":{"start":{"line":2,"column":0},"end":{"line":2,"column":85}},"2":{"start":{"line":3,"column":0},"end":{"line":3,"column":70}},"3":{"start":{"line":4,"column":0},"end":{"line":4,"column":68}},"4":{"start":{"line":5,"column":0},"end":{"line":5,"column":68}},"5":{"start":{"line":9,"column":7},"end":{"line":198,"column":null}},"6":{"start":{"line":11,"column":21},"end":{"line":11,"column":36}},"7":{"start":{"line":12,"column":21},"end":{"line":12,"column":38}},"8":{"start":{"line":39,"column":19},"end":{"line":48,"column":6}},"9":{"start":{"line":49,"column":4},"end":{"line":49,"column":39}},"10":{"start":{"line":60,"column":17},"end":{"line":60,"column":74}},"11":{"start":{"line":61,"column":4},"end":{"line":61,"column":37}},"12":{"start":{"line":68,"column":17},"end":{"line":68,"column":54}},"13":{"start":{"line":69,"column":4},"end":{"line":69,"column":37}},"14":{"start":{"line":76,"column":17},"end":{"line":76,"column":58}},"15":{"start":{"line":77,"column":4},"end":{"line":77,"column":37}},"16":{"start":{"line":92,"column":17},"end":{"line":92,"column":101}},"17":{"start":{"line":93,"column":4},"end":{"line":93,"column":37}},"18":{"start":{"line":100,"column":20},"end":{"line":100,"column":61}},"19":{"start":{"line":101,"column":4},"end":{"line":105,"column":5}},"20":{"start":{"line":102,"column":6},"end":{"line":102,"column":49}},"21":{"start":{"line":104,"column":6},"end":{"line":104,"column":46}},"22":{"start":{"line":111,"column":19},"end":{"line":111,"column":73}},"23":{"start":{"line":112,"column":4},"end":{"line":112,"column":95}},"24":{"start":{"line":127,"column":17},"end":{"line":127,"column":68}},"25":{"start":{"line":128,"column":4},"end":{"line":128,"column":45}},"26":{"start":{"line":135,"column":17},"end":{"line":135,"column":53}},"27":{"start":{"line":136,"column":4},"end":{"line":136,"column":46}},"28":{"start":{"line":143,"column":17},"end":{"line":143,"column":58}},"29":{"start":{"line":144,"column":4},"end":{"line":144,"column":46}},"30":{"start":{"line":151,"column":17},"end":{"line":151,"column":54}},"31":{"start":{"line":152,"column":4},"end":{"line":152,"column":46}},"32":{"start":{"line":163,"column":17},"end":{"line":163,"column":60}},"33":{"start":{"line":164,"column":4},"end":{"line":164,"column":46}},"34":{"start":{"line":175,"column":17},"end":{"line":175,"column":67}},"35":{"start":{"line":176,"column":4},"end":{"line":176,"column":48}},"36":{"start":{"line":183,"column":17},"end":{"line":183,"column":59}},"37":{"start":{"line":184,"column":4},"end":{"line":184,"column":46}},"38":{"start":{"line":195,"column":17},"end":{"line":195,"column":66}},"39":{"start":{"line":196,"column":4},"end":{"line":196,"column":46}},"40":{"start":{"line":9,"column":13},"end":{"line":9,"column":34}},"41":{"start":{"line":29,"column":8},"end":{"line":50,"column":null}},"42":{"start":{"line":56,"column":8},"end":{"line":62,"column":null}},"43":{"start":{"line":67,"column":8},"end":{"line":70,"column":null}},"44":{"start":{"line":75,"column":8},"end":{"line":78,"column":null}},"45":{"start":{"line":88,"column":8},"end":{"line":94,"column":null}},"46":{"start":{"line":99,"column":8},"end":{"line":106,"column":null}},"47":{"start":{"line":110,"column":8},"end":{"line":113,"column":null}},"48":{"start":{"line":123,"column":8},"end":{"line":129,"column":null}},"49":{"start":{"line":134,"column":8},"end":{"line":137,"column":null}},"50":{"start":{"line":142,"column":8},"end":{"line":145,"column":null}},"51":{"start":{"line":150,"column":8},"end":{"line":153,"column":null}},"52":{"start":{"line":159,"column":8},"end":{"line":165,"column":null}},"53":{"start":{"line":171,"column":8},"end":{"line":177,"column":null}},"54":{"start":{"line":182,"column":8},"end":{"line":185,"column":null}},"55":{"start":{"line":191,"column":8},"end":{"line":197,"column":null}},"56":{"start":{"line":9,"column":13},"end":{"line":198,"column":null}}},"fnMap":{"0":{"name":"(anonymous_4)","decl":{"start":{"line":10,"column":2},"end":{"line":10,"column":null}},"loc":{"start":{"line":12,"column":53},"end":{"line":13,"column":7}}},"1":{"name":"(anonymous_5)","decl":{"start":{"line":29,"column":2},"end":{"line":29,"column":7}},"loc":{"start":{"line":37,"column":40},"end":{"line":50,"column":3}}},"2":{"name":"(anonymous_6)","decl":{"start":{"line":56,"column":2},"end":{"line":56,"column":7}},"loc":{"start":{"line":58,"column":38},"end":{"line":62,"column":3}}},"3":{"name":"(anonymous_7)","decl":{"start":{"line":67,"column":2},"end":{"line":67,"column":7}},"loc":{"start":{"line":67,"column":39},"end":{"line":70,"column":3}}},"4":{"name":"(anonymous_8)","decl":{"start":{"line":75,"column":2},"end":{"line":75,"column":7}},"loc":{"start":{"line":75,"column":39},"end":{"line":78,"column":3}}},"5":{"name":"(anonymous_9)","decl":{"start":{"line":88,"column":2},"end":{"line":88,"column":7}},"loc":{"start":{"line":90,"column":34},"end":{"line":94,"column":3}}},"6":{"name":"(anonymous_10)","decl":{"start":{"line":99,"column":2},"end":{"line":99,"column":7}},"loc":{"start":{"line":99,"column":44},"end":{"line":106,"column":3}}},"7":{"name":"(anonymous_11)","decl":{"start":{"line":110,"column":2},"end":{"line":110,"column":7}},"loc":{"start":{"line":110,"column":25},"end":{"line":113,"column":3}}},"8":{"name":"(anonymous_12)","decl":{"start":{"line":123,"column":2},"end":{"line":123,"column":7}},"loc":{"start":{"line":125,"column":38},"end":{"line":129,"column":3}}},"9":{"name":"(anonymous_13)","decl":{"start":{"line":134,"column":2},"end":{"line":134,"column":7}},"loc":{"start":{"line":134,"column":39},"end":{"line":137,"column":3}}},"10":{"name":"(anonymous_14)","decl":{"start":{"line":142,"column":2},"end":{"line":142,"column":7}},"loc":{"start":{"line":142,"column":44},"end":{"line":145,"column":3}}},"11":{"name":"(anonymous_15)","decl":{"start":{"line":150,"column":2},"end":{"line":150,"column":7}},"loc":{"start":{"line":150,"column":40},"end":{"line":153,"column":3}}},"12":{"name":"(anonymous_16)","decl":{"start":{"line":159,"column":2},"end":{"line":159,"column":7}},"loc":{"start":{"line":161,"column":35},"end":{"line":165,"column":3}}},"13":{"name":"(anonymous_17)","decl":{"start":{"line":171,"column":2},"end":{"line":171,"column":7}},"loc":{"start":{"line":173,"column":35},"end":{"line":177,"column":3}}},"14":{"name":"(anonymous_18)","decl":{"start":{"line":182,"column":2},"end":{"line":182,"column":7}},"loc":{"start":{"line":182,"column":45},"end":{"line":185,"column":3}}},"15":{"name":"(anonymous_19)","decl":{"start":{"line":191,"column":2},"end":{"line":191,"column":7}},"loc":{"start":{"line":193,"column":34},"end":{"line":197,"column":3}}}},"branchMap":{"0":{"loc":{"start":{"line":46,"column":12},"end":{"line":46,"column":35}},"type":"cond-expr","locations":[{"start":{"line":46,"column":19},"end":{"line":46,"column":31}},{"start":{"line":46,"column":34},"end":{"line":46,"column":35}}]},"1":{"loc":{"start":{"line":47,"column":16},"end":{"line":47,"column":48}},"type":"cond-expr","locations":[{"start":{"line":47,"column":27},"end":{"line":47,"column":43}},{"start":{"line":47,"column":46},"end":{"line":47,"column":48}}]},"2":{"loc":{"start":{"line":92,"column":75},"end":{"line":92,"column":100}},"type":"cond-expr","locations":[{"start":{"line":92,"column":83},"end":{"line":92,"column":96}},{"start":{"line":92,"column":99},"end":{"line":92,"column":100}}]},"3":{"loc":{"start":{"line":101,"column":4},"end":{"line":105,"column":5}},"type":"if","locations":[{"start":{"line":101,"column":4},"end":{"line":105,"column":5}},{"start":{"line":103,"column":11},"end":{"line":105,"column":5}}]}},"s":{"0":0,"1":0,"2":0,"3":0,"4":0,"5":0,"6":0,"7":0,"8":0,"9":0,"10":0,"11":0,"12":0,"13":0,"14":0,"15":0,"16":0,"17":0,"18":0,"19":0,"20":0,"21":0,"22":0,"23":0,"24":0,"25":0,"26":0,"27":0,"28":0,"29":0,"30":0,"31":0,"32":0,"33":0,"34":0,"35":0,"36":0,"37":0,"38":0,"39":0,"40":0,"41":0,"42":0,"43":0,"44":0,"45":0,"46":0,"47":0,"48":0,"49":0,"50":0,"51":0,"52":0,"53":0,"54":0,"55":0,"56":0},"f":{"0":0,"1":0,"2":0,"3":0,"4":0,"5":0,"6":0,"7":0,"8":0,"9":0,"10":0,"11":0,"12":0,"13":0,"14":0,"15":0},"b":{"0":[0,0],"1":[0,0],"2":[0,0],"3":[0,0]}}
,"/Users/aiden/Documents/app/kekeling/server/src/modules/admin/controllers/admin-points.controller.ts": {"path":"/Users/aiden/Documents/app/kekeling/server/src/modules/admin/controllers/admin-points.controller.ts","statementMap":{"0":{"start":{"line":1,"column":0},"end":{"line":1,"column":null}},"1":{"start":{"line":12,"column":0},"end":{"line":12,"column":null}},"2":{"start":{"line":19,"column":0},"end":{"line":19,"column":60}},"3":{"start":{"line":20,"column":0},"end":{"line":20,"column":null}},"4":{"start":{"line":25,"column":0},"end":{"line":25,"column":64}},"5":{"start":{"line":26,"column":0},"end":{"line":26,"column":68}},"6":{"start":{"line":32,"column":7},"end":{"line":130,"column":null}},"7":{"start":{"line":33,"column":31},"end":{"line":33,"column":46}},"8":{"start":{"line":47,"column":19},"end":{"line":51,"column":6}},"9":{"start":{"line":52,"column":4},"end":{"line":52,"column":39}},"10":{"start":{"line":58,"column":17},"end":{"line":58,"column":62}},"11":{"start":{"line":59,"column":4},"end":{"line":59,"column":45}},"12":{"start":{"line":69,"column":17},"end":{"line":69,"column":66}},"13":{"start":{"line":70,"column":4},"end":{"line":70,"column":45}},"14":{"start":{"line":77,"column":4},"end":{"line":77,"column":49}},"15":{"start":{"line":78,"column":4},"end":{"line":78,"column":45}},"16":{"start":{"line":93,"column":19},"end":{"line":97,"column":6}},"17":{"start":{"line":98,"column":4},"end":{"line":98,"column":39}},"18":{"start":{"line":104,"column":17},"end":{"line":104,"column":59}},"19":{"start":{"line":105,"column":4},"end":{"line":105,"column":45}},"20":{"start":{"line":122,"column":19},"end":{"line":127,"column":6}},"21":{"start":{"line":128,"column":4},"end":{"line":128,"column":39}},"22":{"start":{"line":32,"column":13},"end":{"line":32,"column":34}},"23":{"start":{"line":42,"column":8},"end":{"line":53,"column":null}},"24":{"start":{"line":57,"column":8},"end":{"line":60,"column":null}},"25":{"start":{"line":65,"column":8},"end":{"line":71,"column":null}},"26":{"start":{"line":76,"column":8},"end":{"line":79,"column":null}},"27":{"start":{"line":88,"column":8},"end":{"line":99,"column":null}},"28":{"start":{"line":103,"column":8},"end":{"line":106,"column":null}},"29":{"start":{"line":116,"column":8},"end":{"line":129,"column":null}},"30":{"start":{"line":32,"column":13},"end":{"line":130,"column":null}}},"fnMap":{"0":{"name":"(anonymous_4)","decl":{"start":{"line":33,"column":2},"end":{"line":33,"column":31}},"loc":{"start":{"line":33,"column":59},"end":{"line":33,"column":63}}},"1":{"name":"(anonymous_5)","decl":{"start":{"line":42,"column":2},"end":{"line":42,"column":7}},"loc":{"start":{"line":45,"column":40},"end":{"line":53,"column":3}}},"2":{"name":"(anonymous_6)","decl":{"start":{"line":57,"column":2},"end":{"line":57,"column":7}},"loc":{"start":{"line":57,"column":55},"end":{"line":60,"column":3}}},"3":{"name":"(anonymous_7)","decl":{"start":{"line":65,"column":2},"end":{"line":65,"column":7}},"loc":{"start":{"line":67,"column":35},"end":{"line":71,"column":3}}},"4":{"name":"(anonymous_8)","decl":{"start":{"line":76,"column":2},"end":{"line":76,"column":7}},"loc":{"start":{"line":76,"column":47},"end":{"line":79,"column":3}}},"5":{"name":"(anonymous_9)","decl":{"start":{"line":88,"column":2},"end":{"line":88,"column":7}},"loc":{"start":{"line":91,"column":40},"end":{"line":99,"column":3}}},"6":{"name":"(anonymous_10)","decl":{"start":{"line":103,"column":2},"end":{"line":103,"column":7}},"loc":{"start":{"line":103,"column":49},"end":{"line":106,"column":3}}},"7":{"name":"(anonymous_11)","decl":{"start":{"line":116,"column":2},"end":{"line":116,"column":7}},"loc":{"start":{"line":120,"column":40},"end":{"line":129,"column":3}}}},"branchMap":{"0":{"loc":{"start":{"line":49,"column":12},"end":{"line":49,"column":35}},"type":"cond-expr","locations":[{"start":{"line":49,"column":19},"end":{"line":49,"column":31}},{"start":{"line":49,"column":34},"end":{"line":49,"column":35}}]},"1":{"loc":{"start":{"line":50,"column":16},"end":{"line":50,"column":48}},"type":"cond-expr","locations":[{"start":{"line":50,"column":27},"end":{"line":50,"column":43}},{"start":{"line":50,"column":46},"end":{"line":50,"column":48}}]},"2":{"loc":{"start":{"line":95,"column":12},"end":{"line":95,"column":35}},"type":"cond-expr","locations":[{"start":{"line":95,"column":19},"end":{"line":95,"column":31}},{"start":{"line":95,"column":34},"end":{"line":95,"column":35}}]},"3":{"loc":{"start":{"line":96,"column":16},"end":{"line":96,"column":48}},"type":"cond-expr","locations":[{"start":{"line":96,"column":27},"end":{"line":96,"column":43}},{"start":{"line":96,"column":46},"end":{"line":96,"column":48}}]},"4":{"loc":{"start":{"line":125,"column":12},"end":{"line":125,"column":35}},"type":"cond-expr","locations":[{"start":{"line":125,"column":19},"end":{"line":125,"column":31}},{"start":{"line":125,"column":34},"end":{"line":125,"column":35}}]},"5":{"loc":{"start":{"line":126,"column":16},"end":{"line":126,"column":48}},"type":"cond-expr","locations":[{"start":{"line":126,"column":27},"end":{"line":126,"column":43}},{"start":{"line":126,"column":46},"end":{"line":126,"column":48}}]}},"s":{"0":0,"1":0,"2":0,"3":0,"4":0,"5":0,"6":0,"7":0,"8":0,"9":0,"10":0,"11":0,"12":0,"13":0,"14":0,"15":0,"16":0,"17":0,"18":0,"19":0,"20":0,"21":0,"22":0,"23":0,"24":0,"25":0,"26":0,"27":0,"28":0,"29":0,"30":0},"f":{"0":0,"1":0,"2":0,"3":0,"4":0,"5":0,"6":0,"7":0},"b":{"0":[0,0],"1":[0,0],"2":[0,0],"3":[0,0],"4":[0,0],"5":[0,0]}}
,"/Users/aiden/Documents/app/kekeling/server/src/modules/admin/controllers/admin-referrals.controller.ts": {"path":"/Users/aiden/Documents/app/kekeling/server/src/modules/admin/controllers/admin-referrals.controller.ts","statementMap":{"0":{"start":{"line":1,"column":0},"end":{"line":1,"column":null}},"1":{"start":{"line":11,"column":0},"end":{"line":11,"column":81}},"2":{"start":{"line":12,"column":0},"end":{"line":12,"column":69}},"3":{"start":{"line":13,"column":0},"end":{"line":13,"column":68}},"4":{"start":{"line":14,"column":0},"end":{"line":14,"column":null}},"5":{"start":{"line":22,"column":7},"end":{"line":99,"column":null}},"6":{"start":{"line":23,"column":31},"end":{"line":23,"column":49}},"7":{"start":{"line":29,"column":17},"end":{"line":29,"column":68}},"8":{"start":{"line":30,"column":4},"end":{"line":30,"column":45}},"9":{"start":{"line":40,"column":17},"end":{"line":44,"column":6}},"10":{"start":{"line":45,"column":4},"end":{"line":45,"column":37}},"11":{"start":{"line":55,"column":17},"end":{"line":55,"column":72}},"12":{"start":{"line":56,"column":4},"end":{"line":56,"column":45}},"13":{"start":{"line":63,"column":4},"end":{"line":63,"column":55}},"14":{"start":{"line":64,"column":4},"end":{"line":64,"column":45}},"15":{"start":{"line":78,"column":17},"end":{"line":85,"column":6}},"16":{"start":{"line":86,"column":4},"end":{"line":86,"column":37}},"17":{"start":{"line":96,"column":17},"end":{"line":96,"column":71}},"18":{"start":{"line":97,"column":4},"end":{"line":97,"column":47}},"19":{"start":{"line":22,"column":13},"end":{"line":22,"column":37}},"20":{"start":{"line":28,"column":8},"end":{"line":31,"column":null}},"21":{"start":{"line":35,"column":8},"end":{"line":46,"column":null}},"22":{"start":{"line":51,"column":8},"end":{"line":57,"column":null}},"23":{"start":{"line":62,"column":8},"end":{"line":65,"column":null}},"24":{"start":{"line":70,"column":8},"end":{"line":87,"column":null}},"25":{"start":{"line":92,"column":8},"end":{"line":98,"column":null}},"26":{"start":{"line":22,"column":13},"end":{"line":99,"column":null}}},"fnMap":{"0":{"name":"(anonymous_4)","decl":{"start":{"line":23,"column":2},"end":{"line":23,"column":31}},"loc":{"start":{"line":23,"column":65},"end":{"line":23,"column":69}}},"1":{"name":"(anonymous_5)","decl":{"start":{"line":28,"column":2},"end":{"line":28,"column":7}},"loc":{"start":{"line":28,"column":53},"end":{"line":31,"column":3}}},"2":{"name":"(anonymous_6)","decl":{"start":{"line":35,"column":2},"end":{"line":35,"column":7}},"loc":{"start":{"line":38,"column":40},"end":{"line":46,"column":3}}},"3":{"name":"(anonymous_7)","decl":{"start":{"line":51,"column":2},"end":{"line":51,"column":7}},"loc":{"start":{"line":53,"column":38},"end":{"line":57,"column":3}}},"4":{"name":"(anonymous_8)","decl":{"start":{"line":62,"column":2},"end":{"line":62,"column":7}},"loc":{"start":{"line":62,"column":42},"end":{"line":65,"column":3}}},"5":{"name":"(anonymous_9)","decl":{"start":{"line":70,"column":2},"end":{"line":70,"column":7}},"loc":{"start":{"line":76,"column":40},"end":{"line":87,"column":3}}},"6":{"name":"(anonymous_10)","decl":{"start":{"line":92,"column":2},"end":{"line":92,"column":7}},"loc":{"start":{"line":94,"column":34},"end":{"line":98,"column":3}}}},"branchMap":{"0":{"loc":{"start":{"line":42,"column":12},"end":{"line":42,"column":43}},"type":"cond-expr","locations":[{"start":{"line":42,"column":19},"end":{"line":42,"column":31}},{"start":{"line":42,"column":34},"end":{"line":42,"column":43}}]},"1":{"loc":{"start":{"line":43,"column":16},"end":{"line":43,"column":55}},"type":"cond-expr","locations":[{"start":{"line":43,"column":27},"end":{"line":43,"column":43}},{"start":{"line":43,"column":46},"end":{"line":43,"column":55}}]},"2":{"loc":{"start":{"line":83,"column":12},"end":{"line":83,"column":43}},"type":"cond-expr","locations":[{"start":{"line":83,"column":19},"end":{"line":83,"column":31}},{"start":{"line":83,"column":34},"end":{"line":83,"column":43}}]},"3":{"loc":{"start":{"line":84,"column":16},"end":{"line":84,"column":55}},"type":"cond-expr","locations":[{"start":{"line":84,"column":27},"end":{"line":84,"column":43}},{"start":{"line":84,"column":46},"end":{"line":84,"column":55}}]}},"s":{"0":0,"1":0,"2":0,"3":0,"4":0,"5":0,"6":0,"7":0,"8":0,"9":0,"10":0,"11":0,"12":0,"13":0,"14":0,"15":0,"16":0,"17":0,"18":0,"19":0,"20":0,"21":0,"22":0,"23":0,"24":0,"25":0,"26":0},"f":{"0":0,"1":0,"2":0,"3":0,"4":0,"5":0,"6":0},"b":{"0":[0,0],"1":[0,0],"2":[0,0],"3":[0,0]}}
,"/Users/aiden/Documents/app/kekeling/server/src/modules/admin/controllers/admin-users.controller.ts": {"path":"/Users/aiden/Documents/app/kekeling/server/src/modules/admin/controllers/admin-users.controller.ts","statementMap":{"0":{"start":{"line":1,"column":0},"end":{"line":1,"column":74}},"1":{"start":{"line":2,"column":0},"end":{"line":2,"column":85}},"2":{"start":{"line":3,"column":0},"end":{"line":3,"column":68}},"3":{"start":{"line":4,"column":0},"end":{"line":4,"column":68}},"4":{"start":{"line":8,"column":7},"end":{"line":96,"column":null}},"5":{"start":{"line":9,"column":31},"end":{"line":9,"column":45}},"6":{"start":{"line":27,"column":19},"end":{"line":34,"column":6}},"7":{"start":{"line":35,"column":4},"end":{"line":35,"column":39}},"8":{"start":{"line":41,"column":17},"end":{"line":41,"column":51}},"9":{"start":{"line":42,"column":4},"end":{"line":42,"column":37}},"10":{"start":{"line":49,"column":17},"end":{"line":49,"column":53}},"11":{"start":{"line":50,"column":4},"end":{"line":50,"column":37}},"12":{"start":{"line":68,"column":17},"end":{"line":68,"column":57}},"13":{"start":{"line":69,"column":4},"end":{"line":69,"column":45}},"14":{"start":{"line":76,"column":17},"end":{"line":76,"column":56}},"15":{"start":{"line":77,"column":4},"end":{"line":77,"column":37}},"16":{"start":{"line":90,"column":17},"end":{"line":93,"column":6}},"17":{"start":{"line":94,"column":4},"end":{"line":94,"column":37}},"18":{"start":{"line":8,"column":13},"end":{"line":8,"column":33}},"19":{"start":{"line":19,"column":8},"end":{"line":36,"column":null}},"20":{"start":{"line":40,"column":8},"end":{"line":43,"column":null}},"21":{"start":{"line":48,"column":8},"end":{"line":51,"column":null}},"22":{"start":{"line":64,"column":8},"end":{"line":70,"column":null}},"23":{"start":{"line":75,"column":8},"end":{"line":78,"column":null}},"24":{"start":{"line":85,"column":8},"end":{"line":95,"column":null}},"25":{"start":{"line":8,"column":13},"end":{"line":96,"column":null}}},"fnMap":{"0":{"name":"(anonymous_4)","decl":{"start":{"l
[...]
l":{"start":{"line":230,"column":28},"end":{"line":230,"column":33}},"loc":{"start":{"line":230,"column":39},"end":{"line":243,"column":5}}},"16":{"name":"(anonymous_16)","decl":{"start":{"line":245,"column":30},"end":{"line":245,"column":35}},"loc":{"start":{"line":245,"column":41},"end":{"line":251,"column":5}}},"17":{"name":"(anonymous_17)","decl":{"start":{"line":254,"column":31},"end":{"line":254,"column":36}},"loc":{"start":{"line":254,"column":42},"end":{"line":260,"column":5}}},"18":{"name":"(anonymous_18)","decl":{"start":{"line":262,"column":30},"end":{"line":262,"column":35}},"loc":{"start":{"line":262,"column":41},"end":{"line":268,"column":5}}},"19":{"name":"(anonymous_19)","decl":{"start":{"line":271,"column":30},"end":{"line":271,"column":35}},"loc":{"start":{"line":271,"column":41},"end":{"line":277,"column":5}}},"20":{"name":"(anonymous_20)","decl":{"start":{"line":280,"column":2},"end":{"line":280,"column":7}},"loc":{"start":{"line":280,"column":19},"end":{"line":289,"column":3}}},"21":{"name":"(anonymous_21)","decl":{"start":{"line":291,"column":2},"end":{"line":291,"column":7}},"loc":{"start":{"line":291,"column":21},"end":{"line":337,"column":3}}},"22":{"name":"(anonymous_22)","decl":{"start":{"line":294,"column":32},"end":{"line":294,"column":37}},"loc":{"start":{"line":294,"column":43},"end":{"line":315,"column":5}}},"23":{"name":"(anonymous_23)","decl":{"start":{"line":317,"column":33},"end":{"line":317,"column":38}},"loc":{"start":{"line":317,"column":44},"end":{"line":331,"column":5}}},"24":{"name":"(anonymous_24)","decl":{"start":{"line":339,"column":2},"end":{"line":339,"column":7}},"loc":{"start":{"line":339,"column":23},"end":{"line":374,"column":3}}},"25":{"name":"(anonymous_25)","decl":{"start":{"line":342,"column":42},"end":{"line":342,"column":47}},"loc":{"start":{"line":342,"column":53},"end":{"line":353,"column":5}}},"26":{"name":"(anonymous_26)","decl":{"start":{"line":355,"column":43},"end":{"line":355,"column":48}},"loc":{"start":{"line":355,"column":54},"end":{"line":363,"column":5}}},"27":{"name":"(anonymous_27)","decl":{"start":{"line":365,"column":42},"end":{"line":365,"column":47}},"loc":{"start":{"line":365,"column":53},"end":{"line":373,"column":5}}},"28":{"name":"(anonymous_28)","decl":{"start":{"line":376,"column":2},"end":{"line":376,"column":16}},"loc":{"start":{"line":376,"column":16},"end":{"line":437,"column":3}}},"29":{"name":"(anonymous_29)","decl":{"start":{"line":380,"column":39},"end":{"line":380,"column":40}},"loc":{"start":{"line":380,"column":46},"end":{"line":380,"column":65}}},"30":{"name":"(anonymous_30)","decl":{"start":{"line":381,"column":39},"end":{"line":381,"column":40}},"loc":{"start":{"line":381,"column":46},"end":{"line":381,"column":65}}},"31":{"name":"(anonymous_31)","decl":{"start":{"line":382,"column":40},"end":{"line":382,"column":41}},"loc":{"start":{"line":382,"column":47},"end":{"line":382,"column":66}}},"32":{"name":"(anonymous_32)","decl":{"start":{"line":394,"column":16},"end":{"line":394,"column":17}},"loc":{"start":{"line":394,"column":23},"end":{"line":394,"column":42}}},"33":{"name":"(anonymous_33)","decl":{"start":{"line":395,"column":17},"end":{"line":395,"column":18}},"loc":{"start":{"line":395,"column":23},"end":{"line":400,"column":9}}},"34":{"name":"(anonymous_34)","decl":{"start":{"line":405,"column":16},"end":{"line":405,"column":17}},"loc":{"start":{"line":405,"column":23},"end":{"line":405,"column":33}}},"35":{"name":"(anonymous_35)","decl":{"start":{"line":406,"column":16},"end":{"line":406,"column":17}},"loc":{"start":{"line":406,"column":28},"end":{"line":406,"column":51}}},"36":{"name":"main","decl":{"start":{"line":441,"column":15},"end":{"line":441,"column":19}},"loc":{"start":{"line":441,"column":19},"end":{"line":457,"column":1}}},"37":{"name":"(anonymous_37)","decl":{"start":{"line":446,"column":48},"end":{"line":446,"column":51}},"loc":{"start":{"line":446,"column":53},"end":{"line":449,"column":5}}},"38":{"name":"(anonymous_38)","decl":{"start":{"line":460,"column":15},"end":{"line":460,"column":16}},"loc":{"start":{"line":460,"column":25},"end":{"line":463,"column":3}}}},"branchMap":{"0":{"loc":{"start":{"line":11,"column":17},"end":{"line":11,"column":67}},"type":"binary-expr","locations":[{"start":{"line":11,"column":17},"end":{"line":11,"column":36}},{"start":{"line":11,"column":40},"end":{"line":11,"column":67}}]},"1":{"loc":{"start":{"line":12,"column":24},"end":{"line":12,"column":57}},"type":"binary-expr","locations":[{"start":{"line":12,"column":24},"end":{"line":12,"column":51}},{"start":{"line":12,"column":55},"end":{"line":12,"column":57}}]},"2":{"loc":{"start":{"line":39,"column":6},"end":{"line":41,"column":7}},"type":"if","locations":[{"start":{"line":39,"column":6},"end":{"line":41,"column":7}}]},"3":{"loc":{"start":{"line":42,"column":6},"end":{"line":44,"column":7}},"type":"if","locations":[{"start":{"line":42,"column":6},"end":{"line":44,"column":7}}]},"4":{"loc":{"start":{"line":50,"column":15},"end":{"line":50,"column":52}},"type":"binary-expr","locations":[{"start":{"line":50,"column":15},"end":{"line":50,"column":35}},{"start":{"line":50,"column":39},"end":{"line":50,"column":52}}]},"5":{"loc":{"start":{"line":107,"column":6},"end":{"line":107,"column":null}},"type":"if","locations":[{"start":{"line":107,"column":6},"end":{"line":107,"column":null}}]},"6":{"loc":{"start":{"line":108,"column":6},"end":{"line":108,"column":null}},"type":"if","locations":[{"start":{"line":108,"column":6},"end":{"line":108,"column":null}}]},"7":{"loc":{"start":{"line":114,"column":6},"end":{"line":116,"column":7}},"type":"if","locations":[{"start":{"line":114,"column":6},"end":{"line":116,"column":7}}]},"8":{"loc":{"start":{"line":114,"column":10},"end":{"line":114,"column":61}},"type":"binary-expr","locations":[{"start":{"line":114,"column":10},"end":{"line":114,"column":31}},{"start":{"line":114,"column":35},"end":{"line":114,"column":61}}]},"9":{"loc":{"start":{"line":118,"column":6},"end":{"line":120,"column":7}},"type":"if","locations":[{"start":{"line":118,"column":6},"end":{"line":120,"column":7}}]},"10":{"loc":{"start":{"line":118,"column":10},"end":{"line":118,"column":59}},"type":"binary-expr","locations":[{"start":{"line":118,"column":10},"end":{"line":118,"column":30}},{"start":{"line":118,"column":34},"end":{"line":118,"column":59}}]},"11":{"loc":{"start":{"line":127,"column":6},"end":{"line":135,"column":7}},"type":"if","locations":[{"start":{"line":127,"column":6},"end":{"line":135,"column":7}}]},"12":{"loc":{"start":{"line":130,"column":8},"end":{"line":134,"column":9}},"type":"if","locations":[{"start":{"line":130,"column":8},"end":{"line":134,"column":9}},{"start":{"line":132,"column":15},"end":{"line":134,"column":9}}]},"13":{"loc":{"start":{"line":130,"column":12},"end":{"line":130,"column":68}},"type":"binary-expr","locations":[{"start":{"line":130,"column":12},"end":{"line":130,"column":34}},{"start":{"line":130,"column":38},"end":{"line":130,"column":68}}]},"14":{"loc":{"start":{"line":139,"column":6},"end":{"line":139,"column":null}},"type":"if","locations":[{"start":{"line":139,"column":6},"end":{"line":139,"column":null}}]},"15":{"loc":{"start":{"line":140,"column":6},"end":{"line":142,"column":7}},"type":"if","locations":[{"start":{"line":140,"column":6},"end":{"line":142,"column":7}}]},"16":{"loc":{"start":{"line":146,"column":6},"end":{"line":146,"column":37}},"type":"if","locations":[{"start":{"line":146,"column":6},"end":{"line":146,"column":37}}]},"17":{"loc":{"start":{"line":151,"column":6},"end":{"line":151,"column":null}},"type":"if","locations":[{"start":{"line":151,"column":6},"end":{"line":151,"column":null}}]},"18":{"loc":{"start":{"line":153,"column":6},"end":{"line":155,"column":7}},"type":"if","locations":[{"start":{"line":153,"column":6},"end":{"line":155,"column":7}}]},"19":{"loc":{"start":{"line":153,"column":10},"end":{"line":153,"column":89}},"type":"binary-expr","locations":[{"start":{"line":153,"column":10},"end":{"line":153,"column":33}},{"start":{"line":153,"column":37},"end":{"line":153,"column":89}}]},"20":{"loc":{"start":{"line":159,"column":6},"end":{"line":159,"column":37}},"type":"if","locations":[{"start":{"line":159,"column":6},"end":{"line":159,"column":37}}]},"21":{"loc":{"start":{"line":162,"column":6},"end":{"line":175,"column":7}},"type":"if","locations":[{"start":{"line":162,"column":6},"end":{"line":175,"column":7}},{"start":{"line":173,"column":13},"end":{"line":175,"column":7}}]},"22":{"loc":{"start":{"line":162,"column":10},"end":{"line":162,"column":64}},"type":"binary-expr","locations":[{"start":{"line":162,"column":10},"end":{"line":162,"column":31}},{"start":{"line":162,"column":35},"end":{"line":162,"column":64}}]},"23":{"loc":{"start":{"line":169,"column":8},"end":{"line":169,"column":null}},"type":"if","locations":[{"start":{"line":169,"column":8},"end":{"line":169,"column":null}}]},"24":{"loc":{"start":{"line":170,"column":8},"end":{"line":172,"column":9}},"type":"if","locations":[{"start":{"line":170,"column":8},"end":{"line":172,"column":9}}]},"25":{"loc":{"start":{"line":179,"column":6},"end":{"line":179,"column":37}},"type":"if","locations":[{"start":{"line":179,"column":6},"end":{"line":179,"column":37}}]},"26":{"loc":{"start":{"line":185,"column":6},"end":{"line":185,"column":null}},"type":"if","locations":[{"start":{"line":185,"column":6},"end":{"line":185,"column":null}}]},"27":{"loc":{"start":{"line":186,"column":6},"end":{"line":188,"column":7}},"type":"if","locations":[{"start":{"line":186,"column":6},"end":{"line":188,"column":7}}]},"28":{"loc":{"start":{"line":194,"column":6},"end":{"line":194,"column":null}},"type":"if","locations":[{"start":{"line":194,"column":6},"end":{"line":194,"column":null}}]},"29":{"loc":{"start":{"line":195,"column":6},"end":{"line":197,"column":7}},"type":"if","locations":[{"start":{"line":195,"column":6},"end":{"line":197,"column":7}}]},"30":{"loc":{"start":{"line":195,"column":10},"end":{"line":195,"column":63}},"type":"binary-expr","locations":[{"start":{"line":195,"column":10},"end":{"line":195,"column":22}},{"start":{"line":195,"column":26},"end":{"line":195,"column":63}}]},"31":{"loc":{"start":{"line":203,"column":6},"end":{"line":218,"column":7}},"type":"if","locations":[{"start":{"line":203,"column":6},"end":{"line":218,"column":7}},{"start":{"line":216,"column":13},"end":{"line":218,"column":7}}]},"32":{"loc":{"start":{"line":203,"column":10},"end":{"line":203,"column":69}},"type":"binary-expr","locations":[{"start":{"line":203,"column":10},"end":{"line":203,"column":33}},{"start":{"line":203,"column":37},"end":{"line":203,"column":69}}]},"33":{"loc":{"start":{"line":208,"column":8},"end":{"line":215,"column":9}},"type":"if","locations":[{"start":{"line":208,"column":8},"end":{"line":215,"column":9}}]},"34":{"loc":{"start":{"line":210,"column":10},"end":{"line":213,"column":11}},"type":"if","locations":[{"start":{"line":210,"column":10},"end":{"line":213,"column":11}}]},"35":{"loc":{"start":{"line":210,"column":14},"end":{"line":210,"column":93}},"type":"binary-expr","locations":[{"start":{"line":210,"column":14},"end":{"line":210,"column":52}},{"start":{"line":210,"column":56},"end":{"line":210,"column":93}}]},"36":{"loc":{"start":{"line":224,"column":6},"end":{"line":224,"column":null}},"type":"if","locations":[{"start":{"line":224,"column":6},"end":{"line":224,"column":null}}]},"37":{"loc":{"start":{"line":225,"column":6},"end":{"line":227,"column":7}},"type":"if","locations":[{"start":{"line":225,"column":6},"end":{"line":227,"column":7}}]},"38":{"loc":{"start":{"line":232,"column":6},"end":{"line":239,"column":7}},"type":"if","locations":[{"start":{"line":232,"column":6},"end":{"line":239,"column":7}}]},"39":{"loc":{"start":{"line":234,"column":8},"end":{"line":237,"column":9}},"type":"if","locations":[{"start":{"line":234,"column":8},"end":{"line":237,"column":9}}]},"40":{"loc":{"start":{"line":240,"column":6},"end":{"line":242,"column":7}},"type":"if","locations":[{"start":{"line":240,"column":6},"end":{"line":242,"column":7}}]},"41":{"loc":{"start":{"line":247,"column":6},"end":{"line":247,"column":null}},"type":"if","locations":[{"start":{"line":247,"column":6},"end":{"line":247,"column":null}}]},"42":{"loc":{"start":{"line":248,"column":6},"end":{"line":250,"column":7}},"type":"if","locations":[{"start":{"line":248,"column":6},"end":{"line":250,"column":7}}]},"43":{"loc":{"start":{"line":256,"column":6},"end":{"line":256,"column":null}},"type":"if","locations":[{"start":{"line":256,"column":6},"end":{"line":256,"column":null}}]},"44":{"loc":{"start":{"line":257,"column":6},"end":{"line":259,"column":7}},"type":"if","locations":[{"start":{"line":257,"column":6},"end":{"line":259,"column":7}}]},"45":{"loc":{"start":{"line":264,"column":6},"end":{"line":264,"column":null}},"type":"if","locations":[{"start":{"line":264,"column":6},"end":{"line":264,"column":null}}]},"46":{"loc":{"start":{"line":265,"column":6},"end":{"line":267,"column":7}},"type":"if","locations":[{"start":{"line":265,"column":6},"end":{"line":267,"column":7}}]},"47":{"loc":{"start":{"line":273,"column":6},"end":{"line":273,"column":null}},"type":"if","locations":[{"start":{"line":273,"column":6},"end":{"line":273,"column":null}}]},"48":{"loc":{"start":{"line":274,"column":6},"end":{"line":276,"column":7}},"type":"if","locations":[{"start":{"line":274,"column":6},"end":{"line":276,"column":7}}]},"49":{"loc":{"start":{"line":296,"column":6},"end":{"line":314,"column":7}},"type":"if","locations":[{"start":{"line":296,"column":6},"end":{"line":314,"column":7}},{"start":{"line":312,"column":13},"end":{"line":314,"column":7}}]},"50":{"loc":{"start":{"line":296,"column":10},"end":{"line":296,"column":69}},"type":"binary-expr","locations":[{"start":{"line":296,"column":10},"end":{"line":296,"column":33}},{"start":{"line":296,"column":37},"end":{"line":296,"column":69}}]},"51":{"loc":{"start":{"line":304,"column":10},"end":{"line":309,"column":11}},"type":"if","locations":[{"start":{"line":304,"column":10},"end":{"line":309,"column":11}},{"start":{"line":306,"column":17},"end":{"line":309,"column":11}}]},"52":{"loc":{"start":{"line":306,"column":17},"end":{"line":309,"column":11}},"type":"if","locations":[{"start":{"line":306,"column":17},"end":{"line":309,"column":11}}]},"53":{"loc":{"start":{"line":320,"column":6},"end":{"line":330,"column":7}},"type":"if","locations":[{"start":{"line":320,"column":6},"end":{"line":330,"column":7}},{"start":{"line":328,"column":13},"end":{"line":330,"column":7}}]},"54":{"loc":{"start":{"line":323,"column":8},"end":{"line":327,"column":9}},"type":"if","locations":[{"start":{"line":323,"column":8},"end":{"line":327,"column":9}},{"start":{"line":325,"column":15},"end":{"line":327,"column":9}}]},"55":{"loc":{"start":{"line":325,"column":15},"end":{"line":327,"column":9}},"type":"if","locations":[{"start":{"line":325,"column":15},"end":{"line":327,"column":9}}]},"56":{"loc":{"start":{"line":328,"column":13},"end":{"line":330,"column":7}},"type":"if","locations":[{"start":{"line":328,"column":13},"end":{"line":330,"column":7}}]},"57":{"loc":{"start":{"line":343,"column":6},"end":{"line":343,"column":37}},"type":"if","locations":[{"start":{"line":343,"column":6},"end":{"line":343,"column":37}}]},"58":{"loc":{"start":{"line":349,"column":6},"end":{"line":351,"column":7}},"type":"if","locations":[{"start":{"line":349,"column":6},"end":{"line":351,"column":7}}]},"59":{"loc":{"start":{"line":359,"column":6},"end":{"line":361,"column":7}},"type":"if","locations":[{"start":{"line":359,"column":6},"end":{"line":361,"column":7}}]},"60":{"loc":{"start":{"line":369,"column":6},"end":{"line":371,"column":7}},"type":"if","locations":[{"start":{"line":369,"column":6},"end":{"line":371,"column":7}}]},"61":{"loc":{"start":{"line":391,"column":4},"end":{"line":401,"column":5}},"type":"if","locations":[{"start":{"line":391,"column":4},"end":{"line":401,"column":5}}]},"62":{"loc":{"start":{"line":397,"column":10},"end":{"line":399,"column":11}},"type":"if","locations":[{"start":{"line":397,"column":10},"end":{"line":399,"column":11}}]},"63":{"loc":{"start":{"line":404,"column":6},"end":{"line":406,"column":69}},"type":"binary-expr","locations":[{"start":{"line":404,"column":6},"end":{"line":406,"column":64}},{"start":{"line":406,"column":68},"end":{"line":406,"column":69}}]},"64":{"loc":{"start":{"line":406,"column":35},"end":{"line":406,"column":50}},"type":"binary-expr","locations":[{"start":{"line":406,"column":35},"end":{"line":406,"column":45}},{"start":{"line":406,"column":49},"end":{"line":406,"column":50}}]},"65":{"loc":{"start":{"line":408,"column":4},"end":{"line":410,"column":5}},"type":"if","locations":[{"start":{"line":408,"column":4},"end":{"line":410,"column":5}}]},"66":{"loc":{"start":{"line":432,"column":4},"end":{"line":434,"column":5}},"type":"if","locations":[{"start":{"line":432,"column":4},"end":{"line":434,"column":5}}]},"67":{"loc":{"start":{"line":459,"column":0},"end":{"line":464,"column":1}},"type":"if","locations":[{"start":{"line":459,"column":0},"end":{"line":464,"column":1}}]}},"s":{"0":0,"1":0,"2":0,"3":0,"4":0,"5":0,"6":0,"7":0,"8":0,"9":0,"10":0,"11":0,"12":0,"13":0,"14":0,"15":0,"16":0,"17":0,"18":0,"19":0,"20":0,"21":0,"22":0,"23":0,"24":0,"25":0,"26":0,"27":0,"28":0,"29":0,"30":0,"31":0,"32":0,"33":0,"34":0,"35":0,"36":0,"37":0,"38":0,"39":0,"40":0,"41":0,"42":0,"43":0,"44":0,"45":0,"46":0,"47":0,"48":0,"49":0,"50":0,"51":0,"52":0,"53":0,"54":0,"55":0,"56":0,"57":0,"58":0,"59":0,"60":0,"61":0,"62":0,"63":0,"64":0,"65":0,"66":0,"67":0,"68":0,"69":0,"70":0,"71":0,"72":0,"73":0,"74":0,"75":0,"76":0,"77":0,"78":0,"79":0,"80":0,"81":0,"82":0,"83":0,"84":0,"85":0,"86":0,"87":0,"88":0,"89":0,"90":0,"91":0,"92":0,"93":0,"94":0,"95":0,"96":0,"97":0,"98":0,"99":0,"100":0,"101":0,"102":0,"103":0,"104":0,"105":0,"106":0,"107":0,"108":0,"109":0,"110":0,"111":0,"112":0,"113":0,"114":0,"115":0,"116":0,"117":0,"118":0,"119":0,"120":0,"121":0,"122":0,"123":0,"124":0,"125":0,"126":0,"127":0,"128":0,"129":0,"130":0,"131":0,"132":0,"133":0,"134":0,"135":0,"136":0,"137":0,"138":0,"139":0,"140":0,"141":0,"142":0,"143":0,"144":0,"145":0,"146":0,"147":0,"148":0,"149":0,"150":0,"151":0,"152":0,"153":0,"154":0,"155":0,"156":0,"157":0,"158":0,"159":0,"160":0,"161":0,"162":0,"163":0,"164":0,"165":0,"166":0,"167":0,"168":0,"169":0,"170":0,"171":0,"172":0,"173":0,"174":0,"175":0,"176":0,"177":0,"178":0,"179":0,"180":0,"181":0,"182":0,"183":0,"184":0,"185":0,"186":0,"187":0,"188":0,"189":0,"190":0,"191":0,"192":0,"193":0,"194":0,"195":0,"196":0,"197":0,"198":0,"199":0,"200":0,"201":0,"202":0,"203":0,"204":0,"205":0,"206":0,"207":0,"208":0,"209":0,"210":0,"211":0,"212":0,"213":0,"214":0,"215":0,"216":0,"217":0,"218":0,"219":0,"220":0,"221":0,"222":0,"223":0,"224":0,"225":0,"226":0,"227":0,"228":0,"229":0,"230":0,"231":0,"232":0,"233":0,"234":0,"235":0,"236":0,"237":0,"238":0,"239":0,"240":0,"241":0,"242":0,"243":0,"244":0,"245":0,"246":0,"247":0,"248":0,"249":0,"250":0,"251":0,"252":0,"253":0},"f":{"0":0,"1":0,"2":0,"3":0,"4":0,"5":0,"6":0,"7":0,"8":0,"9":0,"10":0,"11":0,"12":0,"13":0,"14":0,"15":0,"16":0,"17":0,"18":0,"19":0,"20":0,"21":0,"22":0,"23":0,"24":0,"25":0,"26":0,"27":0,"28":0,"29":0,"30":0,"31":0,"32":0,"33":0,"34":0,"35":0,"36":0,"37":0,"38":0},"b":{"0":[0,0],"1":[0,0],"2":[0],"3":[0],"4":[0,0],"5":[0],"6":[0],"7":[0],"8":[0,0],"9":[0],"10":[0,0],"11":[0],"12":[0,0],"13":[0,0],"14":[0],"15":[0],"16":[0],"17":[0],"18":[0],"19":[0,0],"20":[0],"21":[0,0],"22":[0,0],"23":[0],"24":[0],"25":[0],"26":[0],"27":[0],"28":[0],"29":[0],"30":[0,0],"31":[0,0],"32":[0,0],"33":[0],"34":[0],"35":[0,0],"36":[0],"37":[0],"38":[0],"39":[0],"40":[0],"41":[0],"42":[0],"43":[0],"44":[0],"45":[0],"46":[0],"47":[0],"48":[0],"49":[0,0],"50":[0,0],"51":[0,0],"52":[0],"53":[0,0],"54":[0,0],"55":[0],"56":[0],"57":[0],"58":[0],"59":[0],"60":[0],"61":[0],"62":[0],"63":[0,0],"64":[0,0],"65":[0],"66":[0],"67":[0]}}
}
