TN:
SF:src/app.module.ts
FNF:0
FNH:0
DA:1,0
DA:2,0
DA:3,0
DA:4,0
DA:5,0
DA:6,0
DA:7,0
DA:8,0
DA:9,0
DA:10,0
DA:11,0
DA:12,0
DA:13,0
DA:14,0
DA:15,0
DA:16,0
DA:17,0
DA:18,0
DA:19,0
DA:20,0
DA:21,0
DA:22,0
DA:23,0
DA:24,0
DA:25,0
DA:26,0
DA:27,0
DA:28,0
DA:29,0
DA:30,0
DA:31,0
DA:32,0
DA:33,0
DA:34,0
DA:35,0
DA:36,0
DA:37,0
DA:38,0
DA:39,0
DA:40,0
DA:41,0
DA:42,0
DA:100,0
LF:43
LH:0
BRF:0
BRH:0
end_of_record
TN:
SF:src/main.ts
FN:11,bootstrap
FNF:1
FNH:0
FNDA:0,bootstrap
DA:1,0
DA:2,0
DA:3,0
DA:5,0
DA:6,0
DA:7,0
DA:8,0
DA:9,0
DA:13,0
DA:14,0
DA:15,0
DA:22,0
DA:28,0
DA:35,0
DA:39,0
DA:44,0
DA:47,0
DA:50,0
DA:59,0
DA:65,0
DA:66,0
DA:68,0
DA:70,0
DA:72,0
DA:73,0
DA:74,0
DA:75,0
DA:76,0
DA:80,0
LF:29
LH:0
BRDA:15,0,0,0
BRDA:15,0,1,0
BRDA:15,1,0,0
BRDA:15,1,1,0
BRDA:68,2,0,0
BRDA:68,2,1,0
BRDA:72,3,0,0
BRDA:72,3,1,0
BRDA:75,4,0,0
BRF:9
BRH:0
end_of_record
TN:
SF:src/common/decorators/current-user.decorator.ts
FN:4,(anonymous_0)
FNF:1
FNH:0
FNDA:0,(anonymous_0)
DA:1,0
DA:3,0
DA:5,0
DA:6,0
DA:7,0
LF:5
LH:0
BRDA:7,0,0,0
BRDA:7,0,1,0
BRF:2
BRH:0
end_of_record
TN:
SF:src/common/dto/pagination.dto.ts
FN:5,(anonymous_2)
FN:8,(anonymous_3)
FN:15,(anonymous_4)
FN:36,(anonymous_5)
FNF:4
FNH:0
FNDA:0,(anonymous_2)
FNDA:0,(anonymous_3)
FNDA:0,(anonymous_4)
FNDA:0,(anonymous_5)
DA:1,0
DA:2,0
DA:3,0
DA:5,0
DA:8,0
DA:11,0
DA:15,0
DA:19,0
DA:24,0
DA:27,0
DA:37,0
DA:38,0
LF:12
LH:0
BRF:0
BRH:0
end_of_record
TN:
SF:src/common/interceptors/transform.interceptor.ts
FN:19,isApiResponse
FN:33,(anonymous_2)
FN:38,(anonymous_3)
FNF:3
FNH:0
FNDA:0,isApiResponse
FNDA:0,(anonymous_2)
FNDA:0,(anonymous_3)
DA:1,0
DA:8,0
DA:20,0
DA:31,0
DA:37,0
DA:40,0
DA:41,0
DA:44,0
LF:8
LH:0
BRDA:21,0,0,0
BRDA:21,0,1,0
BRDA:21,0,2,0
BRDA:21,0,3,0
BRDA:21,0,4,0
BRDA:21,0,5,0
BRDA:40,1,0,0
BRF:7
BRH:0
end_of_record
TN:
SF:src/common/response/api-response.ts
FN:6,(anonymous_0)
FN:12,(anonymous_1)
FN:16,(anonymous_2)
FNF:3
FNH:2
FNDA:6,(anonymous_0)
FNDA:6,(anonymous_1)
FNDA:0,(anonymous_2)
DA:1,1
DA:7,6
DA:8,6
DA:9,6
DA:13,6
DA:17,0
LF:6
LH:5
BRDA:12,0,0,6
BRDA:16,1,0,0
BRF:2
BRH:1
end_of_record
TN:
SF:src/common/utils/cookie.ts
FN:49,setTokenCookie
FN:68,clearTokenCookie
FN:85,extractToken
FNF:3
FNH:0
FNDA:0,setTokenCookie
FNDA:0,clearTokenCookie
FNDA:0,extractToken
DA:16,0
DA:39,0
DA:49,0
DA:54,0
DA:56,0
DA:68,0
DA:69,0
DA:73,0
DA:85,0
DA:90,0
DA:91,0
DA:92,0
DA:96,0
DA:98,0
DA:99,0
DA:102,0
DA:103,0
DA:107,0
LF:18
LH:0
BRDA:52,0,0,0
BRDA:54,1,0,0
BRDA:54,1,1,0
BRDA:68,2,0,0
BRDA:69,3,0,0
BRDA:69,3,1,0
BRDA:91,4,0,0
BRDA:96,5,0,0
BRDA:98,6,0,0
BRDA:102,7,0,0
BRF:10
BRH:0
end_of_record
TN:
SF:src/modules/admin/admin.module.ts
FNF:0
FNH:0
DA:1,0
DA:2,0
DA:3,0
DA:4,0
DA:5,0
DA:6,0
DA:7,0
DA:8,0
DA:9,0
DA:10,0
DA:11,0
DA:12,0
DA:13,0
DA:14,0
DA:15,0
DA:16,0
DA:17,0
DA:18,0
DA:19,0
DA:20,0
DA:21,0
DA:22,0
DA:23,0
DA:24,0
DA:25,0
DA:26,0
DA:27,0
DA:28,0
DA:29,0
DA:30,0
DA:31,0
DA:32,0
DA:33,0
DA:34,0
DA:35,0
DA:36,0
DA:37,0
DA:38,0
DA:39,0
DA:40,0
DA:41,0
DA:42,0
DA:96,0
LF:43
LH:0
BRF:0
BRH:0
end_of_record
TN:
SF:src/modules/admin/controllers/admin-banners.controller.ts
FN:18,(anonymous_4)
FN:22,(anonymous_5)
FN:41,(anonymous_6)
FN:48,(anonymous_7)
FN:66,(anonymous_8)
FN:85,(anonymous_9)
FN:92,(anonymous_10)
FN:99,(anonymous_11)
FNF:8
FNH:0
FNDA:0,(anonymous_4)
FNDA:0,(anonymous_5)
FNDA:0,(anonymous_6)
FNDA:0,(anonymous_7)
FNDA:0,(anonymous_8)
FNDA:0,(anonymous_9)
FNDA:0,(anonymous_10)
FNDA:0,(anonymous_11)
DA:1,0
DA:11,0
DA:12,0
DA:13,0
DA:17,0
DA:18,0
DA:22,0
DA:29,0
DA:36,0
DA:41,0
DA:42,0
DA:43,0
DA:48,0
DA:60,0
DA:61,0
DA:66,0
DA:79,0
DA:80,0
DA:85,0
DA:86,0
DA:87,0
DA:92,0
DA:93,0
DA:94,0
DA:99,0
DA:100,0
DA:104,0
LF:27
LH:0
BRDA:33,0,0,0
BRDA:33,0,1,0
BRDA:34,1,0,0
BRDA:34,1,1,0
BRF:4
BRH:0
end_of_record
TN:
SF:src/modules/admin/controllers/admin-campaigns.controller.ts
FN:26,(anonymous_4)
FN:31,(anonymous_5)
FN:38,(anonymous_6)
FN:46,(anonymous_7)
FN:54,(anonymous_8)
FN:65,(anonymous_9)
FN:73,(anonymous_10)
FN:81,(anonymous_11)
FN:90,(anonymous_12)
FN:98,(anonymous_13)
FN:109,(anonymous_14)
FN:120,(anonymous_15)
FNF:12
FNH:0
FNDA:0,(anonymous_4)
FNDA:0,(anonymous_5)
FNDA:0,(anonymous_6)
FNDA:0,(anonymous_7)
FNDA:0,(anonymous_8)
FNDA:0,(anonymous_9)
FNDA:0,(anonymous_10)
FNDA:0,(anonymous_11)
FNDA:0,(anonymous_12)
FNDA:0,(anonymous_13)
FNDA:0,(anonymous_14)
FNDA:0,(anonymous_15)
DA:1,0
DA:11,0
DA:12,0
DA:13,0
DA:14,0
DA:25,0
DA:26,0
DA:31,0
DA:32,0
DA:33,0
DA:38,0
DA:39,0
DA:40,0
DA:46,0
DA:47,0
DA:48,0
DA:54,0
DA:58,0
DA:59,0
DA:65,0
DA:66,0
DA:67,0
DA:73,0
DA:74,0
DA:75,0
DA:81,0
DA:82,0
DA:83,0
DA:90,0
DA:91,0
DA:92,0
DA:98,0
DA:102,0
DA:103,0
DA:109,0
DA:113,0
DA:114,0
DA:120,0
DA:121,0
DA:122,0
LF:40
LH:0
BRF:0
BRH:0
end_of_record
TN:
SF:src/modules/admin/controllers/admin-commission.controller.ts
FN:19,(anonymous_4)
FN:23,(anonymous_5)
FN:30,(anonymous_6)
FNF:3
FNH:0
FNDA:0,(anonymous_4)
FNDA:0,(anonymous_5)
FNDA:0,(anonymous_6)
DA:1,0
DA:2,0
DA:3,0
DA:4,0
DA:18,0
DA:19,0
DA:23,0
DA:24,0
DA:25,0
DA:30,0
DA:31,0
DA:32,0
LF:12
LH:0
BRF:0
BRH:0
end_of_record
TN:
SF:src/modules/admin/controllers/admin-complaints.controller.ts
FN:9,(anonymous_4)
FN:22,(anonymous_5)
FN:49,(anonymous_6)
FN:57,(anonymous_7)
FN:65,(anonymous_8)
FN:88,(anonymous_9)
FN:109,(anonymous_10)
FNF:7
FNH:0
FNDA:0,(anonymous_4)
FNDA:0,(anonymous_5)
FNDA:0,(anonymous_6)
FNDA:0,(anonymous_7)
FNDA:0,(anonymous_8)
FNDA:0,(anonymous_9)
FNDA:0,(anonymous_10)
DA:1,0
DA:2,0
DA:3,0
DA:4,0
DA:8,0
DA:9,0
DA:22,0
DA:33,0
DA:44,0
DA:49,0
DA:50,0
DA:51,0
DA:57,0
DA:58,0
DA:59,0
DA:65,0
DA:66,0
DA:67,0
DA:88,0
DA:93,0
DA:94,0
DA:95,0
DA:109,0
DA:114,0
DA:115,0
DA:116,0
LF:26
LH:0
BRDA:41,0,0,0
BRDA:41,0,1,0
BRDA:42,1,0,0
BRDA:42,1,1,0
BRF:4
BRH:0
end_of_record
TN:
SF:src/modules/admin/controllers/admin-coupons.controller.ts
FN:34,(anonymous_4)
FN:43,(anonymous_5)
FN:58,(anonymous_6)
FN:66,(anonymous_7)
FN:77,(anonymous_8)
FN:86,(anonymous_9)
FN:98,(anonymous_10)
FN:113,(anonymous_11)
FN:121,(anonymous_12)
FN:132,(anonymous_13)
FN:145,(anonymous_14)
FNF:11
FNH:0
FNDA:0,(anonymous_4)
FNDA:0,(anonymous_5)
FNDA:0,(anonymous_6)
FNDA:0,(anonymous_7)
FNDA:0,(anonymous_8)
FNDA:0,(anonymous_9)
FNDA:0,(anonymous_10)
FNDA:0,(anonymous_11)
FNDA:0,(anonymous_12)
FNDA:0,(anonymous_13)
FNDA:0,(anonymous_14)
DA:1,0
DA:12,0
DA:19,0
DA:20,0
DA:26,0
DA:27,0
DA:33,0
DA:34,0
DA:43,0
DA:48,0
DA:53,0
DA:58,0
DA:59,0
DA:60,0
DA:66,0
DA:70,0
DA:71,0
DA:77,0
DA:78,0
DA:79,0
DA:86,0
DA:87,0
DA:88,0
DA:98,0
DA:103,0
DA:108,0
DA:113,0
DA:114,0
DA:115,0
DA:121,0
DA:125,0
DA:126,0
DA:132,0
DA:133,0
DA:134,0
DA:145,0
DA:151,0
DA:157,0
LF:38
LH:0
BRDA:50,0,0,0
BRDA:50,0,1,0
BRDA:51,1,0,0
BRDA:51,1,1,0
BRDA:105,2,0,0
BRDA:105,2,1,0
BRDA:106,3,0,0
BRDA:106,3,1,0
BRDA:154,4,0,0
BRDA:154,4,1,0
BRDA:155,5,0,0
BRDA:155,5,1,0
BRF:12
BRH:0
end_of_record
TN:
SF:src/modules/admin/controllers/admin-dashboard.controller.ts
FN:9,(anonymous_2)
FN:13,(anonymous_3)
FN:20,(anonymous_4)
FN:27,(anonymous_5)
FNF:4
FNH:0
FNDA:0,(anonymous_2)
FNDA:0,(anonymous_3)
FNDA:0,(anonymous_4)
FNDA:0,(anonymous_5)
DA:1,0
DA:2,0
DA:3,0
DA:4,0
DA:8,0
DA:9,0
DA:13,0
DA:14,0
DA:15,0
DA:20,0
DA:21,0
DA:22,0
DA:27,0
DA:28,0
DA:29,0
LF:15
LH:0
BRF:0
BRH:0
end_of_record
TN:
SF:src/modules/admin/controllers/admin-distribution-settings.controller.ts
FN:12,(anonymous_4)
FN:18,(anonymous_5)
FN:28,(anonymous_6)
FN:35,(anonymous_7)
FN:54,(anonymous_8)
FN:66,(anonymous_9)
FN:123,(anonymous_10)
FN:172,(anonymous_11)
FN:197,(anonymous_12)
FN:199,(anonymous_13)
FN:213,(anonymous_14)
FN:274,(anonymous_15)
FNF:12
FNH:0
FNDA:0,(anonymous_4)
FNDA:0,(anonymous_5)
FNDA:0,(anonymous_6)
FNDA:0,(anonymous_7)
FNDA:0,(anonymous_8)
FNDA:0,(anonymous_9)
FNDA:0,(anonymous_10)
FNDA:0,(anonymous_11)
FNDA:0,(anonymous_12)
FNDA:0,(anonymous_13)
FNDA:0,(anonymous_14)
FNDA:0,(anonymous_15)
DA:1,0
DA:2,0
DA:3,0
DA:4,0
DA:5,0
DA:11,0
DA:12,0
DA:18,0
DA:19,0
DA:22,0
DA:28,0
DA:29,0
DA:34,0
DA:36,0
DA:42,0
DA:49,0
DA:54,0
DA:55,0
DA:58,0
DA:59,0
DA:61,0
DA:66,0
DA:79,0
DA:82,0
DA:83,0
DA:87,0
DA:90,0
DA:91,0
DA:95,0
DA:96,0
DA:102,0
DA:118,0
DA:123,0
DA:137,0
DA:140,0
DA:141,0
DA:145,0
DA:146,0
DA:152,0
DA:167,0
DA:172,0
DA:173,0
DA:176,0
DA:177,0
DA:181,0
DA:184,0
DA:185,0
DA:188,0
DA:192,0
DA:197,0
DA:198,0
DA:200,0
DA:206,0
DA:213,0
DA:215,0
DA:216,0
DA:217,0
DA:221,0
DA:273,0
DA:275,0
DA:279,0
LF:61
LH:0
BRDA:58,0,0,0
BRDA:82,1,0,0
BRDA:90,2,0,0
BRDA:95,3,0,0
BRDA:108,4,0,0
BRDA:108,4,1,0
BRDA:111,5,0,0
BRDA:111,5,1,0
BRDA:113,6,0,0
BRDA:113,6,1,0
BRDA:140,7,0,0
BRDA:145,8,0,0
BRDA:176,9,0,0
BRDA:184,10,0,0
BRDA:216,11,0,0
BRF:15
BRH:0
end_of_record
TN:
SF:src/modules/admin/controllers/admin-distribution.controller.ts
FN:30,(anonymous_4)
FN:39,(anonymous_5)
FN:114,(anonymous_6)
FN:171,(anonymous_7)
FN:186,(anonymous_8)
FN:221,(anonymous_9)
FN:238,(anonymous_10)
FN:252,(anonymous_11)
FN:259,(anonymous_12)
FN:289,(anonymous_13)
FN:304,(anonymous_14)
FN:350,(anonymous_15)
FN:365,(anonymous_16)
FN:407,(anonymous_17)
FN:456,(anonymous_18)
FN:464,(anonymous_19)
FN:576,(anonymous_20)
FN:601,(anonymous_21)
FN:618,(anonymous_22)
FN:672,(anonymous_23)
FNF:20
FNH:0
FNDA:0,(anonymous_4)
FNDA:0,(anonymous_5)
FNDA:0,(anonymous_6)
FNDA:0,(anonymous_7)
FNDA:0,(anonymous_8)
FNDA:0,(anonymous_9)
FNDA:0,(anonymous_10)
FNDA:0,(anonymous_11)
FNDA:0,(anonymous_12)
FNDA:0,(anonymous_13)
FNDA:0,(anonymous_14)
FNDA:0,(anonymous_15)
FNDA:0,(anonymous_16)
FNDA:0,(anonymous_17)
FNDA:0,(anonymous_18)
FNDA:0,(anonymous_19)
FNDA:0,(anonymous_20)
FNDA:0,(anonymous_21)
FNDA:0,(anonymous_22)
FNDA:0,(anonymous_23)
DA:1,0
DA:2,0
DA:3,0
DA:4,0
DA:5,0
DA:6,0
DA:7,0
DA:29,0
DA:31,0
DA:32,0
DA:33,0
DA:34,0
DA:39,0
DA:40,0
DA:41,0
DA:42,0
DA:54,0
DA:99,0
DA:114,0
DA:121,0
DA:123,0
DA:127,0
DA:128,0
DA:134,0
DA:135,0
DA:138,0
DA:139,0
DA:142,0
DA:170,0
DA:171,0
DA:186,0
DA:187,0
DA:206,0
DA:207,0
DA:210,0
DA:221,0
DA:222,0
DA:223,0
DA:224,0
DA:227,0
DA:238,0
DA:239,0
DA:240,0
DA:241,0
DA:244,0
DA:252,0
DA:253,0
DA:254,0
DA:259,0
DA:263,0
DA:265,0
DA:270,0
DA:288,0
DA:289,0
DA:304,0
DA:309,0
DA:311,0
DA:312,0
DA:313,0
DA:316,0
DA:340,0
DA:350,0
DA:354,0
DA:360,0
DA:365,0
DA:366,0
DA:370,0
DA:372,0
DA:394,0
DA:407,0
DA:408,0
DA:412,0
DA:414,0
DA:428,0
DA:456,0
DA:460,0
DA:461,0
DA:464,0
DA:465,0
DA:466,0
DA:469,0
DA:474,0
DA:475,0
DA:478,0
DA:481,0
DA:502,0
DA:504,0
DA:505,0
DA:520,0
DA:521,0
DA:524,0
DA:527,0
DA:531,0
DA:532,0
DA:548,0
DA:549,0
DA:552,0
DA:567,0
DA:571,0
DA:576,0
DA:577,0
DA:601,0
DA:618,0
DA:625,0
DA:627,0
DA:628,0
DA:629,0
DA:631,0
DA:632,0
DA:634,0
DA:635,0
DA:638,0
DA:671,0
DA:672,0
LF:114
LH:0
BRDA:106,0,0,0
BRDA:106,0,1,0
BRDA:107,1,0,0
BRDA:107,1,1,0
BRDA:108,2,0,0
BRDA:108,2,1,0
BRDA:121,3,0,0
BRDA:121,4,0,0
BRDA:127,5,0,0
BRDA:134,6,0,0
BRDA:138,7,0,0
BRDA:138,8,0,0
BRDA:138,8,1,0
BRDA:173,9,0,0
BRDA:173,9,1,0
BRDA:206,10,0,0
BRDA:212,11,0,0
BRDA:212,11,1,0
BRDA:223,12,0,0
BRDA:231,13,0,0
BRDA:231,13,1,0
BRDA:240,14,0,0
BRDA:263,15,0,0
BRDA:263,16,0,0
BRDA:291,17,0,0
BRDA:291,17,1,0
BRDA:309,18,0,0
BRDA:309,19,0,0
BRDA:312,20,0,0
BRDA:370,21,0,0
BRDA:397,22,0,0
BRDA:397,22,1,0
BRDA:412,23,0,0
BRDA:412,23,1,0
BRDA:430,24,0,0
BRDA:430,24,1,0
BRDA:431,25,0,0
BRDA:431,25,1,0
BRDA:432,26,0,0
BRDA:432,26,1,0
BRDA:433,27,0,0
BRDA:433,27,1,0
BRDA:434,28,0,0
BRDA:434,28,1,0
BRDA:440,29,0,0
BRDA:440,29,1,0
BRDA:460,30,0,0
BRDA:465,31,0,0
BRDA:474,32,0,0
BRDA:474,32,1,0
BRDA:515,33,0,0
BRDA:515,33,1,0
BRDA:520,34,0,0
BRDA:520,35,0,0
BRDA:520,35,1,0
BRDA:531,36,0,0
BRDA:548,37,0,0
BRDA:562,38,0,0
BRDA:562,38,1,0
BRDA:611,39,0,0
BRDA:611,39,1,0
BRDA:625,40,0,0
BRDA:625,41,0,0
BRDA:628,42,0,0
BRDA:631,43,0,0
BRDA:634,44,0,0
BRF:66
BRH:0
end_of_record
TN:
SF:src/modules/admin/controllers/admin-escort-identity.controller.ts
FN:11,(anonymous_4)
FN:15,(anonymous_5)
FN:26,(anonymous_6)
FN:37,(anonymous_7)
FNF:4
FNH:0
FNDA:0,(anonymous_4)
FNDA:0,(anonymous_5)
FNDA:0,(anonymous_6)
FNDA:0,(anonymous_7)
DA:1,0
DA:2,0
DA:3,0
DA:4,0
DA:10,0
DA:11,0
DA:15,0
DA:20,0
DA:21,0
DA:26,0
DA:31,0
DA:32,0
DA:37,0
DA:42,0
LF:14
LH:0
BRDA:39,0,0,0
BRDA:40,1,0,0
BRF:2
BRH:0
end_of_record
TN:
SF:src/modules/admin/controllers/admin-escort-levels.controller.ts
FN:13,(anonymous_4)
FN:17,(anonymous_5)
FN:25,(anonymous_6)
FN:33,(anonymous_7)
FN:41,(anonymous_8)
FN:49,(anonymous_9)
FNF:6
FNH:0
FNDA:0,(anonymous_4)
FNDA:0,(anonymous_5)
FNDA:0,(anonymous_6)
FNDA:0,(anonymous_7)
FNDA:0,(anonymous_8)
FNDA:0,(anonymous_9)
DA:1,0
DA:2,0
DA:3,0
DA:8,0
DA:12,0
DA:13,0
DA:17,0
DA:18,0
DA:19,0
DA:25,0
DA:26,0
DA:27,0
DA:33,0
DA:34,0
DA:35,0
DA:41,0
DA:42,0
DA:43,0
DA:49,0
DA:50,0
DA:51,0
LF:21
LH:0
BRF:0
BRH:0
end_of_record
TN:
SF:src/modules/admin/controllers/admin-escort-tags.controller.ts
FN:13,(anonymous_4)
FN:19,(anonymous_5)
FN:29,(anonymous_6)
FN:37,(anonymous_7)
FN:45,(anonymous_8)
FN:53,(anonymous_9)
FN:61,(anonymous_10)
FN:83,(anonymous_11)
FNF:8
FNH:0
FNDA:0,(anonymous_4)
FNDA:0,(anonymous_5)
FNDA:0,(anonymous_6)
FNDA:0,(anonymous_7)
FNDA:0,(anonymous_8)
FNDA:0,(anonymous_9)
FNDA:0,(anonymous_10)
FNDA:0,(anonymous_11)
DA:1,0
DA:2,0
DA:3,0
DA:8,0
DA:12,0
DA:13,0
DA:19,0
DA:23,0
DA:24,0
DA:29,0
DA:30,0
DA:31,0
DA:37,0
DA:38,0
DA:39,0
DA:45,0
DA:46,0
DA:47,0
DA:53,0
DA:54,0
DA:55,0
DA:61,0
DA:62,0
DA:63,0
DA:83,0
DA:84,0
DA:85,0
LF:27
LH:0
BRF:0
BRH:0
end_of_record
TN:
SF:src/modules/admin/controllers/admin-escorts.controller.ts
FN:14,(anonymous_4)
FN:29,(anonymous_5)
FN:52,(anonymous_6)
FN:61,(anonymous_7)
FN:72,(anonymous_8)
FN:84,(anonymous_9)
FN:92,(anonymous_10)
FN:100,(anonymous_11)
FN:120,(anonymous_12)
FN:133,(anonymous_13)
FN:146,(anonymous_14)
FN:161,(anonymous_15)
FN:173,(anonymous_16)
FN:192,(anonymous_17)
FN:211,(anonymous_18)
FNF:15
FNH:0
FNDA:0,(anonymous_4)
FNDA:0,(anonymous_5)
FNDA:0,(anonymous_6)
FNDA:0,(anonymous_7)
FNDA:0,(anonymous_8)
FNDA:0,(anonymous_9)
FNDA:0,(anonymous_10)
FNDA:0,(anonymous_11)
FNDA:0,(anonymous_12)
FNDA:0,(anonymous_13)
FNDA:0,(anonymous_14)
FNDA:0,(anonymous_15)
FNDA:0,(anonymous_16)
FNDA:0,(anonymous_17)
FNDA:0,(anonymous_18)
DA:1,0
DA:2,0
DA:3,0
DA:9,0
DA:13,0
DA:14,0
DA:29,0
DA:38,0
DA:47,0
DA:52,0
DA:53,0
DA:54,0
DA:61,0
DA:65,0
DA:66,0
DA:72,0
DA:73,0
DA:74,0
DA:84,0
DA:85,0
DA:86,0
DA:92,0
DA:93,0
DA:94,0
DA:100,0
DA:101,0
DA:102,0
DA:120,0
DA:125,0
DA:126,0
DA:133,0
DA:138,0
DA:139,0
DA:146,0
DA:150,0
DA:151,0
DA:161,0
DA:165,0
DA:166,0
DA:173,0
DA:177,0
DA:178,0
DA:192,0
DA:197,0
DA:198,0
DA:211,0
DA:217,0
DA:222,0
LF:48
LH:0
BRDA:44,0,0,0
BRDA:44,0,1,0
BRDA:45,1,0,0
BRDA:45,1,1,0
BRDA:126,2,0,0
BRDA:126,2,1,0
BRDA:219,3,0,0
BRDA:219,3,1,0
BRDA:220,4,0,0
BRDA:220,4,1,0
BRF:10
BRH:0
end_of_record
TN:
SF:src/modules/admin/controllers/admin-feedback.controller.ts
FN:9,(anonymous_4)
FN:19,(anonymous_5)
FN:40,(anonymous_6)
FN:48,(anonymous_7)
FN:69,(anonymous_8)
FNF:5
FNH:0
FNDA:0,(anonymous_4)
FNDA:0,(anonymous_5)
FNDA:0,(anonymous_6)
FNDA:0,(anonymous_7)
FNDA:0,(anonymous_8)
DA:1,0
DA:2,0
DA:3,0
DA:4,0
DA:8,0
DA:9,0
DA:19,0
DA:27,0
DA:35,0
DA:40,0
DA:41,0
DA:42,0
DA:48,0
DA:49,0
DA:50,0
DA:69,0
DA:74,0
DA:75,0
DA:76,0
LF:19
LH:0
BRDA:32,0,0,0
BRDA:32,0,1,0
BRDA:33,1,0,0
BRDA:33,1,1,0
BRF:4
BRH:0
end_of_record
TN:
SF:src/modules/admin/controllers/admin-finance.controller.ts
FN:17,(anonymous_4)
FN:30,(anonymous_5)
FN:67,(anonymous_6)
FN:68,(anonymous_7)
FN:110,(anonymous_8)
FNF:5
FNH:0
FNDA:0,(anonymous_4)
FNDA:0,(anonymous_5)
FNDA:0,(anonymous_6)
FNDA:0,(anonymous_7)
FNDA:0,(anonymous_8)
DA:9,0
DA:10,0
DA:11,0
DA:12,0
DA:16,0
DA:17,0
DA:30,0
DA:38,0
DA:39,0
DA:42,0
DA:44,0
DA:45,0
DA:48,0
DA:49,0
DA:50,0
DA:51,0
DA:56,0
DA:57,0
DA:66,0
DA:67,0
DA:68,0
DA:70,0
DA:71,0
DA:74,0
DA:78,0
DA:102,0
DA:110,0
DA:111,0
DA:112,0
DA:113,0
DA:123,0
DA:156,0
LF:32
LH:0
BRDA:38,0,0,0
BRDA:38,0,1,0
BRDA:39,1,0,0
BRDA:39,1,1,0
BRDA:44,2,0,0
BRDA:48,3,0,0
BRDA:48,4,0,0
BRDA:48,4,1,0
BRDA:50,5,0,0
BRDA:51,6,0,0
BRDA:56,7,0,0
BRDA:70,8,0,0
BRDA:70,8,1,0
BRDA:157,9,0,0
BRDA:157,9,1,0
BRDA:158,10,0,0
BRDA:158,10,1,0
BRDA:159,11,0,0
BRDA:159,11,1,0
BRDA:160,12,0,0
BRDA:160,12,1,0
BRDA:161,13,0,0
BRDA:161,13,1,0
BRDA:162,14,0,0
BRDA:162,14,1,0
BRF:25
BRH:0
end_of_record
TN:
SF:src/modules/admin/controllers/admin-hot-keywords.controller.ts
FN:22,(anonymous_4)
FN:28,(anonymous_5)
FN:38,(anonymous_6)
FN:45,(anonymous_7)
FN:54,(anonymous_8)
FN:64,(anonymous_9)
FN:71,(anonymous_10)
FN:80,(anonymous_11)
FNF:8
FNH:0
FNDA:0,(anonymous_4)
FNDA:0,(anonymous_5)
FNDA:0,(anonymous_6)
FNDA:0,(anonymous_7)
FNDA:0,(anonymous_8)
FNDA:0,(anonymous_9)
FNDA:0,(anonymous_10)
FNDA:0,(anonymous_11)
DA:1,0
DA:12,0
DA:13,0
DA:14,0
DA:15,0
DA:21,0
DA:22,0
DA:28,0
DA:32,0
DA:33,0
DA:38,0
DA:39,0
DA:40,0
DA:45,0
DA:48,0
DA:49,0
DA:54,0
DA:58,0
DA:59,0
DA:64,0
DA:65,0
DA:66,0
DA:71,0
DA:74,0
DA:75,0
DA:80,0
DA:83,0
DA:84,0
LF:28
LH:0
BRF:0
BRH:0
end_of_record
TN:
SF:src/modules/admin/controllers/admin-membership.controller.ts
FN:36,(anonymous_4)
FN:44,(anonymous_5)
FN:57,(anonymous_6)
FN:65,(anonymous_7)
FN:76,(anonymous_8)
FN:88,(anonymous_9)
FN:103,(anonymous_10)
FN:111,(anonymous_11)
FN:122,(anonymous_12)
FN:135,(anonymous_13)
FN:152,(anonymous_14)
FN:164,(anonymous_15)
FN:179,(anonymous_16)
FN:187,(anonymous_17)
FN:198,(anonymous_18)
FNF:15
FNH:0
FNDA:0,(anonymous_4)
FNDA:0,(anonymous_5)
FNDA:0,(anonymous_6)
FNDA:0,(anonymous_7)
FNDA:0,(anonymous_8)
FNDA:0,(anonymous_9)
FNDA:0,(anonymous_10)
FNDA:0,(anonymous_11)
FNDA:0,(anonymous_12)
FNDA:0,(anonymous_13)
FNDA:0,(anonymous_14)
FNDA:0,(anonymous_15)
FNDA:0,(anonymous_16)
FNDA:0,(anonymous_17)
FNDA:0,(anonymous_18)
DA:1,0
DA:12,0
DA:19,0
DA:20,0
DA:28,0
DA:29,0
DA:35,0
DA:36,0
DA:44,0
DA:48,0
DA:52,0
DA:57,0
DA:58,0
DA:59,0
DA:65,0
DA:69,0
DA:70,0
DA:76,0
DA:77,0
DA:78,0
DA:88,0
DA:93,0
DA:98,0
DA:103,0
DA:104,0
DA:105,0
DA:111,0
DA:115,0
DA:116,0
DA:122,0
DA:123,0
DA:124,0
DA:135,0
DA:141,0
DA:147,0
DA:152,0
DA:153,0
DA:154,0
DA:164,0
DA:169,0
DA:174,0
DA:179,0
DA:180,0
DA:181,0
DA:187,0
DA:191,0
DA:192,0
DA:198,0
DA:199,0
DA:200,0
LF:50
LH:0
BRDA:49,0,0,0
BRDA:49,0,1,0
BRDA:50,1,0,0
BRDA:50,1,1,0
BRDA:95,2,0,0
BRDA:95,2,1,0
BRDA:96,3,0,0
BRDA:96,3,1,0
BRDA:144,4,0,0
BRDA:144,4,1,0
BRDA:145,5,0,0
BRDA:145,5,1,0
BRDA:171,6,0,0
BRDA:171,6,1,0
BRDA:172,7,0,0
BRDA:172,7,1,0
BRF:16
BRH:0
end_of_record
TN:
SF:src/modules/admin/controllers/admin-orders.controller.ts
FN:10,(anonymous_4)
FN:29,(anonymous_5)
FN:56,(anonymous_6)
FN:67,(anonymous_7)
FN:75,(anonymous_8)
FN:88,(anonymous_9)
FN:99,(anonymous_10)
FN:110,(anonymous_11)
FN:123,(anonymous_12)
FN:134,(anonymous_13)
FN:142,(anonymous_14)
FN:150,(anonymous_15)
FN:159,(anonymous_16)
FN:171,(anonymous_17)
FN:182,(anonymous_18)
FN:191,(anonymous_19)
FNF:16
FNH:0
FNDA:0,(anonymous_4)
FNDA:0,(anonymous_5)
FNDA:0,(anonymous_6)
FNDA:0,(anonymous_7)
FNDA:0,(anonymous_8)
FNDA:0,(anonymous_9)
FNDA:0,(anonymous_10)
FNDA:0,(anonymous_11)
FNDA:0,(anonymous_12)
FNDA:0,(anonymous_13)
FNDA:0,(anonymous_14)
FNDA:0,(anonymous_15)
FNDA:0,(anonymous_16)
FNDA:0,(anonymous_17)
FNDA:0,(anonymous_18)
FNDA:0,(anonymous_19)
DA:1,0
DA:2,0
DA:3,0
DA:4,0
DA:5,0
DA:9,0
DA:11,0
DA:12,0
DA:29,0
DA:39,0
DA:49,0
DA:56,0
DA:60,0
DA:61,0
DA:67,0
DA:68,0
DA:69,0
DA:75,0
DA:76,0
DA:77,0
DA:88,0
DA:92,0
DA:93,0
DA:99,0
DA:100,0
DA:101,0
DA:102,0
DA:104,0
DA:110,0
DA:111,0
DA:112,0
DA:123,0
DA:127,0
DA:128,0
DA:134,0
DA:135,0
DA:136,0
DA:142,0
DA:143,0
DA:144,0
DA:150,0
DA:151,0
DA:152,0
DA:159,0
DA:163,0
DA:164,0
DA:171,0
DA:175,0
DA:176,0
DA:182,0
DA:183,0
DA:184,0
DA:191,0
DA:195,0
DA:196,0
LF:55
LH:0
BRDA:46,0,0,0
BRDA:46,0,1,0
BRDA:47,1,0,0
BRDA:47,1,1,0
BRDA:92,2,0,0
BRDA:92,2,1,0
BRDA:101,3,0,0
BRDA:101,3,1,0
BRF:8
BRH:0
end_of_record
TN:
SF:src/modules/admin/controllers/admin-patients.controller.ts
FN:10,(anonymous_4)
FN:18,(anonymous_5)
FN:35,(anonymous_6)
FN:43,(anonymous_7)
FN:51,(anonymous_8)
FN:62,(anonymous_9)
FN:70,(anonymous_10)
FN:79,(anonymous_11)
FN:84,(anonymous_12)
FN:92,(anonymous_13)
FNF:10
FNH:0
FNDA:0,(anonymous_4)
FNDA:0,(anonymous_5)
FNDA:0,(anonymous_6)
FNDA:0,(anonymous_7)
FNDA:0,(anonymous_8)
FNDA:0,(anonymous_9)
FNDA:0,(anonymous_10)
FNDA:0,(anonymous_11)
FNDA:0,(anonymous_12)
FNDA:0,(anonymous_13)
DA:1,0
DA:2,0
DA:3,0
DA:4,0
DA:5,0
DA:9,0
DA:10,0
DA:18,0
DA:24,0
DA:30,0
DA:35,0
DA:36,0
DA:37,0
DA:43,0
DA:44,0
DA:45,0
DA:51,0
DA:55,0
DA:56,0
DA:62,0
DA:63,0
DA:64,0
DA:70,0
DA:71,0
DA:72,0
DA:78,0
DA:79,0
DA:84,0
DA:85,0
DA:86,0
DA:92,0
DA:96,0
DA:97,0
LF:33
LH:0
BRDA:27,0,0,0
BRDA:27,0,1,0
BRDA:28,1,0,0
BRDA:28,1,1,0
BRF:4
BRH:0
end_of_record
TN:
SF:src/modules/admin/controllers/admin-points.controller.ts
FN:33,(anonymous_4)
FN:42,(anonymous_5)
FN:57,(anonymous_6)
FN:65,(anonymous_7)
FN:76,(anonymous_8)
FN:88,(anonymous_9)
FN:103,(anonymous_10)
FN:116,(anonymous_11)
FNF:8
FNH:0
FNDA:0,(anonymous_4)
FNDA:0,(anonymous_5)
FNDA:0,(anonymous_6)
FNDA:0,(anonymous_7)
FNDA:0,(anonymous_8)
FNDA:0,(anonymous_9)
FNDA:0,(anonymous_10)
FNDA:0,(anonymous_11)
DA:1,0
DA:12,0
DA:19,0
DA:20,0
DA:25,0
DA:26,0
DA:32,0
DA:33,0
DA:42,0
DA:47,0
DA:52,0
DA:57,0
DA:58,0
DA:59,0
DA:65,0
DA:69,0
DA:70,0
DA:76,0
DA:77,0
DA:78,0
DA:88,0
DA:93,0
DA:98,0
DA:103,0
DA:104,0
DA:105,0
DA:116,0
DA:122,0
DA:128,0
LF:29
LH:0
BRDA:49,0,0,0
BRDA:49,0,1,0
BRDA:50,1,0,0
BRDA:50,1,1,0
BRDA:95,2,0,0
BRDA:95,2,1,0
BRDA:96,3,0,0
BRDA:96,3,1,0
BRDA:125,4,0,0
BRDA:125,4,1,0
BRDA:126,5,0,0
BRDA:126,5,1,0
BRF:12
BRH:0
end_of_record
TN:
SF:src/modules/admin/controllers/admin-pricing.controller.ts
FN:13,(anonymous_4)
FN:17,(anonymous_5)
FN:24,(anonymous_6)
FNF:3
FNH:0
FNDA:0,(anonymous_4)
FNDA:0,(anonymous_5)
FNDA:0,(anonymous_6)
DA:1,0
DA:2,0
DA:3,0
DA:4,0
DA:5,0
DA:6,0
DA:12,0
DA:13,0
DA:17,0
DA:18,0
DA:19,0
DA:24,0
DA:25,0
DA:26,0
LF:14
LH:0
BRF:0
BRH:0
end_of_record
TN:
SF:src/modules/admin/controllers/admin-referrals.controller.ts
FN:23,(anonymous_4)
FN:28,(anonymous_5)
FN:35,(anonymous_6)
FN:51,(anonymous_7)
FN:62,(anonymous_8)
FN:70,(anonymous_9)
FN:92,(anonymous_10)
FNF:7
FNH:0
FNDA:0,(anonymous_4)
FNDA:0,(anonymous_5)
FNDA:0,(anonymous_6)
FNDA:0,(anonymous_7)
FNDA:0,(anonymous_8)
FNDA:0,(anonymous_9)
FNDA:0,(anonymous_10)
DA:1,0
DA:11,0
DA:12,0
DA:13,0
DA:14,0
DA:22,0
DA:23,0
DA:28,0
DA:29,0
DA:30,0
DA:35,0
DA:40,0
DA:45,0
DA:51,0
DA:55,0
DA:56,0
DA:62,0
DA:63,0
DA:64,0
DA:70,0
DA:78,0
DA:86,0
DA:92,0
DA:96,0
DA:97,0
LF:25
LH:0
BRDA:42,0,0,0
BRDA:42,0,1,0
BRDA:43,1,0,0
BRDA:43,1,1,0
BRDA:83,2,0,0
BRDA:83,2,1,0
BRDA:84,3,0,0
BRDA:84,3,1,0
BRF:8
BRH:0
end_of_record
TN:
SF:src/modules/admin/controllers/admin-settlement.controller.ts
FN:15,(anonymous_4)
FN:19,(anonymous_5)
FN:27,(anonymous_6)
FN:34,(anonymous_7)
FNF:4
FNH:0
FNDA:0,(anonymous_4)
FNDA:0,(anonymous_5)
FNDA:0,(anonymous_6)
FNDA:0,(anonymous_7)
DA:5,0
DA:6,0
DA:7,0
DA:8,0
DA:12,0
DA:13,0
DA:15,0
DA:19,0
DA:20,0
DA:21,0
DA:27,0
DA:28,0
DA:29,0
DA:34,0
DA:35,0
DA:36,0
LF:16
LH:0
BRF:0
BRH:0
end_of_record
TN:
SF:src/modules/admin/controllers/admin-users.controller.ts
FN:9,(anonymous_4)
FN:19,(anonymous_5)
FN:40,(anonymous_6)
FN:48,(anonymous_7)
FN:64,(anonymous_8)
FN:75,(anonymous_9)
FN:85,(anonymous_10)
FNF:7
FNH:0
FNDA:0,(anonymous_4)
FNDA:0,(anonymous_5)
FNDA:0,(anonymous_6)
FNDA:0,(anonymous_7)
FNDA:0,(anonymous_8)
FNDA:0,(anonymous_9)
FNDA:0,(anonymous_10)
DA:1,0
DA:2,0
DA:3,0
DA:4,0
DA:8,0
DA:9,0
DA:19,0
DA:27,0
DA:35,0
DA:40,0
DA:41,0
DA:42,0
DA:48,0
DA:49,0
DA:50,0
DA:64,0
DA:68,0
DA:69,0
DA:75,0
DA:76,0
DA:77,0
DA:85,0
DA:90,0
DA:94,0
LF:24
LH:0
BRDA:29,0,0,0
BRDA:29,0,1,0
BRDA:29,1,0,0
BRDA:29,1,1,0
BRDA:32,2,0,0
BRDA:32,2,1,0
BRDA:33,3,0,0
BRDA:33,3,1,0
BRDA:91,4,0,0
BRDA:91,4,1,0
BRDA:92,5,0,0
BRDA:92,5,1,0
BRF:12
BRH:0
end_of_record
TN:
SF:src/modules/admin/controllers/admin-withdrawals.controller.ts
FN:16,(anonymous_4)
FN:33,(anonymous_5)
FN:65,(anonymous_6)
FN:84,(anonymous_7)
FN:119,(anonymous_8)
FN:130,(anonymous_9)
FN:141,(anonymous_10)
FN:167,(anonymous_11)
FN:201,(anonymous_12)
FN:233,(anonymous_13)
FN:256,(anonymous_14)
FN:273,(anonymous_15)
FN:277,(anonymous_16)
FN:300,(anonymous_17)
FN:307,(anonymous_18)
FN:314,(anonymous_19)
FN:325,(anonymous_20)
FN:335,(anonymous_21)
FNF:18
FNH:0
FNDA:0,(anonymous_4)
FNDA:0,(anonymous_5)
FNDA:0,(anonymous_6)
FNDA:0,(anonymous_7)
FNDA:0,(anonymous_8)
FNDA:0,(anonymous_9)
FNDA:0,(anonymous_10)
FNDA:0,(anonymous_11)
FNDA:0,(anonymous_12)
FNDA:0,(anonymous_13)
FNDA:0,(anonymous_14)
FNDA:0,(anonymous_15)
FNDA:0,(anonymous_16)
FNDA:0,(anonymous_17)
FNDA:0,(anonymous_18)
FNDA:0,(anonymous_19)
FNDA:0,(anonymous_20)
FNDA:0,(anonymous_21)
DA:1,0
DA:2,0
DA:4,0
DA:5,0
DA:15,0
DA:16,0
DA:33,0
DA:45,0
DA:57,0
DA:65,0
DA:66,0
DA:67,0
DA:84,0
DA:96,0
DA:108,0
DA:109,0
DA:110,0
DA:119,0
DA:120,0
DA:121,0
DA:130,0
DA:131,0
DA:132,0
DA:141,0
DA:142,0
DA:143,0
DA:167,0
DA:174,0
DA:175,0
DA:201,0
DA:209,0
DA:217,0
DA:233,0
DA:238,0
DA:239,0
DA:256,0
DA:262,0
DA:263,0
DA:272,0
DA:273,0
DA:277,0
DA:286,0
DA:295,0
DA:300,0
DA:301,0
DA:302,0
DA:307,0
DA:308,0
DA:309,0
DA:314,0
DA:319,0
DA:320,0
DA:325,0
DA:329,0
DA:330,0
DA:335,0
DA:339,0
DA:340,0
LF:58
LH:0
BRDA:52,0,0,0
BRDA:52,0,1,0
BRDA:53,1,0,0
BRDA:53,1,1,0
BRDA:54,2,0,0
BRDA:54,2,1,0
BRDA:55,3,0,0
BRDA:55,3,1,0
BRDA:103,4,0,0
BRDA:103,4,1,0
BRDA:175,5,0,0
BRDA:175,5,1,0
BRDA:292,6,0,0
BRDA:292,6,1,0
BRDA:293,7,0,0
BRDA:293,7,1,0
BRDA:320,8,0,0
BRDA:320,8,1,0
BRF:18
BRH:0
end_of_record
TN:
SF:src/modules/admin/services/admin-banners.service.ts
FN:6,(anonymous_2)
FN:9,(anonymous_3)
FN:48,(anonymous_4)
FN:61,(anonymous_5)
FN:84,(anonymous_6)
FN:108,(anonymous_7)
FN:117,(anonymous_8)
FN:118,(anonymous_9)
FN:130,(anonymous_10)
FNF:9
FNH:0
FNDA:0,(anonymous_2)
FNDA:0,(anonymous_3)
FNDA:0,(anonymous_4)
FNDA:0,(anonymous_5)
FNDA:0,(anonymous_6)
FNDA:0,(anonymous_7)
FNDA:0,(anonymous_8)
FNDA:0,(anonymous_9)
FNDA:0,(anonymous_10)
DA:1,0
DA:2,0
DA:5,0
DA:6,0
DA:16,0
DA:18,0
DA:19,0
DA:20,0
DA:22,0
DA:23,0
DA:25,0
DA:26,0
DA:29,0
DA:39,0
DA:49,0
DA:53,0
DA:54,0
DA:57,0
DA:71,0
DA:96,0
DA:99,0
DA:101,0
DA:109,0
DA:111,0
DA:118,0
DA:119,0
DA:125,0
DA:126,0
DA:131,0
DA:136,0
LF:30
LH:0
BRDA:16,0,0,0
BRDA:16,1,0,0
BRDA:19,2,0,0
BRDA:22,3,0,0
BRDA:25,4,0,0
BRDA:53,5,0,0
BRDA:76,6,0,0
BRDA:76,6,1,0
BRDA:77,7,0,0
BRDA:77,7,1,0
BRDA:78,8,0,0
BRDA:78,8,1,0
BRF:12
BRH:0
end_of_record
TN:
SF:src/modules/admin/services/admin-complaints.service.ts
FN:28,(anonymous_2)
FN:33,(anonymous_3)
FN:102,(anonymous_4)
FN:122,(anonymous_5)
FN:163,(anonymous_6)
FN:185,(anonymous_7)
FN:199,(anonymous_8)
FN:278,(anonymous_9)
FN:291,(anonymous_10)
FNF:9
FNH:0
FNDA:0,(anonymous_2)
FNDA:0,(anonymous_3)
FNDA:0,(anonymous_4)
FNDA:0,(anonymous_5)
FNDA:0,(anonymous_6)
FNDA:0,(anonymous_7)
FNDA:0,(anonymous_8)
FNDA:0,(anonymous_9)
FNDA:0,(anonymous_10)
DA:1,0
DA:2,0
DA:3,0
DA:25,0
DA:26,0
DA:28,0
DA:34,0
DA:36,0
DA:38,0
DA:39,0
DA:41,0
DA:42,0
DA:44,0
DA:45,0
DA:47,0
DA:48,0
DA:50,0
DA:51,0
DA:53,0
DA:54,0
DA:55,0
DA:56,0
DA:58,0
DA:59,0
DA:63,0
DA:90,0
DA:103,0
DA:110,0
DA:123,0
DA:153,0
DA:154,0
DA:157,0
DA:164,0
DA:168,0
DA:169,0
DA:172,0
DA:173,0
DA:176,0
DA:186,0
DA:191,0
DA:192,0
DA:195,0
DA:196,0
DA:199,0
DA:201,0
DA:215,0
DA:216,0
DA:219,0
DA:220,0
DA:224,0
DA:228,0
DA:232,0
DA:233,0
DA:237,0
DA:244,0
DA:249,0
DA:250,0
DA:267,0
DA:271,0
DA:279,0
DA:283,0
DA:284,0
DA:287,0
DA:288,0
DA:291,0
DA:292,0
DA:303,0
DA:304,0
DA:315,0
LF:69
LH:0
BRDA:34,0,0,0
BRDA:34,1,0,0
BRDA:38,2,0,0
BRDA:41,3,0,0
BRDA:44,4,0,0
BRDA:47,5,0,0
BRDA:50,6,0,0
BRDA:53,7,0,0
BRDA:53,8,0,0
BRDA:53,8,1,0
BRDA:55,9,0,0
BRDA:58,10,0,0
BRDA:153,11,0,0
BRDA:168,12,0,0
BRDA:172,13,0,0
BRDA:191,14,0,0
BRDA:195,15,0,0
BRDA:195,16,0,0
BRDA:195,16,1,0
BRDA:205,17,0,0
BRDA:205,17,1,0
BRDA:206,18,0,0
BRDA:206,18,1,0
BRDA:207,19,0,0
BRDA:207,19,1,0
BRDA:215,20,0,0
BRDA:215,21,0,0
BRDA:215,21,1,0
BRDA:215,21,2,0
BRDA:216,22,0,0
BRDA:216,22,1,0
BRDA:216,22,2,0
BRDA:216,22,3,0
BRDA:249,23,0,0
BRDA:283,24,0,0
BRDA:287,25,0,0
BRDA:287,26,0,0
BRDA:287,26,1,0
BRDA:303,27,0,0
BRF:39
BRH:0
end_of_record
TN:
SF:src/modules/admin/services/admin-dashboard.service.ts
FN:6,(anonymous_2)
FN:9,(anonymous_3)
FN:47,(anonymous_4)
FN:78,(anonymous_5)
FNF:4
FNH:0
FNDA:0,(anonymous_2)
FNDA:0,(anonymous_3)
FNDA:0,(anonymous_4)
FNDA:0,(anonymous_5)
DA:1,0
DA:2,0
DA:5,0
DA:6,0
DA:10,0
DA:11,0
DA:20,0
DA:36,0
DA:48,0
DA:49,0
DA:51,0
DA:52,0
DA:53,0
DA:54,0
DA:56,0
DA:57,0
DA:59,0
DA:68,0
DA:74,0
DA:79,0
DA:80,0
DA:82,0
DA:83,0
DA:86,0
DA:89,0
LF:25
LH:0
BRDA:42,0,0,0
BRDA:42,0,1,0
BRF:2
BRH:0
end_of_record
TN:
SF:src/modules/admin/services/admin-escort-identity.service.ts
FN:8,(anonymous_2)
FN:13,(anonymous_3)
FN:50,(anonymous_4)
FN:75,(anonymous_5)
FN:103,(anonymous_6)
FN:128,(anonymous_7)
FNF:6
FNH:0
FNDA:0,(anonymous_2)
FNDA:0,(anonymous_3)
FNDA:0,(anonymous_4)
FNDA:0,(anonymous_5)
FNDA:0,(anonymous_6)
FNDA:0,(anonymous_7)
DA:1,0
DA:2,0
DA:5,0
DA:6,0
DA:8,0
DA:14,0
DA:19,0
DA:20,0
DA:24,0
DA:25,0
DA:29,0
DA:33,0
DA:34,0
DA:38,0
DA:45,0
DA:46,0
DA:50,0
DA:51,0
DA:57,0
DA:69,0
DA:76,0
DA:80,0
DA:81,0
DA:84,0
DA:85,0
DA:88,0
DA:91,0
DA:98,0
DA:99,0
DA:103,0
DA:104,0
DA:110,0
DA:122,0
DA:129,0
DA:131,0
DA:143,0
LF:36
LH:0
BRDA:19,0,0,0
BRDA:24,1,0,0
BRDA:24,2,0,0
BRDA:24,2,1,0
BRDA:33,3,0,0
BRDA:45,4,0,0
BRDA:62,5,0,0
BRDA:62,5,1,0
BRDA:80,6,0,0
BRDA:84,7,0,0
BRDA:98,8,0,0
BRDA:115,9,0,0
BRDA:115,9,1,0
BRDA:128,10,0,0
BRDA:128,11,0,0
BRF:15
BRH:0
end_of_record
TN:
SF:src/modules/admin/services/admin-escort-levels.service.ts
FN:32,(anonymous_2)
FN:37,(anonymous_3)
FN:47,(anonymous_4)
FN:56,(anonymous_5)
FN:79,(anonymous_6)
FN:102,(anonymous_7)
FN:120,(anonymous_8)
FNF:7
FNH:0
FNDA:0,(anonymous_2)
FNDA:0,(anonymous_3)
FNDA:0,(anonymous_4)
FNDA:0,(anonymous_5)
FNDA:0,(anonymous_6)
FNDA:0,(anonymous_7)
FNDA:0,(anonymous_8)
DA:1,0
DA:2,0
DA:31,0
DA:32,0
DA:38,0
DA:47,0
DA:57,0
DA:66,0
DA:67,0
DA:70,0
DA:81,0
DA:85,0
DA:86,0
DA:89,0
DA:103,0
DA:107,0
DA:108,0
DA:111,0
DA:121,0
DA:130,0
DA:131,0
DA:134,0
DA:135,0
DA:140,0
DA:144,0
LF:25
LH:0
BRDA:66,0,0,0
BRDA:85,1,0,0
BRDA:92,2,0,0
BRDA:92,2,1,0
BRDA:93,3,0,0
BRDA:93,3,1,0
BRDA:94,4,0,0
BRDA:94,4,1,0
BRDA:107,5,0,0
BRDA:130,6,0,0
BRDA:134,7,0,0
BRF:11
BRH:0
end_of_record
TN:
SF:src/modules/admin/services/admin-escort-tags.service.ts
FN:32,(anonymous_2)
FN:37,(anonymous_3)
FN:53,(anonymous_4)
FN:60,(anonymous_5)
FN:61,(anonymous_6)
FN:62,(anonymous_7)
FN:63,(anonymous_8)
FN:72,(anonymous_9)
FN:87,(anonymous_10)
FN:109,(anonymous_11)
FN:137,(anonymous_12)
FN:156,(anonymous_13)
FN:158,(anonymous_14)
FNF:13
FNH:0
FNDA:0,(anonymous_2)
FNDA:0,(anonymous_3)
FNDA:0,(anonymous_4)
FNDA:0,(anonymous_5)
FNDA:0,(anonymous_6)
FNDA:0,(anonymous_7)
FNDA:0,(anonymous_8)
FNDA:0,(anonymous_9)
FNDA:0,(anonymous_10)
FNDA:0,(anonymous_11)
FNDA:0,(anonymous_12)
FNDA:0,(anonymous_13)
FNDA:0,(anonymous_14)
DA:1,0
DA:2,0
DA:31,0
DA:32,0
DA:38,0
DA:39,0
DA:40,0
DA:42,0
DA:47,0
DA:54,0
DA:59,0
DA:60,0
DA:61,0
DA:62,0
DA:63,0
DA:66,0
DA:73,0
DA:77,0
DA:78,0
DA:81,0
DA:89,0
DA:93,0
DA:94,0
DA:97,0
DA:110,0
DA:114,0
DA:115,0
DA:119,0
DA:120,0
DA:123,0
DA:124,0
DA:128,0
DA:138,0
DA:142,0
DA:143,0
DA:146,0
DA:150,0
DA:157,0
DA:159,0
DA:166,0
LF:40
LH:0
BRDA:39,0,0,0
BRDA:40,1,0,0
BRDA:77,2,0,0
BRDA:93,3,0,0
BRDA:100,4,0,0
BRDA:100,4,1,0
BRDA:101,5,0,0
BRDA:101,5,1,0
BRDA:114,6,0,0
BRDA:119,7,0,0
BRDA:119,8,0,0
BRDA:119,8,1,0
BRDA:123,9,0,0
BRDA:142,10,0,0
BRF:14
BRH:0
end_of_record
TN:
SF:src/modules/admin/services/admin-escorts.service.ts
FN:58,(anonymous_2)
FN:70,(anonymous_3)
FN:119,(anonymous_4)
FN:123,(anonymous_5)
FN:136,(anonymous_6)
FN:162,(anonymous_7)
FN:173,(anonymous_8)
FN:202,(anonymous_9)
FN:205,(anonymous_10)
FN:220,(anonymous_11)
FN:248,(anonymous_12)
FN:261,(anonymous_13)
FN:312,(anonymous_14)
FN:351,(anonymous_15)
FN:366,(anonymous_16)
FN:427,(anonymous_17)
FN:467,(anonymous_18)
FN:509,(anonymous_19)
FN:550,(anonymous_20)
FN:558,(anonymous_21)
FN:566,(anonymous_22)
FN:575,(anonymous_23)
FN:596,(anonymous_24)
FN:675,(anonymous_25)
FN:702,(anonymous_26)
FN:736,(anonymous_27)
FNF:26
FNH:0
FNDA:0,(anonymous_2)
FNDA:0,(anonymous_3)
FNDA:0,(anonymous_4)
FNDA:0,(anonymous_5)
FNDA:0,(anonymous_6)
FNDA:0,(anonymous_7)
FNDA:0,(anonymous_8)
FNDA:0,(anonymous_9)
FNDA:0,(anonymous_10)
FNDA:0,(anonymous_11)
FNDA:0,(anonymous_12)
FNDA:0,(anonymous_13)
FNDA:0,(anonymous_14)
FNDA:0,(anonymous_15)
FNDA:0,(anonymous_16)
FNDA:0,(anonymous_17)
FNDA:0,(anonymous_18)
FNDA:0,(anonymous_19)
FNDA:0,(anonymous_20)
FNDA:0,(anonymous_21)
FNDA:0,(anonymous_22)
FNDA:0,(anonymous_23)
FNDA:0,(anonymous_24)
FNDA:0,(anonymous_25)
FNDA:0,(anonymous_26)
FNDA:0,(anonymous_27)
DA:1,0
DA:2,0
DA:3,0
DA:57,0
DA:59,0
DA:60,0
DA:79,0
DA:81,0
DA:84,0
DA:85,0
DA:86,0
DA:87,0
DA:88,0
DA:89,0
DA:96,0
DA:119,0
DA:123,0
DA:130,0
DA:137,0
DA:154,0
DA:155,0
DA:158,0
DA:162,0
DA:174,0
DA:176,0
DA:182,0
DA:183,0
DA:186,0
DA:187,0
DA:192,0
DA:202,0
DA:205,0
DA:222,0
DA:226,0
DA:227,0
DA:230,0
DA:233,0
DA:246,0
DA:247,0
DA:248,0
DA:255,0
DA:263,0
DA:267,0
DA:268,0
DA:272,0
DA:273,0
DA:276,0
DA:277,0
DA:281,0
DA:283,0
DA:286,0
DA:287,0
DA:290,0
DA:291,0
DA:293,0
DA:294,0
DA:296,0
DA:297,0
DA:300,0
DA:305,0
DA:314,0
DA:318,0
DA:319,0
DA:323,0
DA:330,0
DA:331,0
DA:337,0
DA:345,0
DA:352,0
DA:356,0
DA:357,0
DA:360,0
DA:361,0
DA:364,0
DA:366,0
DA:368,0
DA:380,0
DA:381,0
DA:384,0
DA:385,0
DA:397,0
DA:401,0
DA:402,0
DA:403,0
DA:417,0
DA:421,0
DA:428,0
DA:432,0
DA:433,0
DA:437,0
DA:438,0
DA:444,0
DA:445,0
DA:449,0
DA:468,0
DA:472,0
DA:473,0
DA:477,0
DA:478,0
DA:484,0
DA:485,0
DA:492,0
DA:493,0
DA:496,0
DA:511,0
DA:515,0
DA:516,0
DA:520,0
DA:524,0
DA:525,0
DA:529,0
DA:551,0
DA:559,0
DA:568,0
DA:573,0
DA:574,0
DA:575,0
DA:585,0
DA:597,0
DA:602,0
DA:603,0
DA:607,0
DA:612,0
DA:613,0
DA:617,0
DA:618,0
DA:619,0
DA:624,0
DA:626,0
DA:627,0
DA:628,0
DA:630,0
DA:632,0
DA:633,0
DA:639,0
DA:640,0
DA:641,0
DA:654,0
DA:658,0
DA:661,0
DA:665,0
DA:677,0
DA:685,0
DA:707,0
DA:710,0
DA:714,0
DA:715,0
DA:719,0
DA:720,0
DA:721,0
DA:725,0
DA:728,0
DA:736,0
DA:747,0
LF:154
LH:0
BRDA:79,0,0,0
BRDA:79,1,0,0
BRDA:84,2,0,0
BRDA:85,3,0,0
BRDA:86,4,0,0
BRDA:87,5,0,0
BRDA:88,6,0,0
BRDA:121,7,0,0
BRDA:121,7,1,0
BRDA:122,8,0,0
BRDA:122,8,1,0
BRDA:126,9,0,0
BRDA:126,9,1,0
BRDA:154,10,0,0
BRDA:160,11,0,0
BRDA:160,11,1,0
BRDA:161,12,0,0
BRDA:161,12,1,0
BRDA:164,13,0,0
BRDA:164,13,1,0
BRDA:182,14,0,0
BRDA:186,15,0,0
BRDA:204,16,0,0
BRDA:204,16,1,0
BRDA:208,17,0,0
BRDA:208,17,1,0
BRDA:226,18,0,0
BRDA:236,19,0,0
BRDA:236,19,1,0
BRDA:236,19,2,0
BRDA:237,20,0,0
BRDA:237,20,1,0
BRDA:238,21,0,0
BRDA:238,21,1,0
BRDA:239,22,0,0
BRDA:239,22,1,0
BRDA:246,23,0,0
BRDA:267,24,0,0
BRDA:272,25,0,0
BRDA:272,26,0,0
BRDA:272,26,1,0
BRDA:276,27,0,0
BRDA:286,28,0,0
BRDA:290,29,0,0
BRDA:291,30,0,0
BRDA:291,30,1,0
BRDA:293,31,0,0
BRDA:294,32,0,0
BRDA:294,32,1,0
BRDA:296,33,0,0
BRDA:297,34,0,0
BRDA:297,34,1,0
BRDA:318,35,0,0
BRDA:330,36,0,0
BRDA:356,37,0,0
BRDA:360,38,0,0
BRDA:364,39,0,0
BRDA:364,39,1,0
BRDA:375,40,0,0
BRDA:375,40,1,0
BRDA:380,41,0,0
BRDA:384,42,0,0
BRDA:401,43,0,0
BRDA:404,44,0,0
BRDA:404,44,1,0
BRDA:410,45,0,0
BRDA:410,45,1,0
BRDA:410,46,0,0
BRDA:410,46,1,0
BRDA:432,47,0,0
BRDA:437,48,0,0
BRDA:437,49,0,0
BRDA:437,49,1,0
BRDA:444,50,0,0
BRDA:453,51,0,0
BRDA:453,51,1,0
BRDA:453,52,0,0
BRDA:453,52,1,0
BRDA:454,53,0,0
BRDA:454,53,1,0
BRDA:472,54,0,0
BRDA:477,55,0,0
BRDA:484,56,0,0
BRDA:492,57,0,0
BRDA:515,58,0,0
BRDA:524,59,0,0
BRDA:539,60,0,0
BRDA:539,60,1,0
BRDA:542,61,0,0
BRDA:542,61,1,0
BRDA:573,62,0,0
BRDA:578,63,0,0
BRDA:578,63,1,0
BRDA:602,64,0,0
BRDA:612,65,0,0
BRDA:626,66,0,0
BRDA:626,66,1,0
BRDA:627,67,0,0
BRDA:627,67,1,0
BRDA:628,68,0,0
BRDA:628,68,1,0
BRDA:630,69,0,0
BRDA:630,70,0,0
BRDA:630,70,1,0
BRDA:630,70,2,0
BRDA:632,71,0,0
BRDA:639,72,0,0
BRDA:714,73,0,0
BRDA:720,74,0,0
BRF:109
BRH:0
end_of_record
TN:
SF:src/modules/admin/services/admin-feedback.service.ts
FN:11,(anonymous_2)
FN:16,(anonymous_3)
FN:57,(anonymous_4)
FN:72,(anonymous_5)
FN:93,(anonymous_6)
FN:104,(anonymous_7)
FN:133,(anonymous_8)
FN:154,(anonymous_9)
FN:168,(anonymous_10)
FNF:9
FNH:0
FNDA:0,(anonymous_2)
FNDA:0,(anonymous_3)
FNDA:0,(anonymous_4)
FNDA:0,(anonymous_5)
FNDA:0,(anonymous_6)
FNDA:0,(anonymous_7)
FNDA:0,(anonymous_8)
FNDA:0,(anonymous_9)
FNDA:0,(anonymous_10)
DA:1,0
DA:2,0
DA:10,0
DA:11,0
DA:24,0
DA:25,0
DA:27,0
DA:28,0
DA:29,0
DA:30,0
DA:31,0
DA:32,0
DA:33,0
DA:36,0
DA:56,0
DA:57,0
DA:73,0
DA:82,0
DA:87,0
DA:93,0
DA:105,0
DA:119,0
DA:120,0
DA:123,0
DA:134,0
DA:135,0
DA:136,0
DA:139,0
DA:155,0
DA:162,0
DA:169,0
DA:175,0
LF:32
LH:0
BRDA:24,0,0,0
BRDA:24,1,0,0
BRDA:28,2,0,0
BRDA:29,3,0,0
BRDA:30,4,0,0
BRDA:30,5,0,0
BRDA:30,5,1,0
BRDA:32,6,0,0
BRDA:33,7,0,0
BRDA:119,8,0,0
BRDA:135,9,0,0
BRDA:162,10,0,0
BRDA:162,10,1,0
BRDA:175,11,0,0
BRDA:175,11,1,0
BRF:15
BRH:0
end_of_record
TN:
SF:src/modules/admin/services/admin-hot-keywords.service.ts
FN:6,(anonymous_2)
FN:11,(anonymous_3)
FN:29,(anonymous_4)
FN:44,(anonymous_5)
FN:74,(anonymous_6)
FN:110,(anonymous_7)
FN:120,(anonymous_8)
FN:131,(anonymous_9)
FN:133,(anonymous_10)
FNF:9
FNH:0
FNDA:0,(anonymous_2)
FNDA:0,(anonymous_3)
FNDA:0,(anonymous_4)
FNDA:0,(anonymous_5)
FNDA:0,(anonymous_6)
FNDA:0,(anonymous_7)
FNDA:0,(anonymous_8)
FNDA:0,(anonymous_9)
FNDA:0,(anonymous_10)
DA:1,0
DA:2,0
DA:5,0
DA:6,0
DA:12,0
DA:13,0
DA:14,0
DA:16,0
DA:17,0
DA:20,0
DA:30,0
DA:34,0
DA:35,0
DA:38,0
DA:52,0
DA:56,0
DA:57,0
DA:60,0
DA:85,0
DA:88,0
DA:89,0
DA:96,0
DA:97,0
DA:101,0
DA:111,0
DA:112,0
DA:121,0
DA:125,0
DA:132,0
DA:134,0
DA:140,0
LF:31
LH:0
BRDA:13,0,0,0
BRDA:16,1,0,0
BRDA:34,2,0,0
BRDA:56,3,0,0
BRDA:63,4,0,0
BRDA:63,4,1,0
BRDA:64,5,0,0
BRDA:64,5,1,0
BRDA:65,6,0,0
BRDA:65,6,1,0
BRDA:66,7,0,0
BRDA:66,7,1,0
BRDA:88,8,0,0
BRDA:96,9,0,0
BRF:14
BRH:0
end_of_record
TN:
SF:src/modules/admin/services/admin-orders.service.ts
FN:20,(anonymous_2)
FN:32,(anonymous_3)
FN:107,(anonymous_4)
FN:123,(anonymous_5)
FN:165,(anonymous_6)
FN:256,(anonymous_7)
FN:312,(anonymous_8)
FN:382,(anonymous_9)
FN:396,(anonymous_10)
FN:405,(anonymous_11)
FN:428,(anonymous_12)
FN:450,(anonymous_13)
FN:482,(anonymous_14)
FN:522,(anonymous_15)
FN:538,(anonymous_16)
FN:572,(anonymous_17)
FN:597,(anonymous_18)
FN:615,(anonymous_19)
FN:626,(anonymous_20)
FN:637,(anonymous_21)
FN:657,(anonymous_22)
FNF:21
FNH:0
FNDA:0,(anonymous_2)
FNDA:0,(anonymous_3)
FNDA:0,(anonymous_4)
FNDA:0,(anonymous_5)
FNDA:0,(anonymous_6)
FNDA:0,(anonymous_7)
FNDA:0,(anonymous_8)
FNDA:0,(anonymous_9)
FNDA:0,(anonymous_10)
FNDA:0,(anonymous_11)
FNDA:0,(anonymous_12)
FNDA:0,(anonymous_13)
FNDA:0,(anonymous_14)
FNDA:0,(anonymous_15)
FNDA:0,(anonymous_16)
FNDA:0,(anonymous_17)
FNDA:0,(anonymous_18)
FNDA:0,(anonymous_19)
FNDA:0,(anonymous_20)
FNDA:0,(anonymous_21)
FNDA:0,(anonymous_22)
DA:1,0
DA:2,0
DA:3,0
DA:6,0
DA:19,0
DA:21,0
DA:22,0
DA:42,0
DA:44,0
DA:46,0
DA:47,0
DA:50,0
DA:51,0
DA:54,0
DA:55,0
DA:58,0
DA:59,0
DA:67,0
DA:68,0
DA:69,0
DA:70,0
DA:73,0
DA:107,0
DA:117,0
DA:124,0
DA:145,0
DA:146,0
DA:149,0
DA:166,0
DA:169,0
DA:170,0
DA:171,0
DA:172,0
DA:175,0
DA:176,0
DA:189,0
DA:225,0
DA:226,0
DA:228,0
DA:257,0
DA:261,0
DA:262,0
DA:266,0
DA:267,0
DA:268,0
DA:272,0
DA:277,0
DA:278,0
DA:281,0
DA:282,0
DA:285,0
DA:286,0
DA:290,0
DA:291,0
DA:294,0
DA:297,0
DA:308,0
DA:309,0
DA:312,0
DA:314,0
DA:315,0
DA:324,0
DA:342,0
DA:350,0
DA:369,0
DA:372,0
DA:383,0
DA:387,0
DA:388,0
DA:391,0
DA:396,0
DA:413,0
DA:429,0
DA:433,0
DA:434,0
DA:437,0
DA:438,0
DA:441,0
DA:451,0
DA:455,0
DA:456,0
DA:459,0
DA:460,0
DA:463,0
DA:464,0
DA:468,0
DA:473,0
DA:483,0
DA:487,0
DA:488,0
DA:491,0
DA:492,0
DA:496,0
DA:502,0
DA:503,0
DA:513,0
DA:514,0
DA:521,0
DA:522,0
DA:523,0
DA:524,0
DA:529,0
DA:532,0
DA:539,0
DA:543,0
DA:544,0
DA:547,0
DA:548,0
DA:552,0
DA:553,0
DA:559,0
DA:573,0
DA:577,0
DA:578,0
DA:581,0
DA:582,0
DA:585,0
DA:598,0
DA:602,0
DA:603,0
DA:606,0
DA:607,0
DA:613,0
DA:614,0
DA:615,0
DA:616,0
DA:617,0
DA:619,0
DA:624,0
DA:625,0
DA:626,0
DA:627,0
DA:628,0
DA:630,0
DA:635,0
DA:636,0
DA:637,0
DA:638,0
DA:639,0
DA:641,0
DA:645,0
DA:658,0
DA:662,0
DA:663,0
DA:666,0
LF:145
LH:0
BRDA:42,0,0,0
BRDA:42,1,0,0
BRDA:46,2,0,0
BRDA:46,3,0,0
BRDA:46,3,1,0
BRDA:50,4,0,0
BRDA:54,5,0,0
BRDA:58,6,0,0
BRDA:67,7,0,0
BRDA:67,8,0,0
BRDA:67,8,1,0
BRDA:69,9,0,0
BRDA:70,10,0,0
BRDA:111,11,0,0
BRDA:111,11,1,0
BRDA:145,12,0,0
BRDA:153,13,0,0
BRDA:153,13,1,0
BRDA:156,14,0,0
BRDA:156,14,1,0
BRDA:166,15,0,0
BRDA:166,15,1,0
BRDA:225,16,0,0
BRDA:225,16,1,0
BRDA:226,17,0,0
BRDA:226,17,1,0
BRDA:232,18,0,0
BRDA:232,18,1,0
BRDA:241,19,0,0
BRDA:241,19,1,0
BRDA:244,20,0,0
BRDA:244,20,1,0
BRDA:261,21,0,0
BRDA:267,22,0,0
BRDA:277,23,0,0
BRDA:281,24,0,0
BRDA:285,25,0,0
BRDA:290,26,0,0
BRDA:303,27,0,0
BRDA:303,27,1,0
BRDA:308,28,0,0
BRDA:308,28,1,0
BRDA:314,29,0,0
BRDA:314,30,0,0
BRDA:314,30,1,0
BRDA:353,31,0,0
BRDA:353,31,1,0
BRDA:358,32,0,0
BRDA:358,32,1,0
BRDA:364,33,0,0
BRDA:364,33,1,0
BRDA:387,34,0,0
BRDA:398,35,0,0
BRDA:398,35,1,0
BRDA:420,36,0,0
BRDA:420,36,1,0
BRDA:433,37,0,0
BRDA:437,38,0,0
BRDA:455,39,0,0
BRDA:459,40,0,0
BRDA:463,41,0,0
BRDA:487,42,0,0
BRDA:491,43,0,0
BRDA:502,44,0,0
BRDA:513,45,0,0
BRDA:543,46,0,0
BRDA:547,47,0,0
BRDA:552,48,0,0
BRDA:552,49,0,0
BRDA:552,49,1,0
BRDA:577,50,0,0
BRDA:581,51,0,0
BRDA:602,52,0,0
BRDA:606,53,0,0
BRDA:613,54,0,0
BRDA:624,55,0,0
BRDA:635,56,0,0
BRDA:635,57,0,0
BRDA:635,57,1,0
BRDA:662,58,0,0
BRF:80
BRH:0
end_of_record
TN:
SF:src/modules/admin/services/admin-patients.service.ts
FN:8,calculateAge
FN:22,(anonymous_3)
FN:27,(anonymous_4)
FN:76,(anonymous_5)
FN:98,(anonymous_6)
FN:133,(anonymous_7)
FN:144,(anonymous_8)
FN:173,(anonymous_9)
FN:199,(anonymous_10)
FN:225,(anonymous_11)
FN:249,(anonymous_12)
FN:267,(anonymous_13)
FNF:12
FNH:0
FNDA:0,calculateAge
FNDA:0,(anonymous_3)
FNDA:0,(anonymous_4)
FNDA:0,(anonymous_5)
FNDA:0,(anonymous_6)
FNDA:0,(anonymous_7)
FNDA:0,(anonymous_8)
FNDA:0,(anonymous_9)
FNDA:0,(anonymous_10)
FNDA:0,(anonymous_11)
FNDA:0,(anonymous_12)
FNDA:0,(anonymous_13)
DA:1,0
DA:2,0
DA:9,0
DA:10,0
DA:11,0
DA:12,0
DA:13,0
DA:14,0
DA:15,0
DA:17,0
DA:21,0
DA:22,0
DA:33,0
DA:35,0
DA:38,0
DA:39,0
DA:43,0
DA:44,0
DA:51,0
DA:76,0
DA:92,0
DA:99,0
DA:126,0
DA:127,0
DA:130,0
DA:133,0
DA:146,0
DA:150,0
DA:151,0
DA:155,0
DA:156,0
DA:162,0
DA:174,0
DA:178,0
DA:179,0
DA:183,0
DA:184,0
DA:190,0
DA:200,0
DA:204,0
DA:205,0
DA:209,0
DA:213,0
DA:214,0
DA:217,0
DA:226,0
DA:230,0
DA:231,0
DA:235,0
DA:240,0
DA:250,0
DA:258,0
DA:263,0
DA:267,0
LF:54
LH:0
BRDA:9,0,0,0
BRDA:14,1,0,0
BRDA:14,2,0,0
BRDA:14,2,1,0
BRDA:14,2,2,0
BRDA:33,3,0,0
BRDA:33,4,0,0
BRDA:38,5,0,0
BRDA:43,6,0,0
BRDA:126,7,0,0
BRDA:150,8,0,0
BRDA:155,9,0,0
BRDA:178,10,0,0
BRDA:183,11,0,0
BRDA:204,12,0,0
BRDA:213,13,0,0
BRDA:230,14,0,0
BRDA:266,15,0,0
BRDA:266,15,1,0
BRF:19
BRH:0
end_of_record
TN:
SF:src/modules/admin/services/admin-settlement.service.ts
FN:24,(anonymous_2)
FN:29,(anonymous_3)
FN:67,(anonymous_4)
FN:122,(anonymous_5)
FN:189,(anonymous_6)
FN:222,(anonymous_7)
FN:224,(anonymous_8)
FN:247,(anonymous_9)
FNF:8
FNH:0
FNDA:0,(anonymous_2)
FNDA:0,(anonymous_3)
FNDA:0,(anonymous_4)
FNDA:0,(anonymous_5)
FNDA:0,(anonymous_6)
FNDA:0,(anonymous_7)
FNDA:0,(anonymous_8)
FNDA:0,(anonymous_9)
DA:5,0
DA:6,0
DA:7,0
DA:21,0
DA:22,0
DA:24,0
DA:30,0
DA:32,0
DA:34,0
DA:46,0
DA:68,0
DA:70,0
DA:72,0
DA:73,0
DA:75,0
DA:76,0
DA:78,0
DA:79,0
DA:81,0
DA:82,0
DA:84,0
DA:85,0
DA:87,0
DA:88,0
DA:90,0
DA:91,0
DA:93,0
DA:94,0
DA:97,0
DA:98,0
DA:103,0
DA:116,0
DA:123,0
DA:126,0
DA:138,0
DA:139,0
DA:141,0
DA:156,0
DA:170,0
DA:190,0
DA:193,0
DA:206,0
DA:207,0
DA:210,0
DA:213,0
DA:214,0
DA:215,0
DA:216,0
DA:217,0
DA:221,0
DA:222,0
DA:224,0
DA:226,0
DA:230,0
DA:233,0
DA:234,0
DA:236,0
DA:245,0
DA:247,0
DA:255,0
DA:267,0
DA:270,0
DA:272,0
LF:63
LH:0
BRDA:32,0,0,0
BRDA:54,1,0,0
BRDA:54,1,1,0
BRDA:57,2,0,0
BRDA:57,2,1,0
BRDA:72,3,0,0
BRDA:75,4,0,0
BRDA:78,5,0,0
BRDA:81,6,0,0
BRDA:84,7,0,0
BRDA:87,8,0,0
BRDA:90,9,0,0
BRDA:93,10,0,0
BRDA:97,11,0,0
BRDA:97,11,1,0
BRDA:105,12,0,0
BRDA:105,12,1,0
BRDA:106,13,0,0
BRDA:106,13,1,0
BRDA:107,14,0,0
BRDA:107,14,1,0
BRDA:108,15,0,0
BRDA:108,15,1,0
BRDA:109,16,0,0
BRDA:109,16,1,0
BRDA:110,17,0,0
BRDA:110,17,1,0
BRDA:172,18,0,0
BRDA:172,18,1,0
BRDA:176,19,0,0
BRDA:176,19,1,0
BRDA:180,20,0,0
BRDA:180,20,1,0
BRDA:206,21,0,0
BRDA:215,22,0,0
BRDA:215,22,1,0
BRDA:230,23,0,0
BRF:37
BRH:0
end_of_record
TN:
SF:src/modules/admin/services/admin-users.service.ts
FN:6,(anonymous_2)
FN:11,(anonymous_3)
FN:71,(anonymous_4)
FN:92,(anonymous_5)
FN:138,(anonymous_6)
FN:149,(anonymous_7)
FN:213,(anonymous_8)
FN:241,(anonymous_9)
FN:259,(anonymous_10)
FN:286,(anonymous_11)
FNF:10
FNH:0
FNDA:0,(anonymous_2)
FNDA:0,(anonymous_3)
FNDA:0,(anonymous_4)
FNDA:0,(anonymous_5)
FNDA:0,(anonymous_6)
FNDA:0,(anonymous_7)
FNDA:0,(anonymous_8)
FNDA:0,(anonymous_9)
FNDA:0,(anonymous_10)
FNDA:0,(anonymous_11)
DA:1,0
DA:2,0
DA:5,0
DA:6,0
DA:19,0
DA:21,0
DA:23,0
DA:24,0
DA:31,0
DA:32,0
DA:33,0
DA:35,0
DA:39,0
DA:40,0
DA:41,0
DA:42,0
DA:45,0
DA:71,0
DA:86,0
DA:93,0
DA:121,0
DA:122,0
DA:126,0
DA:132,0
DA:138,0
DA:150,0
DA:151,0
DA:152,0
DA:153,0
DA:155,0
DA:156,0
DA:158,0
DA:159,0
DA:160,0
DA:170,0
DA:192,0
DA:214,0
DA:218,0
DA:219,0
DA:223,0
DA:224,0
DA:227,0
DA:228,0
DA:232,0
DA:242,0
DA:246,0
DA:247,0
DA:250,0
DA:260,0
DA:262,0
DA:266,0
DA:267,0
DA:270,0
DA:285,0
DA:286,0
LF:55
LH:0
BRDA:19,0,0,0
BRDA:19,1,0,0
BRDA:23,2,0,0
BRDA:31,3,0,0
BRDA:32,4,0,0
BRDA:32,4,1,0
BRDA:39,5,0,0
BRDA:39,6,0,0
BRDA:39,6,1,0
BRDA:41,7,0,0
BRDA:42,8,0,0
BRDA:121,9,0,0
BRDA:137,10,0,0
BRDA:137,10,1,0
BRDA:196,11,0,0
BRDA:196,11,1,0
BRDA:198,12,0,0
BRDA:198,12,1,0
BRDA:201,13,0,0
BRDA:201,13,1,0
BRDA:203,14,0,0
BRDA:203,14,1,0
BRDA:205,15,0,0
BRDA:205,15,1,0
BRDA:218,16,0,0
BRDA:223,17,0,0
BRDA:223,18,0,0
BRDA:223,18,1,0
BRDA:227,19,0,0
BRDA:246,20,0,0
BRDA:260,21,0,0
BRDA:260,22,0,0
BRDA:266,23,0,0
BRF:33
BRH:0
end_of_record
TN:
SF:src/modules/admin/services/admin-withdrawals.service.ts
FN:30,validateStateTransition
FN:38,maskPhone
FN:46,maskAccount
FN:53,(anonymous_5)
FN:58,(anonymous_6)
FN:116,(anonymous_7)
FN:140,(anonymous_8)
FN:189,(anonymous_9)
FN:233,(anonymous_10)
FN:247,(anonymous_11)
FN:261,(anonymous_12)
FN:280,(anonymous_13)
FN:311,(anonymous_14)
FN:357,(anonymous_15)
FN:438,(anonymous_16)
FN:480,(anonymous_17)
FN:552,(anonymous_18)
FN:563,(anonymous_19)
FN:585,(anonymous_20)
FN:655,(anonymous_21)
FN:729,(anonymous_22)
FN:815,(anonymous_23)
FN:833,(anonymous_24)
FN:834,(anonymous_25)
FNF:24
FNH:0
FNDA:0,validateStateTransition
FNDA:0,maskPhone
FNDA:0,maskAccount
FNDA:0,(anonymous_5)
FNDA:0,(anonymous_6)
FNDA:0,(anonymous_7)
FNDA:0,(anonymous_8)
FNDA:0,(anonymous_9)
FNDA:0,(anonymous_10)
FNDA:0,(anonymous_11)
FNDA:0,(anonymous_12)
FNDA:0,(anonymous_13)
FNDA:0,(anonymous_14)
FNDA:0,(anonymous_15)
FNDA:0,(anonymous_16)
FNDA:0,(anonymous_17)
FNDA:0,(anonymous_18)
FNDA:0,(anonymous_19)
FNDA:0,(anonymous_20)
FNDA:0,(anonymous_21)
FNDA:0,(anonymous_22)
FNDA:0,(anonymous_23)
FNDA:0,(anonymous_24)
FNDA:0,(anonymous_25)
DA:1,0
DA:2,0
DA:3,0
DA:17,0
DA:31,0
DA:32,0
DA:39,0
DA:40,0
DA:47,0
DA:48,0
DA:52,0
DA:53,0
DA:70,0
DA:72,0
DA:74,0
DA:75,0
DA:76,0
DA:78,0
DA:79,0
DA:87,0
DA:88,0
DA:89,0
DA:90,0
DA:93,0
DA:94,0
DA:96,0
DA:116,0
DA:134,0
DA:141,0
DA:160,0
DA:161,0
DA:164,0
DA:190,0
DA:212,0
DA:213,0
DA:216,0
DA:233,0
DA:248,0
DA:252,0
DA:253,0
DA:256,0
DA:261,0
DA:287,0
DA:294,0
DA:295,0
DA:299,0
DA:300,0
DA:301,0
DA:305,0
DA:306,0
DA:309,0
DA:311,0
DA:313,0
DA:324,0
DA:338,0
DA:354,0
DA:357,0
DA:359,0
DA:370,0
DA:379,0
DA:392,0
DA:406,0
DA:423,0
DA:447,0
DA:448,0
DA:451,0
DA:458,0
DA:459,0
DA:463,0
DA:464,0
DA:468,0
DA:469,0
DA:475,0
DA:476,0
DA:480,0
DA:482,0
DA:492,0
DA:501,0
DA:514,0
DA:528,0
DA:546,0
DA:557,0
DA:569,0
DA:576,0
DA:577,0
DA:581,0
DA:582,0
DA:585,0
DA:587,0
DA:596,0
DA:605,0
DA:618,0
DA:632,0
DA:649,0
DA:656,0
DA:657,0
DA:659,0
DA:671,0
DA:713,0
DA:742,0
DA:744,0
DA:746,0
DA:747,0
DA:748,0
DA:750,0
DA:751,0
DA:759,0
DA:760,0
DA:761,0
DA:762,0
DA:765,0
DA:766,0
DA:769,0
DA:785,0
DA:800,0
DA:808,0
DA:814,0
DA:815,0
DA:832,0
DA:833,0
DA:834,0
DA:837,0
LF:122
LH:0
BRDA:31,0,0,0
BRDA:31,0,1,0
BRDA:39,1,0,0
BRDA:39,2,0,0
BRDA:39,2,1,0
BRDA:47,3,0,0
BRDA:47,4,0,0
BRDA:47,4,1,0
BRDA:70,5,0,0
BRDA:70,6,0,0
BRDA:74,7,0,0
BRDA:75,8,0,0
BRDA:76,9,0,0
BRDA:78,10,0,0
BRDA:87,11,0,0
BRDA:87,12,0,0
BRDA:87,12,1,0
BRDA:89,13,0,0
BRDA:90,14,0,0
BRDA:93,15,0,0
BRDA:94,16,0,0
BRDA:127,17,0,0
BRDA:127,17,1,0
BRDA:160,18,0,0
BRDA:175,19,0,0
BRDA:175,19,1,0
BRDA:212,20,0,0
BRDA:227,21,0,0
BRDA:227,21,1,0
BRDA:252,22,0,0
BRDA:294,23,0,0
BRDA:299,24,0,0
BRDA:299,24,1,0
BRDA:300,25,0,0
BRDA:305,26,0,0
BRDA:305,27,0,0
BRDA:305,27,1,0
BRDA:309,28,0,0
BRDA:309,28,1,0
BRDA:330,29,0,0
BRDA:330,29,1,0
BRDA:331,30,0,0
BRDA:331,30,1,0
BRDA:398,31,0,0
BRDA:398,31,1,0
BRDA:447,32,0,0
BRDA:458,33,0,0
BRDA:463,34,0,0
BRDA:468,35,0,0
BRDA:475,36,0,0
BRDA:507,37,0,0
BRDA:507,37,1,0
BRDA:508,38,0,0
BRDA:508,38,1,0
BRDA:508,39,0,0
BRDA:508,39,1,0
BRDA:520,40,0,0
BRDA:520,40,1,0
BRDA:576,41,0,0
BRDA:581,42,0,0
BRDA:624,43,0,0
BRDA:624,43,1,0
BRDA:715,44,0,0
BRDA:715,44,1,0
BRDA:718,45,0,0
BRDA:718,45,1,0
BRDA:720,46,0,0
BRDA:720,46,1,0
BRDA:722,47,0,0
BRDA:722,47,1,0
BRDA:742,48,0,0
BRDA:746,49,0,0
BRDA:747,50,0,0
BRDA:748,51,0,0
BRDA:750,52,0,0
BRDA:759,53,0,0
BRDA:759,54,0,0
BRDA:759,54,1,0
BRDA:761,55,0,0
BRDA:762,56,0,0
BRDA:765,57,0,0
BRDA:766,58,0,0
BRDA:823,59,0,0
BRDA:823,59,1,0
BRDA:825,60,0,0
BRDA:825,60,1,0
BRDA:827,61,0,0
BRDA:827,61,1,0
BRDA:828,62,0,0
BRDA:828,62,1,0
BRF:90
BRH:0
end_of_record
TN:
SF:src/modules/auth/auth.controller.ts
FN:28,(anonymous_4)
FN:32,(anonymous_5)
FN:48,(anonymous_6)
FN:58,(anonymous_7)
FN:68,(anonymous_8)
FN:82,(anonymous_9)
FN:92,(anonymous_10)
FNF:7
FNH:0
FNDA:0,(anonymous_4)
FNDA:0,(anonymous_5)
FNDA:0,(anonymous_6)
FNDA:0,(anonymous_7)
FNDA:0,(anonymous_8)
FNDA:0,(anonymous_9)
FNDA:0,(anonymous_10)
DA:11,0
DA:12,0
DA:14,0
DA:15,0
DA:16,0
DA:17,0
DA:18,0
DA:19,0
DA:20,0
DA:27,0
DA:28,0
DA:32,0
DA:36,0
DA:39,0
DA:41,0
DA:48,0
DA:52,0
DA:53,0
DA:58,0
DA:60,0
DA:61,0
DA:68,0
DA:72,0
DA:75,0
DA:77,0
DA:82,0
DA:84,0
DA:85,0
DA:92,0
DA:104,0
DA:105,0
DA:107,0
DA:108,0
LF:33
LH:0
BRDA:104,0,0,0
BRDA:104,1,0,0
BRDA:104,1,1,0
BRF:3
BRH:0
end_of_record
TN:
SF:src/modules/auth/auth.module.ts
FN:29,(anonymous_1)
FNF:1
FNH:0
FNDA:0,(anonymous_1)
DA:11,0
DA:12,0
DA:13,0
DA:14,0
DA:15,0
DA:16,0
DA:17,0
DA:18,0
DA:19,0
DA:20,0
DA:30,0
DA:32,0
DA:46,0
LF:13
LH:0
BRDA:35,0,0,0
BRDA:35,0,1,0
BRF:2
BRH:0
end_of_record
TN:
SF:src/modules/auth/auth.service.ts
FN:32,(anonymous_2)
FN:41,(anonymous_3)
FN:84,(anonymous_4)
FN:130,(anonymous_5)
FN:187,(anonymous_6)
FN:214,(anonymous_7)
FN:248,(anonymous_8)
FN:257,(anonymous_9)
FN:259,(anonymous_10)
FN:272,(anonymous_11)
FN:320,(anonymous_12)
FN:364,(anonymous_13)
FN:382,(anonymous_14)
FNF:13
FNH:0
FNDA:0,(anonymous_2)
FNDA:0,(anonymous_3)
FNDA:0,(anonymous_4)
FNDA:0,(anonymous_5)
FNDA:0,(anonymous_6)
FNDA:0,(anonymous_7)
FNDA:0,(anonymous_8)
FNDA:0,(anonymous_9)
FNDA:0,(anonymous_10)
FNDA:0,(anonymous_11)
FNDA:0,(anonymous_12)
FNDA:0,(anonymous_13)
FNDA:0,(anonymous_14)
DA:11,0
DA:12,0
DA:13,0
DA:14,0
DA:15,0
DA:16,0
DA:17,0
DA:18,0
DA:29,0
DA:30,0
DA:33,0
DA:34,0
DA:35,0
DA:36,0
DA:37,0
DA:42,0
DA:45,0
DA:46,0
DA:48,0
DA:49,0
DA:61,0
DA:63,0
DA:64,0
DA:68,0
DA:72,0
DA:73,0
DA:74,0
DA:82,0
DA:83,0
DA:84,0
DA:85,0
DA:86,0
DA:88,0
DA:94,0
DA:95,0
DA:97,0
DA:102,0
DA:105,0
DA:111,0
DA:122,0
DA:123,0
DA:125,0
DA:131,0
DA:132,0
DA:134,0
DA:136,0
DA:147,0
DA:150,0
DA:155,0
DA:156,0
DA:157,0
DA:160,0
DA:163,0
DA:169,0
DA:171,0
DA:178,0
DA:179,0
DA:188,0
DA:190,0
DA:194,0
DA:195,0
DA:199,0
DA:200,0
DA:201,0
DA:202,0
DA:205,0
DA:214,0
DA:215,0
DA:221,0
DA:232,0
DA:234,0
DA:241,0
DA:243,0
DA:249,0
DA:258,0
DA:259,0
DA:260,0
DA:261,0
DA:263,0
DA:274,0
DA:278,0
DA:279,0
DA:283,0
DA:284,0
DA:288,0
DA:289,0
DA:290,0
DA:294,0
DA:297,0
DA:305,0
DA:329,0
DA:333,0
DA:334,0
DA:338,0
DA:341,0
DA:352,0
DA:365,0
DA:383,0
LF:98
LH:0
BRDA:63,0,0,0
BRDA:73,1,0,0
BRDA:82,2,0,0
BRDA:122,3,0,0
BRDA:156,4,0,0
BRDA:194,5,0,0
BRDA:199,6,0,0
BRDA:200,7,0,0
BRDA:278,8,0,0
BRDA:283,9,0,0
BRDA:289,10,0,0
BRDA:333,11,0,0
BRDA:348,12,0,0
BRDA:348,12,1,0
BRF:14
BRH:0
end_of_record
TN:
SF:src/modules/auth/session.service.ts
FN:23,(anonymous_2)
FN:25,(anonymous_3)
FN:38,(anonymous_4)
FN:43,(anonymous_5)
FN:58,(anonymous_6)
FN:74,(anonymous_7)
FN:96,(anonymous_8)
FN:118,(anonymous_9)
FN:139,(anonymous_10)
FNF:9
FNH:0
FNDA:0,(anonymous_2)
FNDA:0,(anonymous_3)
FNDA:0,(anonymous_4)
FNDA:0,(anonymous_5)
FNDA:0,(anonymous_6)
FNDA:0,(anonymous_7)
FNDA:0,(anonymous_8)
FNDA:0,(anonymous_9)
FNDA:0,(anonymous_10)
DA:17,0
DA:18,0
DA:21,0
DA:23,0
DA:25,0
DA:29,0
DA:32,0
DA:33,0
DA:36,0
DA:38,0
DA:44,0
DA:46,0
DA:47,0
DA:48,0
DA:52,0
DA:59,0
DA:61,0
DA:62,0
DA:63,0
DA:67,0
DA:75,0
DA:77,0
DA:78,0
DA:79,0
DA:84,0
DA:85,0
DA:86,0
DA:97,0
DA:99,0
DA:100,0
DA:101,0
DA:106,0
DA:107,0
DA:108,0
DA:122,0
DA:125,0
DA:126,0
DA:129,0
DA:132,0
DA:143,0
DA:146,0
DA:147,0
DA:150,0
DA:153,0
LF:44
LH:0
BRDA:46,0,0,0
BRDA:48,1,0,0
BRDA:48,1,1,0
BRDA:52,2,0,0
BRDA:52,2,1,0
BRDA:61,3,0,0
BRDA:63,4,0,0
BRDA:63,4,1,0
BRDA:67,5,0,0
BRDA:67,5,1,0
BRDA:77,6,0,0
BRDA:77,6,1,0
BRDA:84,7,0,0
BRDA:84,7,1,0
BRDA:99,8,0,0
BRDA:99,8,1,0
BRDA:106,9,0,0
BRDA:106,9,1,0
BRDA:125,10,0,0
BRDA:146,11,0,0
BRF:20
BRH:0
end_of_record
TN:
SF:src/modules/auth/dto/bind-phone.dto.ts
FNF:0
FNH:0
DA:1,0
DA:2,0
DA:4,0
DA:8,0
LF:4
LH:0
BRF:0
BRH:0
end_of_record
TN:
SF:src/modules/auth/dto/wechat-login.dto.ts
FNF:0
FNH:0
DA:1,0
DA:2,0
DA:4,0
DA:8,0
DA:13,0
LF:5
LH:0
BRF:0
BRH:0
end_of_record
TN:
SF:src/modules/auth/guards/admin.guard.ts
FN:10,(anonymous_1)
FNF:1
FNH:0
FNDA:0,(anonymous_1)
DA:1,0
DA:2,0
DA:9,0
DA:12,0
DA:13,0
DA:14,0
DA:18,0
DA:19,0
DA:25,0
LF:9
LH:0
BRDA:13,0,0,0
BRF:1
BRH:0
end_of_record
TN:
SF:src/modules/auth/guards/jwt-auth.guard.ts
FNF:0
FNH:0
DA:1,1
DA:2,1
DA:5,1
LF:3
LH:3
BRF:0
BRH:0
end_of_record
TN:
SF:src/modules/auth/strategies/jwt.strategy.ts
FN:25,(anonymous_2)
FN:31,(anonymous_3)
FN:55,(anonymous_4)
FNF:3
FNH:0
FNDA:0,(anonymous_2)
FNDA:0,(anonymous_3)
FNDA:0,(anonymous_4)
DA:12,0
DA:13,0
DA:14,0
DA:15,0
DA:17,0
DA:18,0
DA:19,0
DA:25,0
DA:26,0
DA:30,0
DA:32,0
DA:33,0
DA:34,0
DA:38,0
DA:39,0
DA:40,0
DA:46,0
DA:57,0
DA:59,0
DA:63,0
DA:64,0
DA:67,0
DA:68,0
DA:69,0
DA:71,0
DA:72,0
DA:74,0
DA:78,0
DA:80,0
DA:81,0
DA:82,0
DA:84,0
DA:85,0
DA:88,0
DA:99,0
DA:103,0
DA:104,0
DA:108,0
DA:109,0
DA:110,0
DA:112,0
LF:41
LH:0
BRDA:39,0,0,0
BRDA:57,1,0,0
BRDA:61,2,0,0
BRDA:61,2,1,0
BRDA:63,3,0,0
BRDA:68,4,0,0
BRDA:71,5,0,0
BRDA:78,6,0,0
BRDA:81,7,0,0
BRDA:84,8,0,0
BRDA:101,9,0,0
BRDA:101,9,1,0
BRDA:103,10,0,0
BRDA:109,11,0,0
BRF:14
BRH:0
end_of_record
TN:
SF:src/modules/campaigns/campaigns.controller.ts
FN:11,(anonymous_4)
FN:18,(anonymous_5)
FN:34,(anonymous_6)
FN:45,(anonymous_7)
FN:59,(anonymous_8)
FNF:5
FNH:0
FNDA:0,(anonymous_4)
FNDA:0,(anonymous_5)
FNDA:0,(anonymous_6)
FNDA:0,(anonymous_7)
FNDA:0,(anonymous_8)
DA:1,0
DA:2,0
DA:3,0
DA:4,0
DA:5,0
DA:6,0
DA:10,0
DA:11,0
DA:18,0
DA:23,0
DA:28,0
DA:34,0
DA:38,0
DA:39,0
DA:45,0
DA:49,0
DA:50,0
DA:59,0
DA:65,0
DA:66,0
DA:72,0
LF:21
LH:0
BRDA:25,0,0,0
BRDA:25,0,1,0
BRDA:26,1,0,0
BRDA:26,1,1,0
BRDA:65,2,0,0
BRDA:65,2,1,0
BRDA:65,2,2,0
BRF:7
BRH:0
end_of_record
TN:
SF:src/modules/campaigns/campaigns.module.ts
FNF:0
FNH:0
DA:1,0
DA:2,0
DA:3,0
DA:4,0
DA:5,0
DA:13,0
LF:6
LH:0
BRF:0
BRH:0
end_of_record
TN:
SF:src/modules/campaigns/campaigns.service.ts
FN:23,(anonymous_2)
FN:33,(anonymous_3)
FN:66,(anonymous_4)
FN:83,(anonymous_5)
FN:139,(anonymous_6)
FN:154,(anonymous_7)
FN:232,(anonymous_8)
FN:322,(anonymous_9)
FN:360,(anonymous_10)
FN:391,(anonymous_11)
FN:412,(anonymous_12)
FN:442,(anonymous_13)
FN:459,(anonymous_14)
FN:498,(anonymous_15)
FN:543,(anonymous_16)
FN:569,(anonymous_17)
FN:591,(anonymous_18)
FN:635,(anonymous_19)
FN:649,(anonymous_20)
FN:665,(anonymous_21)
FN:679,(anonymous_22)
FN:727,(anonymous_23)
FN:759,(anonymous_24)
FN:789,(anonymous_25)
FN:809,(anonymous_26)
FNF:25
FNH:0
FNDA:0,(anonymous_2)
FNDA:0,(anonymous_3)
FNDA:0,(anonymous_4)
FNDA:0,(anonymous_5)
FNDA:0,(anonymous_6)
FNDA:0,(anonymous_7)
FNDA:0,(anonymous_8)
FNDA:0,(anonymous_9)
FNDA:0,(anonymous_10)
FNDA:0,(anonymous_11)
FNDA:0,(anonymous_12)
FNDA:0,(anonymous_13)
FNDA:0,(anonymous_14)
FNDA:0,(anonymous_15)
FNDA:0,(anonymous_16)
FNDA:0,(anonymous_17)
FNDA:0,(anonymous_18)
FNDA:0,(anonymous_19)
FNDA:0,(anonymous_20)
FNDA:0,(anonymous_21)
FNDA:0,(anonymous_22)
FNDA:0,(anonymous_23)
FNDA:0,(anonymous_24)
FNDA:0,(anonymous_25)
FNDA:0,(anonymous_26)
DA:1,0
DA:7,0
DA:8,0
DA:10,0
DA:20,0
DA:21,0
DA:24,0
DA:25,0
DA:34,0
DA:35,0
DA:37,0
DA:43,0
DA:44,0
DA:47,0
DA:65,0
DA:66,0
DA:84,0
DA:108,0
DA:109,0
DA:113,0
DA:114,0
DA:115,0
DA:116,0
DA:122,0
DA:123,0
DA:131,0
DA:139,0
DA:155,0
DA:159,0
DA:160,0
DA:163,0
DA:164,0
DA:189,0
DA:191,0
DA:192,0
DA:195,0
DA:199,0
DA:200,0
DA:203,0
DA:207,0
DA:208,0
DA:214,0
DA:218,0
DA:226,0
DA:238,0
DA:241,0
DA:245,0
DA:246,0
DA:249,0
DA:250,0
DA:255,0
DA:256,0
DA:258,0
DA:259,0
DA:267,0
DA:271,0
DA:272,0
DA:273,0
DA:275,0
DA:276,0
DA:284,0
DA:289,0
DA:298,0
DA:299,0
DA:303,0
DA:304,0
DA:308,0
DA:317,0
DA:318,0
DA:322,0
DA:324,0
DA:333,0
DA:334,0
DA:338,0
DA:350,0
DA:361,0
DA:370,0
DA:371,0
DA:375,0
DA:397,0
DA:413,0
DA:415,0
DA:416,0
DA:417,0
DA:419,0
DA:420,0
DA:423,0
DA:441,0
DA:442,0
DA:461,0
DA:462,0
DA:464,0
DA:465,0
DA:469,0
DA:470,0
DA:473,0
DA:474,0
DA:478,0
DA:499,0
DA:503,0
DA:504,0
DA:507,0
DA:509,0
DA:510,0
DA:511,0
DA:512,0
DA:513,0
DA:514,0
DA:515,0
DA:516,0
DA:517,0
DA:518,0
DA:519,0
DA:520,0
DA:521,0
DA:522,0
DA:523,0
DA:524,0
DA:525,0
DA:528,0
DA:529,0
DA:530,0
DA:534,0
DA:544,0
DA:548,0
DA:549,0
DA:553,0
DA:557,0
DA:558,0
DA:561,0
DA:570,0
DA:574,0
DA:575,0
DA:578,0
DA:579,0
DA:582,0
DA:592,0
DA:596,0
DA:597,0
DA:600,0
DA:623,0
DA:635,0
DA:650,0
DA:665,0
DA:681,0
DA:685,0
DA:686,0
DA:690,0
DA:694,0
DA:695,0
DA:699,0
DA:708,0
DA:709,0
DA:712,0
DA:728,0
DA:732,0
DA:733,0
DA:736,0
DA:738,0
DA:739,0
DA:741,0
DA:742,0
DA:744,0
DA:746,0
DA:747,0
DA:748,0
DA:750,0
DA:760,0
DA:764,0
DA:765,0
DA:769,0
DA:777,0
DA:778,0
DA:781,0
DA:797,0
DA:810,0
DA:813,0
DA:822,0
DA:830,0
DA:832,0
LF:180
LH:0
BRDA:34,0,0,0
BRDA:34,1,0,0
BRDA:43,2,0,0
BRDA:69,3,0,0
BRDA:69,3,1,0
BRDA:108,4,0,0
BRDA:115,5,0,0
BRDA:134,6,0,0
BRDA:134,6,1,0
BRDA:139,7,0,0
BRDA:139,7,1,0
BRDA:143,8,0,0
BRDA:143,8,1,0
BRDA:159,9,0,0
BRDA:191,10,0,0
BRDA:191,11,0,0
BRDA:191,11,1,0
BRDA:195,12,0,0
BRDA:199,13,0,0
BRDA:203,14,0,0
BRDA:207,15,0,0
BRDA:207,16,0,0
BRDA:207,16,1,0
BRDA:214,17,0,0
BRDA:221,18,0,0
BRDA:221,18,1,0
BRDA:245,19,0,0
BRDA:245,20,0,0
BRDA:245,20,1,0
BRDA:249,21,0,0
BRDA:249,22,0,0
BRDA:249,22,1,0
BRDA:249,22,2,0
BRDA:258,23,0,0
BRDA:271,24,0,0
BRDA:275,25,0,0
BRDA:298,26,0,0
BRDA:298,27,0,0
BRDA:298,27,1,0
BRDA:303,28,0,0
BRDA:317,29,0,0
BRDA:333,30,0,0
BRDA:333,31,0,0
BRDA:333,31,1,0
BRDA:370,32,0,0
BRDA:413,33,0,0
BRDA:413,34,0,0
BRDA:416,35,0,0
BRDA:419,36,0,0
BRDA:445,37,0,0
BRDA:445,37,1,0
BRDA:464,38,0,0
BRDA:469,39,0,0
BRDA:473,40,0,0
BRDA:484,41,0,0
BRDA:484,41,1,0
BRDA:485,42,0,0
BRDA:485,42,1,0
BRDA:486,43,0,0
BRDA:486,43,1,0
BRDA:487,44,0,0
BRDA:487,44,1,0
BRDA:488,45,0,0
BRDA:488,45,1,0
BRDA:490,46,0,0
BRDA:490,46,1,0
BRDA:503,47,0,0
BRDA:509,48,0,0
BRDA:510,49,0,0
BRDA:511,50,0,0
BRDA:512,51,0,0
BRDA:513,52,0,0
BRDA:514,53,0,0
BRDA:514,54,0,0
BRDA:514,54,1,0
BRDA:515,55,0,0
BRDA:516,56,0,0
BRDA:517,57,0,0
BRDA:518,58,0,0
BRDA:519,59,0,0
BRDA:520,60,0,0
BRDA:521,61,0,0
BRDA:522,62,0,0
BRDA:523,63,0,0
BRDA:524,64,0,0
BRDA:525,65,0,0
BRDA:528,66,0,0
BRDA:528,67,0,0
BRDA:528,67,1,0
BRDA:529,68,0,0
BRDA:548,69,0,0
BRDA:557,70,0,0
BRDA:574,71,0,0
BRDA:578,72,0,0
BRDA:596,73,0,0
BRDA:627,74,0,0
BRDA:627,74,1,0
BRDA:632,75,0,0
BRDA:632,75,1,0
BRDA:669,76,0,0
BRDA:669,76,1,0
BRDA:685,77,0,0
BRDA:685,78,0,0
BRDA:685,78,1,0
BRDA:694,79,0,0
BRDA:708,80,0,0
BRDA:718,81,0,0
BRDA:718,81,1,0
BRDA:719,82,0,0
BRDA:719,82,1,0
BRDA:732,83,0,0
BRDA:738,84,0,0
BRDA:739,85,0,0
BRDA:741,86,0,0
BRDA:746,87,0,0
BRDA:747,88,0,0
BRDA:748,89,0,0
BRDA:764,90,0,0
BRDA:777,91,0,0
BRF:119
BRH:0
end_of_record
TN:
SF:src/modules/campaigns/dto/campaign.dto.ts
FN:5,(anonymous_2)
FN:12,(anonymous_3)
FN:17,(anonymous_4)
FN:27,(anonymous_5)
FN:55,(anonymous_6)
FN:61,(anonymous_7)
FN:67,(anonymous_8)
FN:85,(anonymous_9)
FN:91,(anonymous_10)
FN:113,(anonymous_11)
FN:151,(anonymous_12)
FN:157,(anonymous_13)
FN:163,(anonymous_14)
FN:180,(anonymous_15)
FN:186,(anonymous_16)
FN:207,(anonymous_17)
FN:223,(anonymous_18)
FN:235,(anonymous_19)
FN:241,(anonymous_20)
FN:249,(anonymous_21)
FN:256,(anonymous_22)
FN:262,(anonymous_23)
FN:268,(anonymous_24)
FN:275,(anonymous_25)
FN:283,(anonymous_26)
FN:289,(anonymous_27)
FN:295,(anonymous_28)
FN:301,(anonymous_29)
FNF:28
FNH:0
FNDA:0,(anonymous_2)
FNDA:0,(anonymous_3)
FNDA:0,(anonymous_4)
FNDA:0,(anonymous_5)
FNDA:0,(anonymous_6)
FNDA:0,(anonymous_7)
FNDA:0,(anonymous_8)
FNDA:0,(anonymous_9)
FNDA:0,(anonymous_10)
FNDA:0,(anonymous_11)
FNDA:0,(anonymous_12)
FNDA:0,(anonymous_13)
FNDA:0,(anonymous_14)
FNDA:0,(anonymous_15)
FNDA:0,(anonymous_16)
FNDA:0,(anonymous_17)
FNDA:0,(anonymous_18)
FNDA:0,(anonymous_19)
FNDA:0,(anonymous_20)
FNDA:0,(anonymous_21)
FNDA:0,(anonymous_22)
FNDA:0,(anonymous_23)
FNDA:0,(anonymous_24)
FNDA:0,(anonymous_25)
FNDA:0,(anonymous_26)
FNDA:0,(anonymous_27)
FNDA:0,(anonymous_28)
FNDA:0,(anonymous_29)
DA:1,0
DA:2,0
DA:3,0
DA:5,0
DA:6,0
DA:7,0
DA:8,0
DA:9,0
DA:12,0
DA:13,0
DA:14,0
DA:17,0
DA:18,0
DA:19,0
DA:20,0
DA:27,0
DA:31,0
DA:36,0
DA:40,0
DA:44,0
DA:48,0
DA:52,0
DA:55,0
DA:58,0
DA:61,0
DA:64,0
DA:67,0
DA:71,0
DA:76,0
DA:82,0
DA:85,0
DA:88,0
DA:91,0
DA:95,0
DA:100,0
DA:105,0
DA:110,0
DA:113,0
DA:116,0
DA:121,0
DA:126,0
DA:129,0
DA:133,0
DA:138,0
DA:143,0
DA:148,0
DA:151,0
DA:154,0
DA:157,0
DA:160,0
DA:163,0
DA:166,0
DA:171,0
DA:177,0
DA:180,0
DA:183,0
DA:186,0
DA:189,0
DA:194,0
DA:199,0
DA:204,0
DA:207,0
DA:210,0
DA:215,0
DA:220,0
DA:223,0
DA:227,0
DA:232,0
DA:235,0
DA:238,0
DA:241,0
DA:244,0
DA:249,0
DA:253,0
DA:256,0
DA:259,0
DA:262,0
DA:265,0
DA:268,0
DA:272,0
DA:275,0
DA:278,0
DA:281,0
DA:283,0
DA:286,0
DA:289,0
DA:292,0
DA:295,0
DA:298,0
DA:301,0
DA:304,0
DA:309,0
LF:92
LH:0
BRDA:5,0,0,0
BRDA:5,0,1,0
BRDA:12,1,0,0
BRDA:12,1,1,0
BRDA:17,2,0,0
BRDA:17,2,1,0
BRF:6
BRH:0
end_of_record
TN:
SF:src/modules/cms/article-categories/article-categories.controller.ts
FN:19,(anonymous_4)
FN:23,(anonymous_5)
FN:30,(anonymous_6)
FN:37,(anonymous_7)
FN:44,(anonymous_8)
FN:51,(anonymous_9)
FN:58,(anonymous_10)
FNF:7
FNH:0
FNDA:0,(anonymous_4)
FNDA:0,(anonymous_5)
FNDA:0,(anonymous_6)
FNDA:0,(anonymous_7)
FNDA:0,(anonymous_8)
FNDA:0,(anonymous_9)
FNDA:0,(anonymous_10)
DA:1,0
DA:11,0
DA:12,0
DA:13,0
DA:14,0
DA:18,0
DA:19,0
DA:23,0
DA:24,0
DA:25,0
DA:30,0
DA:31,0
DA:32,0
DA:37,0
DA:38,0
DA:39,0
DA:44,0
DA:45,0
DA:46,0
DA:51,0
DA:52,0
DA:53,0
DA:58,0
DA:59,0
DA:60,0
LF:25
LH:0
BRF:0
BRH:0
end_of_record
TN:
SF:src/modules/cms/article-categories/article-categories.module.ts
FN:11,(anonymous_2)
FN:13,(anonymous_3)
FNF:2
FNH:0
FNDA:0,(anonymous_2)
FNDA:0,(anonymous_3)
DA:1,0
DA:2,0
DA:3,0
DA:10,0
DA:11,0
DA:15,0
LF:6
LH:0
BRF:0
BRH:0
end_of_record
TN:
SF:src/modules/cms/article-categories/article-categories.service.ts
FN:8,(anonymous_2)
FN:13,(anonymous_3)
FN:31,(anonymous_4)
FN:58,(anonymous_5)
FN:68,(anonymous_6)
FN:92,(anonymous_7)
FN:118,(anonymous_8)
FN:155,(anonymous_9)
FN:188,(anonymous_10)
FNF:9
FNH:0
FNDA:0,(anonymous_2)
FNDA:0,(anonymous_3)
FNDA:0,(anonymous_4)
FNDA:0,(anonymous_5)
FNDA:0,(anonymous_6)
FNDA:0,(anonymous_7)
FNDA:0,(anonymous_8)
FNDA:0,(anonymous_9)
FNDA:0,(anonymous_10)
DA:1,0
DA:2,0
DA:7,0
DA:8,0
DA:14,0
DA:32,0
DA:34,0
DA:36,0
DA:37,0
DA:40,0
DA:41,0
DA:48,0
DA:58,0
DA:69,0
DA:78,0
DA:79,0
DA:82,0
DA:94,0
DA:98,0
DA:99,0
DA:102,0
DA:119,0
DA:123,0
DA:124,0
DA:128,0
DA:129,0
DA:133,0
DA:134,0
DA:141,0
DA:142,0
DA:146,0
DA:156,0
DA:165,0
DA:166,0
DA:170,0
DA:171,0
DA:174,0
DA:175,0
DA:180,0
DA:189,0
DA:200,0
DA:201,0
DA:205,0
DA:206,0
DA:209,0
DA:210,0
DA:212,0
DA:216,0
LF:48
LH:0
BRDA:36,0,0,0
BRDA:40,1,0,0
BRDA:78,2,0,0
BRDA:98,3,0,0
BRDA:109,4,0,0
BRDA:109,4,1,0
BRDA:110,5,0,0
BRDA:110,5,1,0
BRDA:123,6,0,0
BRDA:128,7,0,0
BRDA:128,8,0,0
BRDA:128,8,1,0
BRDA:128,8,2,0
BRDA:133,9,0,0
BRDA:141,10,0,0
BRDA:165,11,0,0
BRDA:170,12,0,0
BRDA:174,13,0,0
BRDA:205,14,0,0
BRDA:205,14,1,0
BRDA:210,15,0,0
BRF:21
BRH:0
end_of_record
TN:
SF:src/modules/cms/article-categories/dto/article-category.dto.ts
FNF:0
FNH:0
DA:1,0
DA:2,0
DA:4,0
DA:9,0
DA:16,0
DA:22,0
DA:27,0
DA:32,0
DA:37,0
DA:42,0
DA:45,0
DA:51,0
DA:59,0
DA:65,0
DA:70,0
DA:75,0
DA:80,0
DA:85,0
DA:88,0
DA:92,0
DA:97,0
LF:21
LH:0
BRF:0
BRH:0
end_of_record
TN:
SF:src/modules/cms/articles/articles.controller.ts
FN:19,(anonymous_4)
FN:26,(anonymous_5)
FN:36,(anonymous_6)
FN:46,(anonymous_7)
FN:56,(anonymous_8)
FN:66,(anonymous_9)
FN:76,(anonymous_10)
FN:86,(anonymous_11)
FN:96,(anonymous_12)
FN:106,(anonymous_13)
FN:116,(anonymous_14)
FN:126,(anonymous_15)
FNF:12
FNH:0
FNDA:0,(anonymous_4)
FNDA:0,(anonymous_5)
FNDA:0,(anonymous_6)
FNDA:0,(anonymous_7)
FNDA:0,(anonymous_8)
FNDA:0,(anonymous_9)
FNDA:0,(anonymous_10)
FNDA:0,(anonymous_11)
FNDA:0,(anonymous_12)
FNDA:0,(anonymous_13)
FNDA:0,(anonymous_14)
FNDA:0,(anonymous_15)
DA:1,0
DA:11,0
DA:12,0
DA:13,0
DA:14,0
DA:18,0
DA:19,0
DA:26,0
DA:27,0
DA:28,0
DA:36,0
DA:37,0
DA:38,0
DA:46,0
DA:47,0
DA:48,0
DA:56,0
DA:57,0
DA:58,0
DA:66,0
DA:67,0
DA:68,0
DA:76,0
DA:77,0
DA:78,0
DA:86,0
DA:87,0
DA:88,0
DA:96,0
DA:97,0
DA:98,0
DA:106,0
DA:107,0
DA:108,0
DA:116,0
DA:117,0
DA:118,0
DA:126,0
DA:127,0
DA:128,0
LF:40
LH:0
BRF:0
BRH:0
end_of_record
TN:
SF:src/modules/cms/articles/articles.module.ts
FNF:0
FNH:0
DA:1,0
DA:2,0
DA:3,0
DA:10,0
LF:4
LH:0
BRF:0
BRH:0
end_of_record
TN:
SF:src/modules/cms/articles/articles.service.ts
FN:8,(anonymous_2)
FN:13,(anonymous_3)
FN:87,(anonymous_4)
FN:120,(anonymous_5)
FN:153,(anonymous_6)
FN:213,(anonymous_7)
FN:237,(anonymous_8)
FN:301,(anonymous_9)
FN:368,(anonymous_10)
FN:385,(anonymous_11)
FN:406,(anonymous_12)
FN:426,(anonymous_13)
FNF:12
FNH:0
FNDA:0,(anonymous_2)
FNDA:0,(anonymous_3)
FNDA:0,(anonymous_4)
FNDA:0,(anonymous_5)
FNDA:0,(anonymous_6)
FNDA:0,(anonymous_7)
FNDA:0,(anonymous_8)
FNDA:0,(anonymous_9)
FNDA:0,(anonymous_10)
FNDA:0,(anonymous_11)
FNDA:0,(anonymous_12)
FNDA:0,(anonymous_13)
DA:1,0
DA:2,0
DA:7,0
DA:8,0
DA:14,0
DA:16,0
DA:21,0
DA:22,0
DA:25,0
DA:26,0
DA:30,0
DA:31,0
DA:34,0
DA:35,0
DA:38,0
DA:39,0
DA:45,0
DA:75,0
DA:88,0
DA:104,0
DA:105,0
DA:109,0
DA:114,0
DA:121,0
DA:137,0
DA:138,0
DA:142,0
DA:147,0
DA:154,0
DA:156,0
DA:158,0
DA:159,0
DA:162,0
DA:163,0
DA:166,0
DA:167,0
DA:170,0
DA:171,0
DA:174,0
DA:175,0
DA:182,0
DA:201,0
DA:214,0
DA:227,0
DA:228,0
DA:231,0
DA:239,0
DA:243,0
DA:244,0
DA:248,0
DA:249,0
DA:252,0
DA:253,0
DA:257,0
DA:275,0
DA:276,0
DA:280,0
DA:281,0
DA:284,0
DA:302,0
DA:306,0
DA:307,0
DA:311,0
DA:312,0
DA:319,0
DA:320,0
DA:325,0
DA:326,0
DA:329,0
DA:330,0
DA:335,0
DA:336,0
DA:339,0
DA:340,0
DA:341,0
DA:342,0
DA:346,0
DA:347,0
DA:350,0
DA:369,0
DA:373,0
DA:374,0
DA:377,0
DA:386,0
DA:390,0
DA:391,0
DA:394,0
DA:407,0
DA:411,0
DA:412,0
DA:415,0
DA:427,0
DA:431,0
DA:432,0
DA:435,0
LF:95
LH:0
BRDA:14,0,0,0
BRDA:14,1,0,0
BRDA:21,2,0,0
BRDA:25,3,0,0
BRDA:30,4,0,0
BRDA:34,5,0,0
BRDA:38,6,0,0
BRDA:104,7,0,0
BRDA:137,8,0,0
BRDA:154,9,0,0
BRDA:154,10,0,0
BRDA:158,11,0,0
BRDA:162,12,0,0
BRDA:166,13,0,0
BRDA:170,14,0,0
BRDA:174,15,0,0
BRDA:227,16,0,0
BRDA:243,17,0,0
BRDA:248,18,0,0
BRDA:252,19,0,0
BRDA:265,20,0,0
BRDA:265,20,1,0
BRDA:266,21,0,0
BRDA:266,21,1,0
BRDA:267,22,0,0
BRDA:267,22,1,0
BRDA:271,23,0,0
BRDA:271,23,1,0
BRDA:272,24,0,0
BRDA:272,24,1,0
BRDA:275,25,0,0
BRDA:280,26,0,0
BRDA:306,27,0,0
BRDA:311,28,0,0
BRDA:319,29,0,0
BRDA:325,30,0,0
BRDA:329,31,0,0
BRDA:339,32,0,0
BRDA:339,32,1,0
BRDA:341,33,0,0
BRDA:346,34,0,0
BRDA:346,35,0,0
BRDA:346,35,1,0
BRDA:373,36,0,0
BRDA:390,37,0,0
BRDA:411,38,0,0
BRDA:431,39,0,0
BRF:47
BRH:0
end_of_record
TN:
SF:src/modules/cms/articles/dto/article.dto.ts
FN:208,(anonymous_2)
FN:214,(anonymous_3)
FN:225,(anonymous_4)
FN:231,(anonymous_5)
FNF:4
FNH:0
FNDA:0,(anonymous_2)
FNDA:0,(anonymous_3)
FNDA:0,(anonymous_4)
FNDA:0,(anonymous_5)
DA:1,0
DA:2,0
DA:3,0
DA:5,0
DA:9,0
DA:15,0
DA:22,0
DA:28,0
DA:32,0
DA:37,0
DA:43,0
DA:49,0
DA:55,0
DA:60,0
DA:65,0
DA:71,0
DA:77,0
DA:83,0
DA:88,0
DA:93,0
DA:96,0
DA:100,0
DA:107,0
DA:115,0
DA:121,0
DA:126,0
DA:131,0
DA:137,0
DA:143,0
DA:149,0
DA:154,0
DA:159,0
DA:165,0
DA:171,0
DA:177,0
DA:182,0
DA:187,0
DA:190,0
DA:194,0
DA:199,0
DA:204,0
DA:208,0
DA:210,0
DA:214,0
DA:216,0
DA:221,0
DA:225,0
DA:227,0
DA:231,0
DA:233,0
LF:50
LH:0
BRDA:208,0,0,0
BRDA:208,0,1,0
BRDA:214,1,0,0
BRDA:214,1,1,0
BRF:4
BRH:0
end_of_record
TN:
SF:src/modules/cms/pages/pages.controller.ts
FN:22,(anonymous_4)
FN:29,(anonymous_5)
FN:39,(anonymous_6)
FN:49,(anonymous_7)
FN:119,(anonymous_8)
FN:129,(anonymous_9)
FN:139,(anonymous_10)
FN:149,(anonymous_11)
FN:159,(anonymous_12)
FN:169,(anonymous_13)
FN:179,(anonymous_14)
FNF:11
FNH:0
FNDA:0,(anonymous_4)
FNDA:0,(anonymous_5)
FNDA:0,(anonymous_6)
FNDA:0,(anonymous_7)
FNDA:0,(anonymous_8)
FNDA:0,(anonymous_9)
FNDA:0,(anonymous_10)
FNDA:0,(anonymous_11)
FNDA:0,(anonymous_12)
FNDA:0,(anonymous_13)
FNDA:0,(anonymous_14)
DA:1,0
DA:14,0
DA:15,0
DA:16,0
DA:17,0
DA:21,0
DA:22,0
DA:29,0
DA:30,0
DA:31,0
DA:39,0
DA:40,0
DA:41,0
DA:49,0
DA:50,0
DA:51,0
DA:56,0
DA:58,0
DA:60,0
DA:90,0
DA:91,0
DA:93,0
DA:94,0
DA:119,0
DA:120,0
DA:121,0
DA:129,0
DA:130,0
DA:131,0
DA:139,0
DA:140,0
DA:141,0
DA:149,0
DA:150,0
DA:151,0
DA:159,0
DA:160,0
DA:161,0
DA:169,0
DA:170,0
DA:171,0
DA:179,0
DA:180,0
DA:181,0
LF:44
LH:0
BRDA:58,0,0,0
BRDA:58,1,0,0
BRDA:58,1,1,0
BRDA:84,2,0,0
BRDA:84,2,1,0
BRF:5
BRH:0
end_of_record
TN:
SF:src/modules/cms/pages/pages.module.ts
FNF:0
FNH:0
DA:1,0
DA:2,0
DA:3,0
DA:10,0
LF:4
LH:0
BRF:0
BRH:0
end_of_record
TN:
SF:src/modules/cms/pages/pages.service.ts
FN:8,(anonymous_2)
FN:13,(anonymous_3)
FN:31,(anonymous_4)
FN:49,(anonymous_5)
FN:75,(anonymous_6)
FN:90,(anonymous_7)
FN:124,(anonymous_8)
FN:164,(anonymous_9)
FN:182,(anonymous_10)
FN:203,(anonymous_11)
FNF:10
FNH:0
FNDA:0,(anonymous_2)
FNDA:0,(anonymous_3)
FNDA:0,(anonymous_4)
FNDA:0,(anonymous_5)
FNDA:0,(anonymous_6)
FNDA:0,(anonymous_7)
FNDA:0,(anonymous_8)
FNDA:0,(anonymous_9)
FNDA:0,(anonymous_10)
FNDA:0,(anonymous_11)
DA:1,0
DA:2,0
DA:7,0
DA:8,0
DA:14,0
DA:32,0
DA:39,0
DA:40,0
DA:43,0
DA:50,0
DA:52,0
DA:54,0
DA:55,0
DA:58,0
DA:59,0
DA:66,0
DA:76,0
DA:80,0
DA:81,0
DA:84,0
DA:92,0
DA:96,0
DA:97,0
DA:100,0
DA:114,0
DA:115,0
DA:118,0
DA:126,0
DA:130,0
DA:131,0
DA:135,0
DA:136,0
DA:143,0
DA:144,0
DA:148,0
DA:151,0
DA:152,0
DA:155,0
DA:166,0
DA:170,0
DA:171,0
DA:174,0
DA:183,0
DA:187,0
DA:188,0
DA:191,0
DA:204,0
DA:208,0
DA:209,0
DA:212,0
LF:50
LH:0
BRDA:39,0,0,0
BRDA:54,1,0,0
BRDA:58,2,0,0
BRDA:80,3,0,0
BRDA:96,4,0,0
BRDA:109,5,0,0
BRDA:109,5,1,0
BRDA:110,6,0,0
BRDA:110,6,1,0
BRDA:114,7,0,0
BRDA:130,8,0,0
BRDA:135,9,0,0
BRDA:143,10,0,0
BRDA:151,11,0,0
BRDA:151,12,0,0
BRDA:151,12,1,0
BRDA:170,13,0,0
BRDA:187,14,0,0
BRDA:208,15,0,0
BRF:19
BRH:0
end_of_record
TN:
SF:src/modules/cms/pages/dto/page.dto.ts
FNF:0
FNH:0
DA:1,0
DA:2,0
DA:7,0
DA:12,0
DA:19,0
DA:23,0
DA:29,0
DA:34,0
DA:40,0
DA:46,0
DA:52,0
DA:57,0
DA:62,0
DA:68,0
DA:74,0
DA:82,0
DA:87,0
DA:93,0
DA:98,0
DA:104,0
DA:110,0
DA:116,0
DA:121,0
DA:126,0
DA:132,0
DA:136,0
DA:141,0
LF:27
LH:0
BRF:0
BRH:0
end_of_record
TN:
SF:src/modules/config/config.controller.ts
FN:11,(anonymous_4)
FN:18,(anonymous_5)
FN:43,(anonymous_6)
FN:54,(anonymous_7)
FN:61,(anonymous_8)
FN:72,(anonymous_9)
FN:79,(anonymous_10)
FN:90,(anonymous_11)
FN:101,(anonymous_12)
FN:112,(anonymous_13)
FN:126,(anonymous_14)
FN:133,(anonymous_15)
FN:144,(anonymous_16)
FN:158,(anonymous_17)
FN:182,(anonymous_18)
FN:224,(anonymous_19)
FN:231,(anonymous_20)
FN:242,(anonymous_21)
FN:256,(anonymous_22)
FN:270,(anonymous_23)
FN:283,(anonymous_24)
FN:296,(anonymous_25)
FN:322,(anonymous_26)
FN:339,(anonymous_27)
FN:350,(anonymous_28)
FNF:25
FNH:0
FNDA:0,(anonymous_4)
FNDA:0,(anonymous_5)
FNDA:0,(anonymous_6)
FNDA:0,(anonymous_7)
FNDA:0,(anonymous_8)
FNDA:0,(anonymous_9)
FNDA:0,(anonymous_10)
FNDA:0,(anonymous_11)
FNDA:0,(anonymous_12)
FNDA:0,(anonymous_13)
FNDA:0,(anonymous_14)
FNDA:0,(anonymous_15)
FNDA:0,(anonymous_16)
FNDA:0,(anonymous_17)
FNDA:0,(anonymous_18)
FNDA:0,(anonymous_19)
FNDA:0,(anonymous_20)
FNDA:0,(anonymous_21)
FNDA:0,(anonymous_22)
FNDA:0,(anonymous_23)
FNDA:0,(anonymous_24)
FNDA:0,(anonymous_25)
FNDA:0,(anonymous_26)
FNDA:0,(anonymous_27)
FNDA:0,(anonymous_28)
DA:1,0
DA:2,0
DA:3,0
DA:4,0
DA:5,0
DA:10,0
DA:12,0
DA:13,0
DA:18,0
DA:19,0
DA:20,0
DA:43,0
DA:44,0
DA:45,0
DA:54,0
DA:55,0
DA:56,0
DA:61,0
DA:62,0
DA:63,0
DA:72,0
DA:73,0
DA:74,0
DA:79,0
DA:80,0
DA:81,0
DA:90,0
DA:91,0
DA:92,0
DA:101,0
DA:102,0
DA:103,0
DA:112,0
DA:116,0
DA:117,0
DA:126,0
DA:127,0
DA:128,0
DA:133,0
DA:134,0
DA:135,0
DA:144,0
DA:145,0
DA:147,0
DA:153,0
DA:158,0
DA:159,0
DA:161,0
DA:167,0
DA:182,0
DA:183,0
DA:186,0
DA:187,0
DA:191,0
DA:193,0
DA:195,0
DA:197,0
DA:199,0
DA:200,0
DA:209,0
DA:213,0
DA:214,0
DA:224,0
DA:225,0
DA:226,0
DA:231,0
DA:232,0
DA:233,0
DA:242,0
DA:243,0
DA:245,0
DA:251,0
DA:256,0
DA:257,0
DA:259,0
DA:265,0
DA:270,0
DA:271,0
DA:273,0
DA:278,0
DA:283,0
DA:284,0
DA:286,0
DA:291,0
DA:296,0
DA:297,0
DA:299,0
DA:312,0
DA:322,0
DA:323,0
DA:324,0
DA:339,0
DA:343,0
DA:344,0
DA:350,0
DA:351,0
DA:352,0
LF:97
LH:0
BRDA:149,0,0,0
BRDA:149,0,1,0
BRDA:163,1,0,0
BRDA:163,1,1,0
BRDA:186,2,0,0
BRDA:197,3,0,0
BRDA:197,3,1,0
BRDA:204,4,0,0
BRDA:204,4,1,0
BRDA:206,5,0,0
BRDA:206,5,1,0
BRDA:213,6,0,0
BRDA:213,6,1,0
BRDA:247,7,0,0
BRDA:247,7,1,0
BRDA:248,8,0,0
BRDA:248,8,1,0
BRDA:249,9,0,0
BRDA:249,9,1,0
BRDA:261,10,0,0
BRDA:261,10,1,0
BRDA:262,11,0,0
BRDA:262,11,1,0
BRDA:263,12,0,0
BRDA:263,12,1,0
BRDA:275,13,0,0
BRDA:275,13,1,0
BRDA:276,14,0,0
BRDA:276,14,1,0
BRDA:288,15,0,0
BRDA:288,15,1,0
BRDA:289,16,0,0
BRDA:289,16,1,0
BRDA:302,17,0,0
BRDA:302,17,1,0
BRDA:303,18,0,0
BRDA:303,18,1,0
BRDA:304,19,0,0
BRDA:304,19,1,0
BRDA:308,20,0,0
BRDA:308,20,1,0
BRDA:309,21,0,0
BRDA:309,21,1,0
BRF:43
BRH:0
end_of_record
TN:
SF:src/modules/config/config.module.ts
FN:10,(anonymous_1)
FNF:1
FNH:0
FNDA:0,(anonymous_1)
DA:1,0
DA:2,0
DA:3,0
DA:4,0
DA:5,0
DA:10,0
DA:16,0
LF:7
LH:0
BRF:0
BRH:0
end_of_record
TN:
SF:src/modules/config/config.service.ts
FN:36,(anonymous_2)
FN:41,(anonymous_3)
FN:60,(anonymous_4)
FN:80,(anonymous_5)
FN:100,(anonymous_6)
FN:101,(anonymous_7)
FN:125,(anonymous_8)
FN:143,(anonymous_9)
FN:146,(anonymous_10)
FN:158,(anonymous_11)
FN:190,(anonymous_12)
FN:250,(anonymous_13)
FN:316,(anonymous_14)
FN:364,(anonymous_15)
FN:453,(anonymous_16)
FN:469,(anonymous_17)
FN:534,(anonymous_18)
FN:560,(anonymous_19)
FN:593,(anonymous_20)
FN:644,(anonymous_21)
FN:687,(anonymous_22)
FN:707,(anonymous_23)
FN:739,(anonymous_24)
FN:783,(anonymous_25)
FN:816,(anonymous_26)
FN:856,(anonymous_27)
FN:888,(anonymous_28)
FNF:27
FNH:0
FNDA:0,(anonymous_2)
FNDA:0,(anonymous_3)
FNDA:0,(anonymous_4)
FNDA:0,(anonymous_5)
FNDA:0,(anonymous_6)
FNDA:0,(anonymous_7)
FNDA:0,(anonymous_8)
FNDA:0,(anonymous_9)
FNDA:0,(anonymous_10)
FNDA:0,(anonymous_11)
FNDA:0,(anonymous_12)
FNDA:0,(anonymous_13)
FNDA:0,(anonymous_14)
FNDA:0,(anonymous_15)
FNDA:0,(anonymous_16)
FNDA:0,(anonymous_17)
FNDA:0,(anonymous_18)
FNDA:0,(anonymous_19)
FNDA:0,(anonymous_20)
FNDA:0,(anonymous_21)
FNDA:0,(anonymous_22)
FNDA:0,(anonymous_23)
FNDA:0,(anonymous_24)
FNDA:0,(anonymous_25)
FNDA:0,(anonymous_26)
FNDA:0,(anonymous_27)
FNDA:0,(anonymous_28)
DA:1,0
DA:2,0
DA:3,0
DA:35,0
DA:36,0
DA:42,0
DA:46,0
DA:47,0
DA:50,0
DA:51,0
DA:53,0
DA:61,0
DA:63,0
DA:81,0
DA:85,0
DA:86,0
DA:87,0
DA:88,0
DA:90,0
DA:94,0
DA:101,0
DA:103,0
DA:105,0
DA:119,0
DA:126,0
DA:128,0
DA:129,0
DA:130,0
DA:131,0
DA:133,0
DA:137,0
DA:144,0
DA:159,0
DA:160,0
DA:162,0
DA:191,0
DA:193,0
DA:194,0
DA:199,0
DA:200,0
DA:205,0
DA:206,0
DA:211,0
DA:212,0
DA:217,0
DA:218,0
DA:223,0
DA:224,0
DA:229,0
DA:230,0
DA:236,0
DA:237,0
DA:240,0
DA:251,0
DA:252,0
DA:254,0
DA:317,0
DA:339,0
DA:341,0
DA:342,0
DA:343,0
DA:350,0
DA:351,0
DA:354,0
DA:365,0
DA:366,0
DA:368,0
DA:454,0
DA:455,0
DA:463,0
DA:473,0
DA:475,0
DA:508,0
DA:510,0
DA:511,0
DA:513,0
DA:514,0
DA:516,0
DA:517,0
DA:520,0
DA:521,0
DA:524,0
DA:535,0
DA:536,0
DA:538,0
DA:561,0
DA:563,0
DA:564,0
DA:566,0
DA:567,0
DA:569,0
DA:570,0
DA:572,0
DA:573,0
DA:575,0
DA:576,0
DA:579,0
DA:580,0
DA:583,0
DA:594,0
DA:595,0
DA:597,0
DA:645,0
DA:662,0
DA:664,0
DA:665,0
DA:666,0
DA:673,0
DA:674,0
DA:677,0
DA:688,0
DA:689,0
DA:691,0
DA:708,0
DA:714,0
DA:716,0
DA:717,0
DA:718,0
DA:725,0
DA:726,0
DA:729,0
DA:740,0
DA:750,0
DA:752,0
DA:784,0
DA:795,0
DA:797,0
DA:798,0
DA:799,0
DA:806,0
DA:807,0
DA:810,0
DA:817,0
DA:826,0
DA:828,0
DA:857,0
DA:867,0
DA:869,0
DA:870,0
DA:871,0
DA:878,0
DA:879,0
DA:882,0
DA:889,0
DA:894,0
LF:145
LH:0
BRDA:46,0,0,0
BRDA:61,1,0,0
BRDA:61,1,1,0
BRDA:72,2,0,0
BRDA:72,2,1,0
BRDA:103,3,0,0
BRDA:103,3,1,0
BRDA:164,4,0,0
BRDA:164,4,1,0
BRDA:167,5,0,0
BRDA:167,5,1,0
BRDA:170,6,0,0
BRDA:170,6,1,0
BRDA:173,7,0,0
BRDA:173,7,1,0
BRDA:176,8,0,0
BRDA:176,8,1,0
BRDA:179,9,0,0
BRDA:179,9,1,0
BRDA:182,10,0,0
BRDA:182,10,1,0
BRDA:193,11,0,0
BRDA:199,12,0,0
BRDA:205,13,0,0
BRDA:211,14,0,0
BRDA:217,15,0,0
BRDA:223,16,0,0
BRDA:229,17,0,0
BRDA:236,18,0,0
BRDA:256,19,0,0
BRDA:256,19,1,0
BRDA:259,20,0,0
BRDA:259,20,1,0
BRDA:262,21,0,0
BRDA:262,21,1,0
BRDA:265,22,0,0
BRDA:265,22,1,0
BRDA:268,23,0,0
BRDA:268,23,1,0
BRDA:271,24,0,0
BRDA:271,24,1,0
BRDA:274,25,0,0
BRDA:274,25,1,0
BRDA:277,26,0,0
BRDA:277,26,1,0
BRDA:280,27,0,0
BRDA:280,27,1,0
BRDA:283,28,0,0
BRDA:283,28,1,0
BRDA:286,29,0,0
BRDA:286,29,1,0
BRDA:289,30,0,0
BRDA:289,30,1,0
BRDA:292,31,0,0
BRDA:292,31,1,0
BRDA:295,32,0,0
BRDA:295,32,1,0
BRDA:299,33,0,0
BRDA:299,33,1,0
BRDA:302,34,0,0
BRDA:302,34,1,0
BRDA:305,35,0,0
BRDA:305,35,1,0
BRDA:308,36,0,0
BRDA:308,36,1,0
BRDA:342,37,0,0
BRDA:342,38,0,0
BRDA:342,38,1,0
BRDA:350,39,0,0
BRDA:371,40,0,0
BRDA:371,40,1,0
BRDA:374,41,0,0
BRDA:374,41,1,0
BRDA:377,42,0,0
BRDA:377,42,1,0
BRDA:384,43,0,0
BRDA:384,43,1,0
BRDA:387,44,0,0
BRDA:387,44,1,0
BRDA:390,45,0,0
BRDA:390,45,1,0
BRDA:397,46,0,0
BRDA:397,46,1,0
BRDA:400,47,0,0
BRDA:400,47,1,0
BRDA:403,48,0,0
BRDA:403,48,1,0
BRDA:410,49,0,0
BRDA:410,49,1,0
BRDA:413,50,0,0
BRDA:413,50,1,0
BRDA:416,51,0,0
BRDA:416,51,1,0
BRDA:423,52,0,0
BRDA:423,52,1,0
BRDA:426,53,0,0
BRDA:426,53,1,0
BRDA:429,54,0,0
BRDA:429,54,1,0
BRDA:436,55,0,0
BRDA:436,55,1,0
BRDA:439,56,0,0
BRDA:439,56,1,0
BRDA:442,57,0,0
BRDA:442,57,1,0
BRDA:510,58,0,0
BRDA:513,59,0,0
BRDA:516,60,0,0
BRDA:520,61,0,0
BRDA:540,62,0,0
BRDA:540,62,1,0
BRDA:543,63,0,0
BRDA:543,63,1,0
BRDA:546,64,0,0
BRDA:546,64,1,0
BRDA:549,65,0,0
BRDA:549,65,1,0
BRDA:552,66,0,0
BRDA:552,66,1,0
BRDA:563,67,0,0
BRDA:566,68,0,0
BRDA:569,69,0,0
BRDA:572,70,0,0
BRDA:575,71,0,0
BRDA:579,72,0,0
BRDA:599,73,0,0
BRDA:599,73,1,0
BRDA:602,74,0,0
BRDA:602,74,1,0
BRDA:605,75,0,0
BRDA:605,75,1,0
BRDA:608,76,0,0
BRDA:608,76,1,0
BRDA:611,77,0,0
BRDA:611,77,1,0
BRDA:614,78,0,0
BRDA:614,78,1,0
BRDA:617,79,0,0
BRDA:617,79,1,0
BRDA:620,80,0,0
BRDA:620,80,1,0
BRDA:624,81,0,0
BRDA:624,81,1,0
BRDA:627,82,0,0
BRDA:627,82,1,0
BRDA:630,83,0,0
BRDA:630,83,1,0
BRDA:633,84,0,0
BRDA:633,84,1,0
BRDA:636,85,0,0
BRDA:636,85,1,0
BRDA:665,86,0,0
BRDA:665,87,0,0
BRDA:665,87,1,0
BRDA:673,88,0,0
BRDA:693,89,0,0
BRDA:693,89,1,0
BRDA:696,90,0,0
BRDA:696,90,1,0
BRDA:699,91,0,0
BRDA:699,91,1,0
BRDA:717,92,0,0
BRDA:717,93,0,0
BRDA:717,93,1,0
BRDA:725,94,0,0
BRDA:754,95,0,0
BRDA:754,95,1,0
BRDA:757,96,0,0
BRDA:757,96,1,0
BRDA:760,97,0,0
BRDA:760,97,1,0
BRDA:763,98,0,0
BRDA:763,98,1,0
BRDA:766,99,0,0
BRDA:766,99,1,0
BRDA:769,100,0,0
BRDA:769,100,1,0
BRDA:772,101,0,0
BRDA:772,101,1,0
BRDA:775,102,0,0
BRDA:775,102,1,0
BRDA:798,103,0,0
BRDA:798,104,0,0
BRDA:798,104,1,0
BRDA:806,105,0,0
BRDA:830,106,0,0
BRDA:830,106,1,0
BRDA:833,107,0,0
BRDA:833,107,1,0
BRDA:836,108,0,0
BRDA:836,108,1,0
BRDA:839,109,0,0
BRDA:839,109,1,0
BRDA:842,110,0,0
BRDA:842,110,1,0
BRDA:845,111,0,0
BRDA:845,111,1,0
BRDA:848,112,0,0
BRDA:848,112,1,0
BRDA:870,113,0,0
BRDA:870,114,0,0
BRDA:870,114,1,0
BRDA:878,115,0,0
BRF:203
BRH:0
end_of_record
TN:
SF:src/modules/config/dto/config.dto.ts
FNF:0
FNH:0
DA:1,0
DA:2,0
DA:4,0
DA:7,0
DA:12,0
DA:15,0
DA:17,0
DA:21,0
DA:49,0
DA:80,0
DA:89,0
DA:118,0
DA:147,0
DA:218,0
DA:240,0
DA:262,0
DA:295,0
DA:307,0
DA:314,0
DA:339,0
DA:347,0
DA:353,0
DA:375,0
DA:393,0
DA:449,0
DA:470,0
DA:539,0
DA:549,0
LF:28
LH:0
BRF:0
BRH:0
end_of_record
TN:
SF:src/modules/coupons/coupons.controller.ts
FN:30,(anonymous_4)
FN:36,(anonymous_5)
FN:47,(anonymous_6)
FN:61,(anonymous_7)
FN:76,(anonymous_8)
FN:96,(anonymous_9)
FNF:6
FNH:0
FNDA:0,(anonymous_4)
FNDA:0,(anonymous_5)
FNDA:0,(anonymous_6)
FNDA:0,(anonymous_7)
FNDA:0,(anonymous_8)
FNDA:0,(anonymous_9)
DA:1,0
DA:11,0
DA:18,0
DA:19,0
DA:23,0
DA:24,0
DA:25,0
DA:29,0
DA:30,0
DA:36,0
DA:39,0
DA:40,0
DA:47,0
DA:52,0
DA:53,0
DA:54,0
DA:61,0
DA:65,0
DA:66,0
DA:76,0
DA:82,0
DA:87,0
DA:96,0
DA:101,0
DA:106,0
LF:25
LH:0
BRDA:52,0,0,0
BRDA:52,0,1,0
[...]
DA:73,0
DA:77,0
DA:78,0
DA:81,0
DA:86,0
DA:88,0
DA:105,0
DA:110,0
DA:111,0
DA:114,0
DA:117,0
DA:121,0
DA:122,0
DA:129,0
DA:133,0
DA:135,0
DA:137,0
DA:153,0
DA:154,0
DA:166,0
DA:174,0
DA:175,0
DA:189,0
DA:207,0
DA:216,0
DA:220,0
DA:224,0
DA:228,0
DA:229,0
DA:233,0
DA:237,0
DA:238,0
DA:251,0
DA:254,0
DA:276,0
DA:278,0
DA:298,0
DA:299,0
DA:300,0
DA:304,0
DA:309,0
DA:313,0
DA:315,0
DA:335,0
DA:339,0
DA:343,0
DA:344,0
DA:347,0
DA:348,0
DA:352,0
DA:356,0
DA:357,0
DA:360,0
DA:374,0
DA:376,0
DA:384,0
DA:385,0
DA:398,0
DA:419,0
DA:423,0
DA:427,0
DA:428,0
DA:433,0
DA:434,0
DA:435,0
DA:437,0
DA:442,0
DA:443,0
DA:447,0
DA:452,0
DA:454,0
LF:88
LH:0
BRDA:30,0,0,0
BRDA:34,1,0,0
BRDA:77,2,0,0
BRDA:110,3,0,0
BRDA:114,4,0,0
BRDA:114,4,1,0
BRDA:121,5,0,0
BRDA:155,6,0,0
BRDA:155,6,1,0
BRDA:177,7,0,0
BRDA:177,7,1,0
BRDA:216,8,0,0
BRDA:216,8,1,0
BRDA:220,9,0,0
BRDA:220,9,1,0
BRDA:224,10,0,0
BRDA:224,10,1,0
BRDA:228,11,0,0
BRDA:228,12,0,0
BRDA:228,12,1,0
BRDA:228,12,2,0
BRDA:237,13,0,0
BRDA:244,14,0,0
BRDA:244,14,1,0
BRDA:264,15,0,0
BRDA:264,15,1,0
BRDA:265,16,0,0
BRDA:265,16,1,0
BRDA:266,17,0,0
BRDA:266,17,1,0
BRDA:267,18,0,0
BRDA:267,18,1,0
BRDA:299,19,0,0
BRDA:343,20,0,0
BRDA:347,21,0,0
BRDA:352,22,0,0
BRDA:352,22,1,0
BRDA:356,23,0,0
BRDA:395,24,0,0
BRDA:395,24,1,0
BRDA:427,25,0,0
BRDA:433,26,0,0
BRDA:433,26,1,0
BRDA:435,27,0,0
BRDA:442,28,0,0
BRF:45
BRH:0
end_of_record
TN:
SF:src/modules/test/test.module.ts
FNF:0
FNH:0
DA:1,0
DA:2,0
DA:13,0
LF:3
LH:0
BRF:0
BRH:0
end_of_record
TN:
SF:src/modules/upload/upload.controller.ts
FN:47,(anonymous_4)
FN:122,(anonymous_5)
FN:86,(anonymous_6)
FN:93,(anonymous_7)
FNF:4
FNH:0
FNDA:0,(anonymous_4)
FNDA:0,(anonymous_5)
FNDA:0,(anonymous_6)
FNDA:0,(anonymous_7)
DA:12,0
DA:21,0
DA:22,0
DA:23,0
DA:24,0
DA:25,0
DA:26,0
DA:27,0
DA:30,0
DA:33,0
DA:42,0
DA:47,0
DA:53,0
DA:54,0
DA:63,0
DA:64,0
DA:65,0
DA:66,0
DA:74,0
DA:81,0
DA:87,0
DA:88,0
DA:89,0
DA:91,0
DA:94,0
DA:95,0
DA:122,0
DA:126,0
DA:127,0
DA:131,0
DA:132,0
DA:133,0
DA:137,0
DA:138,0
DA:139,0
DA:143,0
DA:144,0
DA:146,0
DA:147,0
DA:153,0
DA:155,0
LF:41
LH:0
BRDA:53,0,0,0
BRDA:65,1,0,0
BRDA:126,2,0,0
BRDA:132,3,0,0
BRDA:132,4,0,0
BRDA:132,4,1,0
BRDA:138,5,0,0
BRDA:88,6,0,0
BRF:8
BRH:0
end_of_record
TN:
SF:src/modules/upload/upload.module.ts
FNF:0
FNH:0
DA:1,0
DA:2,0
DA:3,0
DA:4,0
DA:5,0
DA:8,0
DA:9,0
DA:10,0
DA:24,0
LF:9
LH:0
BRDA:9,0,0,0
BRF:1
BRH:0
end_of_record
TN:
SF:src/modules/user-addresses/user-addresses.controller.ts
FN:23,(anonymous_4)
FN:29,(anonymous_5)
FN:38,(anonymous_6)
FN:49,(anonymous_7)
FN:60,(anonymous_8)
FN:71,(anonymous_9)
FN:82,(anonymous_10)
FN:97,(anonymous_11)
FN:108,(anonymous_12)
FNF:9
FNH:0
FNDA:0,(anonymous_4)
FNDA:0,(anonymous_5)
FNDA:0,(anonymous_6)
FNDA:0,(anonymous_7)
FNDA:0,(anonymous_8)
FNDA:0,(anonymous_9)
FNDA:0,(anonymous_10)
FNDA:0,(anonymous_11)
FNDA:0,(anonymous_12)
DA:1,0
DA:12,0
DA:13,0
DA:14,0
DA:15,0
DA:16,0
DA:22,0
DA:23,0
DA:30,0
DA:38,0
DA:39,0
DA:40,0
DA:41,0
DA:49,0
DA:50,0
DA:51,0
DA:52,0
DA:60,0
DA:61,0
DA:62,0
DA:63,0
DA:71,0
DA:72,0
DA:73,0
DA:74,0
DA:82,0
DA:87,0
DA:88,0
DA:89,0
DA:97,0
DA:98,0
DA:99,0
DA:100,0
DA:108,0
DA:109,0
DA:110,0
DA:111,0
LF:37
LH:0
BRDA:30,0,0,0
BRDA:30,0,1,0
BRDA:30,0,2,0
BRF:3
BRH:0
end_of_record
TN:
SF:src/modules/user-addresses/user-addresses.module.ts
FNF:0
FNH:0
DA:1,0
DA:2,0
DA:3,0
DA:10,0
LF:4
LH:0
BRF:0
BRH:0
end_of_record
TN:
SF:src/modules/user-addresses/user-addresses.service.ts
FN:7,(anonymous_2)
FN:15,(anonymous_3)
FN:25,(anonymous_4)
FN:40,(anonymous_5)
FN:49,(anonymous_6)
FN:89,(anonymous_7)
FN:115,(anonymous_8)
FN:149,(anonymous_9)
FNF:8
FNH:0
FNDA:0,(anonymous_2)
FNDA:0,(anonymous_3)
FNDA:0,(anonymous_4)
FNDA:0,(anonymous_5)
FNDA:0,(anonymous_6)
FNDA:0,(anonymous_7)
FNDA:0,(anonymous_8)
FNDA:0,(anonymous_9)
DA:1,0
DA:2,0
DA:6,0
DA:7,0
DA:10,0
DA:16,0
DA:26,0
DA:30,0
DA:31,0
DA:34,0
DA:41,0
DA:51,0
DA:55,0
DA:56,0
DA:60,0
DA:62,0
DA:63,0
DA:69,0
DA:90,0
DA:94,0
DA:95,0
DA:99,0
DA:100,0
DA:106,0
DA:116,0
DA:120,0
DA:121,0
DA:124,0
DA:129,0
DA:130,0
DA:135,0
DA:136,0
DA:143,0
DA:150,0
DA:154,0
DA:155,0
DA:159,0
DA:165,0
LF:38
LH:0
BRDA:30,0,0,0
BRDA:55,1,0,0
BRDA:60,2,0,0
BRDA:60,2,1,0
BRDA:62,3,0,0
BRDA:94,4,0,0
BRDA:99,5,0,0
BRDA:99,6,0,0
BRDA:99,6,1,0
BRDA:120,7,0,0
BRDA:129,8,0,0
BRDA:135,9,0,0
BRDA:154,10,0,0
BRF:13
BRH:0
end_of_record
TN:
SF:src/modules/user-addresses/dto/user-address.dto.ts
FNF:0
FNH:0
DA:1,0
DA:2,0
DA:4,0
DA:9,0
DA:14,0
DA:20,0
DA:26,0
DA:32,0
DA:38,0
DA:43,0
DA:48,0
DA:54,0
DA:59,0
DA:62,0
DA:68,0
DA:74,0
DA:81,0
DA:88,0
DA:95,0
DA:102,0
DA:107,0
DA:112,0
DA:118,0
DA:123,0
LF:24
LH:0
BRF:0
BRH:0
end_of_record
TN:
SF:src/modules/users/users.controller.ts
FN:13,(anonymous_4)
FN:17,(anonymous_5)
FN:24,(anonymous_6)
FNF:3
FNH:0
FNDA:0,(anonymous_4)
FNDA:0,(anonymous_5)
FNDA:0,(anonymous_6)
DA:1,0
DA:2,0
DA:3,0
DA:4,0
DA:5,0
DA:6,0
DA:12,0
DA:13,0
DA:17,0
DA:18,0
DA:19,0
DA:24,0
DA:39,0
DA:45,0
DA:46,0
DA:49,0
DA:50,0
LF:17
LH:0
BRDA:45,0,0,0
BRF:1
BRH:0
end_of_record
TN:
SF:src/modules/users/users.module.ts
FNF:0
FNH:0
DA:1,0
DA:2,0
DA:3,0
DA:10,0
LF:4
LH:0
BRF:0
BRH:0
end_of_record
TN:
SF:src/modules/users/users.service.ts
FN:6,(anonymous_2)
FN:8,(anonymous_3)
FN:31,(anonymous_4)
FN:37,(anonymous_5)
FNF:4
FNH:0
FNDA:0,(anonymous_2)
FNDA:0,(anonymous_3)
FNDA:0,(anonymous_4)
FNDA:0,(anonymous_5)
DA:1,0
DA:2,0
DA:5,0
DA:6,0
DA:9,0
DA:21,0
DA:24,0
DA:32,0
DA:46,0
LF:9
LH:0
BRDA:21,0,0,0
BRDA:26,1,0,0
BRDA:26,1,1,0
BRDA:27,2,0,0
BRDA:27,2,1,0
BRF:5
BRH:0
end_of_record
TN:
SF:src/modules/workflows/workflows.controller.ts
FN:25,(anonymous_4)
FN:29,(anonymous_5)
FN:36,(anonymous_6)
FN:43,(anonymous_7)
FN:50,(anonymous_8)
FN:57,(anonymous_9)
FN:64,(anonymous_10)
FN:71,(anonymous_11)
FN:81,(anonymous_12)
FNF:9
FNH:0
FNDA:0,(anonymous_4)
FNDA:0,(anonymous_5)
FNDA:0,(anonymous_6)
FNDA:0,(anonymous_7)
FNDA:0,(anonymous_8)
FNDA:0,(anonymous_9)
FNDA:0,(anonymous_10)
FNDA:0,(anonymous_11)
FNDA:0,(anonymous_12)
DA:1,0
DA:12,0
DA:13,0
DA:14,0
DA:20,0
DA:24,0
DA:25,0
DA:29,0
DA:30,0
DA:31,0
DA:36,0
DA:37,0
DA:38,0
DA:43,0
DA:44,0
DA:45,0
DA:50,0
DA:51,0
DA:52,0
DA:57,0
DA:58,0
DA:59,0
DA:64,0
DA:65,0
DA:66,0
DA:71,0
DA:75,0
DA:76,0
DA:81,0
DA:82,0
DA:83,0
LF:31
LH:0
BRF:0
BRH:0
end_of_record
TN:
SF:src/modules/workflows/workflows.module.ts
FNF:0
FNH:0
DA:1,0
DA:2,0
DA:3,0
DA:4,0
DA:12,0
LF:5
LH:0
BRF:0
BRH:0
end_of_record
TN:
SF:src/modules/workflows/workflows.service.ts
FN:12,(anonymous_2)
FN:15,(anonymous_3)
FN:23,(anonymous_4)
FN:41,(anonymous_5)
FN:88,(anonymous_6)
FN:112,(anonymous_7)
FN:125,(anonymous_8)
FN:144,(anonymous_9)
FN:162,(anonymous_10)
FN:177,(anonymous_11)
FN:195,(anonymous_12)
FN:201,(anonymous_13)
FNF:12
FNH:0
FNDA:0,(anonymous_2)
FNDA:0,(anonymous_3)
FNDA:0,(anonymous_4)
FNDA:0,(anonymous_5)
FNDA:0,(anonymous_6)
FNDA:0,(anonymous_7)
FNDA:0,(anonymous_8)
FNDA:0,(anonymous_9)
FNDA:0,(anonymous_10)
FNDA:0,(anonymous_11)
FNDA:0,(anonymous_12)
FNDA:0,(anonymous_13)
DA:1,0
DA:2,0
DA:11,0
DA:12,0
DA:16,0
DA:18,0
DA:23,0
DA:42,0
DA:44,0
DA:46,0
DA:47,0
DA:50,0
DA:51,0
DA:54,0
DA:55,0
DA:61,0
DA:79,0
DA:89,0
DA:104,0
DA:105,0
DA:108,0
DA:113,0
DA:126,0
DA:129,0
DA:132,0
DA:133,0
DA:138,0
DA:144,0
DA:163,0
DA:165,0
DA:178,0
DA:181,0
DA:187,0
DA:191,0
DA:196,0
DA:201,0
LF:36
LH:0
BRDA:21,0,0,0
BRDA:21,0,1,0
BRDA:27,1,0,0
BRDA:27,1,1,0
BRDA:42,2,0,0
BRDA:42,3,0,0
BRDA:46,4,0,0
BRDA:50,5,0,0
BRDA:54,6,0,0
BRDA:104,7,0,0
BRDA:132,8,0,0
BRDA:142,9,0,0
BRDA:142,9,1,0
BRDA:148,10,0,0
BRDA:148,10,1,0
BRF:15
BRH:0
end_of_record
TN:
SF:src/modules/workflows/dto/workflow.dto.ts
FN:43,(anonymous_2)
FN:69,(anonymous_3)
FN:82,(anonymous_4)
FN:94,(anonymous_5)
FN:106,(anonymous_6)
FN:113,(anonymous_7)
FN:141,(anonymous_8)
FN:154,(anonymous_9)
FN:166,(anonymous_10)
FN:178,(anonymous_11)
FN:185,(anonymous_12)
FN:216,(anonymous_13)
FN:222,(anonymous_14)
FNF:13
FNH:0
FNDA:0,(anonymous_2)
FNDA:0,(anonymous_3)
FNDA:0,(anonymous_4)
FNDA:0,(anonymous_5)
FNDA:0,(anonymous_6)
FNDA:0,(anonymous_7)
FNDA:0,(anonymous_8)
FNDA:0,(anonymous_9)
FNDA:0,(anonymous_10)
FNDA:0,(anonymous_11)
FNDA:0,(anonymous_12)
FNDA:0,(anonymous_13)
FNDA:0,(anonymous_14)
DA:1,0
DA:14,0
DA:15,0
DA:18,0
DA:22,0
DA:28,0
DA:34,0
DA:38,0
DA:43,0
DA:44,0
DA:48,0
DA:53,0
DA:59,0
DA:63,0
DA:69,0
DA:70,0
DA:75,0
DA:82,0
DA:83,0
DA:89,0
DA:94,0
DA:95,0
DA:100,0
DA:106,0
DA:107,0
DA:113,0
DA:114,0
DA:118,0
DA:124,0
DA:130,0
DA:135,0
DA:141,0
DA:142,0
DA:147,0
DA:154,0
DA:155,0
DA:161,0
DA:166,0
DA:167,0
DA:172,0
DA:178,0
DA:179,0
DA:185,0
DA:186,0
DA:190,0
DA:193,0
DA:197,0
DA:201,0
DA:206,0
DA:211,0
DA:216,0
DA:217,0
DA:222,0
DA:223,0
LF:54
LH:0
BRF:0
BRH:0
end_of_record
TN:
SF:src/prisma/prisma.module.ts
FNF:0
FNH:0
DA:1,0
DA:2,0
DA:9,0
LF:3
LH:0
BRF:0
BRH:0
end_of_record
TN:
SF:src/prisma/prisma.service.ts
FN:11,isSoftDeleteModel
FN:19,(anonymous_3)
FN:23,(anonymous_4)
FN:28,(anonymous_5)
FN:40,(anonymous_6)
FN:46,(anonymous_7)
FN:50,(anonymous_8)
FN:54,(anonymous_9)
FN:62,(anonymous_10)
FN:67,(anonymous_11)
FN:78,(anonymous_12)
FN:97,(anonymous_13)
FNF:12
FNH:0
FNDA:0,isSoftDeleteModel
FNDA:0,(anonymous_3)
FNDA:0,(anonymous_4)
FNDA:0,(anonymous_5)
FNDA:0,(anonymous_6)
FNDA:0,(anonymous_7)
FNDA:0,(anonymous_8)
FNDA:0,(anonymous_9)
FNDA:0,(anonymous_10)
FNDA:0,(anonymous_11)
FNDA:0,(anonymous_12)
FNDA:0,(anonymous_13)
DA:1,1
DA:2,1
DA:8,1
DA:12,0
DA:16,1
DA:17,0
DA:20,0
DA:24,0
DA:25,0
DA:29,0
DA:41,0
DA:47,0
DA:48,0
DA:51,0
DA:52,0
DA:56,0
DA:57,0
DA:58,0
DA:60,0
DA:63,0
DA:64,0
DA:68,0
DA:79,0
DA:98,0
DA:99,0
LF:25
LH:4
BRDA:57,0,0,0
BRDA:57,1,0,0
BRDA:57,1,1,0
BRF:3
BRH:0
end_of_record
TN:
SF:src/utils/tree.util.ts
FN:18,buildTree
FN:27,(anonymous_1)
FN:32,(anonymous_2)
FN:55,buildDepartmentTree
FN:60,(anonymous_4)
FN:78,(anonymous_5)
FN:93,(anonymous_6)
FN:94,(anonymous_7)
FN:95,(anonymous_8)
FNF:9
FNH:0
FNDA:0,buildTree
FNDA:0,(anonymous_1)
FNDA:0,(anonymous_2)
FNDA:0,buildDepartmentTree
FNDA:0,(anonymous_4)
FNDA:0,(anonymous_5)
FNDA:0,(anonymous_6)
FNDA:0,(anonymous_7)
FNDA:0,(anonymous_8)
DA:18,0
DA:23,0
DA:24,0
DA:27,0
DA:28,0
DA:32,0
DA:33,0
DA:34,0
DA:36,0
DA:37,0
DA:38,0
DA:39,0
DA:42,0
DA:45,0
DA:49,0
DA:55,0
DA:56,0
DA:57,0
DA:60,0
DA:61,0
DA:78,0
DA:79,0
DA:80,0
DA:81,0
DA:82,0
DA:83,0
DA:85,0
DA:88,0
DA:93,0
DA:94,0
DA:95,0
DA:96,0
DA:97,0
DA:101,0
DA:103,0
LF:35
LH:0
BRDA:20,0,0,0
BRDA:21,1,0,0
BRDA:36,2,0,0
BRDA:36,2,1,0
BRDA:38,3,0,0
BRDA:38,3,1,0
BRDA:72,4,0,0
BRDA:72,4,1,0
BRDA:80,5,0,0
BRDA:80,5,1,0
BRDA:82,6,0,0
BRDA:82,6,1,0
BRDA:96,7,0,0
BRF:13
BRH:0
end_of_record
TN:
SF:test/marketing/test-data-setup.ts
FN:14,setupTestData
FN:266,(anonymous_1)
FN:270,(anonymous_2)
FNF:3
FNH:0
FNDA:0,setupTestData
FNDA:0,(anonymous_1)
FNDA:0,(anonymous_2)
DA:9,0
DA:10,0
DA:12,0
DA:15,0
DA:17,0
DA:19,0
DA:20,0
DA:24,0
DA:25,0
DA:32,0
DA:34,0
DA:38,0
DA:39,0
DA:43,0
DA:44,0
DA:55,0
DA:57,0
DA:61,0
DA:62,0
DA:66,0
DA:67,0
DA:77,0
DA:79,0
DA:83,0
DA:84,0
DA:88,0
DA:89,0
DA:99,0
DA:101,0
DA:105,0
DA:106,0
DA:110,0
DA:111,0
DA:125,0
DA:127,0
DA:131,0
DA:132,0
DA:133,0
DA:134,0
DA:135,0
DA:137,0
DA:141,0
DA:142,0
DA:155,0
DA:157,0
DA:161,0
DA:162,0
DA:164,0
DA:165,0
DA:178,0
DA:180,0
DA:184,0
DA:185,0
DA:204,0
DA:205,0
DA:209,0
DA:210,0
DA:216,0
DA:218,0
DA:223,0
DA:224,0
DA:228,0
DA:229,0
DA:241,0
DA:243,0
DA:246,0
DA:247,0
DA:248,0
DA:249,0
DA:250,0
DA:251,0
DA:252,0
DA:253,0
DA:254,0
DA:255,0
DA:257,0
DA:258,0
DA:260,0
DA:264,0
DA:265,0
DA:267,0
DA:268,0
DA:271,0
DA:272,0
DA:276,0
LF:85
LH:0
BRDA:24,0,0,0
BRDA:24,0,1,0
BRDA:43,1,0,0
BRDA:43,1,1,0
BRDA:66,2,0,0
BRDA:66,2,1,0
BRDA:88,3,0,0
BRDA:88,3,1,0
BRDA:110,4,0,0
BRDA:110,4,1,0
BRDA:141,5,0,0
BRDA:141,5,1,0
BRDA:164,6,0,0
BRDA:164,6,1,0
BRDA:209,7,0,0
BRDA:209,7,1,0
BRDA:228,8,0,0
BRDA:228,8,1,0
BRDA:264,9,0,0
BRF:19
BRH:0
end_of_record
TN:
SF:test/marketing/test-runner.ts
FN:21,(anonymous_0)
FN:29,(anonymous_1)
FN:56,(anonymous_2)
FN:75,(anonymous_3)
FN:82,(anonymous_4)
FN:101,(anonymous_5)
FN:105,(anonymous_6)
FN:111,(anonymous_7)
FN:126,(anonymous_8)
FN:145,(anonymous_9)
FN:158,(anonymous_10)
FN:178,(anonymous_11)
FN:192,(anonymous_12)
FN:200,(anonymous_13)
FN:222,(anonymous_14)
FN:230,(anonymous_15)
FN:245,(anonymous_16)
FN:254,(anonymous_17)
FN:262,(anonymous_18)
FN:271,(anonymous_19)
FN:280,(anonymous_20)
FN:291,(anonymous_21)
FN:294,(anonymous_22)
FN:317,(anonymous_23)
FN:339,(anonymous_24)
FN:342,(anonymous_25)
FN:355,(anonymous_26)
FN:365,(anonymous_27)
FN:376,(anonymous_28)
FN:380,(anonymous_29)
FN:381,(anonymous_30)
FN:382,(anonymous_31)
FN:394,(anonymous_32)
FN:395,(anonymous_33)
FN:405,(anonymous_34)
FN:406,(anonymous_35)
FN:441,main
FN:446,(anonymous_37)
FN:460,(anonymous_38)
FNF:39
FNH:0
FNDA:0,(anonymous_0)
FNDA:0,(anonymous_1)
FNDA:0,(anonymous_2)
FNDA:0,(anonymous_3)
FNDA:0,(anonymous_4)
FNDA:0,(anonymous_5)
FNDA:0,(anonymous_6)
FNDA:0,(anonymous_7)
FNDA:0,(anonymous_8)
FNDA:0,(anonymous_9)
FNDA:0,(anonymous_10)
FNDA:0,(anonymous_11)
FNDA:0,(anonymous_12)
FNDA:0,(anonymous_13)
FNDA:0,(anonymous_14)
FNDA:0,(anonymous_15)
FNDA:0,(anonymous_16)
FNDA:0,(anonymous_17)
FNDA:0,(anonymous_18)
FNDA:0,(anonymous_19)
FNDA:0,(anonymous_20)
FNDA:0,(anonymous_21)
FNDA:0,(anonymous_22)
FNDA:0,(anonymous_23)
FNDA:0,(anonymous_24)
FNDA:0,(anonymous_25)
FNDA:0,(anonymous_26)
FNDA:0,(anonymous_27)
FNDA:0,(anonymous_28)
FNDA:0,(anonymous_29)
FNDA:0,(anonymous_30)
FNDA:0,(anonymous_31)
FNDA:0,(anonymous_32)
FNDA:0,(anonymous_33)
FNDA:0,(anonymous_34)
FNDA:0,(anonymous_35)
FNDA:0,main
FNDA:0,(anonymous_37)
FNDA:0,(anonymous_38)
DA:9,0
DA:11,0
DA:12,0
DA:22,0
DA:23,0
DA:24,0
DA:25,0
DA:26,0
DA:27,0
DA:30,0
DA:31,0
DA:39,0
DA:40,0
DA:42,0
DA:43,0
DA:45,0
DA:46,0
DA:48,0
DA:57,0
DA:58,0
DA:59,0
DA:60,0
DA:61,0
DA:62,0
DA:64,0
DA:65,0
DA:71,0
DA:76,0
DA:77,0
DA:83,0
DA:86,0
DA:89,0
DA:92,0
DA:95,0
DA:98,0
DA:102,0
DA:105,0
DA:106,0
DA:107,0
DA:108,0
DA:111,0
DA:113,0
DA:114,0
DA:115,0
DA:117,0
DA:118,0
DA:119,0
DA:122,0
DA:126,0
DA:127,0
DA:129,0
DA:130,0
DA:131,0
DA:133,0
DA:136,0
DA:139,0
DA:140,0
DA:141,0
DA:145,0
DA:146,0
DA:147,0
DA:151,0
DA:153,0
DA:154,0
DA:158,0
DA:159,0
DA:161,0
DA:162,0
DA:163,0
DA:164,0
DA:169,0
DA:170,0
DA:171,0
DA:174,0
DA:178,0
DA:179,0
DA:180,0
DA:185,0
DA:186,0
DA:187,0
DA:192,0
DA:193,0
DA:194,0
DA:195,0
DA:196,0
DA:200,0
DA:202,0
DA:203,0
DA:204,0
DA:205,0
DA:208,0
DA:210,0
DA:211,0
DA:212,0
DA:214,0
DA:217,0
DA:222,0
DA:223,0
DA:224,0
DA:225,0
DA:226,0
DA:230,0
DA:231,0
DA:232,0
DA:234,0
DA:235,0
DA:236,0
DA:238,0
DA:240,0
DA:241,0
DA:245,0
DA:246,0
DA:247,0
DA:248,0
DA:249,0
DA:254,0
DA:255,0
DA:256,0
DA:257,0
DA:258,0
DA:262,0
DA:263,0
DA:264,0
DA:265,0
DA:266,0
DA:271,0
DA:272,0
DA:273,0
DA:274,0
DA:275,0
DA:281,0
DA:283,0
DA:284,0
DA:285,0
DA:286,0
DA:287,0
DA:288,0
DA:292,0
DA:294,0
DA:295,0
DA:296,0
DA:297,0
DA:299,0
DA:300,0
DA:301,0
DA:304,0
DA:305,0
DA:306,0
DA:308,0
DA:311,0
DA:313,0
DA:317,0
DA:319,0
DA:320,0
DA:322,0
DA:323,0
DA:324,0
DA:325,0
DA:326,0
DA:328,0
DA:329,0
DA:333,0
DA:334,0
DA:335,0
DA:336,0
DA:340,0
DA:342,0
DA:343,0
DA:344,0
DA:345,0
DA:348,0
DA:349,0
DA:350,0
DA:352,0
DA:355,0
DA:356,0
DA:357,0
DA:358,0
DA:359,0
DA:360,0
DA:362,0
DA:365,0
DA:366,0
DA:367,0
DA:368,0
DA:369,0
DA:370,0
DA:372,0
DA:377,0
DA:378,0
DA:380,0
DA:381,0
DA:382,0
DA:383,0
DA:385,0
DA:386,0
DA:387,0
DA:388,0
DA:389,0
DA:391,0
DA:392,0
DA:393,0
DA:394,0
DA:396,0
DA:397,0
DA:398,0
DA:404,0
DA:405,0
DA:406,0
DA:408,0
DA:409,0
DA:412,0
DA:415,0
DA:428,0
DA:429,0
DA:430,0
DA:431,0
DA:432,0
DA:433,0
DA:435,0
DA:436,0
DA:442,0
DA:445,0
DA:446,0
DA:448,0
DA:451,0
DA:452,0
DA:453,0
DA:456,0
DA:459,0
DA:460,0
DA:461,0
DA:462,0
DA:466,0
LF:234
LH:0
BRDA:11,0,0,0
BRDA:11,0,1,0
BRDA:12,1,0,0
BRDA:12,1,1,0
BRDA:39,2,0,0
BRDA:42,3,0,0
BRDA:50,4,0,0
BRDA:50,4,1,0
BRDA:107,5,0,0
BRDA:108,6,0,0
BRDA:114,7,0,0
BRDA:114,8,0,0
BRDA:114,8,1,0
BRDA:118,9,0,0
BRDA:118,10,0,0
BRDA:118,10,1,0
BRDA:127,11,0,0
BRDA:130,12,0,0
BRDA:130,12,1,0
BRDA:130,13,0,0
BRDA:130,13,1,0
BRDA:139,14,0,0
BRDA:140,15,0,0
BRDA:146,16,0,0
BRDA:151,17,0,0
BRDA:153,18,0,0
BRDA:153,19,0,0
BRDA:153,19,1,0
BRDA:159,20,0,0
BRDA:162,21,0,0
BRDA:162,21,1,0
BRDA:162,22,0,0
BRDA:162,22,1,0
BRDA:169,23,0,0
BRDA:170,24,0,0
BRDA:179,25,0,0
BRDA:185,26,0,0
BRDA:186,27,0,0
BRDA:194,28,0,0
BRDA:195,29,0,0
BRDA:195,30,0,0
BRDA:195,30,1,0
BRDA:203,31,0,0
BRDA:203,31,1,0
BRDA:203,32,0,0
BRDA:203,32,1,0
BRDA:208,33,0,0
BRDA:210,34,0,0
BRDA:210,35,0,0
BRDA:210,35,1,0
BRDA:224,36,0,0
BRDA:225,37,0,0
BRDA:232,38,0,0
BRDA:234,39,0,0
BRDA:240,40,0,0
BRDA:247,41,0,0
BRDA:248,42,0,0
BRDA:256,43,0,0
BRDA:257,44,0,0
BRDA:264,45,0,0
BRDA:265,46,0,0
BRDA:273,47,0,0
BRDA:274,48,0,0
BRDA:296,49,0,0
BRDA:296,49,1,0
BRDA:296,50,0,0
BRDA:296,50,1,0
BRDA:304,51,0,0
BRDA:304,51,1,0
BRDA:306,52,0,0
BRDA:320,53,0,0
BRDA:320,53,1,0
BRDA:323,54,0,0
BRDA:323,54,1,0
BRDA:325,55,0,0
BRDA:328,56,0,0
BRDA:343,57,0,0
BRDA:349,58,0,0
BRDA:359,59,0,0
BRDA:369,60,0,0
BRDA:391,61,0,0
BRDA:397,62,0,0
BRDA:404,63,0,0
BRDA:404,63,1,0
BRDA:406,64,0,0
BRDA:406,64,1,0
BRDA:408,65,0,0
BRDA:432,66,0,0
BRDA:459,67,0,0
BRF:89
BRH:0
end_of_record
TN:
SF:test/withdraw/security-audit.ts
FN:28,log
FN:42,checkCodeSecurity
FN:224,checkDatabase
FN:362,checkFrontend
FN:486,checkForbiddenPatterns
FN:542,generateReport
FN:550,(anonymous_6)
FN:551,(anonymous_7)
FN:552,(anonymous_8)
FN:553,(anonymous_9)
FN:565,(anonymous_10)
FN:565,(anonymous_11)
FN:572,(anonymous_12)
FN:572,(anonymous_13)
FN:591,main
FNF:15
FNH:0
FNDA:0,log
FNDA:0,checkCodeSecurity
FNDA:0,checkDatabase
FNDA:0,checkFrontend
FNDA:0,checkForbiddenPatterns
FNDA:0,generateReport
FNDA:0,(anonymous_6)
FNDA:0,(anonymous_7)
FNDA:0,(anonymous_8)
FNDA:0,(anonymous_9)
FNDA:0,(anonymous_10)
FNDA:0,(anonymous_11)
FNDA:0,(anonymous_12)
FNDA:0,(anonymous_13)
FNDA:0,main
DA:13,0
DA:14,0
DA:15,0
DA:17,0
DA:26,0
DA:29,0
DA:35,0
DA:36,0
DA:43,0
DA:44,0
DA:47,0
DA:50,0
DA:51,0
DA:58,0
DA:67,0
DA:68,0
DA:75,0
DA:84,0
DA:85,0
DA:92,0
DA:101,0
DA:102,0
DA:103,0
DA:110,0
DA:119,0
DA:120,0
DA:127,0
DA:136,0
DA:137,0
DA:144,0
DA:153,0
DA:154,0
DA:161,0
DA:170,0
DA:171,0
DA:178,0
DA:187,0
DA:188,0
DA:195,0
DA:204,0
DA:205,0
DA:212,0
DA:226,0
DA:227,0
DA:228,0
DA:235,0
DA:244,0
DA:245,0
DA:246,0
DA:253,0
DA:262,0
DA:270,0
DA:271,0
DA:278,0
DA:287,0
DA:294,0
DA:295,0
DA:302,0
DA:311,0
DA:318,0
DA:319,0
DA:326,0
DA:335,0
DA:342,0
DA:343,0
DA:350,0
DA:363,0
DA:366,0
DA:367,0
DA:368,0
DA:371,0
DA:372,0
DA:379,0
DA:387,0
DA:396,0
DA:397,0
DA:398,0
DA:401,0
DA:402,0
DA:409,0
DA:418,0
DA:419,0
DA:426,0
DA:434,0
DA:443,0
DA:444,0
DA:445,0
DA:447,0
DA:448,0
DA:456,0
DA:465,0
DA:466,0
DA:467,0
DA:474,0
DA:487,0
DA:488,0
DA:491,0
DA:493,0
DA:501,0
DA:502,0
DA:509,0
DA:518,0
DA:519,0
DA:520,0
DA:521,0
DA:522,0
DA:529,0
DA:543,0
DA:544,0
DA:545,0
DA:546,0
DA:547,0
DA:548,0
DA:550,0
DA:551,0
DA:552,0
DA:553,0
DA:555,0
DA:556,0
DA:557,0
DA:558,0
DA:559,0
DA:561,0
DA:563,0
DA:564,0
DA:565,0
DA:566,0
DA:570,0
DA:571,0
DA:572,0
DA:573,0
DA:577,0
DA:578,0
DA:579,0
DA:581,0
DA:583,0
DA:585,0
DA:592,0
DA:594,0
DA:595,0
DA:596,0
DA:597,0
DA:598,0
DA:600,0
DA:603,0
DA:605,0
DA:606,0
DA:608,0
DA:612,0
LF:149
LH:0
BRDA:50,0,0,0
BRDA:50,0,1,0
BRDA:67,1,0,0
BRDA:67,1,1,0
BRDA:84,2,0,0
BRDA:84,2,1,0
BRDA:101,3,0,0
BRDA:101,3,1,0
BRDA:102,4,0,0
BRDA:102,4,1,0
BRDA:119,5,0,0
BRDA:119,5,1,0
BRDA:136,6,0,0
BRDA:136,6,1,0
BRDA:153,7,0,0
BRDA:153,7,1,0
BRDA:153,8,0,0
BRDA:153,8,1,0
BRDA:170,9,0,0
BRDA:170,9,1,0
BRDA:187,10,0,0
BRDA:187,10,1,0
BRDA:204,11,0,0
BRDA:204,11,1,0
BRDA:204,12,0,0
BRDA:204,12,1,0
BRDA:270,13,0,0
BRDA:270,13,1,0
BRDA:294,14,0,0
BRDA:294,14,1,0
BRDA:318,15,0,0
BRDA:318,15,1,0
BRDA:342,16,0,0
BRDA:342,16,1,0
BRDA:367,17,0,0
BRDA:367,17,1,0
BRDA:371,18,0,0
BRDA:371,18,1,0
BRDA:371,19,0,0
BRDA:371,19,1,0
BRDA:397,20,0,0
BRDA:397,20,1,0
BRDA:401,21,0,0
BRDA:401,21,1,0
BRDA:418,22,0,0
BRDA:418,22,1,0
BRDA:418,23,0,0
BRDA:418,23,1,0
BRDA:444,24,0,0
BRDA:444,24,1,0
BRDA:447,25,0,0
BRDA:466,26,0,0
BRDA:466,26,1,0
BRDA:491,27,0,0
BRDA:491,27,1,0
BRDA:501,28,0,0
BRDA:501,28,1,0
BRDA:501,29,0,0
BRDA:501,29,1,0
BRDA:519,30,0,0
BRDA:521,31,0,0
BRDA:521,31,1,0
BRDA:521,32,0,0
BRDA:521,32,1,0
BRDA:563,33,0,0
BRDA:570,34,0,0
BRDA:578,35,0,0
BRDA:578,35,1,0
BRDA:603,36,0,0
BRDA:603,36,1,0
BRF:70
BRH:0
end_of_record
