TN:
SF:src/app.module.ts
FNF:0
FNH:0
DA:1,0
DA:2,0
DA:3,0
DA:4,0
DA:5,0
DA:6,0
DA:7,0
DA:8,0
DA:9,0
DA:10,0
DA:11,0
DA:12,0
DA:13,0
DA:14,0
DA:15,0
DA:16,0
DA:17,0
DA:18,0
DA:19,0
DA:20,0
DA:21,0
DA:22,0
DA:23,0
DA:24,0
DA:25,0
DA:26,0
DA:27,0
DA:28,0
DA:29,0
DA:30,0
DA:31,0
DA:32,0
DA:71,0
LF:33
LH:0
BRF:0
BRH:0
end_of_record
TN:
SF:src/main.ts
FN:8,bootstrap
FNF:1
FNH:0
FNDA:0,bootstrap
DA:1,0
DA:2,0
DA:3,0
DA:5,0
DA:6,0
DA:9,0
DA:12,0
DA:17,0
DA:20,0
DA:26,0
DA:35,0
DA:41,0
DA:42,0
DA:44,0
DA:45,0
DA:47,0
DA:48,0
DA:51,0
LF:18
LH:0
BRDA:44,0,0,0
BRDA:44,0,1,0
BRF:2
BRH:0
end_of_record
TN:
SF:src/common/decorators/current-user.decorator.ts
FN:4,(anonymous_0)
FNF:1
FNH:0
FNDA:0,(anonymous_0)
DA:1,0
DA:3,0
DA:5,0
DA:6,0
DA:7,0
LF:5
LH:0
BRDA:7,0,0,0
BRDA:7,0,1,0
BRF:2
BRH:0
end_of_record
TN:
SF:src/common/dto/pagination.dto.ts
FN:5,(anonymous_2)
FN:8,(anonymous_3)
FN:15,(anonymous_4)
FN:36,(anonymous_5)
FNF:4
FNH:0
FNDA:0,(anonymous_2)
FNDA:0,(anonymous_3)
FNDA:0,(anonymous_4)
FNDA:0,(anonymous_5)
DA:1,0
DA:2,0
DA:3,0
DA:5,0
DA:8,0
DA:11,0
DA:15,0
DA:19,0
DA:24,0
DA:27,0
DA:37,0
DA:38,0
LF:12
LH:0
BRF:0
BRH:0
end_of_record
TN:
SF:src/common/response/api-response.ts
FN:6,(anonymous_0)
FN:12,(anonymous_1)
FN:16,(anonymous_2)
FNF:3
FNH:0
FNDA:0,(anonymous_0)
FNDA:0,(anonymous_1)
FNDA:0,(anonymous_2)
DA:1,0
DA:7,0
DA:8,0
DA:9,0
DA:13,0
DA:17,0
LF:6
LH:0
BRDA:12,0,0,0
BRDA:16,1,0,0
BRF:2
BRH:0
end_of_record
TN:
SF:src/modules/admin/admin.module.ts
FNF:0
FNH:0
DA:1,0
DA:2,0
DA:3,0
DA:4,0
DA:5,0
DA:6,0
DA:7,0
DA:8,0
DA:9,0
DA:10,0
DA:11,0
DA:12,0
DA:13,0
DA:14,0
DA:15,0
DA:16,0
DA:17,0
DA:18,0
DA:19,0
DA:20,0
DA:21,0
DA:22,0
DA:23,0
DA:24,0
DA:25,0
DA:26,0
DA:27,0
DA:28,0
DA:59,0
LF:29
LH:0
BRF:0
BRH:0
end_of_record
TN:
SF:src/modules/admin/controllers/admin-banners.controller.ts
FN:18,(anonymous_4)
FN:22,(anonymous_5)
FN:41,(anonymous_6)
FN:48,(anonymous_7)
FN:66,(anonymous_8)
FN:85,(anonymous_9)
FN:92,(anonymous_10)
FN:99,(anonymous_11)
FNF:8
FNH:0
FNDA:0,(anonymous_4)
FNDA:0,(anonymous_5)
FNDA:0,(anonymous_6)
FNDA:0,(anonymous_7)
FNDA:0,(anonymous_8)
FNDA:0,(anonymous_9)
FNDA:0,(anonymous_10)
FNDA:0,(anonymous_11)
DA:1,0
DA:11,0
DA:12,0
DA:13,0
DA:17,0
DA:18,0
DA:22,0
DA:29,0
DA:36,0
DA:41,0
DA:42,0
DA:43,0
DA:48,0
DA:60,0
DA:61,0
DA:66,0
DA:79,0
DA:80,0
DA:85,0
DA:86,0
DA:87,0
DA:92,0
DA:93,0
DA:94,0
DA:99,0
DA:100,0
DA:104,0
LF:27
LH:0
BRDA:33,0,0,0
BRDA:33,0,1,0
BRDA:34,1,0,0
BRDA:34,1,1,0
BRF:4
BRH:0
end_of_record
TN:
SF:src/modules/admin/controllers/admin-campaigns.controller.ts
FN:26,(anonymous_4)
FN:31,(anonymous_5)
FN:38,(anonymous_6)
FN:46,(anonymous_7)
FN:54,(anonymous_8)
FN:65,(anonymous_9)
FN:73,(anonymous_10)
FN:81,(anonymous_11)
FN:90,(anonymous_12)
FN:98,(anonymous_13)
FN:109,(anonymous_14)
FN:120,(anonymous_15)
FNF:12
FNH:0
FNDA:0,(anonymous_4)
FNDA:0,(anonymous_5)
FNDA:0,(anonymous_6)
FNDA:0,(anonymous_7)
FNDA:0,(anonymous_8)
FNDA:0,(anonymous_9)
FNDA:0,(anonymous_10)
FNDA:0,(anonymous_11)
FNDA:0,(anonymous_12)
FNDA:0,(anonymous_13)
FNDA:0,(anonymous_14)
FNDA:0,(anonymous_15)
DA:1,0
DA:11,0
DA:12,0
DA:13,0
DA:14,0
DA:25,0
DA:26,0
DA:31,0
DA:32,0
DA:33,0
DA:38,0
DA:39,0
DA:40,0
DA:46,0
DA:47,0
DA:48,0
DA:54,0
DA:58,0
DA:59,0
DA:65,0
DA:66,0
DA:67,0
DA:73,0
DA:74,0
DA:75,0
DA:81,0
DA:82,0
DA:83,0
DA:90,0
DA:91,0
DA:92,0
DA:98,0
DA:102,0
DA:103,0
DA:109,0
DA:113,0
DA:114,0
DA:120,0
DA:121,0
DA:122,0
LF:40
LH:0
BRF:0
BRH:0
end_of_record
TN:
SF:src/modules/admin/controllers/admin-commission.controller.ts
FN:19,(anonymous_4)
FN:23,(anonymous_5)
FN:30,(anonymous_6)
FNF:3
FNH:0
FNDA:0,(anonymous_4)
FNDA:0,(anonymous_5)
FNDA:0,(anonymous_6)
DA:1,0
DA:2,0
DA:3,0
DA:4,0
DA:18,0
DA:19,0
DA:23,0
DA:24,0
DA:25,0
DA:30,0
DA:31,0
DA:32,0
LF:12
LH:0
BRF:0
BRH:0
end_of_record
TN:
SF:src/modules/admin/controllers/admin-complaints.controller.ts
FN:9,(anonymous_4)
FN:22,(anonymous_5)
FN:49,(anonymous_6)
FN:57,(anonymous_7)
FN:65,(anonymous_8)
FN:88,(anonymous_9)
FN:109,(anonymous_10)
FNF:7
FNH:0
FNDA:0,(anonymous_4)
FNDA:0,(anonymous_5)
FNDA:0,(anonymous_6)
FNDA:0,(anonymous_7)
FNDA:0,(anonymous_8)
FNDA:0,(anonymous_9)
FNDA:0,(anonymous_10)
DA:1,0
DA:2,0
DA:3,0
DA:4,0
DA:8,0
DA:9,0
DA:22,0
DA:33,0
DA:44,0
DA:49,0
DA:50,0
DA:51,0
DA:57,0
DA:58,0
DA:59,0
DA:65,0
DA:66,0
DA:67,0
DA:88,0
DA:93,0
DA:94,0
DA:95,0
DA:109,0
DA:114,0
DA:115,0
DA:116,0
LF:26
LH:0
BRDA:41,0,0,0
BRDA:41,0,1,0
BRDA:42,1,0,0
BRDA:42,1,1,0
BRF:4
BRH:0
end_of_record
TN:
SF:src/modules/admin/controllers/admin-coupons.controller.ts
FN:34,(anonymous_4)
FN:43,(anonymous_5)
FN:58,(anonymous_6)
FN:66,(anonymous_7)
FN:77,(anonymous_8)
FN:86,(anonymous_9)
FN:98,(anonymous_10)
FN:113,(anonymous_11)
FN:121,(anonymous_12)
FN:132,(anonymous_13)
FN:145,(anonymous_14)
FNF:11
FNH:0
FNDA:0,(anonymous_4)
FNDA:0,(anonymous_5)
FNDA:0,(anonymous_6)
FNDA:0,(anonymous_7)
FNDA:0,(anonymous_8)
FNDA:0,(anonymous_9)
FNDA:0,(anonymous_10)
FNDA:0,(anonymous_11)
FNDA:0,(anonymous_12)
FNDA:0,(anonymous_13)
FNDA:0,(anonymous_14)
DA:1,0
DA:12,0
DA:19,0
DA:20,0
DA:26,0
DA:27,0
DA:33,0
DA:34,0
DA:43,0
DA:48,0
DA:53,0
DA:58,0
DA:59,0
DA:60,0
DA:66,0
DA:70,0
DA:71,0
DA:77,0
DA:78,0
DA:79,0
DA:86,0
DA:87,0
DA:88,0
DA:98,0
DA:103,0
DA:108,0
DA:113,0
DA:114,0
DA:115,0
DA:121,0
DA:125,0
DA:126,0
DA:132,0
DA:133,0
DA:134,0
DA:145,0
DA:151,0
DA:157,0
LF:38
LH:0
BRDA:50,0,0,0
BRDA:50,0,1,0
BRDA:51,1,0,0
BRDA:51,1,1,0
BRDA:105,2,0,0
BRDA:105,2,1,0
BRDA:106,3,0,0
BRDA:106,3,1,0
BRDA:154,4,0,0
BRDA:154,4,1,0
BRDA:155,5,0,0
BRDA:155,5,1,0
BRF:12
BRH:0
end_of_record
TN:
SF:src/modules/admin/controllers/admin-dashboard.controller.ts
FN:9,(anonymous_2)
FN:13,(anonymous_3)
FN:20,(anonymous_4)
FN:27,(anonymous_5)
FNF:4
FNH:0
FNDA:0,(anonymous_2)
FNDA:0,(anonymous_3)
FNDA:0,(anonymous_4)
FNDA:0,(anonymous_5)
DA:1,0
DA:2,0
DA:3,0
DA:4,0
DA:8,0
DA:9,0
DA:13,0
DA:14,0
DA:15,0
DA:20,0
DA:21,0
DA:22,0
DA:27,0
DA:28,0
DA:29,0
LF:15
LH:0
BRF:0
BRH:0
end_of_record
TN:
SF:src/modules/admin/controllers/admin-escort-levels.controller.ts
FN:13,(anonymous_4)
FN:17,(anonymous_5)
FN:25,(anonymous_6)
FN:33,(anonymous_7)
FN:41,(anonymous_8)
FN:49,(anonymous_9)
FNF:6
FNH:0
FNDA:0,(anonymous_4)
FNDA:0,(anonymous_5)
FNDA:0,(anonymous_6)
FNDA:0,(anonymous_7)
FNDA:0,(anonymous_8)
FNDA:0,(anonymous_9)
DA:1,0
DA:2,0
DA:3,0
DA:8,0
DA:12,0
DA:13,0
DA:17,0
DA:18,0
DA:19,0
DA:25,0
DA:26,0
DA:27,0
DA:33,0
DA:34,0
DA:35,0
DA:41,0
DA:42,0
DA:43,0
DA:49,0
DA:50,0
DA:51,0
LF:21
LH:0
BRF:0
BRH:0
end_of_record
TN:
SF:src/modules/admin/controllers/admin-escort-tags.controller.ts
FN:13,(anonymous_4)
FN:19,(anonymous_5)
FN:29,(anonymous_6)
FN:37,(anonymous_7)
FN:45,(anonymous_8)
FN:53,(anonymous_9)
FN:61,(anonymous_10)
FN:83,(anonymous_11)
FNF:8
FNH:0
FNDA:0,(anonymous_4)
FNDA:0,(anonymous_5)
FNDA:0,(anonymous_6)
FNDA:0,(anonymous_7)
FNDA:0,(anonymous_8)
FNDA:0,(anonymous_9)
FNDA:0,(anonymous_10)
FNDA:0,(anonymous_11)
DA:1,0
DA:2,0
DA:3,0
DA:8,0
DA:12,0
DA:13,0
DA:19,0
DA:23,0
DA:24,0
DA:29,0
DA:30,0
DA:31,0
DA:37,0
DA:38,0
DA:39,0
DA:45,0
DA:46,0
DA:47,0
DA:53,0
DA:54,0
DA:55,0
DA:61,0
DA:62,0
DA:63,0
DA:83,0
DA:84,0
DA:85,0
LF:27
LH:0
BRF:0
BRH:0
end_of_record
TN:
SF:src/modules/admin/controllers/admin-escorts.controller.ts
FN:14,(anonymous_4)
FN:29,(anonymous_5)
FN:52,(anonymous_6)
FN:61,(anonymous_7)
FN:72,(anonymous_8)
FN:84,(anonymous_9)
FN:92,(anonymous_10)
FN:100,(anonymous_11)
FN:120,(anonymous_12)
FN:133,(anonymous_13)
FN:146,(anonymous_14)
FN:161,(anonymous_15)
FN:173,(anonymous_16)
FN:192,(anonymous_17)
FNF:14
FNH:0
FNDA:0,(anonymous_4)
FNDA:0,(anonymous_5)
FNDA:0,(anonymous_6)
FNDA:0,(anonymous_7)
FNDA:0,(anonymous_8)
FNDA:0,(anonymous_9)
FNDA:0,(anonymous_10)
FNDA:0,(anonymous_11)
FNDA:0,(anonymous_12)
FNDA:0,(anonymous_13)
FNDA:0,(anonymous_14)
FNDA:0,(anonymous_15)
FNDA:0,(anonymous_16)
FNDA:0,(anonymous_17)
DA:1,0
DA:2,0
DA:3,0
DA:9,0
DA:13,0
DA:14,0
DA:29,0
DA:38,0
DA:47,0
DA:52,0
DA:53,0
DA:54,0
DA:61,0
DA:65,0
DA:66,0
DA:72,0
DA:73,0
DA:74,0
DA:84,0
DA:85,0
DA:86,0
DA:92,0
DA:93,0
DA:94,0
DA:100,0
DA:101,0
DA:102,0
DA:120,0
DA:125,0
DA:126,0
DA:133,0
DA:138,0
DA:139,0
DA:146,0
DA:150,0
DA:151,0
DA:161,0
DA:165,0
DA:166,0
DA:173,0
DA:177,0
DA:178,0
DA:192,0
DA:197,0
DA:198,0
LF:45
LH:0
BRDA:44,0,0,0
BRDA:44,0,1,0
BRDA:45,1,0,0
BRDA:45,1,1,0
BRDA:126,2,0,0
BRDA:126,2,1,0
BRF:6
BRH:0
end_of_record
TN:
SF:src/modules/admin/controllers/admin-membership.controller.ts
FN:36,(anonymous_4)
FN:44,(anonymous_5)
FN:57,(anonymous_6)
FN:65,(anonymous_7)
FN:76,(anonymous_8)
FN:88,(anonymous_9)
FN:103,(anonymous_10)
FN:111,(anonymous_11)
FN:122,(anonymous_12)
FN:135,(anonymous_13)
FN:152,(anonymous_14)
FN:164,(anonymous_15)
FN:179,(anonymous_16)
FN:187,(anonymous_17)
FN:198,(anonymous_18)
FNF:15
FNH:0
FNDA:0,(anonymous_4)
FNDA:0,(anonymous_5)
FNDA:0,(anonymous_6)
FNDA:0,(anonymous_7)
FNDA:0,(anonymous_8)
FNDA:0,(anonymous_9)
FNDA:0,(anonymous_10)
FNDA:0,(anonymous_11)
FNDA:0,(anonymous_12)
FNDA:0,(anonymous_13)
FNDA:0,(anonymous_14)
FNDA:0,(anonymous_15)
FNDA:0,(anonymous_16)
FNDA:0,(anonymous_17)
FNDA:0,(anonymous_18)
DA:1,0
DA:12,0
DA:19,0
DA:20,0
DA:28,0
DA:29,0
DA:35,0
DA:36,0
DA:44,0
DA:48,0
DA:52,0
DA:57,0
DA:58,0
DA:59,0
DA:65,0
DA:69,0
DA:70,0
DA:76,0
DA:77,0
DA:78,0
DA:88,0
DA:93,0
DA:98,0
DA:103,0
DA:104,0
DA:105,0
DA:111,0
DA:115,0
DA:116,0
DA:122,0
DA:123,0
DA:124,0
DA:135,0
DA:141,0
DA:147,0
DA:152,0
DA:153,0
DA:154,0
DA:164,0
DA:169,0
DA:174,0
DA:179,0
DA:180,0
DA:181,0
DA:187,0
DA:191,0
DA:192,0
DA:198,0
DA:199,0
DA:200,0
LF:50
LH:0
BRDA:49,0,0,0
BRDA:49,0,1,0
BRDA:50,1,0,0
BRDA:50,1,1,0
BRDA:95,2,0,0
BRDA:95,2,1,0
BRDA:96,3,0,0
BRDA:96,3,1,0
BRDA:144,4,0,0
BRDA:144,4,1,0
BRDA:145,5,0,0
BRDA:145,5,1,0
BRDA:171,6,0,0
BRDA:171,6,1,0
BRDA:172,7,0,0
BRDA:172,7,1,0
BRF:16
BRH:0
end_of_record
TN:
SF:src/modules/admin/controllers/admin-orders.controller.ts
FN:10,(anonymous_4)
FN:29,(anonymous_5)
FN:56,(anonymous_6)
FN:67,(anonymous_7)
FN:75,(anonymous_8)
FN:88,(anonymous_9)
FN:99,(anonymous_10)
FN:110,(anonymous_11)
FN:123,(anonymous_12)
FN:134,(anonymous_13)
FN:142,(anonymous_14)
FN:150,(anonymous_15)
FN:159,(anonymous_16)
FN:171,(anonymous_17)
FN:182,(anonymous_18)
FN:191,(anonymous_19)
FNF:16
FNH:0
FNDA:0,(anonymous_4)
FNDA:0,(anonymous_5)
FNDA:0,(anonymous_6)
FNDA:0,(anonymous_7)
FNDA:0,(anonymous_8)
FNDA:0,(anonymous_9)
FNDA:0,(anonymous_10)
FNDA:0,(anonymous_11)
FNDA:0,(anonymous_12)
FNDA:0,(anonymous_13)
FNDA:0,(anonymous_14)
FNDA:0,(anonymous_15)
FNDA:0,(anonymous_16)
FNDA:0,(anonymous_17)
FNDA:0,(anonymous_18)
FNDA:0,(anonymous_19)
DA:1,0
DA:2,0
DA:3,0
DA:4,0
DA:5,0
DA:9,0
DA:11,0
DA:12,0
DA:29,0
DA:39,0
DA:49,0
DA:56,0
DA:60,0
DA:61,0
DA:67,0
DA:68,0
DA:69,0
DA:75,0
DA:76,0
DA:77,0
DA:88,0
DA:92,0
DA:93,0
DA:99,0
DA:100,0
DA:101,0
DA:102,0
DA:104,0
DA:110,0
DA:111,0
DA:112,0
DA:123,0
DA:127,0
DA:128,0
DA:134,0
DA:135,0
DA:136,0
DA:142,0
DA:143,0
DA:144,0
DA:150,0
DA:151,0
DA:152,0
DA:159,0
DA:163,0
DA:164,0
DA:171,0
DA:175,0
DA:176,0
DA:182,0
DA:183,0
DA:184,0
DA:191,0
DA:195,0
DA:196,0
LF:55
LH:0
BRDA:46,0,0,0
BRDA:46,0,1,0
BRDA:47,1,0,0
BRDA:47,1,1,0
BRDA:92,2,0,0
BRDA:92,2,1,0
BRDA:101,3,0,0
BRDA:101,3,1,0
BRF:8
BRH:0
end_of_record
TN:
SF:src/modules/admin/controllers/admin-points.controller.ts
FN:33,(anonymous_4)
FN:42,(anonymous_5)
FN:57,(anonymous_6)
FN:65,(anonymous_7)
FN:76,(anonymous_8)
FN:88,(anonymous_9)
FN:103,(anonymous_10)
FN:116,(anonymous_11)
FNF:8
FNH:0
FNDA:0,(anonymous_4)
FNDA:0,(anonymous_5)
FNDA:0,(anonymous_6)
FNDA:0,(anonymous_7)
FNDA:0,(anonymous_8)
FNDA:0,(anonymous_9)
FNDA:0,(anonymous_10)
FNDA:0,(anonymous_11)
DA:1,0
DA:12,0
DA:19,0
DA:20,0
DA:25,0
DA:26,0
DA:32,0
DA:33,0
DA:42,0
DA:47,0
DA:52,0
DA:57,0
DA:58,0
DA:59,0
DA:65,0
DA:69,0
DA:70,0
DA:76,0
DA:77,0
DA:78,0
DA:88,0
DA:93,0
DA:98,0
DA:103,0
DA:104,0
DA:105,0
DA:116,0
DA:122,0
DA:128,0
LF:29
LH:0
BRDA:49,0,0,0
BRDA:49,0,1,0
BRDA:50,1,0,0
BRDA:50,1,1,0
BRDA:95,2,0,0
BRDA:95,2,1,0
BRDA:96,3,0,0
BRDA:96,3,1,0
BRDA:125,4,0,0
BRDA:125,4,1,0
BRDA:126,5,0,0
BRDA:126,5,1,0
BRF:12
BRH:0
end_of_record
TN:
SF:src/modules/admin/controllers/admin-referrals.controller.ts
FN:23,(anonymous_4)
FN:28,(anonymous_5)
FN:35,(anonymous_6)
FN:51,(anonymous_7)
FN:62,(anonymous_8)
FN:70,(anonymous_9)
FN:92,(anonymous_10)
FNF:7
FNH:0
FNDA:0,(anonymous_4)
FNDA:0,(anonymous_5)
FNDA:0,(anonymous_6)
FNDA:0,(anonymous_7)
FNDA:0,(anonymous_8)
FNDA:0,(anonymous_9)
FNDA:0,(anonymous_10)
DA:1,0
DA:11,0
DA:12,0
DA:13,0
DA:14,0
DA:22,0
DA:23,0
DA:28,0
DA:29,0
DA:30,0
DA:35,0
DA:40,0
DA:45,0
DA:51,0
DA:55,0
DA:56,0
DA:62,0
DA:63,0
DA:64,0
DA:70,0
DA:78,0
DA:86,0
DA:92,0
DA:96,0
DA:97,0
LF:25
LH:0
BRDA:42,0,0,0
BRDA:42,0,1,0
BRDA:43,1,0,0
BRDA:43,1,1,0
BRDA:83,2,0,0
BRDA:83,2,1,0
BRDA:84,3,0,0
BRDA:84,3,1,0
BRF:8
BRH:0
end_of_record
TN:
SF:src/modules/admin/controllers/admin-users.controller.ts
FN:9,(anonymous_4)
FN:19,(anonymous_5)
FN:40,(anonymous_6)
FN:48,(anonymous_7)
FN:64,(anonymous_8)
FN:75,(anonymous_9)
FN:85,(anonymous_10)
FNF:7
FNH:0
FNDA:0,(anonymous_4)
FNDA:0,(anonymous_5)
FNDA:0,(anonymous_6)
FNDA:0,(anonymous_7)
FNDA:0,(anonymous_8)
FNDA:0,(anonymous_9)
FNDA:0,(anonymous_10)
DA:1,0
DA:2,0
DA:3,0
DA:4,0
DA:8,0
DA:9,0
DA:19,0
DA:27,0
DA:35,0
DA:40,0
DA:41,0
DA:42,0
DA:48,0
DA:49,0
DA:50,0
DA:64,0
DA:68,0
DA:69,0
DA:75,0
DA:76,0
DA:77,0
DA:85,0
DA:90,0
DA:94,0
LF:24
LH:0
BRDA:29,0,0,0
BRDA:29,0,1,0
BRDA:29,1,0,0
BRDA:29,1,1,0
BRDA:32,2,0,0
BRDA:32,2,1,0
BRDA:33,3,0,0
BRDA:33,3,1,0
BRDA:91,4,0,0
BRDA:91,4,1,0
BRDA:92,5,0,0
BRDA:92,5,1,0
BRF:12
BRH:0
end_of_record
TN:
SF:src/modules/admin/controllers/admin-withdrawals.controller.ts
FN:9,(anonymous_4)
FN:20,(anonymous_5)
FN:43,(anonymous_6)
FN:51,(anonymous_7)
FN:67,(anonymous_8)
FN:86,(anonymous_9)
FN:104,(anonymous_10)
FNF:7
FNH:0
FNDA:0,(anonymous_4)
FNDA:0,(anonymous_5)
FNDA:0,(anonymous_6)
FNDA:0,(anonymous_7)
FNDA:0,(anonymous_8)
FNDA:0,(anonymous_9)
FNDA:0,(anonymous_10)
DA:1,0
DA:2,0
DA:3,0
DA:4,0
DA:8,0
DA:9,0
DA:20,0
DA:29,0
DA:38,0
DA:43,0
DA:44,0
DA:45,0
DA:51,0
DA:52,0
DA:53,0
DA:67,0
DA:72,0
DA:73,0
DA:86,0
DA:90,0
DA:91,0
DA:104,0
DA:108,0
DA:109,0
LF:24
LH:0
BRDA:35,0,0,0
BRDA:35,0,1,0
BRDA:36,1,0,0
BRDA:36,1,1,0
BRDA:73,2,0,0
BRDA:73,2,1,0
BRF:6
BRH:0
end_of_record
TN:
SF:src/modules/admin/services/admin-banners.service.ts
FN:6,(anonymous_2)
FN:9,(anonymous_3)
FN:48,(anonymous_4)
FN:61,(anonymous_5)
FN:84,(anonymous_6)
FN:108,(anonymous_7)
FN:117,(anonymous_8)
FN:118,(anonymous_9)
FN:130,(anonymous_10)
FNF:9
FNH:0
FNDA:0,(anonymous_2)
FNDA:0,(anonymous_3)
FNDA:0,(anonymous_4)
FNDA:0,(anonymous_5)
FNDA:0,(anonymous_6)
FNDA:0,(anonymous_7)
FNDA:0,(anonymous_8)
FNDA:0,(anonymous_9)
FNDA:0,(anonymous_10)
DA:1,0
DA:2,0
DA:5,0
DA:6,0
DA:16,0
DA:18,0
DA:19,0
DA:20,0
DA:22,0
DA:23,0
DA:25,0
DA:26,0
DA:29,0
DA:39,0
DA:49,0
DA:53,0
DA:54,0
DA:57,0
DA:71,0
DA:96,0
DA:99,0
DA:101,0
DA:109,0
DA:111,0
DA:118,0
DA:119,0
DA:125,0
DA:126,0
DA:131,0
DA:136,0
LF:30
LH:0
BRDA:16,0,0,0
BRDA:16,1,0,0
BRDA:19,2,0,0
BRDA:22,3,0,0
BRDA:25,4,0,0
BRDA:53,5,0,0
BRDA:76,6,0,0
BRDA:76,6,1,0
BRDA:77,7,0,0
BRDA:77,7,1,0
BRDA:78,8,0,0
BRDA:78,8,1,0
BRF:12
BRH:0
end_of_record
TN:
SF:src/modules/admin/services/admin-complaints.service.ts
FN:28,(anonymous_2)
FN:33,(anonymous_3)
FN:102,(anonymous_4)
FN:122,(anonymous_5)
FN:163,(anonymous_6)
FN:185,(anonymous_7)
FN:199,(anonymous_8)
FN:278,(anonymous_9)
FN:291,(anonymous_10)
FNF:9
FNH:0
FNDA:0,(anonymous_2)
FNDA:0,(anonymous_3)
FNDA:0,(anonymous_4)
FNDA:0,(anonymous_5)
FNDA:0,(anonymous_6)
FNDA:0,(anonymous_7)
FNDA:0,(anonymous_8)
FNDA:0,(anonymous_9)
FNDA:0,(anonymous_10)
DA:1,0
DA:2,0
DA:3,0
DA:25,0
DA:26,0
DA:28,0
DA:34,0
DA:36,0
DA:38,0
DA:39,0
DA:41,0
DA:42,0
DA:44,0
DA:45,0
DA:47,0
DA:48,0
DA:50,0
DA:51,0
DA:53,0
DA:54,0
DA:55,0
DA:56,0
DA:58,0
DA:59,0
DA:63,0
DA:90,0
DA:103,0
DA:110,0
DA:123,0
DA:153,0
DA:154,0
DA:157,0
DA:164,0
DA:168,0
DA:169,0
DA:172,0
DA:173,0
DA:176,0
DA:186,0
DA:191,0
DA:192,0
DA:195,0
DA:196,0
DA:199,0
DA:201,0
DA:215,0
DA:216,0
DA:219,0
DA:220,0
DA:224,0
DA:228,0
DA:232,0
DA:233,0
DA:237,0
DA:244,0
DA:249,0
DA:250,0
DA:267,0
DA:271,0
DA:279,0
DA:283,0
DA:284,0
DA:287,0
DA:288,0
DA:291,0
DA:292,0
DA:303,0
DA:304,0
DA:315,0
LF:69
LH:0
BRDA:34,0,0,0
BRDA:34,1,0,0
BRDA:38,2,0,0
BRDA:41,3,0,0
BRDA:44,4,0,0
BRDA:47,5,0,0
BRDA:50,6,0,0
BRDA:53,7,0,0
BRDA:53,8,0,0
BRDA:53,8,1,0
BRDA:55,9,0,0
BRDA:58,10,0,0
BRDA:153,11,0,0
BRDA:168,12,0,0
BRDA:172,13,0,0
BRDA:191,14,0,0
BRDA:195,15,0,0
BRDA:195,16,0,0
BRDA:195,16,1,0
BRDA:205,17,0,0
BRDA:205,17,1,0
BRDA:206,18,0,0
BRDA:206,18,1,0
BRDA:207,19,0,0
BRDA:207,19,1,0
BRDA:215,20,0,0
BRDA:215,21,0,0
BRDA:215,21,1,0
BRDA:215,21,2,0
BRDA:216,22,0,0
BRDA:216,22,1,0
BRDA:216,22,2,0
BRDA:216,22,3,0
BRDA:249,23,0,0
BRDA:283,24,0,0
BRDA:287,25,0,0
BRDA:287,26,0,0
BRDA:287,26,1,0
BRDA:303,27,0,0
BRF:39
BRH:0
end_of_record
TN:
SF:src/modules/admin/services/admin-dashboard.service.ts
FN:6,(anonymous_2)
FN:9,(anonymous_3)
FN:47,(anonymous_4)
FN:78,(anonymous_5)
FNF:4
FNH:0
FNDA:0,(anonymous_2)
FNDA:0,(anonymous_3)
FNDA:0,(anonymous_4)
FNDA:0,(anonymous_5)
DA:1,0
DA:2,0
DA:5,0
DA:6,0
DA:10,0
DA:11,0
DA:20,0
DA:36,0
DA:48,0
DA:49,0
DA:51,0
DA:52,0
DA:53,0
DA:54,0
DA:56,0
DA:57,0
DA:59,0
DA:68,0
DA:74,0
DA:79,0
DA:80,0
DA:82,0
DA:83,0
DA:86,0
DA:89,0
LF:25
LH:0
BRDA:42,0,0,0
BRDA:42,0,1,0
BRF:2
BRH:0
end_of_record
TN:
SF:src/modules/admin/services/admin-escort-levels.service.ts
FN:32,(anonymous_2)
FN:37,(anonymous_3)
FN:47,(anonymous_4)
FN:56,(anonymous_5)
FN:79,(anonymous_6)
FN:102,(anonymous_7)
FN:120,(anonymous_8)
FNF:7
FNH:0
FNDA:0,(anonymous_2)
FNDA:0,(anonymous_3)
FNDA:0,(anonymous_4)
FNDA:0,(anonymous_5)
FNDA:0,(anonymous_6)
FNDA:0,(anonymous_7)
FNDA:0,(anonymous_8)
DA:1,0
DA:2,0
DA:31,0
DA:32,0
DA:38,0
DA:47,0
DA:57,0
DA:66,0
DA:67,0
DA:70,0
DA:81,0
DA:85,0
DA:86,0
DA:89,0
DA:103,0
DA:107,0
DA:108,0
DA:111,0
DA:121,0
DA:130,0
DA:131,0
DA:134,0
DA:135,0
DA:140,0
DA:144,0
LF:25
LH:0
BRDA:66,0,0,0
BRDA:85,1,0,0
BRDA:92,2,0,0
BRDA:92,2,1,0
BRDA:93,3,0,0
BRDA:93,3,1,0
BRDA:94,4,0,0
BRDA:94,4,1,0
BRDA:107,5,0,0
BRDA:130,6,0,0
BRDA:134,7,0,0
BRF:11
BRH:0
end_of_record
TN:
SF:src/modules/admin/services/admin-escort-tags.service.ts
FN:23,(anonymous_2)
FN:28,(anonymous_3)
FN:44,(anonymous_4)
FN:51,(anonymous_5)
FN:52,(anonymous_6)
FN:53,(anonymous_7)
FN:62,(anonymous_8)
FN:77,(anonymous_9)
FN:99,(anonymous_10)
FN:127,(anonymous_11)
FN:146,(anonymous_12)
FN:148,(anonymous_13)
FNF:12
FNH:0
FNDA:0,(anonymous_2)
FNDA:0,(anonymous_3)
FNDA:0,(anonymous_4)
FNDA:0,(anonymous_5)
FNDA:0,(anonymous_6)
FNDA:0,(anonymous_7)
FNDA:0,(anonymous_8)
FNDA:0,(anonymous_9)
FNDA:0,(anonymous_10)
FNDA:0,(anonymous_11)
FNDA:0,(anonymous_12)
FNDA:0,(anonymous_13)
DA:1,0
DA:2,0
DA:22,0
DA:23,0
DA:29,0
DA:30,0
DA:31,0
DA:33,0
DA:38,0
DA:45,0
DA:50,0
DA:51,0
DA:52,0
DA:53,0
DA:56,0
DA:63,0
DA:67,0
DA:68,0
DA:71,0
DA:79,0
DA:83,0
DA:84,0
DA:87,0
DA:100,0
DA:104,0
DA:105,0
DA:109,0
DA:110,0
DA:113,0
DA:114,0
DA:118,0
DA:128,0
DA:132,0
DA:133,0
DA:136,0
DA:140,0
DA:147,0
DA:149,0
DA:156,0
LF:39
LH:0
BRDA:30,0,0,0
BRDA:31,1,0,0
BRDA:67,2,0,0
BRDA:83,3,0,0
BRDA:90,4,0,0
BRDA:90,4,1,0
BRDA:91,5,0,0
BRDA:91,5,1,0
BRDA:104,6,0,0
BRDA:109,7,0,0
BRDA:109,8,0,0
BRDA:109,8,1,0
BRDA:113,9,0,0
BRDA:132,10,0,0
BRF:14
BRH:0
end_of_record
TN:
SF:src/modules/admin/services/admin-escorts.service.ts
FN:58,(anonymous_2)
FN:70,(anonymous_3)
FN:119,(anonymous_4)
FN:123,(anonymous_5)
FN:136,(anonymous_6)
FN:162,(anonymous_7)
FN:173,(anonymous_8)
FN:202,(anonymous_9)
FN:205,(anonymous_10)
FN:220,(anonymous_11)
FN:248,(anonymous_12)
FN:261,(anonymous_13)
FN:306,(anonymous_14)
FN:345,(anonymous_15)
FN:360,(anonymous_16)
FN:421,(anonymous_17)
FN:456,(anonymous_18)
FN:483,(anonymous_19)
FN:524,(anonymous_20)
FN:532,(anonymous_21)
FN:540,(anonymous_22)
FN:549,(anonymous_23)
FN:570,(anonymous_24)
FN:649,(anonymous_25)
FNF:24
FNH:0
FNDA:0,(anonymous_2)
FNDA:0,(anonymous_3)
FNDA:0,(anonymous_4)
FNDA:0,(anonymous_5)
FNDA:0,(anonymous_6)
FNDA:0,(anonymous_7)
FNDA:0,(anonymous_8)
FNDA:0,(anonymous_9)
FNDA:0,(anonymous_10)
FNDA:0,(anonymous_11)
FNDA:0,(anonymous_12)
FNDA:0,(anonymous_13)
FNDA:0,(anonymous_14)
FNDA:0,(anonymous_15)
FNDA:0,(anonymous_16)
FNDA:0,(anonymous_17)
FNDA:0,(anonymous_18)
FNDA:0,(anonymous_19)
FNDA:0,(anonymous_20)
FNDA:0,(anonymous_21)
FNDA:0,(anonymous_22)
FNDA:0,(anonymous_23)
FNDA:0,(anonymous_24)
FNDA:0,(anonymous_25)
DA:1,0
DA:2,0
DA:3,0
DA:57,0
DA:59,0
DA:60,0
DA:79,0
DA:81,0
DA:84,0
DA:85,0
DA:86,0
DA:87,0
DA:88,0
DA:89,0
DA:96,0
DA:119,0
DA:123,0
DA:130,0
DA:137,0
DA:154,0
DA:155,0
DA:158,0
DA:162,0
DA:174,0
DA:176,0
DA:182,0
DA:183,0
DA:186,0
DA:187,0
DA:192,0
DA:202,0
DA:205,0
DA:222,0
DA:226,0
DA:227,0
DA:230,0
DA:233,0
DA:246,0
DA:247,0
DA:248,0
DA:255,0
DA:263,0
DA:267,0
DA:268,0
DA:272,0
DA:273,0
DA:276,0
DA:277,0
DA:281,0
DA:283,0
DA:284,0
DA:285,0
DA:287,0
DA:288,0
DA:290,0
DA:291,0
DA:294,0
DA:299,0
DA:308,0
DA:312,0
DA:313,0
DA:317,0
DA:324,0
DA:325,0
DA:331,0
DA:339,0
DA:346,0
DA:350,0
DA:351,0
DA:354,0
DA:355,0
DA:358,0
DA:360,0
DA:362,0
DA:374,0
DA:375,0
DA:378,0
DA:379,0
DA:391,0
DA:395,0
DA:396,0
DA:397,0
DA:411,0
DA:415,0
DA:422,0
DA:426,0
DA:427,0
DA:431,0
DA:432,0
DA:438,0
DA:439,0
DA:443,0
DA:457,0
DA:461,0
DA:462,0
DA:466,0
DA:467,0
DA:470,0
DA:485,0
DA:489,0
DA:490,0
DA:494,0
DA:498,0
DA:499,0
DA:503,0
DA:525,0
DA:533,0
DA:542,0
DA:547,0
DA:548,0
DA:549,0
DA:559,0
DA:571,0
DA:576,0
DA:577,0
DA:581,0
DA:586,0
DA:587,0
DA:591,0
DA:592,0
DA:593,0
DA:598,0
DA:600,0
DA:601,0
DA:602,0
DA:604,0
DA:606,0
DA:607,0
DA:613,0
DA:614,0
DA:615,0
DA:628,0
DA:632,0
DA:635,0
DA:639,0
DA:651,0
DA:659,0
LF:137
LH:0
BRDA:79,0,0,0
BRDA:79,1,0,0
BRDA:84,2,0,0
BRDA:85,3,0,0
BRDA:86,4,0,0
BRDA:87,5,0,0
BRDA:88,6,0,0
BRDA:121,7,0,0
BRDA:121,7,1,0
BRDA:122,8,0,0
BRDA:122,8,1,0
BRDA:126,9,0,0
BRDA:126,9,1,0
BRDA:154,10,0,0
BRDA:160,11,0,0
BRDA:160,11,1,0
BRDA:161,12,0,0
BRDA:161,12,1,0
BRDA:164,13,0,0
BRDA:164,13,1,0
BRDA:182,14,0,0
BRDA:186,15,0,0
BRDA:204,16,0,0
BRDA:204,16,1,0
BRDA:208,17,0,0
BRDA:208,17,1,0
BRDA:226,18,0,0
BRDA:236,19,0,0
BRDA:236,19,1,0
BRDA:237,20,0,0
BRDA:237,20,1,0
BRDA:238,21,0,0
BRDA:238,21,1,0
BRDA:239,22,0,0
BRDA:239,22,1,0
BRDA:246,23,0,0
BRDA:267,24,0,0
BRDA:272,25,0,0
BRDA:272,26,0,0
BRDA:272,26,1,0
BRDA:276,27,0,0
BRDA:284,28,0,0
BRDA:285,29,0,0
BRDA:285,29,1,0
BRDA:287,30,0,0
BRDA:288,31,0,0
BRDA:288,31,1,0
BRDA:290,32,0,0
BRDA:291,33,0,0
BRDA:291,33,1,0
BRDA:312,34,0,0
BRDA:324,35,0,0
BRDA:350,36,0,0
BRDA:354,37,0,0
BRDA:358,38,0,0
BRDA:358,38,1,0
BRDA:369,39,0,0
BRDA:369,39,1,0
BRDA:374,40,0,0
BRDA:378,41,0,0
BRDA:395,42,0,0
BRDA:398,43,0,0
BRDA:398,43,1,0
BRDA:404,44,0,0
BRDA:404,44,1,0
BRDA:404,45,0,0
BRDA:404,45,1,0
BRDA:426,46,0,0
BRDA:431,47,0,0
BRDA:431,48,0,0
BRDA:431,48,1,0
BRDA:438,49,0,0
BRDA:447,50,0,0
BRDA:447,50,1,0
BRDA:447,51,0,0
BRDA:447,51,1,0
BRDA:448,52,0,0
BRDA:448,52,1,0
BRDA:461,53,0,0
BRDA:466,54,0,0
BRDA:489,55,0,0
BRDA:498,56,0,0
BRDA:513,57,0,0
BRDA:513,57,1,0
BRDA:516,58,0,0
BRDA:516,58,1,0
BRDA:547,59,0,0
BRDA:552,60,0,0
BRDA:552,60,1,0
BRDA:576,61,0,0
BRDA:586,62,0,0
BRDA:600,63,0,0
BRDA:600,63,1,0
BRDA:601,64,0,0
BRDA:601,64,1,0
BRDA:602,65,0,0
BRDA:602,65,1,0
BRDA:604,66,0,0
BRDA:604,67,0,0
BRDA:604,67,1,0
BRDA:604,67,2,0
BRDA:606,68,0,0
BRDA:613,69,0,0
BRF:103
BRH:0
end_of_record
TN:
SF:src/modules/admin/services/admin-orders.service.ts
FN:19,(anonymous_2)
FN:28,(anonymous_3)
FN:103,(anonymous_4)
FN:119,(anonymous_5)
FN:161,(anonymous_6)
FN:251,(anonymous_7)
FN:288,(anonymous_8)
FN:341,(anonymous_9)
FN:355,(anonymous_10)
FN:364,(anonymous_11)
FN:387,(anonymous_12)
FN:409,(anonymous_13)
FN:441,(anonymous_14)
FN:481,(anonymous_15)
FN:497,(anonymous_16)
FN:531,(anonymous_17)
FN:556,(anonymous_18)
FN:574,(anonymous_19)
FN:585,(anonymous_20)
FN:596,(anonymous_21)
FN:616,(anonymous_22)
FNF:21
FNH:0
FNDA:0,(anonymous_2)
FNDA:0,(anonymous_3)
FNDA:0,(anonymous_4)
FNDA:0,(anonymous_5)
FNDA:0,(anonymous_6)
FNDA:0,(anonymous_7)
FNDA:0,(anonymous_8)
FNDA:0,(anonymous_9)
FNDA:0,(anonymous_10)
FNDA:0,(anonymous_11)
FNDA:0,(anonymous_12)
FNDA:0,(anonymous_13)
FNDA:0,(anonymous_14)
FNDA:0,(anonymous_15)
FNDA:0,(anonymous_16)
FNDA:0,(anonymous_17)
FNDA:0,(anonymous_18)
FNDA:0,(anonymous_19)
FNDA:0,(anonymous_20)
FNDA:0,(anonymous_21)
FNDA:0,(anonymous_22)
DA:1,0
DA:2,0
DA:5,0
DA:18,0
DA:19,0
DA:38,0
DA:40,0
DA:42,0
DA:43,0
DA:46,0
DA:47,0
DA:50,0
DA:51,0
DA:54,0
DA:55,0
DA:63,0
DA:64,0
DA:65,0
DA:66,0
DA:69,0
DA:103,0
DA:113,0
DA:120,0
DA:141,0
DA:142,0
DA:145,0
DA:162,0
DA:165,0
DA:166,0
DA:167,0
DA:168,0
DA:171,0
DA:172,0
DA:185,0
DA:221,0
DA:222,0
DA:224,0
DA:252,0
DA:256,0
DA:257,0
DA:260,0
DA:261,0
DA:264,0
DA:268,0
DA:269,0
DA:272,0
DA:273,0
DA:276,0
DA:277,0
DA:281,0
DA:282,0
DA:285,0
DA:288,0
DA:290,0
DA:307,0
DA:315,0
DA:328,0
DA:331,0
DA:342,0
DA:346,0
DA:347,0
DA:350,0
DA:355,0
DA:372,0
DA:388,0
DA:392,0
DA:393,0
DA:396,0
DA:397,0
DA:400,0
DA:410,0
DA:414,0
DA:415,0
DA:418,0
DA:419,0
DA:422,0
DA:423,0
DA:427,0
DA:432,0
DA:442,0
DA:446,0
DA:447,0
DA:450,0
DA:451,0
DA:455,0
DA:461,0
DA:462,0
DA:472,0
DA:473,0
DA:480,0
DA:481,0
DA:482,0
DA:483,0
DA:488,0
DA:491,0
DA:498,0
DA:502,0
DA:503,0
DA:506,0
DA:507,0
DA:511,0
DA:512,0
DA:518,0
DA:532,0
DA:536,0
DA:537,0
DA:540,0
DA:541,0
DA:544,0
DA:557,0
DA:561,0
DA:562,0
DA:565,0
DA:566,0
DA:572,0
DA:573,0
DA:574,0
DA:575,0
DA:576,0
DA:578,0
DA:583,0
DA:584,0
DA:585,0
DA:586,0
DA:587,0
DA:589,0
DA:594,0
DA:595,0
DA:596,0
DA:597,0
DA:598,0
DA:600,0
DA:604,0
DA:617,0
DA:621,0
DA:622,0
DA:625,0
LF:137
LH:0
BRDA:38,0,0,0
BRDA:38,1,0,0
BRDA:42,2,0,0
BRDA:42,3,0,0
BRDA:42,3,1,0
BRDA:46,4,0,0
BRDA:50,5,0,0
BRDA:54,6,0,0
BRDA:63,7,0,0
BRDA:63,8,0,0
BRDA:63,8,1,0
BRDA:65,9,0,0
BRDA:66,10,0,0
BRDA:107,11,0,0
BRDA:107,11,1,0
BRDA:141,12,0,0
BRDA:149,13,0,0
BRDA:149,13,1,0
BRDA:152,14,0,0
BRDA:152,14,1,0
BRDA:162,15,0,0
BRDA:162,15,1,0
BRDA:221,16,0,0
BRDA:221,16,1,0
BRDA:222,17,0,0
BRDA:222,17,1,0
BRDA:228,18,0,0
BRDA:228,18,1,0
BRDA:237,19,0,0
BRDA:237,19,1,0
BRDA:240,20,0,0
BRDA:240,20,1,0
BRDA:256,21,0,0
BRDA:260,22,0,0
BRDA:268,23,0,0
BRDA:272,24,0,0
BRDA:276,25,0,0
BRDA:281,26,0,0
BRDA:346,27,0,0
BRDA:357,28,0,0
BRDA:357,28,1,0
BRDA:379,29,0,0
BRDA:379,29,1,0
BRDA:392,30,0,0
BRDA:396,31,0,0
BRDA:414,32,0,0
BRDA:418,33,0,0
BRDA:422,34,0,0
BRDA:446,35,0,0
BRDA:450,36,0,0
BRDA:461,37,0,0
BRDA:472,38,0,0
BRDA:502,39,0,0
BRDA:506,40,0,0
BRDA:511,41,0,0
BRDA:511,42,0,0
BRDA:511,42,1,0
BRDA:536,43,0,0
BRDA:540,44,0,0
BRDA:561,45,0,0
BRDA:565,46,0,0
BRDA:572,47,0,0
BRDA:583,48,0,0
BRDA:594,49,0,0
BRDA:594,50,0,0
BRDA:594,50,1,0
BRDA:621,51,0,0
BRF:67
BRH:0
end_of_record
TN:
SF:src/modules/admin/services/admin-users.service.ts
FN:6,(anonymous_2)
FN:11,(anonymous_3)
FN:71,(anonymous_4)
FN:92,(anonymous_5)
FN:138,(anonymous_6)
FN:149,(anonymous_7)
FN:213,(anonymous_8)
FN:241,(anonymous_9)
FN:259,(anonymous_10)
FN:286,(anonymous_11)
FNF:10
FNH:0
FNDA:0,(anonymous_2)
FNDA:0,(anonymous_3)
FNDA:0,(anonymous_4)
FNDA:0,(anonymous_5)
FNDA:0,(anonymous_6)
FNDA:0,(anonymous_7)
FNDA:0,(anonymous_8)
FNDA:0,(anonymous_9)
FNDA:0,(anonymous_10)
FNDA:0,(anonymous_11)
DA:1,0
DA:2,0
DA:5,0
DA:6,0
DA:19,0
DA:21,0
DA:23,0
DA:24,0
DA:31,0
DA:32,0
DA:33,0
DA:35,0
DA:39,0
DA:40,0
DA:41,0
DA:42,0
DA:45,0
DA:71,0
DA:86,0
DA:93,0
DA:121,0
DA:122,0
DA:126,0
DA:132,0
DA:138,0
DA:150,0
DA:151,0
DA:152,0
DA:153,0
DA:155,0
DA:156,0
DA:158,0
DA:159,0
DA:160,0
DA:170,0
DA:192,0
DA:214,0
DA:218,0
DA:219,0
DA:223,0
DA:224,0
DA:227,0
DA:228,0
DA:232,0
DA:242,0
DA:246,0
DA:247,0
DA:250,0
DA:260,0
DA:262,0
DA:266,0
DA:267,0
DA:270,0
DA:285,0
DA:286,0
LF:55
LH:0
BRDA:19,0,0,0
BRDA:19,1,0,0
BRDA:23,2,0,0
BRDA:31,3,0,0
BRDA:32,4,0,0
BRDA:32,4,1,0
BRDA:39,5,0,0
BRDA:39,6,0,0
BRDA:39,6,1,0
BRDA:41,7,0,0
BRDA:42,8,0,0
BRDA:121,9,0,0
BRDA:137,10,0,0
BRDA:137,10,1,0
BRDA:196,11,0,0
BRDA:196,11,1,0
BRDA:198,12,0,0
BRDA:198,12,1,0
BRDA:201,13,0,0
BRDA:201,13,1,0
BRDA:203,14,0,0
BRDA:203,14,1,0
BRDA:205,15,0,0
BRDA:205,15,1,0
BRDA:218,16,0,0
BRDA:223,17,0,0
BRDA:223,18,0,0
BRDA:223,18,1,0
BRDA:227,19,0,0
BRDA:246,20,0,0
BRDA:260,21,0,0
BRDA:260,22,0,0
BRDA:266,23,0,0
BRF:33
BRH:0
end_of_record
TN:
SF:src/modules/admin/services/admin-withdrawals.service.ts
FN:7,(anonymous_2)
FN:12,(anonymous_3)
FN:61,(anonymous_4)
FN:75,(anonymous_5)
FN:112,(anonymous_6)
FN:135,(anonymous_7)
FN:154,(anonymous_8)
FN:196,(anonymous_9)
FN:216,(anonymous_10)
FN:243,(anonymous_11)
FN:263,(anonymous_12)
FN:302,(anonymous_13)
FNF:12
FNH:0
FNDA:0,(anonymous_2)
FNDA:0,(anonymous_3)
FNDA:0,(anonymous_4)
FNDA:0,(anonymous_5)
FNDA:0,(anonymous_6)
FNDA:0,(anonymous_7)
FNDA:0,(anonymous_8)
FNDA:0,(anonymous_9)
FNDA:0,(anonymous_10)
FNDA:0,(anonymous_11)
FNDA:0,(anonymous_12)
FNDA:0,(anonymous_13)
DA:1,0
DA:2,0
DA:3,0
DA:6,0
DA:7,0
DA:21,0
DA:23,0
DA:25,0
DA:26,0
DA:28,0
DA:29,0
DA:36,0
DA:37,0
DA:38,0
DA:39,0
DA:42,0
DA:61,0
DA:69,0
DA:76,0
DA:95,0
DA:96,0
DA:99,0
DA:118,0
DA:125,0
DA:126,0
DA:129,0
DA:130,0
DA:133,0
DA:135,0
DA:137,0
DA:151,0
DA:154,0
DA:156,0
DA:167,0
DA:176,0
DA:189,0
DA:201,0
DA:208,0
DA:209,0
DA:212,0
DA:213,0
DA:216,0
DA:218,0
DA:228,0
DA:237,0
DA:248,0
DA:255,0
DA:256,0
DA:259,0
DA:260,0
DA:263,0
DA:265,0
DA:274,0
DA:283,0
DA:296,0
DA:310,0
DA:329,0
LF:57
LH:0
BRDA:21,0,0,0
BRDA:21,1,0,0
BRDA:25,2,0,0
BRDA:26,3,0,0
BRDA:28,4,0,0
BRDA:36,5,0,0
BRDA:36,6,0,0
BRDA:36,6,1,0
BRDA:38,7,0,0
BRDA:39,8,0,0
BRDA:95,9,0,0
BRDA:125,10,0,0
BRDA:129,11,0,0
BRDA:133,12,0,0
BRDA:133,12,1,0
BRDA:208,13,0,0
BRDA:212,14,0,0
BRDA:255,15,0,0
BRDA:259,16,0,0
BRDA:331,17,0,0
BRDA:331,17,1,0
BRDA:334,18,0,0
BRDA:334,18,1,0
BRF:23
BRH:0
end_of_record
TN:
SF:src/modules/auth/auth.controller.ts
FN:13,(anonymous_4)
FN:17,(anonymous_5)
FN:26,(anonymous_6)
FNF:3
FNH:0
FNDA:0,(anonymous_4)
FNDA:0,(anonymous_5)
FNDA:0,(anonymous_6)
DA:1,0
DA:2,0
DA:3,0
DA:4,0
DA:5,0
DA:6,0
DA:7,0
DA:8,0
DA:12,0
DA:13,0
DA:17,0
DA:18,0
DA:19,0
DA:26,0
DA:30,0
DA:31,0
LF:16
LH:0
BRF:0
BRH:0
end_of_record
TN:
SF:src/modules/auth/auth.module.ts
FN:16,(anonymous_1)
FNF:1
FNH:0
FNDA:0,(anonymous_1)
DA:1,0
DA:2,0
DA:3,0
DA:4,0
DA:5,0
DA:6,0
DA:7,0
DA:8,0
DA:16,0
DA:29,0
LF:10
LH:0
BRDA:17,0,0,0
BRDA:17,0,1,0
BRDA:19,1,0,0
BRDA:19,1,1,0
BRF:4
BRH:0
end_of_record
TN:
SF:src/modules/auth/auth.service.ts
FN:19,(anonymous_2)
FN:26,(anonymous_3)
FN:69,(anonymous_4)
FN:111,(anonymous_5)
FN:168,(anonymous_6)
FN:216,(anonymous_7)
FN:225,(anonymous_8)
FN:227,(anonymous_9)
FNF:8
FNH:0
FNDA:0,(anonymous_2)
FNDA:0,(anonymous_3)
FNDA:0,(anonymous_4)
FNDA:0,(anonymous_5)
FNDA:0,(anonymous_6)
FNDA:0,(anonymous_7)
FNDA:0,(anonymous_8)
FNDA:0,(anonymous_9)
DA:1,0
DA:2,0
DA:3,0
DA:4,0
DA:5,0
DA:16,0
DA:17,0
DA:20,0
DA:21,0
DA:22,0
DA:27,0
DA:30,0
DA:31,0
DA:33,0
DA:34,0
DA:46,0
DA:48,0
DA:49,0
DA:53,0
DA:57,0
DA:58,0
DA:59,0
DA:67,0
DA:68,0
DA:69,0
DA:70,0
DA:71,0
DA:73,0
DA:79,0
DA:80,0
DA:82,0
DA:87,0
DA:92,0
DA:103,0
DA:104,0
DA:106,0
DA:112,0
DA:113,0
DA:115,0
DA:117,0
DA:128,0
DA:131,0
DA:136,0
DA:137,0
DA:138,0
DA:141,0
DA:144,0
DA:150,0
DA:152,0
DA:159,0
DA:160,0
DA:169,0
DA:171,0
DA:175,0
DA:176,0
DA:180,0
DA:181,0
DA:182,0
DA:183,0
DA:186,0
DA:195,0
DA:200,0
DA:202,0
DA:209,0
DA:211,0
DA:217,0
DA:226,0
DA:227,0
DA:228,0
DA:229,0
DA:231,0
LF:71
LH:0
BRDA:48,0,0,0
BRDA:58,1,0,0
BRDA:67,2,0,0
BRDA:103,3,0,0
BRDA:137,4,0,0
BRDA:175,5,0,0
BRDA:180,6,0,0
BRDA:181,7,0,0
BRF:8
BRH:0
end_of_record
TN:
SF:src/modules/auth/dto/bind-phone.dto.ts
FNF:0
FNH:0
DA:1,0
DA:2,0
DA:4,0
DA:8,0
LF:4
LH:0
BRF:0
BRH:0
end_of_record
TN:
SF:src/modules/auth/dto/wechat-login.dto.ts
FNF:0
FNH:0
DA:1,0
DA:2,0
DA:4,0
DA:8,0
DA:13,0
LF:5
LH:0
BRF:0
BRH:0
end_of_record
TN:
SF:src/modules/auth/guards/jwt-auth.guard.ts
FNF:0
FNH:0
DA:1,0
DA:2,0
DA:5,0
LF:3
LH:0
BRF:0
BRH:0
end_of_record
TN:
SF:src/modules/auth/strategies/jwt.strategy.ts
FN:9,(anonymous_2)
FN:20,(anonymous_3)
FNF:2
FNH:0
FNDA:0,(anonymous_2)
FNDA:0,(anonymous_3)
DA:1,0
DA:2,0
DA:3,0
DA:4,0
DA:5,0
DA:8,0
DA:10,0
DA:11,0
DA:13,0
DA:21,0
DA:22,0
DA:23,0
DA:25,0
LF:13
LH:0
BRDA:16,0,0,0
BRDA:16,0,1,0
BRDA:22,1,0,0
BRF:3
BRH:0
end_of_record
TN:
SF:src/modules/campaigns/campaigns.controller.ts
FN:11,(anonymous_4)
FN:18,(anonymous_5)
FN:34,(anonymous_6)
FN:45,(anonymous_7)
FN:59,(anonymous_8)
FNF:5
FNH:0
FNDA:0,(anonymous_4)
FNDA:0,(anonymous_5)
FNDA:0,(anonymous_6)
FNDA:0,(anonymous_7)
FNDA:0,(anonymous_8)
DA:1,0
DA:2,0
DA:3,0
DA:4,0
DA:5,0
DA:6,0
DA:10,0
DA:11,0
DA:18,0
DA:23,0
DA:28,0
DA:34,0
DA:38,0
DA:39,0
DA:45,0
DA:49,0
DA:50,0
DA:59,0
DA:64,0
DA:69,0
LF:20
LH:0
BRDA:25,0,0,0
BRDA:25,0,1,0
BRDA:26,1,0,0
BRDA:26,1,1,0
BRF:4
BRH:0
end_of_record
TN:
SF:src/modules/campaigns/campaigns.module.ts
FNF:0
FNH:0
DA:1,0
DA:2,0
DA:3,0
DA:4,0
DA:5,0
DA:13,0
LF:6
LH:0
BRF:0
BRH:0
end_of_record
TN:
SF:src/modules/campaigns/campaigns.service.ts
FN:22,(anonymous_2)
FN:29,(anonymous_3)
FN:62,(anonymous_4)
FN:79,(anonymous_5)
FN:135,(anonymous_6)
FN:150,(anonymous_7)
FN:228,(anonymous_8)
FN:282,(anonymous_9)
FN:320,(anonymous_10)
FN:351,(anonymous_11)
FN:372,(anonymous_12)
FN:402,(anonymous_13)
FN:419,(anonymous_14)
FN:458,(anonymous_15)
FN:503,(anonymous_16)
FN:529,(anonymous_17)
FN:551,(anonymous_18)
FN:595,(anonymous_19)
FN:609,(anonymous_20)
FN:625,(anonymous_21)
FN:639,(anonymous_22)
FN:687,(anonymous_23)
FN:719,(anonymous_24)
FN:749,(anonymous_25)
FNF:24
FNH:0
FNDA:0,(anonymous_2)
FNDA:0,(anonymous_3)
FNDA:0,(anonymous_4)
FNDA:0,(anonymous_5)
FNDA:0,(anonymous_6)
FNDA:0,(anonymous_7)
FNDA:0,(anonymous_8)
FNDA:0,(anonymous_9)
FNDA:0,(anonymous_10)
FNDA:0,(anonymous_11)
FNDA:0,(anonymous_12)
FNDA:0,(anonymous_13)
FNDA:0,(anonymous_14)
FNDA:0,(anonymous_15)
FNDA:0,(anonymous_16)
FNDA:0,(anonymous_17)
FNDA:0,(anonymous_18)
FNDA:0,(anonymous_19)
FNDA:0,(anonymous_20)
FNDA:0,(anonymous_21)
FNDA:0,(anonymous_22)
FNDA:0,(anonymous_23)
FNDA:0,(anonymous_24)
FNDA:0,(anonymous_25)
DA:1,0
DA:7,0
DA:9,0
DA:19,0
DA:20,0
DA:22,0
DA:30,0
DA:31,0
DA:33,0
DA:39,0
DA:40,0
DA:43,0
DA:61,0
DA:62,0
DA:80,0
DA:104,0
DA:105,0
DA:109,0
DA:110,0
DA:111,0
DA:112,0
DA:118,0
DA:119,0
DA:127,0
DA:135,0
DA:151,0
DA:155,0
DA:156,0
DA:159,0
DA:160,0
DA:185,0
DA:187,0
DA:188,0
DA:191,0
DA:195,0
DA:196,0
DA:199,0
DA:203,0
DA:204,0
DA:210,0
DA:214,0
DA:222,0
DA:233,0
DA:236,0
DA:240,0
DA:241,0
DA:244,0
DA:245,0
DA:249,0
DA:258,0
DA:259,0
DA:263,0
DA:264,0
DA:268,0
DA:277,0
DA:278,0
DA:282,0
DA:284,0
DA:293,0
DA:294,0
DA:298,0
DA:310,0
DA:321,0
DA:330,0
DA:331,0
DA:335,0
DA:357,0
DA:373,0
DA:375,0
DA:376,0
DA:377,0
DA:379,0
DA:380,0
DA:383,0
DA:401,0
DA:402,0
DA:421,0
DA:422,0
DA:424,0
DA:425,0
DA:429,0
DA:430,0
DA:433,0
DA:434,0
DA:438,0
DA:459,0
DA:463,0
DA:464,0
DA:467,0
DA:469,0
DA:470,0
DA:471,0
DA:472,0
DA:473,0
DA:474,0
DA:475,0
DA:476,0
DA:477,0
DA:478,0
DA:479,0
DA:480,0
DA:481,0
DA:482,0
DA:483,0
DA:484,0
DA:485,0
DA:488,0
DA:489,0
DA:490,0
DA:494,0
DA:504,0
DA:508,0
DA:509,0
DA:513,0
DA:517,0
DA:518,0
DA:521,0
DA:530,0
DA:534,0
DA:535,0
DA:538,0
DA:539,0
DA:542,0
DA:552,0
DA:556,0
DA:557,0
DA:560,0
DA:583,0
DA:595,0
DA:610,0
DA:625,0
DA:641,0
DA:645,0
DA:646,0
DA:650,0
DA:654,0
DA:655,0
DA:659,0
DA:668,0
DA:669,0
DA:672,0
DA:688,0
DA:692,0
DA:693,0
DA:696,0
DA:698,0
DA:699,0
DA:701,0
DA:702,0
DA:704,0
DA:706,0
DA:707,0
DA:708,0
DA:710,0
DA:720,0
DA:724,0
DA:725,0
DA:729,0
DA:737,0
DA:738,0
DA:741,0
DA:750,0
DA:753,0
DA:762,0
DA:770,0
DA:772,0
LF:166
LH:0
BRDA:30,0,0,0
BRDA:30,1,0,0
BRDA:39,2,0,0
BRDA:65,3,0,0
BRDA:65,3,1,0
BRDA:104,4,0,0
BRDA:111,5,0,0
BRDA:130,6,0,0
BRDA:130,6,1,0
BRDA:135,7,0,0
BRDA:135,7,1,0
BRDA:139,8,0,0
BRDA:139,8,1,0
BRDA:155,9,0,0
BRDA:187,10,0,0
BRDA:187,11,0,0
BRDA:187,11,1,0
BRDA:191,12,0,0
BRDA:195,13,0,0
BRDA:199,14,0,0
BRDA:203,15,0,0
BRDA:203,16,0,0
BRDA:203,16,1,0
BRDA:210,17,0,0
BRDA:217,18,0,0
BRDA:217,18,1,0
BRDA:240,19,0,0
BRDA:240,20,0,0
BRDA:240,20,1,0
BRDA:244,21,0,0
BRDA:244,22,0,0
BRDA:244,22,1,0
BRDA:244,22,2,0
BRDA:258,23,0,0
BRDA:258,24,0,0
BRDA:258,24,1,0
BRDA:263,25,0,0
BRDA:277,26,0,0
BRDA:293,27,0,0
BRDA:293,28,0,0
BRDA:293,28,1,0
BRDA:330,29,0,0
BRDA:373,30,0,0
BRDA:373,31,0,0
BRDA:376,32,0,0
BRDA:379,33,0,0
BRDA:405,34,0,0
BRDA:405,34,1,0
BRDA:424,35,0,0
BRDA:429,36,0,0
BRDA:433,37,0,0
BRDA:444,38,0,0
BRDA:444,38,1,0
BRDA:445,39,0,0
BRDA:445,39,1,0
BRDA:446,40,0,0
BRDA:446,40,1,0
BRDA:447,41,0,0
BRDA:447,41,1,0
BRDA:448,42,0,0
BRDA:448,42,1,0
BRDA:450,43,0,0
BRDA:450,43,1,0
BRDA:463,44,0,0
BRDA:469,45,0,0
BRDA:470,46,0,0
BRDA:471,47,0,0
BRDA:472,48,0,0
BRDA:473,49,0,0
BRDA:474,50,0,0
BRDA:474,51,0,0
BRDA:474,51,1,0
BRDA:475,52,0,0
BRDA:476,53,0,0
BRDA:477,54,0,0
BRDA:478,55,0,0
BRDA:479,56,0,0
BRDA:480,57,0,0
BRDA:481,58,0,0
BRDA:482,59,0,0
BRDA:483,60,0,0
BRDA:484,61,0,0
BRDA:485,62,0,0
BRDA:488,63,0,0
BRDA:488,64,0,0
BRDA:488,64,1,0
BRDA:489,65,0,0
BRDA:508,66,0,0
BRDA:517,67,0,0
BRDA:534,68,0,0
BRDA:538,69,0,0
BRDA:556,70,0,0
BRDA:587,71,0,0
BRDA:587,71,1,0
BRDA:592,72,0,0
BRDA:592,72,1,0
BRDA:629,73,0,0
BRDA:629,73,1,0
BRDA:645,74,0,0
BRDA:645,75,0,0
BRDA:645,75,1,0
BRDA:654,76,0,0
BRDA:668,77,0,0
BRDA:678,78,0,0
BRDA:678,78,1,0
BRDA:679,79,0,0
BRDA:679,79,1,0
BRDA:692,80,0,0
BRDA:698,81,0,0
BRDA:699,82,0,0
BRDA:701,83,0,0
BRDA:706,84,0,0
BRDA:707,85,0,0
BRDA:708,86,0,0
BRDA:724,87,0,0
BRDA:737,88,0,0
BRF:116
BRH:0
end_of_record
TN:
SF:src/modules/campaigns/dto/campaign.dto.ts
FN:5,(anonymous_2)
FN:12,(anonymous_3)
FN:17,(anonymous_4)
FN:27,(anonymous_5)
FN:55,(anonymous_6)
FN:61,(anonymous_7)
FN:67,(anonymous_8)
FN:85,(anonymous_9)
FN:91,(anonymous_10)
FN:113,(anonymous_11)
FN:151,(anonymous_12)
FN:157,(anonymous_13)
FN:163,(anonymous_14)
FN:180,(anonymous_15)
FN:186,(anonymous_16)
FN:207,(anonymous_17)
FN:223,(anonymous_18)
FN:235,(anonymous_19)
FN:241,(anonymous_20)
FN:249,(anonymous_21)
FN:256,(anonymous_22)
FN:262,(anonymous_23)
FN:268,(anonymous_24)
FN:275,(anonymous_25)
FN:283,(anonymous_26)
FN:289,(anonymous_27)
FN:295,(anonymous_28)
FN:301,(anonymous_29)
FNF:28
FNH:0
FNDA:0,(anonymous_2)
FNDA:0,(anonymous_3)
FNDA:0,(anonymous_4)
FNDA:0,(anonymous_5)
FNDA:0,(anonymous_6)
FNDA:0,(anonymous_7)
FNDA:0,(anonymous_8)
FNDA:0,(anonymous_9)
FNDA:0,(anonymous_10)
FNDA:0,(anonymous_11)
FNDA:0,(anonymous_12)
FNDA:0,(anonymous_13)
FNDA:0,(anonymous_14)
FNDA:0,(anonymous_15)
FNDA:0,(anonymous_16)
FNDA:0,(anonymous_17)
FNDA:0,(anonymous_18)
FNDA:0,(anonymous_19)
FNDA:0,(anonymous_20)
FNDA:0,(anonymous_21)
FNDA:0,(anonymous_22)
FNDA:0,(anonymous_23)
FNDA:0,(anonymous_24)
FNDA:0,(anonymous_25)
FNDA:0,(anonymous_26)
FNDA:0,(anonymous_27)
FNDA:0,(anonymous_28)
FNDA:0,(anonymous_29)
DA:1,0
DA:2,0
DA:3,0
DA:5,0
DA:6,0
DA:7,0
DA:8,0
DA:9,0
DA:12,0
DA:13,0
DA:14,0
DA:17,0
DA:18,0
DA:19,0
DA:20,0
DA:27,0
DA:31,0
DA:36,0
DA:40,0
DA:44,0
DA:48,0
DA:52,0
DA:55,0
DA:58,0
DA:61,0
DA:64,0
DA:67,0
DA:71,0
DA:76,0
DA:82,0
DA:85,0
DA:88,0
DA:91,0
DA:95,0
DA:100,0
DA:105,0
DA:110,0
DA:113,0
DA:116,0
DA:121,0
DA:126,0
DA:129,0
DA:133,0
DA:138,0
DA:143,0
DA:148,0
DA:151,0
DA:154,0
DA:157,0
DA:160,0
DA:163,0
DA:166,0
DA:171,0
DA:177,0
DA:180,0
DA:183,0
DA:186,0
DA:189,0
DA:194,0
DA:199,0
DA:204,0
DA:207,0
DA:210,0
DA:215,0
DA:220,0
DA:223,0
DA:227,0
DA:232,0
DA:235,0
DA:238,0
DA:241,0
DA:244,0
DA:249,0
DA:253,0
DA:256,0
DA:259,0
DA:262,0
DA:265,0
DA:268,0
DA:272,0
DA:275,0
DA:278,0
DA:281,0
DA:283,0
DA:286,0
DA:289,0
DA:292,0
DA:295,0
DA:298,0
DA:301,0
DA:304,0
DA:309,0
LF:92
LH:0
BRDA:5,0,0,0
BRDA:5,0,1,0
BRDA:12,1,0,0
BRDA:12,1,1,0
BRDA:17,2,0,0
BRDA:17,2,1,0
BRF:6
BRH:0
end_of_record
TN:
SF:src/modules/config/config.controller.ts
FN:10,(anonymous_4)
FN:14,(anonymous_5)
FN:22,(anonymous_6)
FN:39,(anonymous_7)
FN:67,(anonymous_8)
FN:75,(anonymous_9)
FN:86,(anonymous_10)
FN:93,(anonymous_11)
FN:104,(anonymous_12)
FN:111,(anonymous_13)
FN:122,(anonymous_14)
FN:133,(anonymous_15)
FN:144,(anonymous_16)
FN:158,(anonymous_17)
FN:165,(anonymous_18)
FNF:15
FNH:0
FNDA:0,(anonymous_4)
FNDA:0,(anonymous_5)
FNDA:0,(anonymous_6)
FNDA:0,(anonymous_7)
FNDA:0,(anonymous_8)
FNDA:0,(anonymous_9)
FNDA:0,(anonymous_10)
FNDA:0,(anonymous_11)
FNDA:0,(anonymous_12)
FNDA:0,(anonymous_13)
FNDA:0,(anonymous_14)
FNDA:0,(anonymous_15)
FNDA:0,(anonymous_16)
FNDA:0,(anonymous_17)
FNDA:0,(anonymous_18)
DA:1,0
DA:2,0
DA:3,0
DA:4,0
DA:9,0
DA:10,0
DA:14,0
DA:15,0
DA:16,0
DA:22,0
DA:23,0
DA:24,0
DA:39,0
DA:43,0
DA:44,0
DA:67,0
DA:68,0
DA:69,0
DA:75,0
DA:76,0
DA:77,0
DA:86,0
DA:87,0
DA:88,0
DA:93,0
DA:94,0
DA:95,0
DA:104,0
DA:105,0
DA:106,0
DA:111,0
DA:112,0
DA:113,0
DA:122,0
DA:123,0
DA:124,0
DA:133,0
DA:134,0
DA:135,0
DA:144,0
DA:148,0
DA:149,0
DA:158,0
DA:159,0
DA:160,0
DA:165,0
DA:166,0
DA:167,0
LF:48
LH:0
BRF:0
BRH:0
end_of_record
TN:
SF:src/modules/config/config.module.ts
FNF:0
FNH:0
DA:1,0
DA:2,0
DA:3,0
DA:4,0
DA:12,0
LF:5
LH:0
BRF:0
BRH:0
end_of_record
TN:
SF:src/modules/config/config.service.ts
FN:23,(anonymous_2)
FN:28,(anonymous_3)
FN:47,(anonymous_4)
FN:67,(anonymous_5)
FN:87,(anonymous_6)
FN:88,(anonymous_7)
FN:112,(anonymous_8)
FN:130,(anonymous_9)
FN:133,(anonymous_10)
FN:145,(anonymous_11)
FN:177,(anonymous_12)
FN:237,(anonymous_13)
FN:303,(anonymous_14)
FN:351,(anonymous_15)
FN:427,(anonymous_16)
FN:442,(anonymous_17)
FN:502,(anonymous_18)
FN:528,(anonymous_19)
FNF:18
FNH:0
FNDA:0,(anonymous_2)
FNDA:0,(anonymous_3)
FNDA:0,(anonymous_4)
FNDA:0,(anonymous_5)
FNDA:0,(anonymous_6)
FNDA:0,(anonymous_7)
FNDA:0,(anonymous_8)
FNDA:0,(anonymous_9)
FNDA:0,(anonymous_10)
FNDA:0,(anonymous_11)
FNDA:0,(anonymous_12)
FNDA:0,(anonymous_13)
FNDA:0,(anonymous_14)
FNDA:0,(anonymous_15)
FNDA:0,(anonymous_16)
FNDA:0,(anonymous_17)
FNDA:0,(anonymous_18)
FNDA:0,(anonymous_19)
DA:1,0
DA:2,0
DA:3,0
DA:22,0
DA:23,0
DA:29,0
DA:33,0
DA:34,0
DA:37,0
DA:38,0
DA:40,0
DA:48,0
DA:50,0
DA:68,0
DA:72,0
DA:73,0
DA:74,0
DA:75,0
DA:77,0
DA:81,0
DA:88,0
DA:90,0
DA:92,0
DA:106,0
DA:113,0
DA:115,0
DA:116,0
DA:117,0
DA:118,0
DA:120,0
DA:124,0
DA:131,0
DA:146,0
DA:147,0
DA:149,0
DA:178,0
DA:180,0
DA:181,0
DA:186,0
DA:187,0
DA:192,0
DA:193,0
DA:198,0
DA:199,0
DA:204,0
DA:205,0
DA:210,0
DA:211,0
DA:216,0
DA:217,0
DA:223,0
DA:224,0
DA:227,0
DA:238,0
DA:239,0
DA:241,0
DA:304,0
DA:326,0
DA:328,0
DA:329,0
DA:330,0
DA:337,0
DA:338,0
DA:341,0
DA:352,0
DA:353,0
DA:355,0
DA:428,0
DA:429,0
DA:436,0
DA:446,0
DA:448,0
DA:476,0
DA:478,0
DA:479,0
DA:481,0
DA:482,0
DA:484,0
DA:485,0
DA:488,0
DA:489,0
DA:492,0
DA:503,0
DA:504,0
DA:506,0
DA:529,0
DA:531,0
DA:532,0
DA:534,0
DA:535,0
DA:537,0
DA:538,0
DA:540,0
DA:541,0
DA:543,0
DA:544,0
DA:547,0
DA:548,0
DA:551,0
LF:99
LH:0
BRDA:33,0,0,0
BRDA:48,1,0,0
BRDA:48,1,1,0
BRDA:59,2,0,0
BRDA:59,2,1,0
BRDA:90,3,0,0
BRDA:90,3,1,0
BRDA:151,4,0,0
BRDA:151,4,1,0
BRDA:154,5,0,0
BRDA:154,5,1,0
BRDA:157,6,0,0
BRDA:157,6,1,0
BRDA:160,7,0,0
BRDA:160,7,1,0
BRDA:163,8,0,0
BRDA:163,8,1,0
BRDA:166,9,0,0
BRDA:166,9,1,0
BRDA:169,10,0,0
BRDA:169,10,1,0
BRDA:180,11,0,0
BRDA:186,12,0,0
BRDA:192,13,0,0
BRDA:198,14,0,0
BRDA:204,15,0,0
BRDA:210,16,0,0
BRDA:216,17,0,0
BRDA:223,18,0,0
BRDA:243,19,0,0
BRDA:243,19,1,0
BRDA:246,20,0,0
BRDA:246,20,1,0
BRDA:249,21,0,0
BRDA:249,21,1,0
BRDA:252,22,0,0
BRDA:252,22,1,0
BRDA:255,23,0,0
BRDA:255,23,1,0
BRDA:258,24,0,0
BRDA:258,24,1,0
BRDA:261,25,0,0
BRDA:261,25,1,0
BRDA:264,26,0,0
BRDA:264,26,1,0
BRDA:267,27,0,0
BRDA:267,27,1,0
BRDA:270,28,0,0
BRDA:270,28,1,0
BRDA:273,29,0,0
BRDA:273,29,1,0
BRDA:276,30,0,0
BRDA:276,30,1,0
BRDA:279,31,0,0
BRDA:279,31,1,0
BRDA:282,32,0,0
BRDA:282,32,1,0
BRDA:286,33,0,0
BRDA:286,33,1,0
BRDA:289,34,0,0
BRDA:289,34,1,0
BRDA:292,35,0,0
BRDA:292,35,1,0
BRDA:295,36,0,0
BRDA:295,36,1,0
BRDA:329,37,0,0
BRDA:329,38,0,0
BRDA:329,38,1,0
BRDA:337,39,0,0
BRDA:358,40,0,0
BRDA:358,40,1,0
BRDA:361,41,0,0
BRDA:361,41,1,0
BRDA:364,42,0,0
BRDA:364,42,1,0
BRDA:371,43,0,0
BRDA:371,43,1,0
BRDA:374,44,0,0
BRDA:374,44,1,0
BRDA:377,45,0,0
BRDA:377,45,1,0
BRDA:384,46,0,0
BRDA:384,46,1,0
BRDA:387,47,0,0
BRDA:387,47,1,0
BRDA:390,48,0,0
BRDA:390,48,1,0
BRDA:397,49,0,0
BRDA:397,49,1,0
BRDA:400,50,0,0
BRDA:400,50,1,0
BRDA:403,51,0,0
BRDA:403,51,1,0
BRDA:410,52,0,0
BRDA:410,52,1,0
BRDA:413,53,0,0
BRDA:413,53,1,0
BRDA:416,54,0,0
BRDA:416,54,1,0
BRDA:478,55,0,0
BRDA:481,56,0,0
BRDA:484,57,0,0
BRDA:488,58,0,0
BRDA:508,59,0,0
BRDA:508,59,1,0
BRDA:511,60,0,0
BRDA:511,60,1,0
BRDA:514,61,0,0
BRDA:514,61,1,0
BRDA:517,62,0,0
BRDA:517,62,1,0
BRDA:520,63,0,0
BRDA:520,63,1,0
BRDA:531,64,0,0
BRDA:534,65,0,0
BRDA:537,66,0,0
BRDA:540,67,0,0
BRDA:543,68,0,0
BRDA:547,69,0,0
BRF:119
BRH:0
end_of_record
TN:
SF:src/modules/config/dto/config.dto.ts
FNF:0
FNH:0
DA:1,0
DA:2,0
DA:4,0
DA:7,0
DA:12,0
DA:15,0
DA:17,0
DA:21,0
DA:32,0
DA:58,0
DA:87,0
DA:158,0
DA:177,0
DA:196,0
DA:227,0
DA:239,0
DA:246,0
DA:271,0
DA:279,0
DA:285,0
LF:20
LH:0
BRF:0
BRH:0
end_of_record
TN:
SF:src/modules/coupons/coupons.controller.ts
FN:29,(anonymous_4)
FN:33,(anonymous_5)
FN:44,(anonymous_6)
FN:56,(anonymous_7)
FN:71,(anonymous_8)
FN:91,(anonymous_9)
FNF:6
FNH:0
FNDA:0,(anonymous_4)
FNDA:0,(anonymous_5)
FNDA:0,(anonymous_6)
FNDA:0,(anonymous_7)
FNDA:0,(anonymous_8)
FNDA:0,(anonymous_9)
DA:1,0
DA:10,0
DA:17,0
DA:18,0
DA:22,0
DA:23,0
DA:24,0
DA:28,0
DA:29,0
DA:33,0
DA:36,0
DA:37,0
DA:44,0
DA:48,0
DA:49,0
DA:56,0
DA:60,0
DA:61,0
DA:71,0
DA:77,0
DA:82,0
DA:91,0
DA:96,0
DA:101,0
LF:24
LH:0
BRDA:79,0,0,0
BRDA:79,0,1,0
BRDA:80,1,0,0
BRDA:80,1,1,0
BRF:4
BRH:0
end_of_record
TN:
SF:src/modules/coupons/coupons.module.ts
FNF:0
FNH:0
DA:1,0
DA:2,0
DA:3,0
DA:10,0
LF:4
LH:0
BRF:0
BRH:0
end_of_record
TN:
SF:src/modules/coupons/coupons.service.ts
FN:18,(anonymous_2)
FN:25,(anonymous_3)
FN:56,(anonymous_4)
FN:98,(anonymous_5)
FN:202,(anonymous_6)
FN:265,(anonymous_7)
FN:297,(anonymous_8)
FN:312,(anonymous_9)
FN:334,(anonymous_10)
FN:345,(anonymous_11)
FN:358,(anonymous_12)
FN:388,(anonymous_13)
FN:405,(anonymous_14)
FN:436,(anonymous_15)
FN:457,(anonymous_16)
FN:475,(anonymous_17)
FN:498,(anonymous_18)
FN:527,(anonymous_19)
FN:558,(anonymous_20)
FN:574,(anonymous_21)
FN:587,(anonymous_22)
FN:596,(anonymous_23)
FN:642,(anonymous_24)
FN:657,(anonymous_25)
FN:690,(anonymous_26)
FN:744,(anonymous_27)
FN:804,(anonymous_28)
FNF:27
FNH:0
FNDA:0,(anonymous_2)
FNDA:0,(anonymous_3)
FNDA:0,(anonymous_4)
FNDA:0,(anonymous_5)
FNDA:0,(anonymous_6)
FNDA:0,(anonymous_7)
FNDA:0,(anonymous_8)
FNDA:0,(anonymous_9)
FNDA:0,(anonymous_10)
FNDA:0,(anonymous_11)
FNDA:0,(anonymous_12)
FNDA:0,(anonymous_13)
FNDA:0,(anonymous_14)
FNDA:0,(anonymous_15)
FNDA:0,(anonymous_16)
FNDA:0,(anonymous_17)
FNDA:0,(anonymous_18)
FNDA:0,(anonymous_19)
FNDA:0,(anonymous_20)
FNDA:0,(anonymous_21)
FNDA:0,(anonymous_22)
FNDA:0,(anonymous_23)
FNDA:0,(anonymous_24)
FNDA:0,(anonymous_25)
FNDA:0,(anonymous_26)
FNDA:0,(anonymous_27)
FNDA:0,(anonymous_28)
DA:1,0
DA:6,0
DA:8,0
DA:17,0
DA:18,0
DA:26,0
DA:27,0
DA:32,0
DA:33,0
DA:41,0
DA:43,0
DA:46,0
DA:49,0
DA:55,0
DA:57,0
DA:58,0
DA:60,0
DA:61,0
DA:67,0
DA:68,0
DA:72,0
DA:73,0
DA:76,0
DA:77,0
DA:81,0
DA:92,0
DA:99,0
DA:103,0
DA:104,0
DA:108,0
DA:109,0
DA:116,0
DA:117,0
DA:121,0
DA:122,0
DA:125,0
DA:126,0
DA:131,0
DA:134,0
DA:135,0
DA:139,0
DA:140,0
DA:148,0
DA:149,0
DA:152,0
DA:153,0
DA:154,0
DA:163,0
DA:164,0
DA:165,0
DA:167,0
DA:168,0
DA:169,0
DA:173,0
DA:196,0
DA:203,0
DA:207,0
DA:208,0
DA:212,0
DA:219,0
DA:220,0
DA:227,0
DA:228,0
DA:229,0
DA:231,0
DA:232,0
DA:233,0
DA:237,0
DA:269,0
DA:271,0
DA:272,0
DA:273,0
DA:276,0
DA:296,0
DA:297,0
DA:313,0
DA:314,0
DA:319,0
DA:320,0
DA:323,0
DA:334,0
DA:336,0
DA:337,0
DA:339,0
DA:340,0
DA:342,0
DA:345,0
DA:363,0
DA:365,0
DA:366,0
DA:367,0
DA:370,0
DA:387,0
DA:388,0
DA:407,0
DA:408,0
DA:411,0
DA:412,0
DA:416,0
DA:437,0
DA:438,0
DA:439,0
DA:441,0
DA:442,0
DA:444,0
DA:445,0
DA:448,0
DA:459,0
DA:463,0
DA:464,0
DA:467,0
DA:476,0
DA:480,0
DA:481,0
DA:484,0
DA:488,0
DA:489,0
DA:490,0
DA:492,0
DA:493,0
DA:494,0
DA:497,0
DA:499,0
DA:521,0
DA:532,0
DA:534,0
DA:535,0
DA:536,0
DA:539,0
DA:552,0
DA:559,0
DA:575,0
DA:588,0
DA:602,0
DA:604,0
DA:607,0
DA:608,0
DA:610,0
DA:611,0
DA:614,0
DA:641,0
DA:642,0
DA:658,0
DA:662,0
DA:663,0
DA:667,0
DA:668,0
DA:670,0
DA:677,0
DA:691,0
DA:701,0
DA:703,0
DA:704,0
DA:707,0
DA:708,0
DA:715,0
DA:716,0
DA:721,0
DA:722,0
DA:723,0
DA:728,0
DA:729,0
DA:730,0
DA:731,0
DA:737,0
DA:745,0
DA:746,0
DA:749,0
DA:750,0
DA:758,0
DA:759,0
DA:767,0
DA:768,0
DA:769,0
DA:771,0
DA:772,0
DA:773,0
DA:777,0
DA:778,0
DA:805,0
DA:815,0
LF:181
LH:0
BRDA:32,0,0,0
BRDA:32,0,1,0
BRDA:41,1,0,0
BRDA:60,2,0,0
BRDA:72,3,0,0
BRDA:76,4,0,0
BRDA:84,5,0,0
BRDA:84,5,1,0
BRDA:103,6,0,0
BRDA:103,7,0,0
BRDA:103,7,1,0
BRDA:116,8,0,0
BRDA:121,9,0,0
BRDA:125,10,0,0
BRDA:134,11,0,0
BRDA:139,12,0,0
BRDA:148,13,0,0
BRDA:152,14,0,0
BRDA:153,15,0,0
BRDA:163,16,0,0
BRDA:163,16,1,0
BRDA:164,17,0,0
BRDA:164,17,1,0
BRDA:169,18,0,0
BRDA:169,18,1,0
BRDA:207,19,0,0
BRDA:207,20,0,0
BRDA:207,20,1,0
BRDA:219,21,0,0
BRDA:227,22,0,0
BRDA:227,22,1,0
BRDA:228,23,0,0
BRDA:228,23,1,0
BRDA:233,24,0,0
BRDA:233,24,1,0
BRDA:269,25,0,0
BRDA:269,26,0,0
BRDA:272,27,0,0
BRDA:300,28,0,0
BRDA:300,28,1,0
BRDA:319,29,0,0
BRDA:336,30,0,0
BRDA:339,31,0,0
BRDA:348,32,0,0
BRDA:348,32,1,0
BRDA:363,33,0,0
BRDA:363,34,0,0
BRDA:366,35,0,0
BRDA:391,36,0,0
BRDA:391,36,1,0
BRDA:407,37,0,0
BRDA:411,38,0,0
BRDA:420,39,0,0
BRDA:420,39,1,0
BRDA:421,40,0,0
BRDA:421,40,1,0
BRDA:422,41,0,0
BRDA:422,41,1,0
BRDA:423,42,0,0
BRDA:423,42,1,0
BRDA:424,43,0,0
BRDA:424,43,1,0
BRDA:425,44,0,0
BRDA:425,44,1,0
BRDA:428,45,0,0
BRDA:428,45,1,0
BRDA:438,46,0,0
BRDA:441,47,0,0
BRDA:442,48,0,0
BRDA:442,48,1,0
BRDA:444,49,0,0
BRDA:463,50,0,0
BRDA:480,51,0,0
BRDA:488,52,0,0
BRDA:488,52,1,0
BRDA:489,53,0,0
BRDA:489,53,1,0
BRDA:494,54,0,0
BRDA:494,54,1,0
BRDA:514,55,0,0
BRDA:514,55,1,0
BRDA:532,56,0,0
BRDA:532,57,0,0
BRDA:535,58,0,0
BRDA:562,59,0,0
BRDA:562,59,1,0
BRDA:563,60,0,0
BRDA:563,60,1,0
BRDA:602,61,0,0
BRDA:602,62,0,0
BRDA:607,63,0,0
BRDA:610,64,0,0
BRDA:645,65,0,0
BRDA:645,65,1,0
BRDA:662,66,0,0
BRDA:668,67,0,0
BRDA:703,68,0,0
BRDA:707,69,0,0
BRDA:707,70,0,0
BRDA:707,70,1,0
BRDA:715,71,0,0
BRDA:715,72,0,0
BRDA:715,72,1,0
BRDA:721,73,0,0
BRDA:721,74,0,0
BRDA:721,74,1,0
BRDA:722,75,0,0
BRDA:722,76,0,0
BRDA:722,76,1,0
BRDA:728,77,0,0
BRDA:728,78,0,0
BRDA:728,78,1,0
BRDA:730,79,0,0
BRDA:749,80,0,0
BRDA:758,81,0,0
BRDA:767,82,0,0
BRDA:767,82,1,0
BRDA:768,83,0,0
BRDA:768,83,1,0
BRDA:773,84,0,0
BRDA:773,84,1,0
BRDA:815,85,0,0
BRDA:815,85,1,0
BRF:123
BRH:0
end_of_record
TN:
SF:src/modules/coupons/dto/coupon.dto.ts
FN:36,(anonymous_2)
FN:40,(anonymous_3)
FN:45,(anonymous_4)
FN:132,(anonymous_5)
FN:137,(anonymous_6)
FN:142,(anonymous_7)
FNF:6
FNH:0
FNDA:0,(anonymous_2)
FNDA:0,(anonymous_3)
FNDA:0,(anonymous_4)
FNDA:0,(anonymous_5)
FNDA:0,(anonymous_6)
FNDA:0,(anonymous_7)
DA:1,0
DA:2,0
DA:3,0
DA:7,0
DA:10,0
DA:13,0
DA:16,0
DA:21,0
DA:24,0
DA:29,0
DA:33,0
DA:36,0
DA:37,0
DA:40,0
DA:42,0
DA:45,0
DA:47,0
DA:52,0
DA:57,0
DA:62,0
DA:67,0
DA:72,0
DA:78,0
DA:83,0
DA:87,0
DA:91,0
DA:97,0
DA:102,0
DA:107,0
DA:112,0
DA:117,0
DA:122,0
DA:125,0
DA:129,0
DA:132,0
DA:134,0
DA:137,0
DA:139,0
DA:142,0
DA:144,0
DA:149,0
DA:154,0
DA:159,0
DA:164,0
DA:169,0
DA:175,0
DA:180,0
DA:184,0
DA:188,0
DA:194,0
DA:199,0
DA:204,0
DA:209,0
DA:214,0
DA:219,0
DA:222,0
DA:225,0
DA:229,0
DA:233,0
DA:237,0
DA:243,0
DA:248,0
DA:251,0
DA:254,0
DA:258,0
DA:263,0
LF:66
LH:0
BRF:0
BRH:0
end_of_record
TN:
SF:src/modules/department-templates/department-templates.controller.ts
FN:16,(anonymous_4)
FN:20,(anonymous_5)
FN:30,(anonymous_6)
FN:47,(anonymous_7)
FN:54,(anonymous_8)
FN:64,(anonymous_9)
FN:82,(anonymous_10)
FN:103,(anonymous_11)
FNF:8
FNH:0
FNDA:0,(anonymous_4)
FNDA:0,(anonymous_5)
FNDA:0,(anonymous_6)
FNDA:0,(anonymous_7)
FNDA:0,(anonymous_8)
FNDA:0,(anonymous_9)
FNDA:0,(anonymous_10)
FNDA:0,(anonymous_11)
DA:1,0
DA:11,0
DA:12,0
DA:15,0
DA:16,0
DA:20,0
DA:24,0
DA:25,0
DA:30,0
DA:36,0
DA:42,0
DA:47,0
DA:48,0
DA:49,0
DA:54,0
DA:55,0
DA:56,0
DA:57,0
DA:59,0
DA:64,0
DA:76,0
DA:77,0
DA:82,0
DA:97,0
DA:98,0
DA:103,0
DA:104,0
DA:105,0
LF:28
LH:0
BRDA:39,0,0,0
BRDA:39,0,1,0
BRDA:40,1,0,0
BRDA:40,1,1,0
BRDA:56,2,0,0
BRF:5
BRH:0
end_of_record
TN:
SF:src/modules/department-templates/department-templates.module.ts
FNF:0
FNH:0
DA:1,0
DA:2,0
DA:3,0
DA:4,0
DA:12,0
LF:5
LH:0
BRF:0
BRH:0
end_of_record
TN:
SF:src/modules/department-templates/department-templates.service.ts
FN:6,(anonymous_2)
FN:9,(anonymous_3)
FN:38,(anonymous_4)
FN:41,(anonymous_5)
FN:49,(anonymous_6)
FN:79,(anonymous_7)
FN:90,(anonymous_8)
FN:106,(anonymous_9)
FN:114,(anonymous_10)
FN:121,(anonymous_11)
FN:128,(anonymous_12)
FN:151,(anonymous_13)
FN:175,(anonymous_14)
FNF:13
FNH:0
FNDA:0,(anonymous_2)
FNDA:0,(anonymous_3)
FNDA:0,(anonymous_4)
FNDA:0,(anonymous_5)
FNDA:0,(anonymous_6)
FNDA:0,(anonymous_7)
FNDA:0,(anonymous_8)
FNDA:0,(anonymous_9)
FNDA:0,(anonymous_10)
FNDA:0,(anonymous_11)
FNDA:0,(anonymous_12)
FNDA:0,(anonymous_13)
FNDA:0,(anonymous_14)
DA:1,0
DA:2,0
DA:5,0
DA:6,0
DA:10,0
DA:12,0
DA:16,0
DA:17,0
DA:20,0
DA:21,0
DA:27,0
DA:38,0
DA:41,0
DA:50,0
DA:52,0
DA:54,0
DA:55,0
DA:58,0
DA:59,0
DA:65,0
DA:78,0
DA:79,0
DA:91,0
DA:101,0
DA:103,0
DA:106,0
DA:115,0
DA:121,0
DA:137,0
DA:165,0
DA:177,0
DA:181,0
LF:32
LH:0
BRDA:9,0,0,0
BRDA:16,1,0,0
BRDA:20,2,0,0
BRDA:40,3,0,0
BRDA:40,3,1,0
BRDA:43,4,0,0
BRDA:43,4,1,0
BRDA:49,5,0,0
BRDA:50,6,0,0
BRDA:50,7,0,0
BRDA:54,8,0,0
BRDA:58,9,0,0
BRDA:81,10,0,0
BRDA:81,10,1,0
BRDA:101,11,0,0
BRDA:105,12,0,0
BRDA:105,12,1,0
BRDA:108,13,0,0
BRDA:108,13,1,0
BRDA:143,14,0,0
BRDA:143,14,1,0
BRDA:169,15,0,0
BRDA:169,15,1,0
BRF:23
BRH:0
end_of_record
TN:
SF:src/modules/departments/departments.controller.ts
FN:17,(anonymous_4)
FN:23,(anonymous_5)
FN:44,(anonymous_6)
FN:53,(anonymous_7)
FN:62,(anonymous_8)
FN:71,(anonymous_9)
FNF:6
FNH:0
FNDA:0,(anonymous_4)
FNDA:0,(anonymous_5)
FNDA:0,(anonymous_6)
FNDA:0,(anonymous_7)
FNDA:0,(anonymous_8)
FNDA:0,(anonymous_9)
DA:1,0
DA:11,0
DA:12,0
DA:13,0
DA:16,0
DA:17,0
DA:23,0
DA:30,0
DA:37,0
DA:44,0
DA:45,0
DA:46,0
DA:53,0
DA:54,0
DA:55,0
DA:62,0
DA:63,0
DA:64,0
DA:71,0
DA:72,0
DA:73,0
LF:21
LH:0
BRDA:34,0,0,0
BRDA:34,0,1,0
BRDA:35,1,0,0
BRDA:35,1,1,0
BRF:4
BRH:0
end_of_record
TN:
SF:src/modules/departments/departments.module.ts
FNF:0
FNH:0
DA:1,0
DA:2,0
DA:3,0
DA:4,0
DA:12,0
LF:5
LH:0
BRF:0
BRH:0
end_of_record
TN:
SF:src/modules/departments/departments.service.ts
FN:8,(anonymous_2)
FN:13,(anonymous_3)
FN:30,(anonymous_4)
FN:62,(anonymous_5)
FN:76,(anonymous_6)
FN:100,(anonymous_7)
FN:134,(anonymous_8)
FN:161,(anonymous_9)
FN:187,(anonymous_10)
FNF:9
FNH:0
FNDA:0,(anonymous_2)
FNDA:0,(anonymous_3)
FNDA:0,(anonymous_4)
FNDA:0,(anonymous_5)
FNDA:0,(anonymous_6)
FNDA:0,(anonymous_7)
FNDA:0,(anonymous_8)
FNDA:0,(anonymous_9)
FNDA:0,(anonymous_10)
DA:1,0
DA:2,0
DA:3,0
DA:7,0
DA:8,0
DA:14,0
DA:24,0
DA:37,0
DA:39,0
DA:40,0
DA:41,0
DA:42,0
DA:43,0
DA:46,0
DA:61,0
DA:62,0
DA:77,0
DA:90,0
DA:91,0
DA:94,0
DA:102,0
DA:105,0
DA:106,0
DA:110,0
DA:111,0
DA:114,0
DA:115,0
DA:117,0
DA:118,0
DA:122,0
DA:135,0
DA:139,0
DA:140,0
DA:144,0
DA:145,0
DA:148,0
DA:162,0
DA:169,0
DA:170,0
DA:173,0
DA:174,0
DA:177,0
DA:178,0
DA:181,0
DA:188,0
LF:45
LH:0
BRDA:37,0,0,0
BRDA:37,1,0,0
BRDA:40,2,0,0
BRDA:41,3,0,0
BRDA:42,4,0,0
BRDA:90,5,0,0
BRDA:105,6,0,0
BRDA:110,7,0,0
BRDA:114,8,0,0
BRDA:117,9,0,0
BRDA:139,10,0,0
BRDA:144,11,0,0
BRDA:169,12,0,0
BRDA:173,13,0,0
BRDA:177,14,0,0
BRF:15
BRH:0
end_of_record
TN:
SF:src/modules/departments/dto/department.dto.ts
FNF:0
FNH:0
DA:1,0
DA:3,0
DA:5,0
DA:8,0
DA:12,0
DA:16,0
DA:20,0
DA:24,0
DA:28,0
DA:33,0
DA:37,0
DA:40,0
DA:43,0
DA:47,0
DA:51,0
DA:55,0
DA:59,0
DA:63,0
DA:68,0
DA:72,0
LF:20
LH:0
BRF:0
BRH:0
end_of_record
TN:
SF:src/modules/doctors/doctors.controller.ts
FN:17,(anonymous_4)
FN:23,(anonymous_5)
FN:50,(anonymous_6)
FN:65,(anonymous_7)
FN:76,(anonymous_8)
FN:85,(anonymous_9)
FN:94,(anonymous_10)
FN:103,(anonymous_11)
FNF:8
FNH:0
FNDA:0,(anonymous_4)
FNDA:0,(anonymous_5)
FNDA:0,(anonymous_6)
FNDA:0,(anonymous_7)
FNDA:0,(anonymous_8)
FNDA:0,(anonymous_9)
FNDA:0,(anonymous_10)
FNDA:0,(anonymous_11)
DA:1,0
DA:11,0
DA:12,0
DA:13,0
DA:16,0
DA:17,0
DA:23,0
DA:33,0
DA:43,0
DA:50,0
DA:54,0
DA:58,0
DA:65,0
DA:66,0
DA:69,0
DA:76,0
DA:77,0
DA:78,0
DA:85,0
DA:86,0
DA:87,0
DA:94,0
DA:95,0
DA:96,0
DA:103,0
DA:104,0
DA:105,0
LF:27
LH:0
BRDA:40,0,0,0
BRDA:40,0,1,0
BRDA:41,1,0,0
BRDA:41,1,1,0
BRDA:56,2,0,0
BRDA:56,2,1,0
BRDA:67,3,0,0
BRDA:67,3,1,0
BRF:8
BRH:0
end_of_record
TN:
SF:src/modules/doctors/doctors.module.ts
FNF:0
FNH:0
DA:1,0
DA:2,0
DA:3,0
DA:4,0
DA:12,0
LF:5
LH:0
BRF:0
BRH:0
end_of_record
TN:
SF:src/modules/doctors/doctors.service.ts
FN:7,(anonymous_2)
FN:12,(anonymous_3)
FN:83,(anonymous_4)
FN:109,(anonymous_5)
FN:136,(anonymous_6)
FN:158,(anonymous_7)
FN:190,(anonymous_8)
FN:223,(anonymous_9)
FN:243,(anonymous_10)
FNF:9
FNH:0
FNDA:0,(anonymous_2)
FNDA:0,(anonymous_3)
FNDA:0,(anonymous_4)
FNDA:0,(anonymous_5)
FNDA:0,(anonymous_6)
FNDA:0,(anonymous_7)
FNDA:0,(anonymous_8)
FNDA:0,(anonymous_9)
FNDA:0,(anonymous_10)
DA:1,0
DA:2,0
DA:6,0
DA:7,0
DA:31,0
DA:33,0
DA:35,0
DA:36,0
DA:37,0
DA:38,0
DA:41,0
DA:42,0
DA:50,0
DA:51,0
DA:52,0
DA:53,0
DA:54,0
DA:57,0
DA:77,0
DA:84,0
DA:110,0
DA:126,0
DA:127,0
DA:130,0
DA:137,0
DA:160,0
DA:163,0
DA:164,0
DA:168,0
DA:171,0
DA:172,0
DA:174,0
DA:175,0
DA:178,0
DA:191,0
DA:192,0
DA:193,0
DA:197,0
DA:198,0
DA:201,0
DA:202,0
DA:204,0
DA:205,0
DA:206,0
DA:210,0
DA:224,0
DA:229,0
DA:230,0
DA:233,0
DA:234,0
DA:237,0
DA:244,0
LF:52
LH:0
BRDA:27,0,0,0
BRDA:28,1,0,0
BRDA:29,2,0,0
BRDA:30,3,0,0
BRDA:35,4,0,0
BRDA:36,5,0,0
BRDA:37,6,0,0
BRDA:38,7,0,0
BRDA:41,8,0,0
BRDA:51,9,0,0
BRDA:51,9,1,0
BRDA:53,10,0,0
BRDA:83,11,0,0
BRDA:126,12,0,0
BRDA:136,13,0,0
BRDA:163,14,0,0
BRDA:171,15,0,0
BRDA:174,16,0,0
BRDA:192,17,0,0
BRDA:197,18,0,0
BRDA:197,19,0,0
BRDA:197,19,1,0
BRDA:201,20,0,0
BRDA:204,21,0,0
BRDA:204,21,1,0
BRDA:205,22,0,0
BRDA:229,23,0,0
BRDA:233,24,0,0
BRF:28
BRH:0
end_of_record
TN:
SF:src/modules/doctors/dto/doctor.dto.ts
FNF:0
FNH:0
DA:1,0
DA:3,0
DA:5,0
DA:8,0
DA:11,0
DA:14,0
DA:18,0
DA:22,0
DA:26,0
DA:31,0
DA:35,0
DA:39,0
DA:43,0
DA:47,0
DA:51,0
DA:54,0
DA:57,0
DA:61,0
DA:65,0
DA:69,0
DA:73,0
DA:77,0
DA:81,0
DA:86,0
DA:90,0
DA:94,0
DA:98,0
DA:104,0
DA:109,0
DA:113,0
DA:117,0
LF:31
LH:0
BRF:0
BRH:0
end_of_record
TN:
SF:src/modules/escort-app/commission.service.ts
FN:23,(anonymous_2)
FN:33,(anonymous_3)
FN:104,(anonymous_4)
FN:166,(anonymous_5)
FN:202,(anonymous_6)
FN:260,(anonymous_7)
FN:285,(anonymous_8)
FN:331,(anonymous_9)
FN:366,(anonymous_10)
FN:486,(anonymous_11)
FN:504,(anonymous_12)
FNF:11
FNH:0
FNDA:0,(anonymous_2)
FNDA:0,(anonymous_3)
FNDA:0,(anonymous_4)
FNDA:0,(anonymous_5)
FNDA:0,(anonymous_6)
FNDA:0,(anonymous_7)
FNDA:0,(anonymous_8)
FNDA:0,(anonymous_9)
FNDA:0,(anonymous_10)
FNDA:0,(anonymous_11)
FNDA:0,(anonymous_12)
DA:1,1
DA:2,1
DA:3,1
DA:20,1
DA:21,0
DA:23,0
DA:35,0
DA:44,0
DA:45,0
DA:49,0
DA:58,0
DA:59,0
DA:63,0
DA:64,0
DA:71,0
DA:72,0
DA:73,0
DA:76,0
DA:77,0
DA:78,0
DA:82,0
DA:83,0
DA:87,0
DA:88,0
DA:89,0
DA:91,0
DA:105,0
DA:116,0
DA:117,0
DA:120,0
DA:121,0
DA:124,0
DA:125,0
DA:129,0
DA:131,0
DA:135,0
DA:138,0
DA:147,0
DA:148,0
DA:149,0
DA:151,0
DA:152,0
DA:154,0
DA:155,0
DA:157,0
DA:158,0
DA:159,0
DA:163,0
DA:166,0
DA:168,0
DA:178,0
DA:179,0
DA:188,0
DA:201,0
DA:202,0
DA:203,0
DA:204,0
DA:207,0
DA:221,0
DA:222,0
DA:238,0
DA:261,0
DA:263,0
DA:265,0
DA:274,0
DA:294,0
DA:296,0
DA:306,0
DA:307,0
DA:312,0
DA:332,0
DA:341,0
DA:342,0
DA:343,0
DA:346,0
DA:347,0
DA:348,0
DA:352,0
DA:353,0
DA:354,0
DA:357,0
DA:358,0
DA:359,0
DA:360,0
DA:363,0
DA:364,0
DA:366,0
DA:367,0
DA:369,0
DA:371,0
DA:379,0
DA:392,0
DA:405,0
DA:407,0
DA:415,0
DA:416,0
DA:419,0
DA:420,0
DA:428,0
DA:442,0
DA:455,0
DA:469,0
DA:473,0
DA:487,0
DA:491,0
DA:492,0
DA:495,0
DA:503,0
DA:504,0
DA:508,0
LF:110
LH:4
BRDA:44,0,0,0
BRDA:58,1,0,0
BRDA:64,2,0,0
BRDA:64,2,1,0
BRDA:71,3,0,0
BRDA:71,3,1,0
BRDA:71,4,0,0
BRDA:71,4,1,0
BRDA:76,5,0,0
BRDA:76,5,1,0
BRDA:76,6,0,0
BRDA:76,6,1,0
BRDA:116,7,0,0
BRDA:120,8,0,0
BRDA:120,9,0,0
BRDA:120,9,1,0
BRDA:124,10,0,0
BRDA:129,11,0,0
BRDA:152,12,0,0
BRDA:196,13,0,0
BRDA:196,13,1,0
BRDA:196,14,0,0
BRDA:196,14,1,0
BRDA:211,15,0,0
BRDA:211,15,1,0
BRDA:212,16,0,0
BRDA:212,16,1,0
BRDA:214,17,0,0
BRDA:214,17,1,0
BRDA:221,18,0,0
BRDA:243,19,0,0
BRDA:243,19,1,0
BRDA:263,20,0,0
BRDA:298,21,0,0
BRDA:298,21,1,0
BRDA:301,22,0,0
BRDA:301,22,1,0
BRDA:306,23,0,0
BRDA:306,23,1,0
BRDA:314,24,0,0
BRDA:314,24,1,0
BRDA:315,25,0,0
BRDA:315,25,1,0
BRDA:316,26,0,0
BRDA:316,26,1,0
BRDA:317,27,0,0
BRDA:317,27,1,0
BRDA:318,28,0,0
BRDA:318,28,1,0
BRDA:341,29,0,0
BRDA:346,30,0,0
BRDA:346,31,0,0
BRDA:346,31,1,0
BRDA:352,32,0,0
BRDA:352,33,0,0
BRDA:352,33,1,0
BRDA:358,34,0,0
BRDA:367,35,0,0
BRDA:367,35,1,0
BRDA:387,36,0,0
BRDA:387,36,1,0
BRDA:419,37,0,0
BRDA:448,38,0,0
BRDA:448,38,1,0
BRDA:491,39,0,0
BRF:65
BRH:0
end_of_record
TN:
SF:src/modules/escort-app/dispatch.service.ts
FN:45,(anonymous_2)
FN:50,(anonymous_3)
FN:113,(anonymous_4)
FN:121,(anonymous_5)
FN:128,(anonymous_6)
FN:182,(anonymous_7)
FN:223,(anonymous_8)
FN:241,(anonymous_9)
FN:246,(anonymous_10)
FN:247,(anonymous_11)
FN:262,(anonymous_12)
FN:269,(anonymous_13)
FN:302,(anonymous_14)
FN:333,(anonymous_15)
FNF:14
FNH:0
FNDA:0,(anonymous_2)
FNDA:0,(anonymous_3)
FNDA:0,(anonymous_4)
FNDA:0,(anonymous_5)
FNDA:0,(anonymous_6)
FNDA:0,(anonymous_7)
FNDA:0,(anonymous_8)
FNDA:0,(anonymous_9)
FNDA:0,(anonymous_10)
FNDA:0,(anonymous_11)
FNDA:0,(anonymous_12)
FNDA:0,(anonymous_13)
FNDA:0,(anonymous_14)
FNDA:0,(anonymous_15)
DA:1,0
DA:2,0
DA:30,0
DA:31,0
DA:33,0
DA:45,0
DA:51,0
DA:54,0
DA:62,0
DA:63,0
DA:64,0
DA:67,0
DA:68,0
DA:69,0
DA:73,0
DA:75,0
DA:76,0
DA:77,0
DA:81,0
DA:83,0
DA:84,0
DA:87,0
DA:88,0
DA:93,0
DA:99,0
DA:107,0
DA:108,0
DA:109,0
DA:113,0
DA:115,0
DA:122,0
DA:124,0
DA:125,0
DA:128,0
DA:130,0
DA:144,0
DA:145,0
DA:149,0
DA:159,0
DA:171,0
DA:175,0
DA:183,0
DA:184,0
DA:187,0
DA:189,0
DA:199,0
DA:201,0
DA:202,0
DA:203,0
DA:204,0
DA:205,0
DA:208,0
DA:212,0
DA:213,0
DA:217,0
DA:225,0
DA:240,0
DA:241,0
DA:245,0
DA:246,0
DA:247,0
DA:251,0
DA:252,0
DA:256,0
DA:265,0
DA:268,0
DA:269,0
DA:271,0
DA:274,0
DA:277,0
DA:283,0
DA:286,0
DA:287,0
DA:288,0
DA:290,0
DA:303,0
DA:308,0
DA:309,0
DA:312,0
DA:313,0
DA:315,0
DA:316,0
DA:319,0
DA:325,0
DA:333,0
DA:335,0
LF:86
LH:0
BRDA:62,0,0,0
BRDA:67,1,0,0
BRDA:67,2,0,0
BRDA:67,2,1,0
BRDA:75,3,0,0
BRDA:87,4,0,0
BRDA:107,5,0,0
BRDA:124,6,0,0
BRDA:144,7,0,0
BRDA:204,8,0,0
BRDA:245,9,0,0
BRDA:251,10,0,0
BRDA:271,11,0,0
BRDA:271,11,1,0
BRDA:283,12,0,0
BRDA:283,12,1,0
BRDA:286,13,0,0
BRDA:286,13,1,0
BRDA:287,14,0,0
BRDA:287,14,1,0
BRDA:302,15,0,0
BRDA:308,16,0,0
BRF:22
BRH:0
end_of_record
TN:
SF:src/modules/escort-app/escort-app.controller.ts
FN:8,(anonymous_4)
FN:12,(anonymous_5)
FN:18,(anonymous_6)
FN:24,(anonymous_7)
FN:39,(anonymous_8)
FN:52,(anonymous_9)
FN:58,(anonymous_10)
FN:64,(anonymous_11)
FN:70,(anonymous_12)
FN:76,(anonymous_13)
FN:82,(anonymous_14)
FN:95,(anonymous_15)
FN:101,(anonymous_16)
FN:118,(anonymous_17)
FN:133,(anonymous_18)
FN:148,(anonymous_19)
FN:157,(anonymous_20)
FN:170,(anonymous_21)
FNF:18
FNH:0
FNDA:0,(anonymous_4)
FNDA:0,(anonymous_5)
FNDA:0,(anonymous_6)
FNDA:0,(anonymous_7)
FNDA:0,(anonymous_8)
FNDA:0,(anonymous_9)
FNDA:0,(anonymous_10)
FNDA:0,(anonymous_11)
FNDA:0,(anonymous_12)
FNDA:0,(anonymous_13)
FNDA:0,(anonymous_14)
FNDA:0,(anonymous_15)
FNDA:0,(anonymous_16)
FNDA:0,(anonymous_17)
FNDA:0,(anonymous_18)
FNDA:0,(anonymous_19)
FNDA:0,(anonymous_20)
FNDA:0,(anonymous_21)
DA:1,0
DA:2,0
DA:3,0
DA:7,0
DA:8,0
DA:12,0
DA:13,0
DA:18,0
DA:19,0
DA:24,0
DA:30,0
DA:39,0
DA:44,0
DA:52,0
DA:53,0
DA:58,0
DA:59,0
DA:64,0
DA:65,0
DA:70,0
DA:71,0
DA:76,0
DA:77,0
DA:82,0
DA:86,0
DA:95,0
DA:96,0
DA:101,0
DA:108,0
DA:118,0
DA:124,0
DA:133,0
DA:139,0
DA:148,0
DA:152,0
DA:157,0
DA:161,0
DA:170,0
DA:178,0
LF:39
LH:0
BRDA:33,0,0,0
BRDA:33,0,1,0
BRDA:111,1,0,0
BRDA:111,1,1,0
BRDA:112,2,0,0
BRDA:112,2,1,0
BRDA:126,3,0,0
BRDA:126,3,1,0
BRDA:127,4,0,0
BRDA:127,4,1,0
BRDA:141,5,0,0
BRDA:141,5,1,0
BRDA:142,6,0,0
BRDA:142,6,1,0
BRF:14
BRH:0
end_of_record
TN:
SF:src/modules/escort-app/escort-app.module.ts
FNF:0
FNH:0
DA:1,0
DA:2,0
DA:3,0
DA:4,0
DA:5,0
DA:6,0
DA:14,0
LF:7
LH:0
BRF:0
BRH:0
end_of_record
TN:
SF:src/modules/escort-app/escort-app.service.ts
FN:10,(anonymous_2)
FN:19,(anonymous_3)
FN:28,(anonymous_4)
FN:29,(anonymous_5)
FN:46,(anonymous_6)
FN:58,(anonymous_7)
FN:67,(anonymous_8)
FN:94,(anonymous_9)
FN:150,(anonymous_10)
FN:170,(anonymous_11)
FN:183,(anonymous_12)
FN:278,(anonymous_13)
FN:329,(anonymous_14)
FN:365,(anonymous_15)
FN:408,(anonymous_16)
FN:459,(anonymous_17)
FN:523,(anonymous_18)
FN:536,(anonymous_19)
FN:552,(anonymous_20)
FN:562,(anonymous_21)
FN:606,(anonymous_22)
FN:614,(anonymous_23)
FN:622,(anonymous_24)
FN:632,(anonymous_25)
FN:678,(anonymous_26)
FN:684,(anonymous_27)
FN:692,(anonymous_28)
FN:703,(anonymous_29)
FN:770,(anonymous_30)
FN:785,(anonymous_31)
FN:791,(anonymous_32)
FN:799,(anonymous_33)
FN:826,(anonymous_34)
FN:873,(anonymous_35)
FN:907,(anonymous_36)
FN:919,(anonymous_37)
FN:950,(anonymous_38)
FN:962,(anonymous_39)
FN:993,(anonymous_40)
FN:1006,(anonymous_41)
FN:1050,(anonymous_42)
FN:1100,(anonymous_43)
FN:1117,(anonymous_44)
FNF:43
FNH:3
FNDA:9,(anonymous_2)
FNDA:0,(anonymous_3)
FNDA:0,(anonymous_4)
FNDA:0,(anonymous_5)
FNDA:0,(anonymous_6)
FNDA:0,(anonymous_7)
FNDA:0,(anonymous_8)
FNDA:0,(anonymous_9)
FNDA:0,(anonymous_10)
FNDA:10,(anonymous_11)
FNDA:0,(anonymous_12)
FNDA:0,(anonymous_13)
FNDA:0,(anonymous_14)
FNDA:0,(anonymous_15)
FNDA:0,(anonymous_16)
FNDA:0,(anonymous_17)
FNDA:0,(anonymous_18)
FNDA:0,(anonymous_19)
FNDA:0,(anonymous_20)
FNDA:0,(anonymous_21)
FNDA:0,(anonymous_22)
FNDA:0,(anonymous_23)
FNDA:0,(anonymous_24)
FNDA:0,(anonymous_25)
FNDA:0,(anonymous_26)
FNDA:0,(anonymous_27)
FNDA:0,(anonymous_28)
FNDA:0,(anonymous_29)
FNDA:0,(anonymous_30)
FNDA:0,(anonymous_31)
FNDA:0,(anonymous_32)
FNDA:0,(anonymous_33)
FNDA:0,(anonymous_34)
FNDA:0,(anonymous_35)
FNDA:0,(anonymous_36)
FNDA:0,(anonymous_37)
FNDA:0,(anonymous_38)
FNDA:0,(anonymous_39)
FNDA:0,(anonymous_40)
FNDA:0,(anonymous_41)
FNDA:0,(anonymous_42)
FNDA:0,(anonymous_43)
FNDA:10,(anonymous_44)
DA:1,1
DA:2,1
DA:3,1
DA:4,1
DA:7,1
DA:8,9
DA:11,9
DA:12,9
DA:27,0
DA:28,0
DA:29,0
DA:30,0
DA:31,0
DA:32,0
DA:41,0
DA:47,0
DA:51,0
DA:52,0
DA:54,0
DA:59,0
DA:60,0
DA:73,0
DA:77,0
DA:78,0
DA:82,0
DA:83,0
DA:84,0
DA:85,0
DA:86,0
DA:87,0
DA:89,0
DA:90,0
DA:93,0
DA:95,0
DA:98,0
DA:99,0
DA:108,0
DA:109,0
DA:114,0
DA:115,0
DA:116,0
DA:117,0
DA:119,0
DA:130,0
DA:131,0
DA:133,0
DA:134,0
DA:135,0
DA:138,0
DA:139,0
DA:146,0
DA:151,0
DA:162,0
DA:163,0
DA:166,0
DA:171,10
DA:175,10
DA:176,0
DA:179,10
DA:184,0
DA:193,0
DA:194,0
DA:197,0
DA:198,0
DA:199,0
DA:200,0
DA:202,0
DA:212,0
DA:261,0
DA:263,0
DA:279,0
DA:283,0
DA:284,0
DA:287,0
DA:289,0
DA:290,0
DA:291,0
DA:292,0
DA:293,0
DA:294,0
DA:300,0
DA:301,0
DA:304,0
DA:325,0
DA:330,0
DA:334,0
DA:335,0
DA:338,0
DA:357,0
DA:358,0
DA:361,0
DA:366,0
DA:370,0
DA:371,0
DA:375,0
DA:376,0
DA:379,0
DA:390,0
DA:391,0
DA:394,0
DA:404,0
DA:409,0
DA:413,0
DA:414,0
DA:417,0
DA:418,0
DA:422,0
DA:423,0
DA:427,0
DA:428,0
DA:432,0
DA:437,0
DA:438,0
DA:441,0
DA:442,0
DA:446,0
DA:447,0
DA:454,0
DA:455,0
DA:459,0
DA:461,0
DA:476,0
DA:477,0
DA:481,0
DA:491,0
DA:505,0
DA:514,0
DA:519,0
DA:520,0
DA:524,0
DA:526,0
DA:532,0
DA:537,0
DA:541,0
DA:553,0
DA:557,0
DA:558,0
DA:562,0
DA:564,0
DA:577,0
DA:578,0
DA:582,0
DA:596,0
DA:603,0
DA:607,0
DA:608,0
DA:615,0
DA:618,0
DA:623,0
DA:627,0
DA:628,0
DA:632,0
DA:634,0
DA:646,0
DA:647,0
DA:651,0
DA:660,0
DA:675,0
DA:679,0
DA:680,0
DA:685,0
DA:688,0
DA:693,0
DA:698,0
DA:699,0
DA:703,0
DA:705,0
DA:713,0
DA:714,0
DA:718,0
DA:728,0
DA:729,0
DA:738,0
DA:753,0
DA:754,0
DA:755,0
DA:758,0
DA:763,0
DA:764,0
DA:768,0
DA:770,0
DA:771,0
DA:772,0
DA:778,0
DA:782,0
DA:786,0
DA:787,0
DA:792,0
DA:795,0
DA:800,0
DA:804,0
DA:805,0
DA:809,0
DA:810,0
DA:813,0
DA:818,0
DA:827,0
DA:829,0
DA:833,0
DA:834,0
DA:838,0
DA:847,0
DA:848,0
DA:849,0
DA:851,0
DA:860,0
DA:874,0
DA:875,0
DA:877,0
DA:881,0
DA:882,0
DA:885,0
DA:890,0
DA:891,0
DA:892,0
DA:893,0
DA:896,0
DA:906,0
DA:907,0
DA:920,0
DA:921,0
DA:923,0
DA:927,0
DA:928,0
DA:931,0
DA:935,0
DA:936,0
DA:939,0
DA:949,0
DA:950,0
DA:963,0
DA:964,0
DA:966,0
DA:970,0
DA:971,0
DA:974,0
DA:978,0
DA:979,0
DA:982,0
DA:992,0
DA:993,0
DA:1007,0
DA:1008,0
DA:1011,0
DA:1012,0
DA:1013,0
DA:1014,0
DA:1016,0
DA:1017,0
DA:1021,0
DA:1025,0
DA:1026,0
DA:1029,0
DA:1030,0
DA:1034,0
DA:1041,0
DA:1042,0
DA:1046,0
DA:1047,0
DA:1050,0
DA:1052,0
DA:1063,0
DA:1064,0
DA:1076,0
DA:1089,0
DA:1101,0
DA:1103,0
DA:1111,0
DA:1125,10
DA:1127,10
DA:1128,10
DA:1129,2
DA:1131,10
DA:1132,6
DA:1133,2
DA:1135,4
DA:1137,8
DA:1138,6
DA:1139,2
DA:1141,4
DA:1144,6
DA:1149,6
LF:282
LH:25
BRDA:51,0,0,0
BRDA:60,1,0,0
BRDA:60,1,1,0
BRDA:60,2,0,0
BRDA:60,2,1,0
BRDA:71,3,0,0
BRDA:77,4,0,0
BRDA:82,5,0,0
BRDA:85,6,0,0
BRDA:89,7,0,0
BRDA:95,8,0,0
BRDA:95,8,1,0
BRDA:98,9,0,0
BRDA:108,10,0,0
BRDA:138,11,0,0
BRDA:138,12,0,0
BRDA:138,12,1,0
BRDA:162,13,0,0
BRDA:175,14,0,0
BRDA:193,15,0,0
BRDA:247,16,0,0
BRDA:247,16,1,0
BRDA:261,17,0,0
BRDA:261,17,1,0
BRDA:269,18,0,0
BRDA:269,18,1,0
BRDA:270,19,0,0
BRDA:270,19,1,0
BRDA:272,20,0,0
BRDA:272,20,1,0
BRDA:273,21,0,0
BRDA:273,21,1,0
BRDA:283,22,0,0
BRDA:289,23,0,0
BRDA:300,24,0,0
BRDA:322,25,0,0
BRDA:322,25,1,0
BRDA:334,26,0,0
BRDA:357,27,0,0
BRDA:370,28,0,0
BRDA:375,29,0,0
BRDA:390,30,0,0
BRDA:413,31,0,0
BRDA:417,32,0,0
BRDA:422,33,0,0
BRDA:427,34,0,0
BRDA:437,35,0,0
BRDA:441,36,0,0
BRDA:441,37,0,0
BRDA:441,37,1,0
BRDA:446,38,0,0
BRDA:446,38,1,0
BRDA:446,39,0,0
BRDA:446,39,1,0
BRDA:454,40,0,0
BRDA:455,41,0,0
BRDA:455,41,1,0
BRDA:476,42,0,0
BRDA:524,43,0,0
BRDA:557,44,0,0
BRDA:573,45,0,0
BRDA:573,45,1,0
BRDA:577,46,0,0
BRDA:607,47,0,0
BRDA:627,48,0,0
BRDA:646,49,0,0
BRDA:679,50,0,0
BRDA:698,51,0,0
BRDA:713,52,0,0
BRDA:723,53,0,0
BRDA:723,53,1,0
BRDA:728,54,0,0
BRDA:728,54,1,0
BRDA:768,55,0,0
BRDA:786,56,0,0
BRDA:804,57,0,0
BRDA:809,58,0,0
BRDA:833,59,0,0
BRDA:865,60,0,0
BRDA:865,60,1,0
BRDA:866,61,0,0
BRDA:866,61,1,0
BRDA:868,62,0,0
BRDA:868,62,1,0
BRDA:875,63,0,0
BRDA:875,64,0,0
BRDA:881,65,0,0
BRDA:890,66,0,0
BRDA:890,67,0,0
BRDA:890,67,1,0
BRDA:892,68,0,0
BRDA:893,69,0,0
BRDA:921,70,0,0
BRDA:921,71,0,0
BRDA:927,72,0,0
BRDA:935,73,0,0
BRDA:964,74,0,0
BRDA:964,75,0,0
BRDA:970,76,0,0
BRDA:978,77,0,0
BRDA:1012,78,0,0
BRDA:1012,78,1,0
BRDA:1013,79,0,0
BRDA:1013,79,1,0
BRDA:1014,80,0,0
BRDA:1014,80,1,0
BRDA:1016,81,0,0
BRDA:1025,82,0,0
BRDA:1029,83,0,0
BRDA:1041,84,0,0
BRDA:1128,85,0,2
BRDA:1131,86,0,6
BRDA:1132,87,0,2
BRDA:1132,88,0,6
BRDA:1132,88,1,5
BRDA:1137,89,0,6
BRDA:1138,90,0,2
BRDA:1138,91,0,6
BRDA:1138,91,1,5
BRF:119
BRH:9
end_of_record
TN:
SF:src/modules/escorts/escorts.controller.ts
FN:9,(anonymous_4)
FN:18,(anonymous_5)
FN:39,(anonymous_6)
FN:50,(anonymous_7)
FN:60,(anonymous_8)
FNF:5
FNH:0
FNDA:0,(anonymous_4)
FNDA:0,(anonymous_5)
FNDA:0,(anonymous_6)
FNDA:0,(anonymous_7)
FNDA:0,(anonymous_8)
DA:1,0
DA:2,0
DA:3,0
DA:4,0
DA:8,0
DA:9,0
DA:18,0
DA:25,0
DA:32,0
DA:39,0
DA:43,0
DA:44,0
DA:50,0
DA:51,0
DA:52,0
DA:60,0
DA:65,0
DA:69,0
LF:18
LH:0
BRDA:29,0,0,0
BRDA:29,0,1,0
BRDA:30,1,0,0
BRDA:30,1,1,0
BRDA:43,2,0,0
BRDA:43,2,1,0
BRDA:66,3,0,0
BRDA:66,3,1,0
BRDA:67,4,0,0
BRDA:67,4,1,0
BRF:10
BRH:0
end_of_record
TN:
SF:src/modules/escorts/escorts.module.ts
FNF:0
FNH:0
DA:1,0
DA:2,0
DA:3,0
DA:10,0
LF:4
LH:0
BRF:0
BRH:0
end_of_record
TN:
SF:src/modules/escorts/escorts.service.ts
FN:6,(anonymous_2)
FN:8,(anonymous_3)
FN:67,(anonymous_4)
FN:86,(anonymous_5)
FN:131,(anonymous_6)
FN:143,(anonymous_7)
FN:160,(anonymous_8)
FN:184,(anonymous_9)
FNF:8
FNH:0
FNDA:0,(anonymous_2)
FNDA:0,(anonymous_3)
FNDA:0,(anonymous_4)
FNDA:0,(anonymous_5)
FNDA:0,(anonymous_6)
FNDA:0,(anonymous_7)
FNDA:0,(anonymous_8)
FNDA:0,(anonymous_9)
DA:1,0
DA:2,0
DA:5,0
DA:6,0
DA:15,0
DA:17,0
DA:21,0
DA:24,0
DA:25,0
DA:31,0
DA:32,0
DA:34,0
DA:35,0
DA:37,0
DA:38,0
DA:40,0
DA:43,0
DA:67,0
DA:83,0
DA:87,0
DA:113,0
DA:114,0
DA:117,0
DA:131,0
DA:144,0
DA:146,0
DA:156,0
DA:161,0
DA:167,0
DA:168,0
DA:173,0
DA:184,0
LF:32
LH:0
BRDA:15,0,0,0
BRDA:15,1,0,0
BRDA:15,2,0,0
BRDA:21,3,0,0
BRDA:24,4,0,0
BRDA:32,5,0,0
BRDA:32,5,1,0
BRDA:32,5,2,0
BRDA:75,6,0,0
BRDA:75,6,1,0
BRDA:80,7,0,0
BRDA:80,7,1,0
BRDA:113,8,0,0
BRDA:125,9,0,0
BRDA:125,9,1,0
BRDA:126,10,0,0
BRDA:126,10,1,0
BRDA:135,11,0,0
BRDA:135,11,1,0
BRDA:144,12,0,0
BRDA:144,13,0,0
BRDA:160,14,0,0
BRDA:167,15,0,0
BRDA:190,16,0,0
BRDA:190,16,1,0
BRF:25
BRH:0
end_of_record
TN:
SF:src/modules/home/home.controller.ts
FN:10,(anonymous_4)
FN:14,(anonymous_5)
FN:26,(anonymous_6)
FN:33,(anonymous_7)
FN:40,(anonymous_8)
FN:47,(anonymous_9)
FN:55,(anonymous_10)
FNF:7
FNH:0
FNDA:0,(anonymous_4)
FNDA:0,(anonymous_5)
FNDA:0,(anonymous_6)
FNDA:0,(anonymous_7)
FNDA:0,(anonymous_8)
FNDA:0,(anonymous_9)
FNDA:0,(anonymous_10)
DA:1,0
DA:2,0
DA:3,0
DA:4,0
DA:9,0
DA:10,0
DA:14,0
DA:15,0
DA:16,0
DA:26,0
DA:27,0
DA:28,0
DA:33,0
DA:34,0
DA:35,0
DA:40,0
DA:41,0
DA:42,0
DA:47,0
DA:48,0
DA:49,0
DA:55,0
DA:59,0
DA:63,0
LF:24
LH:0
BRDA:27,0,0,0
BRDA:27,0,1,0
BRDA:61,1,0,0
BRDA:61,1,1,0
BRF:4
BRH:0
end_of_record
TN:
SF:src/modules/home/home.module.ts
FNF:0
FNH:0
DA:1,0
DA:2,0
DA:3,0
DA:4,0
DA:10,0
LF:5
LH:0
BRF:0
BRH:0
end_of_record
TN:
SF:src/modules/home/home.service.ts
FN:8,(anonymous_2)
FN:14,(anonymous_3)
FN:27,(anonymous_4)
FN:55,(anonymous_5)
FN:65,(anonymous_6)
FN:86,(anonymous_7)
FN:103,(anonymous_8)
FN:145,(anonymous_9)
FN:146,(anonymous_10)
FN:156,(anonymous_11)
FN:169,(anonymous_12)
FN:177,(anonymous_13)
FN:179,(anonymous_14)
FNF:13
FNH:0
FNDA:0,(anonymous_2)
FNDA:0,(anonymous_3)
FNDA:0,(anonymous_4)
FNDA:0,(anonymous_5)
FNDA:0,(anonymous_6)
FNDA:0,(anonymous_7)
FNDA:0,(anonymous_8)
FNDA:0,(anonymous_9)
FNDA:0,(anonymous_10)
FNDA:0,(anonymous_11)
FNDA:0,(anonymous_12)
FNDA:0,(anonymous_13)
FNDA:0,(anonymous_14)
DA:1,0
DA:2,0
DA:3,0
DA:7,0
DA:9,0
DA:10,0
DA:15,0
DA:20,0
DA:29,0
DA:32,0
DA:33,0
DA:42,0
DA:51,0
DA:55,0
DA:66,0
DA:74,0
DA:76,0
DA:87,0
DA:89,0
DA:106,0
DA:109,0
DA:114,0
DA:118,0
DA:123,0
DA:127,0
DA:132,0
DA:136,0
DA:137,0
DA:145,0
DA:146,0
DA:148,0
DA:150,0
DA:153,0
DA:156,0
DA:170,0
DA:171,0
DA:173,0
DA:174,0
DA:177,0
DA:178,0
DA:179,0
DA:186,0
LF:42
LH:0
BRDA:27,0,0,0
BRDA:32,1,0,0
BRDA:57,2,0,0
BRDA:57,2,1,0
BRDA:77,3,0,0
BRDA:77,3,1,0
BRDA:78,4,0,0
BRDA:78,4,1,0
BRDA:80,5,0,0
BRDA:80,5,1,0
BRDA:103,6,0,0
BRDA:106,7,0,0
BRDA:106,7,1,0
BRDA:106,7,2,0
BRDA:106,7,3,0
BRDA:106,7,4,0
BRDA:136,8,0,0
BRDA:136,8,1,0
BRDA:136,9,0,0
BRDA:136,9,1,0
BRDA:146,10,0,0
BRDA:146,10,1,0
BRDA:146,11,0,0
BRDA:146,11,1,0
BRDA:161,12,0,0
BRDA:161,12,1,0
BRDA:163,13,0,0
BRDA:163,13,1,0
BRDA:164,14,0,0
BRDA:164,14,1,0
BRDA:173,15,0,0
BRF:31
BRH:0
end_of_record
TN:
SF:src/modules/hospitals/hospitals.controller.ts
FN:20,(anonymous_4)
FN:32,(anonymous_5)
FN:49,(anonymous_6)
FN:56,(anonymous_7)
FN:74,(anonymous_8)
FN:94,(anonymous_9)
FN:101,(anonymous_10)
FN:111,(anonymous_11)
FN:132,(anonymous_12)
FNF:9
FNH:0
FNDA:0,(anonymous_4)
FNDA:0,(anonymous_5)
FNDA:0,(anonymous_6)
FNDA:0,(anonymous_7)
FNDA:0,(anonymous_8)
FNDA:0,(anonymous_9)
FNDA:0,(anonymous_10)
FNDA:0,(anonymous_11)
FNDA:0,(anonymous_12)
DA:1,0
DA:11,0
DA:12,0
DA:13,0
DA:14,0
DA:15,0
DA:19,0
DA:21,0
DA:22,0
DA:23,0
DA:32,0
DA:38,0
DA:44,0
DA:49,0
DA:50,0
DA:51,0
DA:56,0
DA:68,0
DA:69,0
DA:74,0
DA:88,0
DA:89,0
DA:94,0
DA:95,0
DA:96,0
DA:101,0
DA:102,0
DA:103,0
DA:111,0
DA:117,0
DA:123,0
DA:132,0
DA:139,0
DA:145,0
LF:34
LH:0
BRDA:41,0,0,0
BRDA:41,0,1,0
BRDA:42,1,0,0
BRDA:42,1,1,0
BRDA:120,2,0,0
BRDA:120,2,1,0
BRDA:121,3,0,0
BRDA:121,3,1,0
BRDA:142,4,0,0
BRDA:142,4,1,0
BRDA:143,5,0,0
BRDA:143,5,1,0
BRF:12
BRH:0
end_of_record
TN:
SF:src/modules/hospitals/hospitals.module.ts
FN:9,(anonymous_1)
FN:10,(anonymous_2)
FNF:2
FNH:0
FNDA:0,(anonymous_1)
FNDA:0,(anonymous_2)
DA:1,0
DA:2,0
DA:3,0
DA:4,0
DA:5,0
DA:9,0
DA:10,0
DA:16,0
LF:8
LH:0
BRF:0
BRH:0
end_of_record
TN:
SF:src/modules/hospitals/hospitals.service.ts
FN:6,(anonymous_2)
FN:8,(anonymous_3)
FN:52,(anonymous_4)
FN:75,(anonymous_5)
FN:86,(anonymous_6)
FN:114,(anonymous_7)
FN:147,(anonymous_8)
FN:172,(anonymous_9)
FN:183,(anonymous_10)
FN:243,(anonymous_11)
FN:268,(anonymous_12)
FNF:11
FNH:3
FNDA:7,(anonymous_2)
FNDA:0,(anonymous_3)
FNDA:0,(anonymous_4)
FNDA:0,(anonymous_5)
FNDA:0,(anonymous_6)
FNDA:0,(anonymous_7)
FNDA:0,(anonymous_8)
FNDA:0,(anonymous_9)
FNDA:7,(anonymous_10)
FNDA:1,(anonymous_11)
FNDA:0,(anonymous_12)
DA:1,1
DA:2,1
DA:5,1
DA:6,7
DA:14,0
DA:16,0
DA:17,0
DA:18,0
DA:19,0
DA:27,0
DA:49,0
DA:53,0
DA:72,0
DA:73,0
DA:75,0
DA:82,0
DA:98,0
DA:101,0
DA:106,0
DA:107,0
DA:110,0
DA:130,0
DA:133,0
DA:139,0
DA:140,0
DA:143,0
DA:149,0
DA:154,0
DA:159,0
DA:160,0
DA:173,0
DA:192,7
DA:194,7
DA:202,7
DA:203,1
DA:207,7
DA:208,7
DA:210,1
DA:211,1
DA:213,0
DA:214,0
DA:216,6
DA:219,7
DA:243,7
DA:244,1
DA:245,1
DA:259,7
DA:270,0
DA:274,0
LF:49
LH:18
BRDA:14,0,0,0
BRDA:14,1,0,0
BRDA:17,2,0,0
BRDA:18,3,0,0
BRDA:72,4,0,0
BRDA:106,5,0,0
BRDA:106,6,0,0
BRDA:106,6,1,0
BRDA:139,7,0,0
BRDA:192,8,0,6
BRDA:192,9,0,6
BRDA:192,10,0,6
BRDA:192,11,0,7
BRDA:192,11,1,4
BRDA:202,12,0,1
BRDA:208,13,0,1
BRDA:208,13,1,0
BRDA:208,13,2,6
BRDA:254,14,0,1
BRDA:254,14,1,0
BRDA:255,15,0,1
BRDA:255,15,1,0
BRF:22
BRH:10
end_of_record
TN:
SF:src/modules/membership/membership.controller.ts
FN:29,(anonymous_4)
FN:33,(anonymous_5)
FN:41,(anonymous_6)
FN:50,(anonymous_7)
FN:59,(anonymous_8)
FN:73,(anonymous_9)
FN:90,(anonymous_10)
FNF:7
FNH:0
FNDA:0,(anonymous_4)
FNDA:0,(anonymous_5)
FNDA:0,(anonymous_6)
FNDA:0,(anonymous_7)
FNDA:0,(anonymous_8)
FNDA:0,(anonymous_9)
FNDA:0,(anonymous_10)
DA:1,0
DA:10,0
DA:17,0
DA:18,0
DA:22,0
DA:23,0
DA:24,0
DA:28,0
DA:29,0
DA:33,0
DA:34,0
DA:35,0
DA:41,0
DA:42,0
DA:43,0
DA:50,0
DA:51,0
DA:52,0
DA:59,0
DA:63,0
DA:64,0
DA:73,0
DA:78,0
DA:82,0
DA:90,0
DA:95,0
DA:96,0
LF:27
LH:0
BRDA:79,0,0,0
BRDA:79,0,1,0
BRDA:80,1,0,0
BRDA:80,1,1,0
BRF:4
BRH:0
end_of_record
TN:
SF:src/modules/membership/membership.module.ts
FNF:0
FNH:0
DA:1,0
DA:2,0
DA:3,0
DA:10,0
LF:4
LH:0
BRF:0
BRH:0
end_of_record
TN:
SF:src/modules/membership/membership.service.ts
FN:19,(anonymous_2)
FN:26,(anonymous_3)
FN:42,(anonymous_4)
FN:60,(anonymous_5)
FN:95,(anonymous_6)
FN:113,(anonymous_7)
FN:121,(anonymous_8)
FN:184,(anonymous_9)
FN:199,(anonymous_10)
FN:269,(anonymous_11)
FN:292,(anonymous_12)
FN:333,(anonymous_13)
FN:362,(anonymous_14)
FN:383,(anonymous_15)
FN:398,(anonymous_16)
FN:410,(anonymous_17)
FN:420,(anonymous_18)
FN:438,(anonymous_19)
FN:465,(anonymous_20)
FN:479,(anonymous_21)
FN:506,(anonymous_22)
FN:525,(anonymous_23)
FN:543,(anonymous_24)
FN:587,(anonymous_25)
FN:630,(anonymous_26)
FN:657,(anonymous_27)
FN:670,(anonymous_28)
FN:686,(anonymous_29)
FN:695,(anonymous_30)
FN:725,(anonymous_31)
FN:742,(anonymous_32)
FNF:31
FNH:0
FNDA:0,(anonymous_2)
FNDA:0,(anonymous_3)
FNDA:0,(anonymous_4)
FNDA:0,(anonymous_5)
FNDA:0,(anonymous_6)
FNDA:0,(anonymous_7)
FNDA:0,(anonymous_8)
FNDA:0,(anonymous_9)
FNDA:0,(anonymous_10)
FNDA:0,(anonymous_11)
FNDA:0,(anonymous_12)
FNDA:0,(anonymous_13)
FNDA:0,(anonymous_14)
FNDA:0,(anonymous_15)
FNDA:0,(anonymous_16)
FNDA:0,(anonymous_17)
FNDA:0,(anonymous_18)
FNDA:0,(anonymous_19)
FNDA:0,(anonymous_20)
FNDA:0,(anonymous_21)
FNDA:0,(anonymous_22)
FNDA:0,(anonymous_23)
FNDA:0,(anonymous_24)
FNDA:0,(anonymous_25)
FNDA:0,(anonymous_26)
FNDA:0,(anonymous_27)
FNDA:0,(anonymous_28)
FNDA:0,(anonymous_29)
FNDA:0,(anonymous_30)
FNDA:0,(anonymous_31)
FNDA:0,(anonymous_32)
DA:1,0
DA:6,0
DA:7,0
DA:18,0
DA:19,0
DA:27,0
DA:43,0
DA:44,0
DA:45,0
DA:48,0
DA:61,0
DA:62,0
DA:75,0
DA:76,0
DA:80,0
DA:84,0
DA:96,0
DA:97,0
DA:108,0
DA:109,0
DA:113,0
DA:114,0
DA:122,0
DA:127,0
DA:128,0
DA:132,0
DA:138,0
DA:140,0
DA:141,0
DA:142,0
DA:143,0
DA:146,0
DA:147,0
DA:148,0
DA:149,0
DA:153,0
DA:156,0
DA:178,0
DA:185,0
DA:190,0
DA:191,0
DA:194,0
DA:195,0
DA:199,0
DA:201,0
DA:211,0
DA:223,0
DA:224,0
DA:225,0
DA:226,0
DA:228,0
DA:229,0
DA:230,0
DA:234,0
DA:235,0
DA:246,0
DA:262,0
DA:270,0
DA:272,0
DA:286,0
DA:293,0
DA:298,0
DA:299,0
DA:302,0
DA:303,0
DA:307,0
DA:316,0
DA:317,0
DA:321,0
DA:322,0
DA:325,0
DA:328,0
DA:329,0
DA:330,0
DA:333,0
DA:335,0
DA:346,0
DA:353,0
DA:363,0
DA:365,0
DA:382,0
DA:383,0
DA:399,0
DA:411,0
DA:422,0
DA:426,0
DA:427,0
DA:430,0
DA:439,0
DA:441,0
DA:442,0
DA:443,0
DA:446,0
DA:464,0
DA:465,0
DA:481,0
DA:488,0
DA:489,0
DA:492,0
DA:507,0
DA:508,0
DA:509,0
DA:511,0
DA:512,0
DA:515,0
DA:527,0
DA:531,0
DA:532,0
DA:535,0
DA:549,0
DA:551,0
DA:552,0
DA:553,0
DA:555,0
DA:556,0
DA:559,0
DA:581,0
DA:588,0
DA:592,0
DA:593,0
DA:596,0
DA:597,0
DA:598,0
DA:600,0
DA:631,0
DA:633,0
DA:634,0
DA:635,0
DA:638,0
DA:651,0
DA:658,0
DA:671,0
DA:672,0
DA:673,0
DA:676,0
DA:687,0
DA:697,0
DA:698,0
DA:701,0
DA:707,0
DA:708,0
DA:709,0
DA:711,0
DA:726,0
DA:736,0
DA:743,0
DA:744,0
DA:745,0
DA:746,0
LF:149
LH:0
BRDA:44,0,0,0
BRDA:75,1,0,0
BRDA:108,2,0,0
BRDA:114,3,0,0
BRDA:114,3,1,0
BRDA:127,4,0,0
BRDA:127,5,0,0
BRDA:127,5,1,0
BRDA:138,6,0,0
BRDA:138,6,1,0
BRDA:138,7,0,0
BRDA:138,7,1,0
BRDA:162,8,0,0
BRDA:162,8,1,0
BRDA:190,9,0,0
BRDA:194,10,0,0
BRDA:223,11,0,0
BRDA:223,11,1,0
BRDA:223,12,0,0
BRDA:223,12,1,0
BRDA:234,13,0,0
BRDA:234,13,1,0
BRDA:270,14,0,0
BRDA:270,15,0,0
[...]
BRDA:241,27,0,0
BRDA:267,28,0,0
BRDA:272,29,0,0
BRDA:277,30,0,0
BRDA:287,31,0,0
BRDA:290,32,0,0
BRDA:303,33,0,0
BRDA:310,34,0,0
BRDA:322,35,0,0
BRDA:329,36,0,0
BRDA:359,37,0,0
BRDA:364,38,0,0
BRDA:392,39,0,0
BRDA:393,40,0,0
BRF:59
BRH:0
end_of_record
TN:
SF:src/modules/services/dto/service.dto.ts
FN:70,(anonymous_2)
FN:77,(anonymous_3)
FN:105,(anonymous_4)
FN:112,(anonymous_5)
FN:125,(anonymous_6)
FN:132,(anonymous_7)
FN:207,(anonymous_8)
FN:225,(anonymous_9)
FN:270,(anonymous_10)
FN:277,(anonymous_11)
FN:305,(anonymous_12)
FN:312,(anonymous_13)
FN:325,(anonymous_14)
FN:332,(anonymous_15)
FN:407,(anonymous_16)
FN:425,(anonymous_17)
FN:461,(anonymous_18)
FN:467,(anonymous_19)
FNF:18
FNH:0
FNDA:0,(anonymous_2)
FNDA:0,(anonymous_3)
FNDA:0,(anonymous_4)
FNDA:0,(anonymous_5)
FNDA:0,(anonymous_6)
FNDA:0,(anonymous_7)
FNDA:0,(anonymous_8)
FNDA:0,(anonymous_9)
FNDA:0,(anonymous_10)
FNDA:0,(anonymous_11)
FNDA:0,(anonymous_12)
FNDA:0,(anonymous_13)
FNDA:0,(anonymous_14)
FNDA:0,(anonymous_15)
FNDA:0,(anonymous_16)
FNDA:0,(anonymous_17)
FNDA:0,(anonymous_18)
FNDA:0,(anonymous_19)
DA:1,0
DA:14,0
DA:15,0
DA:18,0
DA:22,0
DA:27,0
DA:31,0
DA:35,0
DA:40,0
DA:45,0
DA:50,0
DA:54,0
DA:60,0
DA:65,0
DA:70,0
DA:71,0
DA:77,0
DA:78,0
DA:83,0
DA:88,0
DA:93,0
DA:99,0
DA:105,0
DA:106,0
DA:112,0
DA:113,0
DA:119,0
DA:125,0
DA:126,0
DA:132,0
DA:133,0
DA:138,0
DA:143,0
DA:148,0
DA:153,0
DA:158,0
DA:163,0
DA:168,0
DA:173,0
DA:178,0
DA:183,0
DA:196,0
DA:202,0
DA:207,0
DA:208,0
DA:213,0
DA:218,0
DA:225,0
DA:226,0
DA:232,0
DA:238,0
DA:242,0
DA:248,0
DA:253,0
DA:259,0
DA:264,0
DA:270,0
DA:271,0
DA:277,0
DA:278,0
DA:283,0
DA:288,0
DA:293,0
DA:299,0
DA:305,0
DA:306,0
DA:312,0
DA:313,0
DA:319,0
DA:325,0
DA:326,0
DA:332,0
DA:333,0
DA:338,0
DA:343,0
DA:348,0
DA:353,0
DA:358,0
DA:363,0
DA:368,0
DA:373,0
DA:378,0
DA:383,0
DA:396,0
DA:402,0
DA:407,0
DA:408,0
DA:413,0
DA:418,0
DA:425,0
DA:426,0
DA:432,0
DA:438,0
DA:442,0
DA:446,0
DA:451,0
DA:456,0
DA:461,0
DA:462,0
DA:467,0
DA:468,0
LF:101
LH:0
BRF:0
BRH:0
end_of_record
TN:
SF:src/modules/tasks/tasks.module.ts
FNF:0
FNH:0
DA:1,0
DA:2,0
DA:3,0
DA:4,0
DA:5,0
DA:12,0
LF:6
LH:0
BRF:0
BRH:0
end_of_record
TN:
SF:src/modules/tasks/tasks.service.ts
FN:16,(anonymous_4)
FN:24,(anonymous_5)
FN:44,(anonymous_6)
FN:70,(anonymous_7)
FN:81,(anonymous_8)
FN:86,(anonymous_9)
FN:91,(anonymous_10)
FN:100,(anonymous_11)
FN:122,(anonymous_12)
FN:157,(anonymous_13)
FN:181,(anonymous_14)
FN:186,(anonymous_15)
FN:199,(anonymous_16)
FN:203,(anonymous_17)
FN:216,(anonymous_18)
FN:296,(anonymous_19)
FN:331,(anonymous_20)
FN:385,(anonymous_21)
FN:395,(anonymous_22)
FN:400,(anonymous_23)
FN:409,(anonymous_24)
FN:414,(anonymous_25)
FN:431,(anonymous_26)
FN:436,(anonymous_27)
FN:446,(anonymous_28)
FN:448,(anonymous_29)
FN:463,(anonymous_30)
FN:473,(anonymous_31)
FN:478,(anonymous_32)
FN:489,(anonymous_33)
FN:560,(anonymous_34)
FN:570,(anonymous_35)
FN:575,(anonymous_36)
FN:584,(anonymous_37)
FN:678,(anonymous_38)
FN:688,(anonymous_39)
FN:693,(anonymous_40)
FN:703,(anonymous_41)
FN:773,(anonymous_42)
FN:20,(anonymous_43)
FN:20,(anonymous_44)
FN:20,(anonymous_45)
FNF:42
FNH:0
FNDA:0,(anonymous_4)
FNDA:0,(anonymous_5)
FNDA:0,(anonymous_6)
FNDA:0,(anonymous_7)
FNDA:0,(anonymous_8)
FNDA:0,(anonymous_9)
FNDA:0,(anonymous_10)
FNDA:0,(anonymous_11)
FNDA:0,(anonymous_12)
FNDA:0,(anonymous_13)
FNDA:0,(anonymous_14)
FNDA:0,(anonymous_15)
FNDA:0,(anonymous_16)
FNDA:0,(anonymous_17)
FNDA:0,(anonymous_18)
FNDA:0,(anonymous_19)
FNDA:0,(anonymous_20)
FNDA:0,(anonymous_21)
FNDA:0,(anonymous_22)
FNDA:0,(anonymous_23)
FNDA:0,(anonymous_24)
FNDA:0,(anonymous_25)
FNDA:0,(anonymous_26)
FNDA:0,(anonymous_27)
FNDA:0,(anonymous_28)
FNDA:0,(anonymous_29)
FNDA:0,(anonymous_30)
FNDA:0,(anonymous_31)
FNDA:0,(anonymous_32)
FNDA:0,(anonymous_33)
FNDA:0,(anonymous_34)
FNDA:0,(anonymous_35)
FNDA:0,(anonymous_36)
FNDA:0,(anonymous_37)
FNDA:0,(anonymous_38)
FNDA:0,(anonymous_39)
FNDA:0,(anonymous_40)
FNDA:0,(anonymous_41)
FNDA:0,(anonymous_42)
FNDA:0,(anonymous_43)
FNDA:0,(anonymous_44)
FNDA:0,(anonymous_45)
DA:1,0
DA:2,0
DA:3,0
DA:4,0
DA:7,0
DA:8,0
DA:9,0
DA:10,0
DA:11,0
DA:12,0
DA:13,0
DA:14,0
DA:17,0
DA:18,0
DA:19,0
DA:20,0
DA:21,0
DA:26,0
DA:28,0
DA:30,0
DA:32,0
DA:34,0
DA:36,0
DA:38,0
DA:40,0
DA:41,0
DA:46,0
DA:47,0
DA:49,0
DA:50,0
DA:52,0
DA:53,0
DA:55,0
DA:56,0
DA:58,0
DA:59,0
DA:61,0
DA:62,0
DA:64,0
DA:71,0
DA:72,0
DA:73,0
DA:74,0
DA:75,0
DA:83,0
DA:84,0
DA:86,0
DA:88,0
DA:91,0
DA:92,0
DA:101,0
DA:102,0
DA:104,0
DA:105,0
DA:110,0
DA:111,0
DA:115,0
DA:123,0
DA:126,0
DA:134,0
DA:135,0
DA:140,0
DA:148,0
DA:149,0
DA:159,0
DA:161,0
DA:172,0
DA:173,0
DA:183,0
DA:184,0
DA:186,0
DA:187,0
DA:188,0
DA:190,0
DA:200,0
DA:201,0
DA:203,0
DA:204,0
DA:205,0
DA:207,0
DA:217,0
DA:218,0
DA:219,0
DA:222,0
DA:233,0
DA:235,0
DA:237,0
DA:238,0
DA:239,0
DA:242,0
DA:245,0
DA:246,0
DA:249,0
DA:256,0
DA:258,0
DA:273,0
DA:287,0
DA:288,0
DA:297,0
DA:298,0
DA:299,0
DA:302,0
DA:313,0
DA:314,0
DA:315,0
DA:316,0
DA:318,0
DA:321,0
DA:323,0
DA:330,0
DA:331,0
DA:333,0
DA:348,0
DA:359,0
DA:360,0
DA:370,0
DA:387,0
DA:388,0
DA:389,0
DA:390,0
DA:391,0
DA:393,0
DA:395,0
DA:397,0
DA:400,0
DA:401,0
DA:410,0
DA:411,0
DA:413,0
DA:414,0
DA:415,0
DA:416,0
DA:418,0
DA:419,0
DA:423,0
DA:433,0
DA:436,0
DA:437,0
DA:440,0
DA:447,0
DA:448,0
DA:449,0
DA:450,0
DA:451,0
DA:452,0
DA:455,0
DA:465,0
DA:466,0
DA:467,0
DA:468,0
DA:469,0
DA:471,0
DA:473,0
DA:475,0
DA:478,0
DA:479,0
DA:490,0
DA:491,0
DA:493,0
DA:494,0
DA:495,0
DA:496,0
DA:499,0
DA:509,0
DA:510,0
DA:514,0
DA:534,0
DA:535,0
DA:549,0
DA:550,0
DA:552,0
DA:562,0
DA:563,0
DA:564,0
DA:565,0
DA:566,0
DA:568,0
DA:570,0
DA:572,0
DA:575,0
DA:576,0
DA:585,0
DA:586,0
DA:588,0
DA:590,0
DA:595,0
DA:596,0
DA:597,0
DA:601,0
DA:609,0
DA:610,0
DA:612,0
DA:614,0
DA:615,0
DA:620,0
DA:622,0
DA:623,0
DA:624,0
DA:626,0
DA:628,0
DA:629,0
DA:635,0
DA:636,0
DA:637,0
DA:650,0
DA:654,0
DA:655,0
DA:660,0
DA:665,0
DA:666,0
DA:670,0
DA:680,0
DA:681,0
DA:682,0
DA:683,0
DA:684,0
DA:686,0
DA:688,0
DA:690,0
DA:693,0
DA:694,0
DA:704,0
DA:705,0
DA:707,0
DA:708,0
DA:709,0
DA:710,0
DA:713,0
DA:724,0
DA:727,0
DA:728,0
DA:729,0
DA:730,0
DA:734,0
DA:748,0
DA:750,0
DA:756,0
DA:764,0
DA:765,0
DA:767,0
DA:768,0
DA:773,0
DA:774,0
DA:775,0
DA:776,0
DA:779,0
DA:780,0
DA:781,0
DA:785,0
DA:786,0
DA:800,0
DA:802,0
DA:807,0
DA:811,0
DA:812,0
DA:816,0
LF:256
LH:0
BRDA:46,0,0,0
BRDA:49,1,0,0
BRDA:52,2,0,0
BRDA:55,3,0,0
BRDA:58,4,0,0
BRDA:61,5,0,0
BRDA:134,6,0,0
BRDA:148,7,0,0
BRDA:172,8,0,0
BRDA:245,9,0,0
BRDA:256,10,0,0
BRDA:287,11,0,0
BRDA:321,12,0,0
BRDA:330,13,0,0
BRDA:359,14,0,0
BRDA:451,15,0,0
BRDA:451,16,0,0
BRDA:451,16,1,0
BRDA:509,17,0,0
BRDA:534,18,0,0
BRDA:595,19,0,0
BRDA:622,20,0,0
BRDA:622,20,1,0
BRDA:623,21,0,0
BRDA:623,21,1,0
BRDA:624,22,0,0
BRDA:624,22,1,0
BRDA:626,23,0,0
BRDA:626,24,0,0
BRDA:626,24,1,0
BRDA:626,24,2,0
BRDA:628,25,0,0
BRDA:635,26,0,0
BRDA:728,27,0,0
BRDA:765,28,0,0
BRDA:774,29,0,0
BRDA:776,30,0,0
BRDA:776,30,1,0
BRDA:779,31,0,0
BRDA:779,32,0,0
BRDA:779,32,1,0
BRF:41
BRH:0
end_of_record
TN:
SF:src/modules/test/test.controller.ts
FN:16,(anonymous_4)
FN:25,(anonymous_5)
FN:69,(anonymous_6)
FN:105,(anonymous_7)
FN:153,(anonymous_8)
FN:174,(anonymous_9)
FN:207,(anonymous_10)
FN:298,(anonymous_11)
FN:335,(anonymous_12)
FN:384,(anonymous_13)
FN:398,(anonymous_14)
FN:419,(anonymous_15)
FNF:12
FNH:0
FNDA:0,(anonymous_4)
FNDA:0,(anonymous_5)
FNDA:0,(anonymous_6)
FNDA:0,(anonymous_7)
FNDA:0,(anonymous_8)
FNDA:0,(anonymous_9)
FNDA:0,(anonymous_10)
FNDA:0,(anonymous_11)
FNDA:0,(anonymous_12)
FNDA:0,(anonymous_13)
FNDA:0,(anonymous_14)
FNDA:0,(anonymous_15)
DA:8,0
DA:9,0
DA:10,0
DA:11,0
DA:15,0
DA:16,0
DA:25,0
DA:26,0
DA:30,0
DA:31,0
DA:34,0
DA:35,0
DA:38,0
DA:39,0
DA:50,0
DA:52,0
DA:69,0
DA:73,0
DA:77,0
DA:78,0
DA:81,0
DA:86,0
DA:88,0
DA:105,0
DA:110,0
DA:111,0
DA:114,0
DA:117,0
DA:121,0
DA:122,0
DA:129,0
DA:133,0
DA:135,0
DA:137,0
DA:153,0
DA:154,0
DA:166,0
DA:174,0
DA:175,0
DA:189,0
DA:207,0
DA:216,0
DA:220,0
DA:224,0
DA:228,0
DA:229,0
DA:233,0
DA:237,0
DA:238,0
DA:251,0
DA:254,0
DA:276,0
DA:278,0
DA:298,0
DA:299,0
DA:300,0
DA:304,0
DA:309,0
DA:313,0
DA:315,0
DA:335,0
DA:339,0
DA:343,0
DA:344,0
DA:347,0
DA:348,0
DA:352,0
DA:356,0
DA:357,0
DA:360,0
DA:374,0
DA:376,0
DA:384,0
DA:385,0
DA:398,0
DA:419,0
DA:423,0
DA:427,0
DA:428,0
DA:433,0
DA:434,0
DA:435,0
DA:437,0
DA:442,0
DA:443,0
DA:447,0
DA:452,0
DA:454,0
LF:88
LH:0
BRDA:30,0,0,0
BRDA:34,1,0,0
BRDA:77,2,0,0
BRDA:110,3,0,0
BRDA:114,4,0,0
BRDA:114,4,1,0
BRDA:121,5,0,0
BRDA:155,6,0,0
BRDA:155,6,1,0
BRDA:177,7,0,0
BRDA:177,7,1,0
BRDA:216,8,0,0
BRDA:216,8,1,0
BRDA:220,9,0,0
BRDA:220,9,1,0
BRDA:224,10,0,0
BRDA:224,10,1,0
BRDA:228,11,0,0
BRDA:228,12,0,0
BRDA:228,12,1,0
BRDA:228,12,2,0
BRDA:237,13,0,0
BRDA:244,14,0,0
BRDA:244,14,1,0
BRDA:264,15,0,0
BRDA:264,15,1,0
BRDA:265,16,0,0
BRDA:265,16,1,0
BRDA:266,17,0,0
BRDA:266,17,1,0
BRDA:267,18,0,0
BRDA:267,18,1,0
BRDA:299,19,0,0
BRDA:343,20,0,0
BRDA:347,21,0,0
BRDA:352,22,0,0
BRDA:352,22,1,0
BRDA:356,23,0,0
BRDA:395,24,0,0
BRDA:395,24,1,0
BRDA:427,25,0,0
BRDA:433,26,0,0
BRDA:433,26,1,0
BRDA:435,27,0,0
BRDA:442,28,0,0
BRF:45
BRH:0
end_of_record
TN:
SF:src/modules/test/test.module.ts
FNF:0
FNH:0
DA:1,0
DA:2,0
DA:13,0
LF:3
LH:0
BRF:0
BRH:0
end_of_record
TN:
SF:src/modules/upload/upload.controller.ts
FN:33,(anonymous_4)
FNF:1
FNH:0
FNDA:0,(anonymous_4)
DA:1,0
DA:2,0
DA:3,0
DA:4,0
DA:5,0
DA:6,0
DA:9,0
DA:13,0
DA:33,0
DA:37,0
DA:38,0
DA:42,0
DA:43,0
DA:44,0
DA:48,0
DA:49,0
DA:50,0
DA:54,0
DA:55,0
DA:56,0
DA:58,0
DA:59,0
DA:65,0
DA:67,0
LF:24
LH:0
BRDA:37,0,0,0
BRDA:43,1,0,0
BRDA:43,2,0,0
BRDA:43,2,1,0
BRDA:49,3,0,0
BRF:5
BRH:0
end_of_record
TN:
SF:src/modules/upload/upload.module.ts
FNF:0
FNH:0
DA:1,0
DA:2,0
DA:3,0
DA:4,0
DA:5,0
DA:8,0
DA:9,0
DA:10,0
DA:24,0
LF:9
LH:0
BRDA:9,0,0,0
BRF:1
BRH:0
end_of_record
TN:
SF:src/modules/users/users.controller.ts
FN:13,(anonymous_4)
FN:17,(anonymous_5)
FN:24,(anonymous_6)
FNF:3
FNH:0
FNDA:0,(anonymous_4)
FNDA:0,(anonymous_5)
FNDA:0,(anonymous_6)
DA:1,0
DA:2,0
DA:3,0
DA:4,0
DA:5,0
DA:6,0
DA:12,0
DA:13,0
DA:17,0
DA:18,0
DA:19,0
DA:24,0
DA:28,0
DA:29,0
LF:14
LH:0
BRF:0
BRH:0
end_of_record
TN:
SF:src/modules/users/users.module.ts
FNF:0
FNH:0
DA:1,0
DA:2,0
DA:3,0
DA:10,0
LF:4
LH:0
BRF:0
BRH:0
end_of_record
TN:
SF:src/modules/users/users.service.ts
FN:6,(anonymous_2)
FN:8,(anonymous_3)
FN:14,(anonymous_4)
FN:20,(anonymous_5)
FNF:4
FNH:0
FNDA:0,(anonymous_2)
FNDA:0,(anonymous_3)
FNDA:0,(anonymous_4)
FNDA:0,(anonymous_5)
DA:1,0
DA:2,0
DA:5,0
DA:6,0
DA:9,0
DA:15,0
DA:21,0
LF:7
LH:0
BRF:0
BRH:0
end_of_record
TN:
SF:src/modules/workflows/workflows.controller.ts
FN:25,(anonymous_4)
FN:29,(anonymous_5)
FN:36,(anonymous_6)
FN:43,(anonymous_7)
FN:50,(anonymous_8)
FN:57,(anonymous_9)
FN:64,(anonymous_10)
FN:71,(anonymous_11)
FN:81,(anonymous_12)
FNF:9
FNH:0
FNDA:0,(anonymous_4)
FNDA:0,(anonymous_5)
FNDA:0,(anonymous_6)
FNDA:0,(anonymous_7)
FNDA:0,(anonymous_8)
FNDA:0,(anonymous_9)
FNDA:0,(anonymous_10)
FNDA:0,(anonymous_11)
FNDA:0,(anonymous_12)
DA:1,0
DA:12,0
DA:13,0
DA:14,0
DA:20,0
DA:24,0
DA:25,0
DA:29,0
DA:30,0
DA:31,0
DA:36,0
DA:37,0
DA:38,0
DA:43,0
DA:44,0
DA:45,0
DA:50,0
DA:51,0
DA:52,0
DA:57,0
DA:58,0
DA:59,0
DA:64,0
DA:65,0
DA:66,0
DA:71,0
DA:75,0
DA:76,0
DA:81,0
DA:82,0
DA:83,0
LF:31
LH:0
BRF:0
BRH:0
end_of_record
TN:
SF:src/modules/workflows/workflows.module.ts
FNF:0
FNH:0
DA:1,0
DA:2,0
DA:3,0
DA:4,0
DA:12,0
LF:5
LH:0
BRF:0
BRH:0
end_of_record
TN:
SF:src/modules/workflows/workflows.service.ts
FN:12,(anonymous_2)
FN:15,(anonymous_3)
FN:23,(anonymous_4)
FN:41,(anonymous_5)
FN:88,(anonymous_6)
FN:112,(anonymous_7)
FN:125,(anonymous_8)
FN:144,(anonymous_9)
FN:162,(anonymous_10)
FN:177,(anonymous_11)
FN:195,(anonymous_12)
FN:201,(anonymous_13)
FNF:12
FNH:0
FNDA:0,(anonymous_2)
FNDA:0,(anonymous_3)
FNDA:0,(anonymous_4)
FNDA:0,(anonymous_5)
FNDA:0,(anonymous_6)
FNDA:0,(anonymous_7)
FNDA:0,(anonymous_8)
FNDA:0,(anonymous_9)
FNDA:0,(anonymous_10)
FNDA:0,(anonymous_11)
FNDA:0,(anonymous_12)
FNDA:0,(anonymous_13)
DA:1,0
DA:2,0
DA:11,0
DA:12,0
DA:16,0
DA:18,0
DA:23,0
DA:42,0
DA:44,0
DA:46,0
DA:47,0
DA:50,0
DA:51,0
DA:54,0
DA:55,0
DA:61,0
DA:79,0
DA:89,0
DA:104,0
DA:105,0
DA:108,0
DA:113,0
DA:126,0
DA:129,0
DA:132,0
DA:133,0
DA:138,0
DA:144,0
DA:163,0
DA:165,0
DA:178,0
DA:181,0
DA:187,0
DA:191,0
DA:196,0
DA:201,0
LF:36
LH:0
BRDA:21,0,0,0
BRDA:21,0,1,0
BRDA:27,1,0,0
BRDA:27,1,1,0
BRDA:42,2,0,0
BRDA:42,3,0,0
BRDA:46,4,0,0
BRDA:50,5,0,0
BRDA:54,6,0,0
BRDA:104,7,0,0
BRDA:132,8,0,0
BRDA:142,9,0,0
BRDA:142,9,1,0
BRDA:148,10,0,0
BRDA:148,10,1,0
BRF:15
BRH:0
end_of_record
TN:
SF:src/modules/workflows/dto/workflow.dto.ts
FN:43,(anonymous_2)
FN:69,(anonymous_3)
FN:82,(anonymous_4)
FN:94,(anonymous_5)
FN:106,(anonymous_6)
FN:113,(anonymous_7)
FN:141,(anonymous_8)
FN:154,(anonymous_9)
FN:166,(anonymous_10)
FN:178,(anonymous_11)
FN:185,(anonymous_12)
FN:216,(anonymous_13)
FN:222,(anonymous_14)
FNF:13
FNH:0
FNDA:0,(anonymous_2)
FNDA:0,(anonymous_3)
FNDA:0,(anonymous_4)
FNDA:0,(anonymous_5)
FNDA:0,(anonymous_6)
FNDA:0,(anonymous_7)
FNDA:0,(anonymous_8)
FNDA:0,(anonymous_9)
FNDA:0,(anonymous_10)
FNDA:0,(anonymous_11)
FNDA:0,(anonymous_12)
FNDA:0,(anonymous_13)
FNDA:0,(anonymous_14)
DA:1,0
DA:14,0
DA:15,0
DA:18,0
DA:22,0
DA:28,0
DA:34,0
DA:38,0
DA:43,0
DA:44,0
DA:48,0
DA:53,0
DA:59,0
DA:63,0
DA:69,0
DA:70,0
DA:75,0
DA:82,0
DA:83,0
DA:89,0
DA:94,0
DA:95,0
DA:100,0
DA:106,0
DA:107,0
DA:113,0
DA:114,0
DA:118,0
DA:124,0
DA:130,0
DA:135,0
DA:141,0
DA:142,0
DA:147,0
DA:154,0
DA:155,0
DA:161,0
DA:166,0
DA:167,0
DA:172,0
DA:178,0
DA:179,0
DA:185,0
DA:186,0
DA:190,0
DA:193,0
DA:197,0
DA:201,0
DA:206,0
DA:211,0
DA:216,0
DA:217,0
DA:222,0
DA:223,0
LF:54
LH:0
BRF:0
BRH:0
end_of_record
TN:
SF:src/prisma/prisma.module.ts
FNF:0
FNH:0
DA:1,0
DA:2,0
DA:9,0
LF:3
LH:0
BRF:0
BRH:0
end_of_record
TN:
SF:src/prisma/prisma.service.ts
FN:6,(anonymous_1)
FN:10,(anonymous_2)
FNF:2
FNH:0
FNDA:0,(anonymous_1)
FNDA:0,(anonymous_2)
DA:1,3
DA:2,3
DA:5,3
DA:7,0
DA:11,0
LF:5
LH:3
BRF:0
BRH:0
end_of_record
TN:
SF:src/utils/tree.util.ts
FN:18,buildTree
FN:27,(anonymous_1)
FN:32,(anonymous_2)
FN:55,buildDepartmentTree
FN:60,(anonymous_4)
FN:78,(anonymous_5)
FN:93,(anonymous_6)
FN:94,(anonymous_7)
FN:95,(anonymous_8)
FNF:9
FNH:0
FNDA:0,buildTree
FNDA:0,(anonymous_1)
FNDA:0,(anonymous_2)
FNDA:0,buildDepartmentTree
FNDA:0,(anonymous_4)
FNDA:0,(anonymous_5)
FNDA:0,(anonymous_6)
FNDA:0,(anonymous_7)
FNDA:0,(anonymous_8)
DA:18,0
DA:23,0
DA:24,0
DA:27,0
DA:28,0
DA:32,0
DA:33,0
DA:34,0
DA:36,0
DA:37,0
DA:38,0
DA:39,0
DA:42,0
DA:45,0
DA:49,0
DA:55,0
DA:56,0
DA:57,0
DA:60,0
DA:61,0
DA:78,0
DA:79,0
DA:80,0
DA:81,0
DA:82,0
DA:83,0
DA:85,0
DA:88,0
DA:93,0
DA:94,0
DA:95,0
DA:96,0
DA:97,0
DA:101,0
DA:103,0
LF:35
LH:0
BRDA:20,0,0,0
BRDA:21,1,0,0
BRDA:36,2,0,0
BRDA:36,2,1,0
BRDA:38,3,0,0
BRDA:38,3,1,0
BRDA:72,4,0,0
BRDA:72,4,1,0
BRDA:80,5,0,0
BRDA:80,5,1,0
BRDA:82,6,0,0
BRDA:82,6,1,0
BRDA:96,7,0,0
BRF:13
BRH:0
end_of_record
TN:
SF:test/marketing/test-runner.ts
FN:21,(anonymous_0)
FN:29,(anonymous_1)
FN:56,(anonymous_2)
FN:75,(anonymous_3)
FN:82,(anonymous_4)
FN:101,(anonymous_5)
FN:105,(anonymous_6)
FN:111,(anonymous_7)
FN:126,(anonymous_8)
FN:145,(anonymous_9)
FN:158,(anonymous_10)
FN:178,(anonymous_11)
FN:192,(anonymous_12)
FN:200,(anonymous_13)
FN:222,(anonymous_14)
FN:230,(anonymous_15)
FN:245,(anonymous_16)
FN:254,(anonymous_17)
FN:262,(anonymous_18)
FN:271,(anonymous_19)
FN:280,(anonymous_20)
FN:291,(anonymous_21)
FN:294,(anonymous_22)
FN:317,(anonymous_23)
FN:339,(anonymous_24)
FN:342,(anonymous_25)
FN:355,(anonymous_26)
FN:365,(anonymous_27)
FN:376,(anonymous_28)
FN:380,(anonymous_29)
FN:381,(anonymous_30)
FN:382,(anonymous_31)
FN:394,(anonymous_32)
FN:395,(anonymous_33)
FN:405,(anonymous_34)
FN:406,(anonymous_35)
FN:441,main
FN:446,(anonymous_37)
FN:460,(anonymous_38)
FNF:39
FNH:0
FNDA:0,(anonymous_0)
FNDA:0,(anonymous_1)
FNDA:0,(anonymous_2)
FNDA:0,(anonymous_3)
FNDA:0,(anonymous_4)
FNDA:0,(anonymous_5)
FNDA:0,(anonymous_6)
FNDA:0,(anonymous_7)
FNDA:0,(anonymous_8)
FNDA:0,(anonymous_9)
FNDA:0,(anonymous_10)
FNDA:0,(anonymous_11)
FNDA:0,(anonymous_12)
FNDA:0,(anonymous_13)
FNDA:0,(anonymous_14)
FNDA:0,(anonymous_15)
FNDA:0,(anonymous_16)
FNDA:0,(anonymous_17)
FNDA:0,(anonymous_18)
FNDA:0,(anonymous_19)
FNDA:0,(anonymous_20)
FNDA:0,(anonymous_21)
FNDA:0,(anonymous_22)
FNDA:0,(anonymous_23)
FNDA:0,(anonymous_24)
FNDA:0,(anonymous_25)
FNDA:0,(anonymous_26)
FNDA:0,(anonymous_27)
FNDA:0,(anonymous_28)
FNDA:0,(anonymous_29)
FNDA:0,(anonymous_30)
FNDA:0,(anonymous_31)
FNDA:0,(anonymous_32)
FNDA:0,(anonymous_33)
FNDA:0,(anonymous_34)
FNDA:0,(anonymous_35)
FNDA:0,main
FNDA:0,(anonymous_37)
FNDA:0,(anonymous_38)
DA:9,0
DA:11,0
DA:12,0
DA:22,0
DA:23,0
DA:24,0
DA:25,0
DA:26,0
DA:27,0
DA:30,0
DA:31,0
DA:39,0
DA:40,0
DA:42,0
DA:43,0
DA:45,0
DA:46,0
DA:48,0
DA:57,0
DA:58,0
DA:59,0
DA:60,0
DA:61,0
DA:62,0
DA:64,0
DA:65,0
DA:71,0
DA:76,0
DA:77,0
DA:83,0
DA:86,0
DA:89,0
DA:92,0
DA:95,0
DA:98,0
DA:102,0
DA:105,0
DA:106,0
DA:107,0
DA:108,0
DA:111,0
DA:113,0
DA:114,0
DA:115,0
DA:117,0
DA:118,0
DA:119,0
DA:122,0
DA:126,0
DA:127,0
DA:129,0
DA:130,0
DA:131,0
DA:133,0
DA:136,0
DA:139,0
DA:140,0
DA:141,0
DA:145,0
DA:146,0
DA:147,0
DA:151,0
DA:153,0
DA:154,0
DA:158,0
DA:159,0
DA:161,0
DA:162,0
DA:163,0
DA:164,0
DA:169,0
DA:170,0
DA:171,0
DA:174,0
DA:178,0
DA:179,0
DA:180,0
DA:185,0
DA:186,0
DA:187,0
DA:192,0
DA:193,0
DA:194,0
DA:195,0
DA:196,0
DA:200,0
DA:202,0
DA:203,0
DA:204,0
DA:205,0
DA:208,0
DA:210,0
DA:211,0
DA:212,0
DA:214,0
DA:217,0
DA:222,0
DA:223,0
DA:224,0
DA:225,0
DA:226,0
DA:230,0
DA:231,0
DA:232,0
DA:234,0
DA:235,0
DA:236,0
DA:238,0
DA:240,0
DA:241,0
DA:245,0
DA:246,0
DA:247,0
DA:248,0
DA:249,0
DA:254,0
DA:255,0
DA:256,0
DA:257,0
DA:258,0
DA:262,0
DA:263,0
DA:264,0
DA:265,0
DA:266,0
DA:271,0
DA:272,0
DA:273,0
DA:274,0
DA:275,0
DA:281,0
DA:283,0
DA:284,0
DA:285,0
DA:286,0
DA:287,0
DA:288,0
DA:292,0
DA:294,0
DA:295,0
DA:296,0
DA:297,0
DA:299,0
DA:300,0
DA:301,0
DA:304,0
DA:305,0
DA:306,0
DA:308,0
DA:311,0
DA:313,0
DA:317,0
DA:319,0
DA:320,0
DA:322,0
DA:323,0
DA:324,0
DA:325,0
DA:326,0
DA:328,0
DA:329,0
DA:333,0
DA:334,0
DA:335,0
DA:336,0
DA:340,0
DA:342,0
DA:343,0
DA:344,0
DA:345,0
DA:348,0
DA:349,0
DA:350,0
DA:352,0
DA:355,0
DA:356,0
DA:357,0
DA:358,0
DA:359,0
DA:360,0
DA:362,0
DA:365,0
DA:366,0
DA:367,0
DA:368,0
DA:369,0
DA:370,0
DA:372,0
DA:377,0
DA:378,0
DA:380,0
DA:381,0
DA:382,0
DA:383,0
DA:385,0
DA:386,0
DA:387,0
DA:388,0
DA:389,0
DA:391,0
DA:392,0
DA:393,0
DA:394,0
DA:396,0
DA:397,0
DA:398,0
DA:404,0
DA:405,0
DA:406,0
DA:408,0
DA:409,0
DA:412,0
DA:415,0
DA:428,0
DA:429,0
DA:430,0
DA:431,0
DA:432,0
DA:433,0
DA:435,0
DA:436,0
DA:442,0
DA:445,0
DA:446,0
DA:448,0
DA:451,0
DA:452,0
DA:453,0
DA:456,0
DA:459,0
DA:460,0
DA:461,0
DA:462,0
DA:466,0
LF:234
LH:0
BRDA:11,0,0,0
BRDA:11,0,1,0
BRDA:12,1,0,0
BRDA:12,1,1,0
BRDA:39,2,0,0
BRDA:42,3,0,0
BRDA:50,4,0,0
BRDA:50,4,1,0
BRDA:107,5,0,0
BRDA:108,6,0,0
BRDA:114,7,0,0
BRDA:114,8,0,0
BRDA:114,8,1,0
BRDA:118,9,0,0
BRDA:118,10,0,0
BRDA:118,10,1,0
BRDA:127,11,0,0
BRDA:130,12,0,0
BRDA:130,12,1,0
BRDA:130,13,0,0
BRDA:130,13,1,0
BRDA:139,14,0,0
BRDA:140,15,0,0
BRDA:146,16,0,0
BRDA:151,17,0,0
BRDA:153,18,0,0
BRDA:153,19,0,0
BRDA:153,19,1,0
BRDA:159,20,0,0
BRDA:162,21,0,0
BRDA:162,21,1,0
BRDA:162,22,0,0
BRDA:162,22,1,0
BRDA:169,23,0,0
BRDA:170,24,0,0
BRDA:179,25,0,0
BRDA:185,26,0,0
BRDA:186,27,0,0
BRDA:194,28,0,0
BRDA:195,29,0,0
BRDA:195,30,0,0
BRDA:195,30,1,0
BRDA:203,31,0,0
BRDA:203,31,1,0
BRDA:203,32,0,0
BRDA:203,32,1,0
BRDA:208,33,0,0
BRDA:210,34,0,0
BRDA:210,35,0,0
BRDA:210,35,1,0
BRDA:224,36,0,0
BRDA:225,37,0,0
BRDA:232,38,0,0
BRDA:234,39,0,0
BRDA:240,40,0,0
BRDA:247,41,0,0
BRDA:248,42,0,0
BRDA:256,43,0,0
BRDA:257,44,0,0
BRDA:264,45,0,0
BRDA:265,46,0,0
BRDA:273,47,0,0
BRDA:274,48,0,0
BRDA:296,49,0,0
BRDA:296,49,1,0
BRDA:296,50,0,0
BRDA:296,50,1,0
BRDA:304,51,0,0
BRDA:304,51,1,0
BRDA:306,52,0,0
BRDA:320,53,0,0
BRDA:320,53,1,0
BRDA:323,54,0,0
BRDA:323,54,1,0
BRDA:325,55,0,0
BRDA:328,56,0,0
BRDA:343,57,0,0
BRDA:349,58,0,0
BRDA:359,59,0,0
BRDA:369,60,0,0
BRDA:391,61,0,0
BRDA:397,62,0,0
BRDA:404,63,0,0
BRDA:404,63,1,0
BRDA:406,64,0,0
BRDA:406,64,1,0
BRDA:408,65,0,0
BRDA:432,66,0,0
BRDA:459,67,0,0
BRF:89
BRH:0
end_of_record
